ERROR - 2023-03-15 13:04:44 --> 404 Page Not Found: web/Img/demos
ERROR - 2023-03-15 13:04:57 --> 404 Page Not Found: web/Img/demos
ERROR - 2023-03-15 13:05:03 --> 404 Page Not Found: web/Img/demos
ERROR - 2023-03-15 13:05:52 --> 404 Page Not Found: /index
ERROR - 2023-03-15 21:05:56 --> Severity: Notice --> Trying to access array offset on value of type null D:\WORK\PHP\SWCLEAN\www\app\controllers\adm\Auth.php 63
ERROR - 2023-03-15 21:05:59 --> Severity: Notice --> Trying to access array offset on value of type null D:\WORK\PHP\SWCLEAN\www\app\controllers\adm\Auth.php 63
ERROR - 2023-03-15 21:09:19 --> Severity: Notice --> Undefined index:  D:\WORK\PHP\SWCLEAN\www\app\hooks\common.php 19
ERROR - 2023-03-15 13:09:19 --> 404 Page Not Found: web/Img/demos
ERROR - 2023-03-15 21:09:21 --> Severity: Notice --> Undefined index:  D:\WORK\PHP\SWCLEAN\www\app\hooks\common.php 19
ERROR - 2023-03-15 13:09:21 --> 404 Page Not Found: web/Img/demos
ERROR - 2023-03-15 13:14:24 --> 404 Page Not Found: web/Img/demos
ERROR - 2023-03-15 13:14:29 --> 404 Page Not Found: web/Img/demos
ERROR - 2023-03-15 13:14:52 --> 404 Page Not Found: web/Img/demos
ERROR - 2023-03-15 13:14:54 --> 404 Page Not Found: web/Img/demos
ERROR - 2023-03-15 13:14:58 --> 404 Page Not Found: web/Img/demos
ERROR - 2023-03-15 13:15:02 --> 404 Page Not Found: web/Demo-cleaning-services-abouthtml/index
ERROR - 2023-03-15 13:15:02 --> 404 Page Not Found: /index
ERROR - 2023-03-15 13:15:03 --> 404 Page Not Found: web/Img/demos
ERROR - 2023-03-15 21:18:11 --> Severity: Notice --> Undefined index:  D:\WORK\PHP\SWCLEAN\www\app\hooks\common.php 19
ERROR - 2023-03-15 13:18:11 --> 404 Page Not Found: web/Img/demos
ERROR - 2023-03-15 13:30:07 --> 404 Page Not Found: web/Img/demos
ERROR - 2023-03-15 13:30:12 --> 404 Page Not Found: web/Img/demos
ERROR - 2023-03-15 14:00:21 --> 404 Page Not Found: web/Img/demos
ERROR - 2023-03-15 22:01:31 --> Severity: Notice --> Undefined index:  D:\WORK\PHP\SWCLEAN\www\app\hooks\common.php 19
ERROR - 2023-03-15 14:01:31 --> 404 Page Not Found: web/Img/demos
ERROR - 2023-03-15 22:01:34 --> Severity: Notice --> Trying to access array offset on value of type null D:\WORK\PHP\SWCLEAN\www\app\controllers\adm\Auth.php 63
ERROR - 2023-03-15 14:01:36 --> 404 Page Not Found: /index
ERROR - 2023-03-15 22:02:18 --> Severity: Notice --> Trying to access array offset on value of type null D:\WORK\PHP\SWCLEAN\www\app\controllers\adm\Auth.php 63
ERROR - 2023-03-15 14:03:40 --> 404 Page Not Found: /index
ERROR - 2023-03-15 14:03:40 --> 404 Page Not Found: /index
ERROR - 2023-03-15 14:03:40 --> 404 Page Not Found: /index
ERROR - 2023-03-15 14:03:40 --> 404 Page Not Found: /index
ERROR - 2023-03-15 14:04:02 --> 404 Page Not Found: /index
ERROR - 2023-03-15 14:04:02 --> 404 Page Not Found: /index
ERROR - 2023-03-15 14:04:02 --> 404 Page Not Found: /index
ERROR - 2023-03-15 14:04:03 --> 404 Page Not Found: /index
ERROR - 2023-03-15 14:04:03 --> 404 Page Not Found: /index
ERROR - 2023-03-15 14:04:03 --> 404 Page Not Found: /index
ERROR - 2023-03-15 14:04:05 --> 404 Page Not Found: /index
ERROR - 2023-03-15 14:04:05 --> 404 Page Not Found: /index
ERROR - 2023-03-15 14:04:05 --> 404 Page Not Found: /index
ERROR - 2023-03-15 14:04:08 --> 404 Page Not Found: /index
ERROR - 2023-03-15 14:04:08 --> 404 Page Not Found: /index
ERROR - 2023-03-15 14:04:08 --> 404 Page Not Found: /index
ERROR - 2023-03-15 14:04:10 --> 404 Page Not Found: /index
ERROR - 2023-03-15 14:04:10 --> 404 Page Not Found: /index
ERROR - 2023-03-15 14:04:10 --> 404 Page Not Found: /index
ERROR - 2023-03-15 14:04:12 --> 404 Page Not Found: /index
ERROR - 2023-03-15 14:04:12 --> 404 Page Not Found: /index
ERROR - 2023-03-15 14:04:12 --> 404 Page Not Found: /index
ERROR - 2023-03-15 14:04:15 --> 404 Page Not Found: /index
ERROR - 2023-03-15 22:04:22 --> Severity: Notice --> Trying to access array offset on value of type null D:\WORK\PHP\SWCLEAN\www\app\controllers\adm\Auth.php 63
ERROR - 2023-03-15 22:04:29 --> Severity: Notice --> Trying to access array offset on value of type null D:\WORK\PHP\SWCLEAN\www\app\controllers\adm\Auth.php 63
ERROR - 2023-03-15 14:05:23 --> 404 Page Not Found: /index
ERROR - 2023-03-15 14:05:23 --> 404 Page Not Found: /index
ERROR - 2023-03-15 14:05:39 --> 404 Page Not Found: /index
ERROR - 2023-03-15 14:05:39 --> 404 Page Not Found: /index
ERROR - 2023-03-15 22:05:40 --> Severity: Notice --> Undefined index: adm_pw D:\WORK\PHP\SWCLEAN\www\app\controllers\adm\Auth.php 67
ERROR - 2023-03-15 14:05:59 --> 404 Page Not Found: /index
ERROR - 2023-03-15 14:05:59 --> 404 Page Not Found: /index
ERROR - 2023-03-15 14:05:59 --> 404 Page Not Found: /index
ERROR - 2023-03-15 14:07:03 --> 404 Page Not Found: web/Img/demos
ERROR - 2023-03-15 14:07:09 --> 404 Page Not Found: web/Img/demos
ERROR - 2023-03-15 14:08:28 --> 404 Page Not Found: web/Img/demos
ERROR - 2023-03-15 14:09:33 --> 404 Page Not Found: web/Img/demos
ERROR - 2023-03-15 22:09:35 --> Severity: Notice --> Undefined index:  D:\WORK\PHP\SWCLEAN\www\app\hooks\common.php 19
ERROR - 2023-03-15 14:09:35 --> 404 Page Not Found: web/Img/demos
ERROR - 2023-03-15 14:12:22 --> 404 Page Not Found: web/Kor/about
ERROR - 2023-03-15 14:12:22 --> 404 Page Not Found: /index
ERROR - 2023-03-15 22:12:45 --> Severity: Notice --> Undefined index: main D:\WORK\PHP\SWCLEAN\www\app\hooks\common.php 19
ERROR - 2023-03-15 22:13:12 --> Severity: Notice --> Undefined index: main D:\WORK\PHP\SWCLEAN\www\app\hooks\common.php 19
ERROR - 2023-03-15 14:13:13 --> 404 Page Not Found: /index
ERROR - 2023-03-15 14:13:16 --> 404 Page Not Found: //index
ERROR - 2023-03-15 14:13:18 --> 404 Page Not Found: //index
ERROR - 2023-03-15 14:13:18 --> 404 Page Not Found: /index
ERROR - 2023-03-15 14:13:18 --> 404 Page Not Found: //index
ERROR - 2023-03-15 14:13:18 --> 404 Page Not Found: /index
ERROR - 2023-03-15 14:13:18 --> 404 Page Not Found: //index
ERROR - 2023-03-15 14:13:18 --> 404 Page Not Found: /index
ERROR - 2023-03-15 14:13:18 --> 404 Page Not Found: //index
ERROR - 2023-03-15 14:13:18 --> 404 Page Not Found: /index
ERROR - 2023-03-15 14:13:18 --> 404 Page Not Found: //index
ERROR - 2023-03-15 14:13:18 --> 404 Page Not Found: /index
ERROR - 2023-03-15 22:13:25 --> Severity: Notice --> Undefined index: main D:\WORK\PHP\SWCLEAN\www\app\hooks\common.php 19
ERROR - 2023-03-15 14:13:25 --> 404 Page Not Found: web/Img/demos
ERROR - 2023-03-15 14:13:34 --> 404 Page Not Found: web//index
ERROR - 2023-03-15 14:13:34 --> 404 Page Not Found: /index
ERROR - 2023-03-15 14:13:35 --> 404 Page Not Found: web//index
ERROR - 2023-03-15 14:13:35 --> 404 Page Not Found: /index
ERROR - 2023-03-15 14:13:35 --> 404 Page Not Found: web//index
ERROR - 2023-03-15 14:13:35 --> 404 Page Not Found: /index
ERROR - 2023-03-15 14:13:35 --> 404 Page Not Found: web//index
ERROR - 2023-03-15 14:13:35 --> 404 Page Not Found: /index
ERROR - 2023-03-15 14:13:35 --> 404 Page Not Found: web//index
ERROR - 2023-03-15 14:13:35 --> 404 Page Not Found: /index
ERROR - 2023-03-15 14:13:35 --> 404 Page Not Found: web//index
ERROR - 2023-03-15 14:13:35 --> 404 Page Not Found: /index
ERROR - 2023-03-15 14:13:35 --> 404 Page Not Found: web//index
ERROR - 2023-03-15 14:13:35 --> 404 Page Not Found: /index
ERROR - 2023-03-15 14:13:39 --> 404 Page Not Found: web//index
ERROR - 2023-03-15 14:13:39 --> 404 Page Not Found: /index
ERROR - 2023-03-15 14:13:40 --> 404 Page Not Found: web//index
ERROR - 2023-03-15 14:13:40 --> 404 Page Not Found: /index
ERROR - 2023-03-15 14:13:40 --> 404 Page Not Found: web//index
ERROR - 2023-03-15 14:13:40 --> 404 Page Not Found: /index
ERROR - 2023-03-15 14:13:40 --> 404 Page Not Found: web//index
ERROR - 2023-03-15 14:13:40 --> 404 Page Not Found: /index
ERROR - 2023-03-15 14:13:40 --> 404 Page Not Found: web//index
ERROR - 2023-03-15 14:13:40 --> 404 Page Not Found: /index
ERROR - 2023-03-15 22:13:46 --> Severity: Notice --> Undefined index:  D:\WORK\PHP\SWCLEAN\www\app\hooks\common.php 19
ERROR - 2023-03-15 22:13:46 --> Severity: Notice --> Undefined index: main D:\WORK\PHP\SWCLEAN\www\app\hooks\common.php 19
ERROR - 2023-03-15 14:13:46 --> 404 Page Not Found: web/Img/demos
ERROR - 2023-03-15 14:13:47 --> 404 Page Not Found: /index
ERROR - 2023-03-15 14:14:23 --> 404 Page Not Found: web/Img/demos
ERROR - 2023-03-15 14:14:28 --> 404 Page Not Found: web/Img/demos
ERROR - 2023-03-15 14:14:29 --> 404 Page Not Found: web/Img/demos
ERROR - 2023-03-15 14:14:31 --> 404 Page Not Found: web/Img/demos
ERROR - 2023-03-15 14:14:31 --> 404 Page Not Found: web/Img/demos
ERROR - 2023-03-15 14:15:15 --> 404 Page Not Found: web/Img/demos
ERROR - 2023-03-15 14:15:48 --> 404 Page Not Found: web/Img/demos
ERROR - 2023-03-15 14:15:49 --> 404 Page Not Found: web/Img/demos
ERROR - 2023-03-15 14:15:50 --> 404 Page Not Found: web/Img/demos
ERROR - 2023-03-15 14:15:51 --> 404 Page Not Found: web/Img/demos
ERROR - 2023-03-15 14:15:52 --> 404 Page Not Found: web/Img/demos
ERROR - 2023-03-15 14:16:01 --> 404 Page Not Found: web/Img/demos
ERROR - 2023-03-15 14:17:02 --> 404 Page Not Found: web/Img/demos
ERROR - 2023-03-15 14:24:00 --> 404 Page Not Found: web/Img/demos
ERROR - 2023-03-15 14:29:02 --> 404 Page Not Found: web/Kor/about
ERROR - 2023-03-15 14:29:02 --> 404 Page Not Found: /index
ERROR - 2023-03-15 14:29:46 --> 404 Page Not Found: web/Assets/img
ERROR - 2023-03-15 14:29:46 --> 404 Page Not Found: web/Assets/img
ERROR - 2023-03-15 14:30:24 --> 404 Page Not Found: web/Assets/img
ERROR - 2023-03-15 14:30:24 --> 404 Page Not Found: web/Assets/img
ERROR - 2023-03-15 14:30:45 --> 404 Page Not Found: web/Assets/img
ERROR - 2023-03-15 14:30:45 --> 404 Page Not Found: web/Assets/img
ERROR - 2023-03-15 14:36:59 --> 404 Page Not Found: web/Img/demos
ERROR - 2023-03-15 14:42:46 --> 404 Page Not Found: web/Img/demos
ERROR - 2023-03-15 14:42:53 --> 404 Page Not Found: web/Img/demos
ERROR - 2023-03-15 14:43:48 --> 404 Page Not Found: web/Img/demos
ERROR - 2023-03-15 14:47:01 --> 404 Page Not Found: /index
ERROR - 2023-03-15 14:49:44 --> 404 Page Not Found: web/Img/demos
ERROR - 2023-03-15 14:51:24 --> 404 Page Not Found: web/Assets/img
ERROR - 2023-03-15 14:52:44 --> 404 Page Not Found: web/Assets/img
ERROR - 2023-03-15 14:54:45 --> 404 Page Not Found: web/Assets/img
ERROR - 2023-03-15 14:56:05 --> 404 Page Not Found: web/Img/demos
ERROR - 2023-03-15 14:56:10 --> 404 Page Not Found: web/Kor/about
ERROR - 2023-03-15 14:56:10 --> 404 Page Not Found: /index
ERROR - 2023-03-15 14:59:06 --> 404 Page Not Found: web/Img/demos
ERROR - 2023-03-15 15:01:38 --> 404 Page Not Found: web/Kor/about
ERROR - 2023-03-15 15:01:38 --> 404 Page Not Found: /index
ERROR - 2023-03-15 23:02:22 --> Severity: error --> Exception: Call to undefined method Sub::index() D:\WORK\PHP\SWCLEAN\www\app\controllers\web\Sub.php 40
ERROR - 2023-03-15 15:02:23 --> 404 Page Not Found: /index
ERROR - 2023-03-15 15:14:45 --> 404 Page Not Found: web/Img/demos
ERROR - 2023-03-15 23:32:32 --> Severity: error --> Exception: Call to undefined method Sub::index() D:\WORK\PHP\SWCLEAN\www\app\controllers\web\Sub.php 40
ERROR - 2023-03-15 15:32:32 --> 404 Page Not Found: /index
ERROR - 2023-03-15 15:34:01 --> 404 Page Not Found: web/Img/demos
ERROR - 2023-03-15 23:34:37 --> Severity: error --> Exception: Call to undefined method Sub::index() D:\WORK\PHP\SWCLEAN\www\app\controllers\web\Sub.php 40
ERROR - 2023-03-15 15:45:55 --> 404 Page Not Found: web/Img/demos
ERROR - 2023-03-15 15:46:27 --> 404 Page Not Found: web/Kor/conditioner
ERROR - 2023-03-15 15:46:28 --> 404 Page Not Found: /index
