ERROR - 2021-08-26 00:00:31 --> 404 Page Not Found: /index
ERROR - 2021-08-26 00:01:05 --> 404 Page Not Found: /index
ERROR - 2021-08-26 00:01:07 --> 404 Page Not Found: /index
ERROR - 2021-08-26 00:01:07 --> 404 Page Not Found: /index
ERROR - 2021-08-26 00:01:07 --> 404 Page Not Found: /index
ERROR - 2021-08-26 00:01:07 --> 404 Page Not Found: /index
ERROR - 2021-08-26 00:01:14 --> 404 Page Not Found: /index
ERROR - 2021-08-26 00:01:14 --> 404 Page Not Found: /index
ERROR - 2021-08-26 00:01:14 --> 404 Page Not Found: /index
ERROR - 2021-08-26 00:02:16 --> 404 Page Not Found: /index
ERROR - 2021-08-26 00:02:16 --> 404 Page Not Found: /index
ERROR - 2021-08-26 00:02:16 --> 404 Page Not Found: /index
ERROR - 2021-08-26 00:02:16 --> 404 Page Not Found: /index
ERROR - 2021-08-26 00:03:39 --> 404 Page Not Found: /index
ERROR - 2021-08-26 00:03:39 --> 404 Page Not Found: /index
ERROR - 2021-08-26 00:03:39 --> 404 Page Not Found: /index
ERROR - 2021-08-26 00:05:17 --> 404 Page Not Found: /index
ERROR - 2021-08-26 00:05:17 --> 404 Page Not Found: /index
ERROR - 2021-08-26 00:05:17 --> 404 Page Not Found: /index
ERROR - 2021-08-26 00:05:17 --> 404 Page Not Found: /index
ERROR - 2021-08-26 00:06:23 --> 404 Page Not Found: /index
ERROR - 2021-08-26 00:06:23 --> 404 Page Not Found: /index
ERROR - 2021-08-26 00:06:23 --> 404 Page Not Found: /index
ERROR - 2021-08-26 00:07:31 --> 404 Page Not Found: /index
ERROR - 2021-08-26 00:07:31 --> 404 Page Not Found: /index
ERROR - 2021-08-26 00:07:32 --> 404 Page Not Found: /index
ERROR - 2021-08-26 00:07:32 --> 404 Page Not Found: /index
ERROR - 2021-08-26 00:08:05 --> 404 Page Not Found: /index
ERROR - 2021-08-26 00:08:05 --> 404 Page Not Found: /index
ERROR - 2021-08-26 00:08:05 --> 404 Page Not Found: /index
ERROR - 2021-08-26 00:08:06 --> 404 Page Not Found: /index
ERROR - 2021-08-26 00:08:26 --> 404 Page Not Found: /index
ERROR - 2021-08-26 00:08:26 --> 404 Page Not Found: /index
ERROR - 2021-08-26 00:08:26 --> 404 Page Not Found: /index
ERROR - 2021-08-26 00:08:26 --> 404 Page Not Found: /index
ERROR - 2021-08-26 00:08:37 --> 404 Page Not Found: /index
ERROR - 2021-08-26 00:08:37 --> 404 Page Not Found: /index
ERROR - 2021-08-26 00:08:37 --> 404 Page Not Found: /index
ERROR - 2021-08-26 00:08:37 --> 404 Page Not Found: /index
ERROR - 2021-08-26 00:09:16 --> 404 Page Not Found: /index
ERROR - 2021-08-26 00:09:16 --> 404 Page Not Found: /index
ERROR - 2021-08-26 00:09:16 --> 404 Page Not Found: /index
ERROR - 2021-08-26 00:09:17 --> 404 Page Not Found: /index
ERROR - 2021-08-26 00:09:54 --> 404 Page Not Found: /index
ERROR - 2021-08-26 00:09:54 --> 404 Page Not Found: /index
ERROR - 2021-08-26 00:09:54 --> 404 Page Not Found: /index
ERROR - 2021-08-26 00:11:36 --> 404 Page Not Found: /index
ERROR - 2021-08-26 00:11:37 --> 404 Page Not Found: /index
ERROR - 2021-08-26 00:11:37 --> 404 Page Not Found: /index
ERROR - 2021-08-26 00:12:00 --> 404 Page Not Found: /index
ERROR - 2021-08-26 00:12:00 --> 404 Page Not Found: /index
ERROR - 2021-08-26 00:12:00 --> 404 Page Not Found: /index
ERROR - 2021-08-26 00:13:06 --> 404 Page Not Found: /index
ERROR - 2021-08-26 00:13:06 --> 404 Page Not Found: /index
ERROR - 2021-08-26 00:13:06 --> 404 Page Not Found: /index
ERROR - 2021-08-26 00:13:06 --> 404 Page Not Found: /index
ERROR - 2021-08-26 00:13:23 --> 404 Page Not Found: /index
ERROR - 2021-08-26 00:13:23 --> 404 Page Not Found: /index
ERROR - 2021-08-26 00:13:23 --> 404 Page Not Found: /index
ERROR - 2021-08-26 00:13:24 --> 404 Page Not Found: /index
ERROR - 2021-08-26 00:14:49 --> 404 Page Not Found: /index
ERROR - 2021-08-26 00:14:49 --> 404 Page Not Found: /index
ERROR - 2021-08-26 00:14:49 --> 404 Page Not Found: /index
ERROR - 2021-08-26 00:15:20 --> 404 Page Not Found: /index
ERROR - 2021-08-26 00:15:20 --> 404 Page Not Found: /index
ERROR - 2021-08-26 00:15:20 --> 404 Page Not Found: /index
ERROR - 2021-08-26 00:16:49 --> 404 Page Not Found: /index
ERROR - 2021-08-26 00:16:49 --> 404 Page Not Found: /index
ERROR - 2021-08-26 00:16:49 --> 404 Page Not Found: /index
ERROR - 2021-08-26 00:16:49 --> 404 Page Not Found: /index
ERROR - 2021-08-26 00:16:56 --> 404 Page Not Found: /index
ERROR - 2021-08-26 00:16:56 --> 404 Page Not Found: /index
ERROR - 2021-08-26 00:16:56 --> 404 Page Not Found: /index
ERROR - 2021-08-26 00:16:56 --> 404 Page Not Found: /index
ERROR - 2021-08-26 00:17:43 --> 404 Page Not Found: /index
ERROR - 2021-08-26 00:17:43 --> 404 Page Not Found: /index
ERROR - 2021-08-26 00:17:43 --> 404 Page Not Found: /index
ERROR - 2021-08-26 00:18:12 --> 404 Page Not Found: /index
ERROR - 2021-08-26 00:18:12 --> 404 Page Not Found: /index
ERROR - 2021-08-26 00:18:12 --> 404 Page Not Found: /index
ERROR - 2021-08-26 00:18:12 --> 404 Page Not Found: /index
ERROR - 2021-08-26 00:18:47 --> 404 Page Not Found: /index
ERROR - 2021-08-26 00:18:47 --> 404 Page Not Found: /index
ERROR - 2021-08-26 00:18:47 --> 404 Page Not Found: /index
ERROR - 2021-08-26 00:18:48 --> 404 Page Not Found: /index
ERROR - 2021-08-26 00:22:49 --> 404 Page Not Found: /index
ERROR - 2021-08-26 00:22:49 --> 404 Page Not Found: /index
ERROR - 2021-08-26 00:22:49 --> 404 Page Not Found: /index
ERROR - 2021-08-26 00:23:01 --> 404 Page Not Found: /index
ERROR - 2021-08-26 00:23:01 --> 404 Page Not Found: /index
ERROR - 2021-08-26 00:23:01 --> 404 Page Not Found: /index
ERROR - 2021-08-26 00:23:01 --> 404 Page Not Found: /index
ERROR - 2021-08-26 00:29:28 --> 404 Page Not Found: /index
ERROR - 2021-08-26 00:29:28 --> 404 Page Not Found: /index
ERROR - 2021-08-26 00:29:28 --> 404 Page Not Found: /index
ERROR - 2021-08-26 00:29:28 --> 404 Page Not Found: /index
ERROR - 2021-08-26 00:29:51 --> 404 Page Not Found: /index
ERROR - 2021-08-26 00:29:51 --> 404 Page Not Found: /index
ERROR - 2021-08-26 00:29:51 --> 404 Page Not Found: /index
ERROR - 2021-08-26 00:29:51 --> 404 Page Not Found: /index
ERROR - 2021-08-26 00:33:16 --> 404 Page Not Found: /index
ERROR - 2021-08-26 00:33:16 --> 404 Page Not Found: /index
ERROR - 2021-08-26 00:33:16 --> 404 Page Not Found: /index
ERROR - 2021-08-26 00:33:16 --> 404 Page Not Found: /index
ERROR - 2021-08-26 00:33:31 --> 404 Page Not Found: /index
ERROR - 2021-08-26 00:33:31 --> 404 Page Not Found: /index
ERROR - 2021-08-26 00:33:31 --> 404 Page Not Found: /index
ERROR - 2021-08-26 00:33:32 --> 404 Page Not Found: /index
ERROR - 2021-08-26 00:33:41 --> 404 Page Not Found: /index
ERROR - 2021-08-26 00:33:41 --> 404 Page Not Found: /index
ERROR - 2021-08-26 00:33:41 --> 404 Page Not Found: /index
ERROR - 2021-08-26 00:33:42 --> 404 Page Not Found: /index
ERROR - 2021-08-26 00:36:48 --> 404 Page Not Found: /index
ERROR - 2021-08-26 00:36:48 --> 404 Page Not Found: /index
ERROR - 2021-08-26 00:36:48 --> 404 Page Not Found: /index
ERROR - 2021-08-26 00:36:54 --> 404 Page Not Found: /index
ERROR - 2021-08-26 00:36:54 --> 404 Page Not Found: /index
ERROR - 2021-08-26 00:36:54 --> 404 Page Not Found: /index
ERROR - 2021-08-26 00:36:55 --> 404 Page Not Found: /index
ERROR - 2021-08-26 00:37:21 --> 404 Page Not Found: /index
ERROR - 2021-08-26 00:37:21 --> 404 Page Not Found: /index
ERROR - 2021-08-26 00:37:21 --> 404 Page Not Found: /index
ERROR - 2021-08-26 00:37:21 --> 404 Page Not Found: /index
ERROR - 2021-08-26 00:37:53 --> 404 Page Not Found: /index
ERROR - 2021-08-26 00:37:53 --> 404 Page Not Found: /index
ERROR - 2021-08-26 00:37:53 --> 404 Page Not Found: /index
ERROR - 2021-08-26 00:37:53 --> 404 Page Not Found: /index
ERROR - 2021-08-26 00:38:21 --> 404 Page Not Found: /index
ERROR - 2021-08-26 00:38:21 --> 404 Page Not Found: /index
ERROR - 2021-08-26 00:38:21 --> 404 Page Not Found: /index
ERROR - 2021-08-26 00:38:21 --> 404 Page Not Found: /index
ERROR - 2021-08-26 00:39:09 --> Severity: Compile Error --> Cannot redeclare Product::product_regist() D:\WORK\PHP\KUMYO\www\app\controllers\adm\Product.php 440
ERROR - 2021-08-26 00:39:09 --> 404 Page Not Found: /index
ERROR - 2021-08-26 00:39:21 --> 404 Page Not Found: /index
ERROR - 2021-08-26 00:39:21 --> 404 Page Not Found: /index
ERROR - 2021-08-26 00:39:21 --> 404 Page Not Found: /index
ERROR - 2021-08-26 00:39:21 --> 404 Page Not Found: /index
ERROR - 2021-08-26 00:39:29 --> 404 Page Not Found: /index
ERROR - 2021-08-26 00:39:29 --> 404 Page Not Found: /index
ERROR - 2021-08-26 00:39:29 --> 404 Page Not Found: /index
ERROR - 2021-08-26 00:39:30 --> 404 Page Not Found: /index
ERROR - 2021-08-26 00:40:05 --> 404 Page Not Found: /index
ERROR - 2021-08-26 00:40:05 --> 404 Page Not Found: /index
ERROR - 2021-08-26 00:40:05 --> 404 Page Not Found: /index
ERROR - 2021-08-26 00:40:27 --> 404 Page Not Found: /index
ERROR - 2021-08-26 00:40:27 --> 404 Page Not Found: /index
ERROR - 2021-08-26 00:40:27 --> 404 Page Not Found: /index
ERROR - 2021-08-26 00:40:32 --> 404 Page Not Found: /index
ERROR - 2021-08-26 00:40:32 --> 404 Page Not Found: /index
ERROR - 2021-08-26 00:40:32 --> 404 Page Not Found: /index
ERROR - 2021-08-26 00:40:36 --> 404 Page Not Found: /index
ERROR - 2021-08-26 00:40:36 --> 404 Page Not Found: /index
ERROR - 2021-08-26 00:40:36 --> 404 Page Not Found: /index
ERROR - 2021-08-26 00:40:38 --> 404 Page Not Found: /index
ERROR - 2021-08-26 00:40:38 --> 404 Page Not Found: /index
ERROR - 2021-08-26 00:40:38 --> 404 Page Not Found: /index
ERROR - 2021-08-26 00:40:38 --> 404 Page Not Found: /index
ERROR - 2021-08-26 00:40:39 --> 404 Page Not Found: /index
ERROR - 2021-08-26 00:40:41 --> 404 Page Not Found: /index
ERROR - 2021-08-26 00:40:41 --> 404 Page Not Found: /index
ERROR - 2021-08-26 00:40:41 --> 404 Page Not Found: /index
ERROR - 2021-08-26 00:40:43 --> 404 Page Not Found: /index
ERROR - 2021-08-26 00:40:43 --> 404 Page Not Found: /index
ERROR - 2021-08-26 00:40:43 --> 404 Page Not Found: /index
ERROR - 2021-08-26 00:41:19 --> 404 Page Not Found: /index
ERROR - 2021-08-26 00:41:19 --> 404 Page Not Found: /index
ERROR - 2021-08-26 00:41:19 --> 404 Page Not Found: /index
ERROR - 2021-08-26 00:41:19 --> 404 Page Not Found: /index
ERROR - 2021-08-26 00:42:12 --> 404 Page Not Found: /index
ERROR - 2021-08-26 00:42:12 --> 404 Page Not Found: /index
ERROR - 2021-08-26 00:42:12 --> 404 Page Not Found: /index
ERROR - 2021-08-26 00:42:12 --> 404 Page Not Found: /index
ERROR - 2021-08-26 00:42:14 --> Severity: error --> Exception: Call to undefined method Product::view() D:\WORK\PHP\KUMYO\www\app\controllers\adm\Product.php 452
ERROR - 2021-08-26 00:43:08 --> 404 Page Not Found: /index
ERROR - 2021-08-26 00:43:08 --> 404 Page Not Found: /index
ERROR - 2021-08-26 00:43:08 --> 404 Page Not Found: /index
ERROR - 2021-08-26 00:43:08 --> 404 Page Not Found: /index
ERROR - 2021-08-26 00:43:10 --> Severity: error --> Exception: Call to undefined method Product::view() D:\WORK\PHP\KUMYO\www\app\controllers\adm\Product.php 449
ERROR - 2021-08-26 00:43:13 --> Severity: error --> Exception: Call to undefined method Product::view() D:\WORK\PHP\KUMYO\www\app\controllers\adm\Product.php 449
ERROR - 2021-08-26 00:43:32 --> 404 Page Not Found: /index
ERROR - 2021-08-26 00:43:32 --> 404 Page Not Found: /index
ERROR - 2021-08-26 00:43:32 --> 404 Page Not Found: /index
ERROR - 2021-08-26 00:43:32 --> 404 Page Not Found: /index
ERROR - 2021-08-26 00:43:34 --> Severity: error --> Exception: Call to undefined method Product::view() D:\WORK\PHP\KUMYO\www\app\controllers\adm\Product.php 449
ERROR - 2021-08-26 00:43:43 --> Severity: error --> Exception: Call to undefined method Product::view() D:\WORK\PHP\KUMYO\www\app\controllers\adm\Product.php 449
ERROR - 2021-08-26 00:43:55 --> Severity: Notice --> Undefined variable: sel_category_1 D:\WORK\PHP\KUMYO\www\app\views\adm\product\imagePopup.php 21
ERROR - 2021-08-26 00:43:55 --> Severity: Notice --> Undefined variable: brandname D:\WORK\PHP\KUMYO\www\app\views\adm\product\imagePopup.php 45
ERROR - 2021-08-26 00:43:55 --> Severity: Notice --> Undefined variable: sellprice D:\WORK\PHP\KUMYO\www\app\views\adm\product\imagePopup.php 52
ERROR - 2021-08-26 00:43:55 --> Severity: Notice --> Undefined variable: status_radio D:\WORK\PHP\KUMYO\www\app\views\adm\product\imagePopup.php 59
ERROR - 2021-08-26 00:43:55 --> Severity: Notice --> Undefined variable: product_loc_radio D:\WORK\PHP\KUMYO\www\app\views\adm\product\imagePopup.php 66
ERROR - 2021-08-26 00:43:55 --> Severity: Notice --> Undefined variable: location D:\WORK\PHP\KUMYO\www\app\views\adm\product\imagePopup.php 73
ERROR - 2021-08-26 00:43:55 --> Severity: Notice --> Undefined variable: ment D:\WORK\PHP\KUMYO\www\app\views\adm\product\imagePopup.php 80
ERROR - 2021-08-26 00:43:55 --> Severity: Notice --> Undefined variable: etc_field D:\WORK\PHP\KUMYO\www\app\views\adm\product\imagePopup.php 87
ERROR - 2021-08-26 00:43:55 --> Severity: Notice --> Undefined variable: content D:\WORK\PHP\KUMYO\www\app\views\adm\product\imagePopup.php 161
ERROR - 2021-08-26 00:43:55 --> 404 Page Not Found: /index
ERROR - 2021-08-26 00:44:21 --> 404 Page Not Found: /index
ERROR - 2021-08-26 00:44:21 --> 404 Page Not Found: /index
ERROR - 2021-08-26 00:44:21 --> 404 Page Not Found: /index
ERROR - 2021-08-26 00:44:43 --> 404 Page Not Found: /index
ERROR - 2021-08-26 00:44:43 --> 404 Page Not Found: /index
ERROR - 2021-08-26 00:44:43 --> 404 Page Not Found: /index
ERROR - 2021-08-26 00:46:19 --> 404 Page Not Found: /index
ERROR - 2021-08-26 00:46:19 --> 404 Page Not Found: /index
ERROR - 2021-08-26 00:46:19 --> 404 Page Not Found: /index
ERROR - 2021-08-26 00:47:16 --> Severity: Notice --> Undefined variable: photo D:\WORK\PHP\KUMYO\www\app\views\adm\product\imagePopup.php 13
ERROR - 2021-08-26 00:47:44 --> 404 Page Not Found: /index
ERROR - 2021-08-26 00:47:44 --> 404 Page Not Found: /index
ERROR - 2021-08-26 00:47:44 --> 404 Page Not Found: /index
ERROR - 2021-08-26 00:48:07 --> 404 Page Not Found: /index
ERROR - 2021-08-26 00:48:07 --> 404 Page Not Found: /index
ERROR - 2021-08-26 00:48:07 --> 404 Page Not Found: /index
ERROR - 2021-08-26 00:54:34 --> 404 Page Not Found: /index
ERROR - 2021-08-26 00:54:34 --> 404 Page Not Found: /index
ERROR - 2021-08-26 00:54:34 --> 404 Page Not Found: /index
ERROR - 2021-08-26 00:54:41 --> 404 Page Not Found: /index
ERROR - 2021-08-26 00:54:41 --> 404 Page Not Found: /index
ERROR - 2021-08-26 00:54:41 --> 404 Page Not Found: /index
ERROR - 2021-08-26 00:54:41 --> 404 Page Not Found: /index
ERROR - 2021-08-26 00:56:19 --> 404 Page Not Found: /index
ERROR - 2021-08-26 00:56:19 --> 404 Page Not Found: /index
ERROR - 2021-08-26 00:56:19 --> 404 Page Not Found: /index
ERROR - 2021-08-26 00:56:19 --> 404 Page Not Found: /index
ERROR - 2021-08-26 00:57:08 --> 404 Page Not Found: /index
ERROR - 2021-08-26 00:57:08 --> 404 Page Not Found: /index
ERROR - 2021-08-26 00:57:09 --> 404 Page Not Found: /index
ERROR - 2021-08-26 00:57:15 --> 404 Page Not Found: /index
ERROR - 2021-08-26 00:57:15 --> 404 Page Not Found: /index
ERROR - 2021-08-26 00:57:15 --> 404 Page Not Found: /index
ERROR - 2021-08-26 00:57:24 --> 404 Page Not Found: /index
ERROR - 2021-08-26 00:57:24 --> 404 Page Not Found: /index
ERROR - 2021-08-26 00:57:24 --> 404 Page Not Found: /index
ERROR - 2021-08-26 00:57:25 --> 404 Page Not Found: /index
ERROR - 2021-08-26 00:58:51 --> 404 Page Not Found: /index
ERROR - 2021-08-26 00:58:51 --> 404 Page Not Found: /index
ERROR - 2021-08-26 00:58:51 --> 404 Page Not Found: /index
ERROR - 2021-08-26 00:58:51 --> 404 Page Not Found: /index
ERROR - 2021-08-26 00:58:59 --> 404 Page Not Found: /index
ERROR - 2021-08-26 00:58:59 --> 404 Page Not Found: /index
ERROR - 2021-08-26 00:58:59 --> 404 Page Not Found: /index
ERROR - 2021-08-26 00:59:00 --> 404 Page Not Found: /index
ERROR - 2021-08-26 00:59:08 --> 404 Page Not Found: /index
ERROR - 2021-08-26 00:59:08 --> 404 Page Not Found: /index
ERROR - 2021-08-26 00:59:08 --> 404 Page Not Found: /index
ERROR - 2021-08-26 00:59:08 --> 404 Page Not Found: /index
ERROR - 2021-08-26 01:01:17 --> 404 Page Not Found: /index
ERROR - 2021-08-26 01:01:17 --> 404 Page Not Found: /index
ERROR - 2021-08-26 01:01:17 --> 404 Page Not Found: /index
ERROR - 2021-08-26 01:01:17 --> 404 Page Not Found: /index
ERROR - 2021-08-26 01:01:24 --> 404 Page Not Found: /index
ERROR - 2021-08-26 01:01:24 --> 404 Page Not Found: /index
ERROR - 2021-08-26 01:01:24 --> 404 Page Not Found: /index
ERROR - 2021-08-26 01:01:25 --> 404 Page Not Found: /index
ERROR - 2021-08-26 01:02:16 --> 404 Page Not Found: /index
ERROR - 2021-08-26 01:02:16 --> 404 Page Not Found: /index
ERROR - 2021-08-26 01:02:16 --> 404 Page Not Found: /index
ERROR - 2021-08-26 01:02:31 --> 404 Page Not Found: /index
ERROR - 2021-08-26 01:02:32 --> 404 Page Not Found: /index
ERROR - 2021-08-26 01:02:32 --> 404 Page Not Found: /index
ERROR - 2021-08-26 01:02:32 --> 404 Page Not Found: /index
ERROR - 2021-08-26 01:03:56 --> 404 Page Not Found: /index
ERROR - 2021-08-26 01:03:56 --> 404 Page Not Found: /index
ERROR - 2021-08-26 01:03:56 --> 404 Page Not Found: /index
ERROR - 2021-08-26 11:29:09 --> 404 Page Not Found: /index
ERROR - 2021-08-26 11:29:52 --> 404 Page Not Found: /index
ERROR - 2021-08-26 11:30:08 --> 404 Page Not Found: /index
ERROR - 2021-08-26 11:30:18 --> 404 Page Not Found: /index
ERROR - 2021-08-26 11:30:26 --> 404 Page Not Found: /index
ERROR - 2021-08-26 11:30:38 --> 404 Page Not Found: /index
ERROR - 2021-08-26 11:30:48 --> 404 Page Not Found: /index
ERROR - 2021-08-26 11:30:48 --> 404 Page Not Found: /index
ERROR - 2021-08-26 11:30:58 --> 404 Page Not Found: /index
ERROR - 2021-08-26 11:30:58 --> 404 Page Not Found: /index
ERROR - 2021-08-26 11:30:58 --> 404 Page Not Found: /index
ERROR - 2021-08-26 11:30:58 --> 404 Page Not Found: /index
ERROR - 2021-08-26 11:31:06 --> 404 Page Not Found: /index
ERROR - 2021-08-26 11:31:06 --> 404 Page Not Found: /index
ERROR - 2021-08-26 11:31:06 --> 404 Page Not Found: /index
ERROR - 2021-08-26 11:31:07 --> 404 Page Not Found: /index
ERROR - 2021-08-26 11:44:57 --> 404 Page Not Found: /index
ERROR - 2021-08-26 11:45:31 --> 404 Page Not Found: /index
ERROR - 2021-08-26 12:07:08 --> Severity: Warning --> explode() expects parameter 2 to be string, array given D:\WORK\PHP\KUMYO\www\app\libraries\Func.php 1848
ERROR - 2021-08-26 12:07:08 --> Severity: Warning --> Invalid argument supplied for foreach() D:\WORK\PHP\KUMYO\www\app\libraries\Func.php 1849
ERROR - 2021-08-26 12:07:20 --> Severity: Warning --> explode() expects parameter 2 to be string, array given D:\WORK\PHP\KUMYO\www\app\libraries\Func.php 1848
ERROR - 2021-08-26 12:07:20 --> Severity: Warning --> Invalid argument supplied for foreach() D:\WORK\PHP\KUMYO\www\app\libraries\Func.php 1849
ERROR - 2021-08-26 12:08:35 --> Severity: Warning --> count(): Parameter must be an array or an object that implements Countable D:\WORK\PHP\KUMYO\www\app\views\adm\product\product_modify.php 100
ERROR - 2021-08-26 12:08:49 --> Severity: Warning --> count(): Parameter must be an array or an object that implements Countable D:\WORK\PHP\KUMYO\www\app\views\adm\product\product_modify.php 103
ERROR - 2021-08-26 12:08:58 --> Severity: Warning --> count(): Parameter must be an array or an object that implements Countable D:\WORK\PHP\KUMYO\www\app\views\adm\product\product_modify.php 103
ERROR - 2021-08-26 12:11:29 --> Severity: Warning --> file_get_contents(): Filename cannot be empty D:\WORK\PHP\KUMYO\www\app\libraries\Func.php 1930
ERROR - 2021-08-26 12:16:52 --> 404 Page Not Found: /index
ERROR - 2021-08-26 12:17:22 --> 404 Page Not Found: /index
ERROR - 2021-08-26 12:18:58 --> 404 Page Not Found: /index
ERROR - 2021-08-26 12:19:10 --> 404 Page Not Found: /index
ERROR - 2021-08-26 12:19:21 --> 404 Page Not Found: /index
ERROR - 2021-08-26 12:19:21 --> 404 Page Not Found: /index
ERROR - 2021-08-26 12:19:52 --> 404 Page Not Found: /index
ERROR - 2021-08-26 12:19:52 --> 404 Page Not Found: /index
ERROR - 2021-08-26 12:19:52 --> 404 Page Not Found: /index
ERROR - 2021-08-26 12:25:17 --> 404 Page Not Found: /index
ERROR - 2021-08-26 12:25:17 --> 404 Page Not Found: /index
ERROR - 2021-08-26 12:25:17 --> 404 Page Not Found: /index
ERROR - 2021-08-26 12:26:22 --> 404 Page Not Found: /index
ERROR - 2021-08-26 12:26:22 --> 404 Page Not Found: /index
ERROR - 2021-08-26 12:26:22 --> 404 Page Not Found: /index
ERROR - 2021-08-26 12:29:05 --> 404 Page Not Found: /index
ERROR - 2021-08-26 12:29:05 --> 404 Page Not Found: /index
ERROR - 2021-08-26 12:29:05 --> 404 Page Not Found: /index
ERROR - 2021-08-26 12:29:05 --> 404 Page Not Found: /index
ERROR - 2021-08-26 12:33:57 --> 404 Page Not Found: /index
ERROR - 2021-08-26 12:33:57 --> 404 Page Not Found: /index
ERROR - 2021-08-26 12:33:57 --> 404 Page Not Found: /index
ERROR - 2021-08-26 12:33:57 --> 404 Page Not Found: /index
ERROR - 2021-08-26 12:36:27 --> 404 Page Not Found: /index
ERROR - 2021-08-26 12:36:27 --> 404 Page Not Found: /index
ERROR - 2021-08-26 12:36:27 --> 404 Page Not Found: /index
ERROR - 2021-08-26 12:36:28 --> 404 Page Not Found: /index
ERROR - 2021-08-26 12:40:08 --> 404 Page Not Found: /index
ERROR - 2021-08-26 12:40:21 --> 404 Page Not Found: /index
ERROR - 2021-08-26 12:40:28 --> 404 Page Not Found: /index
ERROR - 2021-08-26 12:40:28 --> 404 Page Not Found: /index
ERROR - 2021-08-26 12:40:28 --> 404 Page Not Found: /index
ERROR - 2021-08-26 12:43:03 --> 404 Page Not Found: /index
ERROR - 2021-08-26 12:43:03 --> 404 Page Not Found: /index
ERROR - 2021-08-26 12:43:03 --> 404 Page Not Found: /index
ERROR - 2021-08-26 12:43:03 --> 404 Page Not Found: /index
ERROR - 2021-08-26 12:48:04 --> Severity: Warning --> Invalid argument supplied for foreach() D:\WORK\PHP\KUMYO\www\app\controllers\adm\Product.php 560
ERROR - 2021-08-26 12:55:13 --> 404 Page Not Found: /index
ERROR - 2021-08-26 12:55:13 --> 404 Page Not Found: /index
ERROR - 2021-08-26 12:55:13 --> 404 Page Not Found: /index
ERROR - 2021-08-26 12:55:14 --> 404 Page Not Found: /index
ERROR - 2021-08-26 12:55:34 --> 404 Page Not Found: /index
ERROR - 2021-08-26 12:55:34 --> 404 Page Not Found: /index
ERROR - 2021-08-26 12:55:34 --> 404 Page Not Found: /index
ERROR - 2021-08-26 12:55:34 --> 404 Page Not Found: /index
ERROR - 2021-08-26 12:55:39 --> Query error: Unknown column 'S.shop_seq' in 'where clause' - Invalid query:  UPDATE ky_shop_brand SET photo = 'fe31f4b47400a4bbcf8b733e8fb85053_M.jpeg,fe31f4b47400a4bbcf8b733e8fb85053_S.jpeg' WHERE S.shop_seq = '' 
ERROR - 2021-08-26 12:56:04 --> 404 Page Not Found: /index
ERROR - 2021-08-26 12:56:04 --> 404 Page Not Found: /index
ERROR - 2021-08-26 12:56:04 --> 404 Page Not Found: /index
ERROR - 2021-08-26 12:56:04 --> 404 Page Not Found: /index
ERROR - 2021-08-26 12:56:12 --> 404 Page Not Found: /index
ERROR - 2021-08-26 12:56:12 --> 404 Page Not Found: /index
ERROR - 2021-08-26 12:56:12 --> 404 Page Not Found: /index
ERROR - 2021-08-26 12:56:12 --> 404 Page Not Found: /index
ERROR - 2021-08-26 12:56:58 --> 404 Page Not Found: /index
ERROR - 2021-08-26 12:56:58 --> 404 Page Not Found: /index
ERROR - 2021-08-26 12:56:58 --> 404 Page Not Found: /index
ERROR - 2021-08-26 12:56:59 --> 404 Page Not Found: /index
ERROR - 2021-08-26 12:57:17 --> 404 Page Not Found: /index
ERROR - 2021-08-26 12:57:17 --> 404 Page Not Found: /index
ERROR - 2021-08-26 12:57:17 --> 404 Page Not Found: /index
ERROR - 2021-08-26 12:57:17 --> 404 Page Not Found: /index
ERROR - 2021-08-26 12:57:25 --> 404 Page Not Found: /index
ERROR - 2021-08-26 12:57:25 --> 404 Page Not Found: /index
ERROR - 2021-08-26 12:57:25 --> 404 Page Not Found: /index
ERROR - 2021-08-26 12:57:33 --> 404 Page Not Found: /index
ERROR - 2021-08-26 12:57:33 --> 404 Page Not Found: /index
ERROR - 2021-08-26 12:57:33 --> 404 Page Not Found: /index
ERROR - 2021-08-26 12:57:56 --> 404 Page Not Found: /index
ERROR - 2021-08-26 12:57:56 --> 404 Page Not Found: /index
ERROR - 2021-08-26 12:57:56 --> 404 Page Not Found: /index
ERROR - 2021-08-26 12:57:56 --> 404 Page Not Found: /index
ERROR - 2021-08-26 13:36:26 --> 404 Page Not Found: /index
ERROR - 2021-08-26 13:36:26 --> 404 Page Not Found: /index
ERROR - 2021-08-26 13:36:26 --> 404 Page Not Found: /index
ERROR - 2021-08-26 13:36:29 --> 404 Page Not Found: /index
ERROR - 2021-08-26 13:36:29 --> 404 Page Not Found: /index
ERROR - 2021-08-26 13:36:29 --> 404 Page Not Found: /index
ERROR - 2021-08-26 13:43:42 --> 404 Page Not Found: /index
ERROR - 2021-08-26 13:43:42 --> 404 Page Not Found: /index
ERROR - 2021-08-26 13:43:42 --> 404 Page Not Found: /index
ERROR - 2021-08-26 13:44:20 --> 404 Page Not Found: /index
ERROR - 2021-08-26 13:44:20 --> 404 Page Not Found: /index
ERROR - 2021-08-26 13:44:20 --> 404 Page Not Found: /index
ERROR - 2021-08-26 13:44:20 --> 404 Page Not Found: /index
ERROR - 2021-08-26 13:44:28 --> 404 Page Not Found: /index
ERROR - 2021-08-26 13:44:28 --> 404 Page Not Found: /index
ERROR - 2021-08-26 13:44:28 --> 404 Page Not Found: /index
ERROR - 2021-08-26 13:44:31 --> 404 Page Not Found: /index
ERROR - 2021-08-26 13:44:31 --> 404 Page Not Found: /index
ERROR - 2021-08-26 13:44:31 --> 404 Page Not Found: /index
ERROR - 2021-08-26 13:47:48 --> 404 Page Not Found: /index
ERROR - 2021-08-26 13:47:48 --> 404 Page Not Found: /index
ERROR - 2021-08-26 13:47:48 --> 404 Page Not Found: /index
ERROR - 2021-08-26 13:47:48 --> 404 Page Not Found: /index
ERROR - 2021-08-26 13:48:14 --> 404 Page Not Found: /index
ERROR - 2021-08-26 13:48:14 --> 404 Page Not Found: /index
ERROR - 2021-08-26 13:48:14 --> 404 Page Not Found: /index
ERROR - 2021-08-26 13:49:58 --> 404 Page Not Found: /index
ERROR - 2021-08-26 13:49:58 --> 404 Page Not Found: /index
ERROR - 2021-08-26 13:49:58 --> 404 Page Not Found: /index
ERROR - 2021-08-26 13:49:58 --> 404 Page Not Found: /index
ERROR - 2021-08-26 13:50:01 --> 404 Page Not Found: /index
ERROR - 2021-08-26 13:50:01 --> 404 Page Not Found: /index
ERROR - 2021-08-26 13:50:01 --> 404 Page Not Found: /index
ERROR - 2021-08-26 13:50:03 --> 404 Page Not Found: /index
ERROR - 2021-08-26 13:50:03 --> 404 Page Not Found: /index
ERROR - 2021-08-26 13:50:03 --> 404 Page Not Found: /index
ERROR - 2021-08-26 13:51:21 --> 404 Page Not Found: /index
ERROR - 2021-08-26 13:51:21 --> 404 Page Not Found: /index
ERROR - 2021-08-26 13:51:21 --> 404 Page Not Found: /index
ERROR - 2021-08-26 13:51:22 --> 404 Page Not Found: /index
ERROR - 2021-08-26 13:51:29 --> 404 Page Not Found: /index
ERROR - 2021-08-26 13:51:29 --> 404 Page Not Found: /index
ERROR - 2021-08-26 13:51:29 --> 404 Page Not Found: /index
ERROR - 2021-08-26 13:51:31 --> 404 Page Not Found: /index
ERROR - 2021-08-26 13:51:31 --> 404 Page Not Found: /index
ERROR - 2021-08-26 13:51:31 --> 404 Page Not Found: /index
ERROR - 2021-08-26 13:51:31 --> 404 Page Not Found: /index
ERROR - 2021-08-26 13:51:56 --> 404 Page Not Found: /index
ERROR - 2021-08-26 13:51:56 --> 404 Page Not Found: /index
ERROR - 2021-08-26 13:51:56 --> 404 Page Not Found: /index
ERROR - 2021-08-26 13:51:56 --> 404 Page Not Found: /index
ERROR - 2021-08-26 13:52:41 --> 404 Page Not Found: /index
ERROR - 2021-08-26 13:52:41 --> 404 Page Not Found: /index
ERROR - 2021-08-26 13:52:41 --> 404 Page Not Found: /index
ERROR - 2021-08-26 13:52:41 --> 404 Page Not Found: /index
ERROR - 2021-08-26 13:52:50 --> 404 Page Not Found: /index
ERROR - 2021-08-26 13:52:50 --> 404 Page Not Found: /index
ERROR - 2021-08-26 13:52:50 --> 404 Page Not Found: /index
ERROR - 2021-08-26 13:52:54 --> 404 Page Not Found: /index
ERROR - 2021-08-26 13:52:54 --> 404 Page Not Found: /index
ERROR - 2021-08-26 13:52:54 --> 404 Page Not Found: /index
ERROR - 2021-08-26 13:58:54 --> 404 Page Not Found: /index
ERROR - 2021-08-26 13:58:54 --> 404 Page Not Found: /index
ERROR - 2021-08-26 13:58:54 --> 404 Page Not Found: /index
ERROR - 2021-08-26 13:58:54 --> 404 Page Not Found: /index
ERROR - 2021-08-26 13:59:12 --> 404 Page Not Found: /index
ERROR - 2021-08-26 13:59:12 --> 404 Page Not Found: /index
ERROR - 2021-08-26 13:59:12 --> 404 Page Not Found: /index
ERROR - 2021-08-26 13:59:48 --> 404 Page Not Found: /index
ERROR - 2021-08-26 13:59:48 --> 404 Page Not Found: /index
ERROR - 2021-08-26 13:59:48 --> 404 Page Not Found: /index
ERROR - 2021-08-26 13:59:52 --> 404 Page Not Found: /index
ERROR - 2021-08-26 13:59:54 --> 404 Page Not Found: /index
ERROR - 2021-08-26 13:59:54 --> 404 Page Not Found: /index
ERROR - 2021-08-26 13:59:54 --> 404 Page Not Found: /index
ERROR - 2021-08-26 13:59:57 --> 404 Page Not Found: /index
ERROR - 2021-08-26 13:59:57 --> 404 Page Not Found: /index
ERROR - 2021-08-26 13:59:57 --> 404 Page Not Found: /index
ERROR - 2021-08-26 13:59:58 --> 404 Page Not Found: /index
ERROR - 2021-08-26 13:59:58 --> 404 Page Not Found: /index
ERROR - 2021-08-26 13:59:58 --> 404 Page Not Found: /index
ERROR - 2021-08-26 14:00:00 --> 404 Page Not Found: /index
ERROR - 2021-08-26 14:00:00 --> 404 Page Not Found: /index
ERROR - 2021-08-26 14:00:00 --> 404 Page Not Found: /index
ERROR - 2021-08-26 14:00:11 --> 404 Page Not Found: /index
ERROR - 2021-08-26 14:00:11 --> 404 Page Not Found: /index
ERROR - 2021-08-26 14:00:11 --> 404 Page Not Found: /index
ERROR - 2021-08-26 14:01:13 --> 404 Page Not Found: /index
ERROR - 2021-08-26 14:01:13 --> 404 Page Not Found: /index
ERROR - 2021-08-26 14:01:14 --> 404 Page Not Found: /index
ERROR - 2021-08-26 14:02:07 --> 404 Page Not Found: /index
ERROR - 2021-08-26 14:02:07 --> 404 Page Not Found: /index
ERROR - 2021-08-26 14:02:07 --> 404 Page Not Found: /index
ERROR - 2021-08-26 14:02:11 --> 404 Page Not Found: /index
ERROR - 2021-08-26 14:02:11 --> 404 Page Not Found: /index
ERROR - 2021-08-26 14:02:11 --> 404 Page Not Found: /index
ERROR - 2021-08-26 14:02:14 --> 404 Page Not Found: /index
ERROR - 2021-08-26 14:02:14 --> 404 Page Not Found: /index
ERROR - 2021-08-26 14:02:14 --> 404 Page Not Found: /index
ERROR - 2021-08-26 14:02:16 --> 404 Page Not Found: /index
ERROR - 2021-08-26 14:02:16 --> 404 Page Not Found: /index
ERROR - 2021-08-26 14:02:16 --> 404 Page Not Found: /index
ERROR - 2021-08-26 14:02:17 --> 404 Page Not Found: /index
ERROR - 2021-08-26 14:02:17 --> 404 Page Not Found: /index
ERROR - 2021-08-26 14:02:17 --> 404 Page Not Found: /index
ERROR - 2021-08-26 14:02:19 --> 404 Page Not Found: /index
ERROR - 2021-08-26 14:02:19 --> 404 Page Not Found: /index
ERROR - 2021-08-26 14:02:19 --> 404 Page Not Found: /index
ERROR - 2021-08-26 14:02:23 --> 404 Page Not Found: /index
ERROR - 2021-08-26 14:02:23 --> 404 Page Not Found: /index
ERROR - 2021-08-26 14:02:23 --> 404 Page Not Found: /index
ERROR - 2021-08-26 14:07:01 --> 404 Page Not Found: /index
ERROR - 2021-08-26 14:07:01 --> 404 Page Not Found: /index
ERROR - 2021-08-26 14:07:01 --> 404 Page Not Found: /index
