ERROR - 2023-02-07 21:16:27 --> 404 Page Not Found: /index
ERROR - 2023-02-07 21:16:27 --> 404 Page Not Found: /index
ERROR - 2023-02-07 21:16:36 --> Severity: Notice --> Undefined index:  D:\WORK\PHP\SWCLEAN\www\app\hooks\common.php 19
ERROR - 2023-02-07 21:16:36 --> 404 Page Not Found: /index
ERROR - 2023-02-07 21:16:36 --> 404 Page Not Found: /index
ERROR - 2023-02-07 21:16:36 --> 404 Page Not Found: /index
ERROR - 2023-02-07 21:16:36 --> 404 Page Not Found: /index
ERROR - 2023-02-07 21:16:36 --> 404 Page Not Found: web/Img/favicon.ico
ERROR - 2023-02-07 21:34:25 --> 404 Page Not Found: web/Assets/css
ERROR - 2023-02-07 21:34:25 --> 404 Page Not Found: web/Assets/css
ERROR - 2023-02-07 21:34:25 --> 404 Page Not Found: web/Assets/css
ERROR - 2023-02-07 21:34:25 --> 404 Page Not Found: web/Assets/css
ERROR - 2023-02-07 21:34:25 --> 404 Page Not Found: web/Assets/css
ERROR - 2023-02-07 21:34:25 --> 404 Page Not Found: web/Assets/css
ERROR - 2023-02-07 21:34:25 --> 404 Page Not Found: web/Assets/css
ERROR - 2023-02-07 21:34:25 --> 404 Page Not Found: web/Assets/js
ERROR - 2023-02-07 21:34:25 --> 404 Page Not Found: web/Assets/js
ERROR - 2023-02-07 21:34:25 --> 404 Page Not Found: web/Assets/js
ERROR - 2023-02-07 21:34:25 --> 404 Page Not Found: web/Assets/js
ERROR - 2023-02-07 21:34:25 --> 404 Page Not Found: web/Img/top_log.png
ERROR - 2023-02-07 21:34:25 --> 404 Page Not Found: web/Img/main
ERROR - 2023-02-07 21:34:25 --> 404 Page Not Found: web/Img/main
ERROR - 2023-02-07 21:34:25 --> 404 Page Not Found: web/Img/main
ERROR - 2023-02-07 21:34:25 --> 404 Page Not Found: web/Img/main
ERROR - 2023-02-07 21:34:25 --> 404 Page Not Found: web/Img/main
ERROR - 2023-02-07 21:34:25 --> 404 Page Not Found: web/Img/main
ERROR - 2023-02-07 21:34:25 --> 404 Page Not Found: web/Img/main
ERROR - 2023-02-07 21:34:25 --> 404 Page Not Found: web/Img/team
ERROR - 2023-02-07 21:34:26 --> 404 Page Not Found: web/Movie/main_01.mp4
ERROR - 2023-02-07 21:34:26 --> 404 Page Not Found: web/Movie/main_02.mp4
ERROR - 2023-02-07 21:34:26 --> 404 Page Not Found: web/Movie/main_03.mp4
ERROR - 2023-02-07 21:34:26 --> 404 Page Not Found: web/Movie/1_ai.mp4
ERROR - 2023-02-07 21:34:26 --> 404 Page Not Found: web/Img/favicon.ico
ERROR - 2023-02-07 21:35:55 --> 404 Page Not Found: web/Assets/css
ERROR - 2023-02-07 21:35:55 --> 404 Page Not Found: web/Assets/css
ERROR - 2023-02-07 21:35:55 --> 404 Page Not Found: web/Assets/css
ERROR - 2023-02-07 21:35:55 --> 404 Page Not Found: web/Assets/css
ERROR - 2023-02-07 21:35:55 --> 404 Page Not Found: web/Assets/css
ERROR - 2023-02-07 21:35:55 --> 404 Page Not Found: web/Assets/css
ERROR - 2023-02-07 21:35:55 --> 404 Page Not Found: web/Assets/css
ERROR - 2023-02-07 21:35:55 --> 404 Page Not Found: web/Assets/js
ERROR - 2023-02-07 21:35:55 --> 404 Page Not Found: web/Assets/js
ERROR - 2023-02-07 21:35:55 --> 404 Page Not Found: web/Assets/js
ERROR - 2023-02-07 21:35:55 --> 404 Page Not Found: web/Assets/js
ERROR - 2023-02-07 21:35:55 --> 404 Page Not Found: web/Img/top_log.png
ERROR - 2023-02-07 21:35:55 --> 404 Page Not Found: web/Img/main
ERROR - 2023-02-07 21:35:55 --> 404 Page Not Found: web/Img/main
ERROR - 2023-02-07 21:35:55 --> 404 Page Not Found: web/Img/main
ERROR - 2023-02-07 21:35:55 --> 404 Page Not Found: web/Img/main
ERROR - 2023-02-07 21:35:55 --> 404 Page Not Found: web/Img/main
ERROR - 2023-02-07 21:35:55 --> 404 Page Not Found: web/Img/main
ERROR - 2023-02-07 21:35:55 --> 404 Page Not Found: web/Img/main
ERROR - 2023-02-07 21:35:55 --> 404 Page Not Found: web/Img/team
ERROR - 2023-02-07 21:35:55 --> 404 Page Not Found: web/Movie/main_01.mp4
ERROR - 2023-02-07 21:35:55 --> 404 Page Not Found: web/Movie/main_02.mp4
ERROR - 2023-02-07 21:35:55 --> 404 Page Not Found: web/Movie/main_03.mp4
ERROR - 2023-02-07 21:35:55 --> 404 Page Not Found: web/Movie/1_ai.mp4
ERROR - 2023-02-07 21:35:55 --> 404 Page Not Found: /index
ERROR - 2023-02-07 21:37:23 --> 404 Page Not Found: web/Css/theme-elements.css
ERROR - 2023-02-07 21:37:23 --> 404 Page Not Found: web/Css/demos
ERROR - 2023-02-07 21:37:23 --> 404 Page Not Found: web/Css/theme.css
ERROR - 2023-02-07 21:37:23 --> 404 Page Not Found: web/Css/theme-shop.css
ERROR - 2023-02-07 21:37:23 --> 404 Page Not Found: web/Css/theme-blog.css
ERROR - 2023-02-07 21:37:23 --> 404 Page Not Found: web/Css/skins
ERROR - 2023-02-07 21:37:23 --> 404 Page Not Found: web/Css/custom.css
ERROR - 2023-02-07 21:37:23 --> 404 Page Not Found: web/Assets/css
ERROR - 2023-02-07 21:37:23 --> 404 Page Not Found: web/Assets/js
ERROR - 2023-02-07 21:37:23 --> 404 Page Not Found: web/Assets/js
ERROR - 2023-02-07 21:37:23 --> 404 Page Not Found: web/Assets/js
ERROR - 2023-02-07 21:37:23 --> 404 Page Not Found: web/Img/top_log.png
ERROR - 2023-02-07 21:37:23 --> 404 Page Not Found: web/Assets/js
ERROR - 2023-02-07 21:37:23 --> 404 Page Not Found: web/Img/main
ERROR - 2023-02-07 21:37:23 --> 404 Page Not Found: web/Img/main
ERROR - 2023-02-07 21:37:23 --> 404 Page Not Found: web/Img/main
ERROR - 2023-02-07 21:37:23 --> 404 Page Not Found: web/Img/main
ERROR - 2023-02-07 21:37:23 --> 404 Page Not Found: web/Img/main
ERROR - 2023-02-07 21:37:23 --> 404 Page Not Found: web/Img/main
ERROR - 2023-02-07 21:37:23 --> 404 Page Not Found: web/Img/main
ERROR - 2023-02-07 21:37:23 --> 404 Page Not Found: web/Img/team
ERROR - 2023-02-07 21:37:23 --> 404 Page Not Found: web/Movie/main_01.mp4
ERROR - 2023-02-07 21:37:23 --> 404 Page Not Found: web/Movie/main_02.mp4
ERROR - 2023-02-07 21:37:23 --> 404 Page Not Found: web/Movie/main_03.mp4
ERROR - 2023-02-07 21:37:23 --> 404 Page Not Found: web/Movie/1_ai.mp4
ERROR - 2023-02-07 21:37:23 --> 404 Page Not Found: /index
ERROR - 2023-02-07 21:37:26 --> 404 Page Not Found: web/Css/theme-elements.css
ERROR - 2023-02-07 21:37:26 --> 404 Page Not Found: web/Css/theme.css
ERROR - 2023-02-07 21:37:26 --> 404 Page Not Found: web/Css/theme-shop.css
ERROR - 2023-02-07 21:37:26 --> 404 Page Not Found: web/Css/theme-blog.css
ERROR - 2023-02-07 21:37:26 --> 404 Page Not Found: web/Css/skins
ERROR - 2023-02-07 21:37:26 --> 404 Page Not Found: web/Css/demos
ERROR - 2023-02-07 21:37:26 --> 404 Page Not Found: web/Css/custom.css
ERROR - 2023-02-07 21:37:26 --> 404 Page Not Found: web/Assets/css
ERROR - 2023-02-07 21:41:17 --> 404 Page Not Found: web/Css/theme-elements.css
ERROR - 2023-02-07 21:41:17 --> 404 Page Not Found: web/Css/theme-shop.css
ERROR - 2023-02-07 21:41:17 --> 404 Page Not Found: web/Css/theme-blog.css
ERROR - 2023-02-07 21:41:17 --> 404 Page Not Found: web/Css/theme.css
ERROR - 2023-02-07 21:41:17 --> 404 Page Not Found: web/Css/skins
ERROR - 2023-02-07 21:41:17 --> 404 Page Not Found: web/Css/demos
ERROR - 2023-02-07 21:41:17 --> 404 Page Not Found: web/Css/custom.css
ERROR - 2023-02-07 21:41:17 --> 404 Page Not Found: web/Assets/css
ERROR - 2023-02-07 21:41:17 --> 404 Page Not Found: web/Js/views
ERROR - 2023-02-07 21:41:17 --> 404 Page Not Found: web/Vendor/kute
ERROR - 2023-02-07 21:41:17 --> 404 Page Not Found: web/Js/theme.js
ERROR - 2023-02-07 21:41:17 --> 404 Page Not Found: web/Js/demos
ERROR - 2023-02-07 21:41:17 --> 404 Page Not Found: web/Img/demos
ERROR - 2023-02-07 21:41:17 --> 404 Page Not Found: web/Js/custom.js
ERROR - 2023-02-07 21:41:17 --> 404 Page Not Found: web/Js/theme.init.js
ERROR - 2023-02-07 21:41:17 --> 404 Page Not Found: web/Img/main
ERROR - 2023-02-07 21:41:17 --> 404 Page Not Found: web/Img/main
ERROR - 2023-02-07 21:41:17 --> 404 Page Not Found: web/Img/main
ERROR - 2023-02-07 21:41:17 --> 404 Page Not Found: web/Img/main
ERROR - 2023-02-07 21:41:17 --> 404 Page Not Found: web/Img/main
ERROR - 2023-02-07 21:41:17 --> 404 Page Not Found: web/Img/main
ERROR - 2023-02-07 21:41:17 --> 404 Page Not Found: web/Img/main
ERROR - 2023-02-07 21:41:17 --> 404 Page Not Found: web/Img/team
ERROR - 2023-02-07 21:41:17 --> 404 Page Not Found: web/Img/demos
ERROR - 2023-02-07 21:41:18 --> 404 Page Not Found: web/Img/demos
ERROR - 2023-02-07 21:41:18 --> 404 Page Not Found: web/Img/demos
ERROR - 2023-02-07 21:41:18 --> 404 Page Not Found: web/Img/demos
ERROR - 2023-02-07 21:41:18 --> 404 Page Not Found: web/Movie/main_01.mp4
ERROR - 2023-02-07 21:41:18 --> 404 Page Not Found: web/Movie/main_02.mp4
ERROR - 2023-02-07 21:41:18 --> 404 Page Not Found: web/Movie/main_03.mp4
ERROR - 2023-02-07 21:41:18 --> 404 Page Not Found: web/Movie/1_ai.mp4
ERROR - 2023-02-07 21:41:18 --> 404 Page Not Found: /index
ERROR - 2023-02-07 21:41:25 --> 404 Page Not Found: web/Css/theme.css
ERROR - 2023-02-07 21:41:25 --> 404 Page Not Found: web/Css/theme-elements.css
ERROR - 2023-02-07 21:41:25 --> 404 Page Not Found: web/Css/theme-blog.css
ERROR - 2023-02-07 21:41:25 --> 404 Page Not Found: web/Css/theme-shop.css
ERROR - 2023-02-07 21:41:25 --> 404 Page Not Found: web/Css/demos
ERROR - 2023-02-07 21:41:25 --> 404 Page Not Found: web/Css/skins
ERROR - 2023-02-07 21:41:25 --> 404 Page Not Found: web/Css/custom.css
ERROR - 2023-02-07 21:41:25 --> 404 Page Not Found: web/Assets/css
ERROR - 2023-02-07 21:41:26 --> 404 Page Not Found: web/Js/views
ERROR - 2023-02-07 21:41:26 --> 404 Page Not Found: web/Js/custom.js
ERROR - 2023-02-07 21:41:26 --> 404 Page Not Found: web/Vendor/kute
ERROR - 2023-02-07 21:41:26 --> 404 Page Not Found: web/Js/theme.js
ERROR - 2023-02-07 21:41:26 --> 404 Page Not Found: web/Js/demos
ERROR - 2023-02-07 21:41:26 --> 404 Page Not Found: web/Img/demos
ERROR - 2023-02-07 21:41:26 --> 404 Page Not Found: web/Js/theme.init.js
ERROR - 2023-02-07 21:41:26 --> 404 Page Not Found: web/Img/main
ERROR - 2023-02-07 21:41:26 --> 404 Page Not Found: web/Img/main
ERROR - 2023-02-07 21:41:26 --> 404 Page Not Found: web/Img/main
ERROR - 2023-02-07 21:41:26 --> 404 Page Not Found: web/Img/main
ERROR - 2023-02-07 21:41:26 --> 404 Page Not Found: web/Img/main
ERROR - 2023-02-07 21:41:26 --> 404 Page Not Found: web/Img/main
ERROR - 2023-02-07 21:41:26 --> 404 Page Not Found: web/Img/main
ERROR - 2023-02-07 21:41:26 --> 404 Page Not Found: web/Img/team
ERROR - 2023-02-07 21:41:26 --> 404 Page Not Found: web/Img/demos
ERROR - 2023-02-07 21:41:26 --> 404 Page Not Found: web/Img/demos
ERROR - 2023-02-07 21:41:26 --> 404 Page Not Found: web/Img/demos
ERROR - 2023-02-07 21:41:26 --> 404 Page Not Found: web/Img/demos
ERROR - 2023-02-07 21:41:26 --> 404 Page Not Found: web/Movie/main_01.mp4
ERROR - 2023-02-07 21:41:26 --> 404 Page Not Found: web/Movie/main_02.mp4
ERROR - 2023-02-07 21:41:26 --> 404 Page Not Found: web/Movie/main_03.mp4
ERROR - 2023-02-07 21:41:26 --> 404 Page Not Found: web/Movie/1_ai.mp4
ERROR - 2023-02-07 21:41:26 --> 404 Page Not Found: /index
ERROR - 2023-02-07 21:41:30 --> 404 Page Not Found: web/Css/theme-blog.css
ERROR - 2023-02-07 21:41:30 --> 404 Page Not Found: web/Css/theme.css
ERROR - 2023-02-07 21:41:30 --> 404 Page Not Found: web/Css/theme-elements.css
ERROR - 2023-02-07 21:41:30 --> 404 Page Not Found: web/Css/demos
ERROR - 2023-02-07 21:41:30 --> 404 Page Not Found: web/Css/theme-shop.css
ERROR - 2023-02-07 21:41:30 --> 404 Page Not Found: web/Css/skins
ERROR - 2023-02-07 21:41:30 --> 404 Page Not Found: web/Css/custom.css
ERROR - 2023-02-07 21:41:31 --> 404 Page Not Found: web/Assets/css
ERROR - 2023-02-07 21:41:31 --> 404 Page Not Found: web/Vendor/kute
ERROR - 2023-02-07 21:41:31 --> 404 Page Not Found: web/Js/theme.js
ERROR - 2023-02-07 21:41:31 --> 404 Page Not Found: web/Js/demos
ERROR - 2023-02-07 21:41:31 --> 404 Page Not Found: web/Js/views
ERROR - 2023-02-07 21:41:31 --> 404 Page Not Found: web/Js/theme.init.js
ERROR - 2023-02-07 21:41:31 --> 404 Page Not Found: web/Js/custom.js
ERROR - 2023-02-07 21:41:31 --> 404 Page Not Found: web/Img/demos
ERROR - 2023-02-07 21:41:31 --> 404 Page Not Found: web/Img/demos
ERROR - 2023-02-07 21:41:31 --> 404 Page Not Found: web/Img/demos
ERROR - 2023-02-07 21:41:31 --> 404 Page Not Found: web/Img/demos
ERROR - 2023-02-07 21:41:31 --> 404 Page Not Found: web/Img/demos
ERROR - 2023-02-07 21:41:31 --> 404 Page Not Found: web/Img/demos
ERROR - 2023-02-07 21:41:31 --> 404 Page Not Found: web/Img/demos
ERROR - 2023-02-07 21:41:31 --> 404 Page Not Found: web/Img/demos
ERROR - 2023-02-07 21:41:31 --> 404 Page Not Found: web/Img/demos
ERROR - 2023-02-07 21:41:31 --> 404 Page Not Found: web/Img/demos
ERROR - 2023-02-07 21:41:31 --> 404 Page Not Found: web/Img/demos
ERROR - 2023-02-07 21:41:31 --> 404 Page Not Found: web/Img/demos
ERROR - 2023-02-07 21:41:31 --> 404 Page Not Found: web/Img/demos
ERROR - 2023-02-07 21:41:31 --> 404 Page Not Found: web/Img/demos
ERROR - 2023-02-07 21:41:31 --> 404 Page Not Found: web/Img/demos
ERROR - 2023-02-07 21:43:40 --> 404 Page Not Found: web/Assets/css
ERROR - 2023-02-07 21:43:40 --> 404 Page Not Found: web/Assets/css
ERROR - 2023-02-07 21:43:40 --> 404 Page Not Found: web/Assets/css
ERROR - 2023-02-07 21:43:41 --> 404 Page Not Found: web/Assets/css
ERROR - 2023-02-07 21:43:41 --> 404 Page Not Found: web/Assets/css
ERROR - 2023-02-07 21:43:41 --> 404 Page Not Found: web/Assets/css
ERROR - 2023-02-07 21:43:41 --> 404 Page Not Found: web/Assets/css
ERROR - 2023-02-07 21:43:41 --> 404 Page Not Found: web/Js/theme.js
ERROR - 2023-02-07 21:43:41 --> 404 Page Not Found: web/Js/views
ERROR - 2023-02-07 21:43:41 --> 404 Page Not Found: web/Vendor/kute
ERROR - 2023-02-07 21:43:41 --> 404 Page Not Found: web/Js/demos
ERROR - 2023-02-07 21:43:41 --> 404 Page Not Found: web/Js/custom.js
ERROR - 2023-02-07 21:43:41 --> 404 Page Not Found: web/Js/theme.init.js
ERROR - 2023-02-07 21:43:41 --> 404 Page Not Found: web/Img/demos
ERROR - 2023-02-07 21:43:41 --> 404 Page Not Found: web/Img/demos
ERROR - 2023-02-07 21:43:41 --> 404 Page Not Found: web/Img/demos
ERROR - 2023-02-07 21:43:41 --> 404 Page Not Found: web/Img/demos
ERROR - 2023-02-07 21:43:41 --> 404 Page Not Found: web/Img/demos
ERROR - 2023-02-07 21:43:41 --> 404 Page Not Found: web/Img/demos
ERROR - 2023-02-07 21:43:41 --> 404 Page Not Found: web/Img/demos
ERROR - 2023-02-07 21:43:41 --> 404 Page Not Found: web/Img/demos
ERROR - 2023-02-07 21:43:41 --> 404 Page Not Found: web/Img/demos
ERROR - 2023-02-07 21:43:41 --> 404 Page Not Found: web/Img/demos
ERROR - 2023-02-07 21:43:41 --> 404 Page Not Found: web/Img/demos
ERROR - 2023-02-07 21:43:41 --> 404 Page Not Found: web/Img/demos
ERROR - 2023-02-07 21:43:41 --> 404 Page Not Found: web/Img/demos
ERROR - 2023-02-07 21:43:41 --> 404 Page Not Found: web/Img/demos
ERROR - 2023-02-07 21:43:41 --> 404 Page Not Found: web/Img/demos
ERROR - 2023-02-07 21:43:41 --> 404 Page Not Found: /index
ERROR - 2023-02-07 21:44:21 --> 404 Page Not Found: web/Assets/css
ERROR - 2023-02-07 21:44:21 --> 404 Page Not Found: web/Assets/css
ERROR - 2023-02-07 21:44:21 --> 404 Page Not Found: web/Assets/css
ERROR - 2023-02-07 21:44:21 --> 404 Page Not Found: web/Assets/css
ERROR - 2023-02-07 21:44:21 --> 404 Page Not Found: web/Vendor/kute
ERROR - 2023-02-07 21:44:22 --> 404 Page Not Found: web/Js/theme.js
ERROR - 2023-02-07 21:44:22 --> 404 Page Not Found: web/Js/custom.js
ERROR - 2023-02-07 21:44:22 --> 404 Page Not Found: web/Js/views
ERROR - 2023-02-07 21:44:22 --> 404 Page Not Found: web/Js/demos
ERROR - 2023-02-07 21:44:22 --> 404 Page Not Found: web/Js/theme.init.js
ERROR - 2023-02-07 21:44:22 --> 404 Page Not Found: web/Img/demos
ERROR - 2023-02-07 21:44:22 --> 404 Page Not Found: web/Img/demos
ERROR - 2023-02-07 21:44:22 --> 404 Page Not Found: web/Img/demos
ERROR - 2023-02-07 21:44:22 --> 404 Page Not Found: web/Img/demos
ERROR - 2023-02-07 21:44:22 --> 404 Page Not Found: web/Img/demos
ERROR - 2023-02-07 21:44:22 --> 404 Page Not Found: web/Img/demos
ERROR - 2023-02-07 21:44:22 --> 404 Page Not Found: web/Img/demos
ERROR - 2023-02-07 21:44:22 --> 404 Page Not Found: web/Img/demos
ERROR - 2023-02-07 21:44:22 --> 404 Page Not Found: web/Img/demos
ERROR - 2023-02-07 21:44:22 --> 404 Page Not Found: web/Img/demos
ERROR - 2023-02-07 21:44:22 --> 404 Page Not Found: web/Img/demos
ERROR - 2023-02-07 21:44:22 --> 404 Page Not Found: web/Img/demos
ERROR - 2023-02-07 21:44:22 --> 404 Page Not Found: web/Img/demos
ERROR - 2023-02-07 21:44:22 --> 404 Page Not Found: web/Img/demos
ERROR - 2023-02-07 21:44:22 --> 404 Page Not Found: web/Img/demos
ERROR - 2023-02-07 21:44:22 --> 404 Page Not Found: /index
ERROR - 2023-02-07 21:44:29 --> 404 Page Not Found: web/Assets/css
ERROR - 2023-02-07 21:44:29 --> 404 Page Not Found: web/Assets/css
ERROR - 2023-02-07 21:44:29 --> 404 Page Not Found: web/Assets/css
ERROR - 2023-02-07 21:44:29 --> 404 Page Not Found: web/Assets/css
ERROR - 2023-02-07 21:44:29 --> 404 Page Not Found: web/Js/theme.js
ERROR - 2023-02-07 21:44:29 --> 404 Page Not Found: web/Js/demos
ERROR - 2023-02-07 21:44:30 --> 404 Page Not Found: web/Js/views
ERROR - 2023-02-07 21:44:30 --> 404 Page Not Found: web/Vendor/kute
ERROR - 2023-02-07 21:44:30 --> 404 Page Not Found: web/Js/custom.js
ERROR - 2023-02-07 21:44:30 --> 404 Page Not Found: web/Js/theme.init.js
ERROR - 2023-02-07 21:44:30 --> 404 Page Not Found: web/Img/demos
ERROR - 2023-02-07 21:44:30 --> 404 Page Not Found: web/Img/demos
ERROR - 2023-02-07 21:44:30 --> 404 Page Not Found: web/Img/demos
ERROR - 2023-02-07 21:44:30 --> 404 Page Not Found: web/Img/demos
ERROR - 2023-02-07 21:44:30 --> 404 Page Not Found: web/Img/demos
ERROR - 2023-02-07 21:44:30 --> 404 Page Not Found: web/Img/demos
ERROR - 2023-02-07 21:44:30 --> 404 Page Not Found: web/Img/demos
ERROR - 2023-02-07 21:44:30 --> 404 Page Not Found: web/Img/demos
ERROR - 2023-02-07 21:44:30 --> 404 Page Not Found: web/Img/demos
ERROR - 2023-02-07 21:44:30 --> 404 Page Not Found: web/Img/demos
ERROR - 2023-02-07 21:44:30 --> 404 Page Not Found: web/Img/demos
ERROR - 2023-02-07 21:44:30 --> 404 Page Not Found: web/Img/demos
ERROR - 2023-02-07 21:44:30 --> 404 Page Not Found: web/Img/demos
ERROR - 2023-02-07 21:44:30 --> 404 Page Not Found: web/Img/demos
ERROR - 2023-02-07 21:44:30 --> 404 Page Not Found: web/Img/demos
ERROR - 2023-02-07 21:44:30 --> 404 Page Not Found: /index
ERROR - 2023-02-07 21:45:15 --> 404 Page Not Found: web/Assets/css
ERROR - 2023-02-07 21:45:15 --> 404 Page Not Found: web/Assets/css
ERROR - 2023-02-07 21:45:15 --> 404 Page Not Found: web/Assets/css
ERROR - 2023-02-07 21:45:15 --> 404 Page Not Found: web/Js/theme.js
ERROR - 2023-02-07 21:45:15 --> 404 Page Not Found: web/Vendor/kute
ERROR - 2023-02-07 21:45:15 --> 404 Page Not Found: web/Js/views
ERROR - 2023-02-07 21:45:15 --> 404 Page Not Found: web/Js/custom.js
ERROR - 2023-02-07 21:45:15 --> 404 Page Not Found: web/Js/demos
ERROR - 2023-02-07 21:45:15 --> 404 Page Not Found: web/Js/theme.init.js
ERROR - 2023-02-07 21:45:15 --> 404 Page Not Found: web/Img/demos
ERROR - 2023-02-07 21:45:15 --> 404 Page Not Found: web/Img/demos
ERROR - 2023-02-07 21:45:15 --> 404 Page Not Found: web/Img/demos
ERROR - 2023-02-07 21:45:15 --> 404 Page Not Found: web/Img/demos
ERROR - 2023-02-07 21:45:15 --> 404 Page Not Found: web/Img/demos
ERROR - 2023-02-07 21:45:15 --> 404 Page Not Found: web/Img/demos
ERROR - 2023-02-07 21:45:15 --> 404 Page Not Found: web/Img/demos
ERROR - 2023-02-07 21:45:15 --> 404 Page Not Found: web/Img/demos
ERROR - 2023-02-07 21:45:15 --> 404 Page Not Found: web/Img/demos
ERROR - 2023-02-07 21:45:15 --> 404 Page Not Found: web/Img/demos
ERROR - 2023-02-07 21:45:15 --> 404 Page Not Found: web/Img/demos
ERROR - 2023-02-07 21:45:15 --> 404 Page Not Found: web/Img/demos
ERROR - 2023-02-07 21:45:15 --> 404 Page Not Found: web/Img/demos
ERROR - 2023-02-07 21:45:15 --> 404 Page Not Found: web/Img/demos
ERROR - 2023-02-07 21:45:15 --> 404 Page Not Found: web/Img/demos
ERROR - 2023-02-07 21:45:16 --> 404 Page Not Found: /index
ERROR - 2023-02-07 21:45:42 --> 404 Page Not Found: web/Assets/css
ERROR - 2023-02-07 21:45:42 --> 404 Page Not Found: web/Assets/css
ERROR - 2023-02-07 21:45:42 --> 404 Page Not Found: web/Vendor/kute
ERROR - 2023-02-07 21:45:42 --> 404 Page Not Found: web/Js/theme.js
ERROR - 2023-02-07 21:45:42 --> 404 Page Not Found: web/Js/views
ERROR - 2023-02-07 21:45:42 --> 404 Page Not Found: web/Js/theme.init.js
ERROR - 2023-02-07 21:45:42 --> 404 Page Not Found: web/Js/demos
ERROR - 2023-02-07 21:45:42 --> 404 Page Not Found: web/Js/custom.js
ERROR - 2023-02-07 21:45:42 --> 404 Page Not Found: web/Img/demos
ERROR - 2023-02-07 21:45:42 --> 404 Page Not Found: web/Img/demos
ERROR - 2023-02-07 21:45:42 --> 404 Page Not Found: web/Img/demos
ERROR - 2023-02-07 21:45:42 --> 404 Page Not Found: web/Img/demos
ERROR - 2023-02-07 21:45:42 --> 404 Page Not Found: web/Img/demos
ERROR - 2023-02-07 21:45:42 --> 404 Page Not Found: web/Img/demos
ERROR - 2023-02-07 21:45:42 --> 404 Page Not Found: web/Img/demos
ERROR - 2023-02-07 21:45:42 --> 404 Page Not Found: web/Img/demos
ERROR - 2023-02-07 21:45:42 --> 404 Page Not Found: web/Img/demos
ERROR - 2023-02-07 21:45:42 --> 404 Page Not Found: web/Img/demos
ERROR - 2023-02-07 21:45:42 --> 404 Page Not Found: web/Img/demos
ERROR - 2023-02-07 21:45:42 --> 404 Page Not Found: web/Img/demos
ERROR - 2023-02-07 21:45:42 --> 404 Page Not Found: web/Img/demos
ERROR - 2023-02-07 21:45:42 --> 404 Page Not Found: web/Img/demos
ERROR - 2023-02-07 21:45:42 --> 404 Page Not Found: web/Img/demos
ERROR - 2023-02-07 21:45:42 --> 404 Page Not Found: /index
ERROR - 2023-02-07 21:45:51 --> 404 Page Not Found: web/Assets/css
ERROR - 2023-02-07 21:45:51 --> 404 Page Not Found: web/Vendor/kute
ERROR - 2023-02-07 21:45:51 --> 404 Page Not Found: web/Js/theme.js
ERROR - 2023-02-07 21:45:51 --> 404 Page Not Found: web/Js/views
ERROR - 2023-02-07 21:45:51 --> 404 Page Not Found: web/Js/demos
ERROR - 2023-02-07 21:45:51 --> 404 Page Not Found: web/Js/custom.js
ERROR - 2023-02-07 21:45:51 --> 404 Page Not Found: web/Js/theme.init.js
ERROR - 2023-02-07 21:45:51 --> 404 Page Not Found: web/Img/demos
ERROR - 2023-02-07 21:45:51 --> 404 Page Not Found: web/Img/demos
ERROR - 2023-02-07 21:45:51 --> 404 Page Not Found: web/Img/demos
ERROR - 2023-02-07 21:45:51 --> 404 Page Not Found: web/Img/demos
ERROR - 2023-02-07 21:45:51 --> 404 Page Not Found: web/Img/demos
ERROR - 2023-02-07 21:45:51 --> 404 Page Not Found: web/Img/demos
ERROR - 2023-02-07 21:45:51 --> 404 Page Not Found: web/Img/demos
ERROR - 2023-02-07 21:45:51 --> 404 Page Not Found: web/Img/demos
ERROR - 2023-02-07 21:45:51 --> 404 Page Not Found: web/Img/demos
ERROR - 2023-02-07 21:45:51 --> 404 Page Not Found: web/Img/demos
ERROR - 2023-02-07 21:45:51 --> 404 Page Not Found: web/Img/demos
ERROR - 2023-02-07 21:45:51 --> 404 Page Not Found: web/Img/demos
ERROR - 2023-02-07 21:45:51 --> 404 Page Not Found: web/Img/demos
ERROR - 2023-02-07 21:45:51 --> 404 Page Not Found: web/Img/demos
ERROR - 2023-02-07 21:45:51 --> 404 Page Not Found: web/Img/demos
ERROR - 2023-02-07 21:45:51 --> 404 Page Not Found: /index
ERROR - 2023-02-07 21:46:02 --> 404 Page Not Found: web/Js/theme.js
ERROR - 2023-02-07 21:46:02 --> 404 Page Not Found: web/Vendor/kute
ERROR - 2023-02-07 21:46:02 --> 404 Page Not Found: web/Js/views
ERROR - 2023-02-07 21:46:03 --> 404 Page Not Found: web/Js/demos
ERROR - 2023-02-07 21:46:03 --> 404 Page Not Found: web/Js/custom.js
ERROR - 2023-02-07 21:46:03 --> 404 Page Not Found: web/Js/theme.init.js
ERROR - 2023-02-07 21:46:03 --> 404 Page Not Found: web/Img/demos
ERROR - 2023-02-07 21:46:03 --> 404 Page Not Found: web/Img/demos
ERROR - 2023-02-07 21:46:03 --> 404 Page Not Found: web/Img/demos
ERROR - 2023-02-07 21:46:03 --> 404 Page Not Found: web/Img/demos
ERROR - 2023-02-07 21:46:03 --> 404 Page Not Found: web/Img/demos
ERROR - 2023-02-07 21:46:03 --> 404 Page Not Found: web/Img/demos
ERROR - 2023-02-07 21:46:03 --> 404 Page Not Found: web/Img/demos
ERROR - 2023-02-07 21:46:03 --> 404 Page Not Found: web/Img/demos
ERROR - 2023-02-07 21:46:03 --> 404 Page Not Found: web/Img/demos
ERROR - 2023-02-07 21:46:03 --> 404 Page Not Found: web/Img/demos
ERROR - 2023-02-07 21:46:03 --> 404 Page Not Found: web/Img/demos
ERROR - 2023-02-07 21:46:03 --> 404 Page Not Found: web/Img/demos
ERROR - 2023-02-07 21:46:03 --> 404 Page Not Found: web/Img/demos
ERROR - 2023-02-07 21:46:03 --> 404 Page Not Found: web/Img/demos
ERROR - 2023-02-07 21:46:03 --> 404 Page Not Found: web/Img/demos
ERROR - 2023-02-07 21:46:03 --> 404 Page Not Found: /index
ERROR - 2023-02-07 21:46:07 --> 404 Page Not Found: web/Vendor/kute
ERROR - 2023-02-07 21:46:08 --> 404 Page Not Found: web/Js/theme.js
ERROR - 2023-02-07 21:46:08 --> 404 Page Not Found: web/Js/views
ERROR - 2023-02-07 21:46:08 --> 404 Page Not Found: web/Js/demos
ERROR - 2023-02-07 21:46:08 --> 404 Page Not Found: web/Js/custom.js
ERROR - 2023-02-07 21:46:08 --> 404 Page Not Found: web/Js/theme.init.js
ERROR - 2023-02-07 21:46:08 --> 404 Page Not Found: web/Img/demos
ERROR - 2023-02-07 21:46:08 --> 404 Page Not Found: web/Img/demos
ERROR - 2023-02-07 21:46:08 --> 404 Page Not Found: web/Img/demos
ERROR - 2023-02-07 21:46:08 --> 404 Page Not Found: web/Img/demos
ERROR - 2023-02-07 21:46:08 --> 404 Page Not Found: web/Img/demos
ERROR - 2023-02-07 21:46:08 --> 404 Page Not Found: web/Img/demos
ERROR - 2023-02-07 21:46:08 --> 404 Page Not Found: web/Img/demos
ERROR - 2023-02-07 21:46:08 --> 404 Page Not Found: web/Img/demos
ERROR - 2023-02-07 21:46:08 --> 404 Page Not Found: web/Img/demos
ERROR - 2023-02-07 21:46:08 --> 404 Page Not Found: web/Img/demos
ERROR - 2023-02-07 21:46:08 --> 404 Page Not Found: web/Img/demos
ERROR - 2023-02-07 21:46:08 --> 404 Page Not Found: web/Img/demos
ERROR - 2023-02-07 21:46:08 --> 404 Page Not Found: web/Img/demos
ERROR - 2023-02-07 21:46:08 --> 404 Page Not Found: web/Img/demos
ERROR - 2023-02-07 21:46:08 --> 404 Page Not Found: web/Img/demos
ERROR - 2023-02-07 21:46:57 --> 404 Page Not Found: web/Vendor/kute
ERROR - 2023-02-07 21:46:57 --> 404 Page Not Found: web/Js/theme.js
ERROR - 2023-02-07 21:46:57 --> 404 Page Not Found: web/Js/views
ERROR - 2023-02-07 21:46:57 --> 404 Page Not Found: web/Js/demos
ERROR - 2023-02-07 21:46:57 --> 404 Page Not Found: web/Js/custom.js
ERROR - 2023-02-07 21:46:57 --> 404 Page Not Found: web/Js/theme.init.js
ERROR - 2023-02-07 21:46:57 --> 404 Page Not Found: web/Img/demos
ERROR - 2023-02-07 21:46:57 --> 404 Page Not Found: web/Img/demos
ERROR - 2023-02-07 21:46:57 --> 404 Page Not Found: web/Img/demos
ERROR - 2023-02-07 21:46:57 --> 404 Page Not Found: web/Img/demos
ERROR - 2023-02-07 21:46:57 --> 404 Page Not Found: web/Img/demos
ERROR - 2023-02-07 21:46:57 --> 404 Page Not Found: web/Img/demos
ERROR - 2023-02-07 21:46:57 --> 404 Page Not Found: web/Img/demos
ERROR - 2023-02-07 21:46:57 --> 404 Page Not Found: web/Img/demos
ERROR - 2023-02-07 21:46:57 --> 404 Page Not Found: web/Img/demos
ERROR - 2023-02-07 21:46:58 --> 404 Page Not Found: web/Img/demos
ERROR - 2023-02-07 21:46:58 --> 404 Page Not Found: web/Img/demos
ERROR - 2023-02-07 21:46:58 --> 404 Page Not Found: web/Img/demos
ERROR - 2023-02-07 21:46:58 --> 404 Page Not Found: web/Img/demos
ERROR - 2023-02-07 21:46:58 --> 404 Page Not Found: web/Img/demos
ERROR - 2023-02-07 21:46:58 --> 404 Page Not Found: web/Img/demos
ERROR - 2023-02-07 21:46:58 --> 404 Page Not Found: /index
ERROR - 2023-02-07 21:47:41 --> 404 Page Not Found: web/Js/theme.js
ERROR - 2023-02-07 21:47:41 --> 404 Page Not Found: web/Js/demos
ERROR - 2023-02-07 21:47:41 --> 404 Page Not Found: web/Js/custom.js
ERROR - 2023-02-07 21:47:41 --> 404 Page Not Found: web/Js/views
ERROR - 2023-02-07 21:47:41 --> 404 Page Not Found: web/Js/theme.init.js
ERROR - 2023-02-07 21:47:41 --> 404 Page Not Found: web/Img/demos
ERROR - 2023-02-07 21:47:41 --> 404 Page Not Found: web/Img/demos
ERROR - 2023-02-07 21:47:41 --> 404 Page Not Found: web/Img/demos
ERROR - 2023-02-07 21:47:41 --> 404 Page Not Found: web/Img/demos
ERROR - 2023-02-07 21:47:41 --> 404 Page Not Found: web/Img/demos
ERROR - 2023-02-07 21:47:41 --> 404 Page Not Found: web/Img/demos
ERROR - 2023-02-07 21:47:41 --> 404 Page Not Found: web/Img/demos
ERROR - 2023-02-07 21:47:41 --> 404 Page Not Found: web/Img/demos
ERROR - 2023-02-07 21:47:41 --> 404 Page Not Found: web/Img/demos
ERROR - 2023-02-07 21:47:41 --> 404 Page Not Found: web/Img/demos
ERROR - 2023-02-07 21:47:41 --> 404 Page Not Found: web/Img/demos
ERROR - 2023-02-07 21:47:41 --> 404 Page Not Found: web/Img/demos
ERROR - 2023-02-07 21:47:41 --> 404 Page Not Found: web/Img/demos
ERROR - 2023-02-07 21:47:41 --> 404 Page Not Found: web/Img/demos
ERROR - 2023-02-07 21:47:41 --> 404 Page Not Found: web/Img/demos
ERROR - 2023-02-07 21:47:59 --> 404 Page Not Found: web/Js/theme.js
ERROR - 2023-02-07 21:47:59 --> 404 Page Not Found: web/Js/views
ERROR - 2023-02-07 21:47:59 --> 404 Page Not Found: web/Js/demos
ERROR - 2023-02-07 21:47:59 --> 404 Page Not Found: web/Js/custom.js
ERROR - 2023-02-07 21:47:59 --> 404 Page Not Found: web/Js/theme.init.js
ERROR - 2023-02-07 21:47:59 --> 404 Page Not Found: web/Img/demos
ERROR - 2023-02-07 21:47:59 --> 404 Page Not Found: web/Img/demos
ERROR - 2023-02-07 21:47:59 --> 404 Page Not Found: web/Img/demos
ERROR - 2023-02-07 21:47:59 --> 404 Page Not Found: web/Img/demos
ERROR - 2023-02-07 21:47:59 --> 404 Page Not Found: web/Img/demos
ERROR - 2023-02-07 21:47:59 --> 404 Page Not Found: web/Img/demos
ERROR - 2023-02-07 21:47:59 --> 404 Page Not Found: web/Img/demos
ERROR - 2023-02-07 21:47:59 --> 404 Page Not Found: web/Img/demos
ERROR - 2023-02-07 21:47:59 --> 404 Page Not Found: web/Img/demos
ERROR - 2023-02-07 21:47:59 --> 404 Page Not Found: web/Img/demos
ERROR - 2023-02-07 21:47:59 --> 404 Page Not Found: web/Img/demos
ERROR - 2023-02-07 21:47:59 --> 404 Page Not Found: web/Img/demos
ERROR - 2023-02-07 21:47:59 --> 404 Page Not Found: web/Img/demos
ERROR - 2023-02-07 21:47:59 --> 404 Page Not Found: web/Img/demos
ERROR - 2023-02-07 21:47:59 --> 404 Page Not Found: web/Img/demos
ERROR - 2023-02-07 21:47:59 --> 404 Page Not Found: /index
ERROR - 2023-02-07 21:48:23 --> 404 Page Not Found: /index
ERROR - 2023-02-07 21:48:23 --> 404 Page Not Found: web/Js/views
ERROR - 2023-02-07 21:48:24 --> 404 Page Not Found: web/Js/demos
ERROR - 2023-02-07 21:48:24 --> 404 Page Not Found: /index
ERROR - 2023-02-07 21:48:24 --> 404 Page Not Found: /index
ERROR - 2023-02-07 21:48:24 --> 404 Page Not Found: web/Img/demos
ERROR - 2023-02-07 21:48:24 --> 404 Page Not Found: web/Img/demos
ERROR - 2023-02-07 21:48:24 --> 404 Page Not Found: web/Img/demos
ERROR - 2023-02-07 21:48:24 --> 404 Page Not Found: web/Img/demos
ERROR - 2023-02-07 21:48:24 --> 404 Page Not Found: web/Img/demos
ERROR - 2023-02-07 21:48:24 --> 404 Page Not Found: web/Img/demos
ERROR - 2023-02-07 21:48:24 --> 404 Page Not Found: web/Img/demos
ERROR - 2023-02-07 21:48:24 --> 404 Page Not Found: web/Img/demos
ERROR - 2023-02-07 21:48:24 --> 404 Page Not Found: web/Img/demos
ERROR - 2023-02-07 21:48:24 --> 404 Page Not Found: web/Img/demos
ERROR - 2023-02-07 21:48:24 --> 404 Page Not Found: web/Img/demos
ERROR - 2023-02-07 21:48:24 --> 404 Page Not Found: web/Img/demos
ERROR - 2023-02-07 21:48:24 --> 404 Page Not Found: web/Img/demos
ERROR - 2023-02-07 21:48:24 --> 404 Page Not Found: web/Img/demos
ERROR - 2023-02-07 21:48:24 --> 404 Page Not Found: web/Img/demos
ERROR - 2023-02-07 21:48:24 --> 404 Page Not Found: /index
ERROR - 2023-02-07 21:48:39 --> 404 Page Not Found: web/Js/views
ERROR - 2023-02-07 21:48:39 --> 404 Page Not Found: web/Js/demos
ERROR - 2023-02-07 21:48:39 --> 404 Page Not Found: web/Img/demos
ERROR - 2023-02-07 21:48:40 --> 404 Page Not Found: web/Img/demos
ERROR - 2023-02-07 21:48:40 --> 404 Page Not Found: web/Img/demos
ERROR - 2023-02-07 21:48:40 --> 404 Page Not Found: web/Img/demos
ERROR - 2023-02-07 21:48:40 --> 404 Page Not Found: web/Img/demos
ERROR - 2023-02-07 21:48:40 --> 404 Page Not Found: web/Img/demos
ERROR - 2023-02-07 21:48:40 --> 404 Page Not Found: web/Img/demos
ERROR - 2023-02-07 21:48:40 --> 404 Page Not Found: web/Img/demos
ERROR - 2023-02-07 21:48:40 --> 404 Page Not Found: web/Img/demos
ERROR - 2023-02-07 21:48:40 --> 404 Page Not Found: web/Img/demos
ERROR - 2023-02-07 21:48:40 --> 404 Page Not Found: web/Img/demos
ERROR - 2023-02-07 21:48:40 --> 404 Page Not Found: web/Img/demos
ERROR - 2023-02-07 21:48:40 --> 404 Page Not Found: web/Img/demos
ERROR - 2023-02-07 21:48:40 --> 404 Page Not Found: web/Img/demos
ERROR - 2023-02-07 21:48:40 --> 404 Page Not Found: web/Img/demos
ERROR - 2023-02-07 21:48:40 --> 404 Page Not Found: /index
ERROR - 2023-02-07 21:48:40 --> 404 Page Not Found: web/Img/demos
ERROR - 2023-02-07 21:48:40 --> 404 Page Not Found: web/Img/demos
ERROR - 2023-02-07 21:48:40 --> 404 Page Not Found: web/Img/demos
ERROR - 2023-02-07 21:48:40 --> 404 Page Not Found: web/Img/demos
ERROR - 2023-02-07 21:48:40 --> 404 Page Not Found: web/Img/demos
ERROR - 2023-02-07 21:48:40 --> 404 Page Not Found: web/Img/demos
ERROR - 2023-02-07 21:48:40 --> 404 Page Not Found: web/Img/demos
ERROR - 2023-02-07 21:48:40 --> 404 Page Not Found: web/Img/demos
ERROR - 2023-02-07 21:48:40 --> 404 Page Not Found: web/Img/demos
ERROR - 2023-02-07 21:48:40 --> 404 Page Not Found: web/Img/demos
ERROR - 2023-02-07 21:48:40 --> 404 Page Not Found: web/Img/demos
ERROR - 2023-02-07 21:48:40 --> 404 Page Not Found: web/Img/demos
ERROR - 2023-02-07 21:48:46 --> 404 Page Not Found: web/Js/views
ERROR - 2023-02-07 21:48:46 --> 404 Page Not Found: web/Js/demos
ERROR - 2023-02-07 21:48:46 --> 404 Page Not Found: web/Img/demos
ERROR - 2023-02-07 21:48:46 --> 404 Page Not Found: web/Img/demos
ERROR - 2023-02-07 21:48:46 --> 404 Page Not Found: web/Img/demos
ERROR - 2023-02-07 21:48:46 --> 404 Page Not Found: web/Img/demos
ERROR - 2023-02-07 21:48:46 --> 404 Page Not Found: web/Img/demos
ERROR - 2023-02-07 21:48:46 --> 404 Page Not Found: web/Img/demos
ERROR - 2023-02-07 21:48:46 --> 404 Page Not Found: web/Img/demos
ERROR - 2023-02-07 21:48:46 --> 404 Page Not Found: web/Img/demos
ERROR - 2023-02-07 21:48:46 --> 404 Page Not Found: web/Img/demos
ERROR - 2023-02-07 21:48:46 --> 404 Page Not Found: web/Img/demos
ERROR - 2023-02-07 21:48:47 --> 404 Page Not Found: web/Img/demos
ERROR - 2023-02-07 21:48:47 --> 404 Page Not Found: web/Img/demos
ERROR - 2023-02-07 21:48:47 --> 404 Page Not Found: web/Img/demos
ERROR - 2023-02-07 21:48:47 --> 404 Page Not Found: web/Img/demos
ERROR - 2023-02-07 21:48:47 --> 404 Page Not Found: web/Img/demos
ERROR - 2023-02-07 21:48:47 --> 404 Page Not Found: web/Img/demos
ERROR - 2023-02-07 21:48:47 --> 404 Page Not Found: web/Img/demos
ERROR - 2023-02-07 21:48:47 --> 404 Page Not Found: web/Img/demos
ERROR - 2023-02-07 21:48:47 --> 404 Page Not Found: web/Img/demos
ERROR - 2023-02-07 21:48:47 --> 404 Page Not Found: web/Img/demos
ERROR - 2023-02-07 21:48:47 --> 404 Page Not Found: web/Img/demos
ERROR - 2023-02-07 21:48:47 --> 404 Page Not Found: web/Img/demos
ERROR - 2023-02-07 21:48:47 --> 404 Page Not Found: web/Img/demos
ERROR - 2023-02-07 21:48:47 --> 404 Page Not Found: web/Img/demos
ERROR - 2023-02-07 21:48:47 --> 404 Page Not Found: web/Img/demos
ERROR - 2023-02-07 21:48:47 --> 404 Page Not Found: web/Img/demos
ERROR - 2023-02-07 21:48:47 --> 404 Page Not Found: web/Img/demos
ERROR - 2023-02-07 21:48:49 --> 404 Page Not Found: web/Js/views
ERROR - 2023-02-07 21:48:49 --> 404 Page Not Found: web/Js/demos
ERROR - 2023-02-07 21:48:49 --> 404 Page Not Found: web/Img/demos
ERROR - 2023-02-07 21:48:49 --> 404 Page Not Found: web/Img/demos
ERROR - 2023-02-07 21:48:49 --> 404 Page Not Found: web/Img/demos
ERROR - 2023-02-07 21:48:49 --> 404 Page Not Found: web/Img/demos
ERROR - 2023-02-07 21:48:49 --> 404 Page Not Found: web/Img/demos
ERROR - 2023-02-07 21:48:49 --> 404 Page Not Found: web/Img/demos
ERROR - 2023-02-07 21:48:49 --> 404 Page Not Found: web/Img/demos
ERROR - 2023-02-07 21:48:49 --> 404 Page Not Found: web/Img/demos
ERROR - 2023-02-07 21:48:49 --> 404 Page Not Found: web/Img/demos
ERROR - 2023-02-07 21:48:49 --> 404 Page Not Found: web/Img/demos
ERROR - 2023-02-07 21:48:49 --> 404 Page Not Found: web/Img/demos
ERROR - 2023-02-07 21:48:49 --> 404 Page Not Found: web/Img/demos
ERROR - 2023-02-07 21:48:49 --> 404 Page Not Found: web/Img/demos
ERROR - 2023-02-07 21:48:49 --> 404 Page Not Found: web/Img/demos
ERROR - 2023-02-07 21:48:49 --> 404 Page Not Found: web/Img/demos
ERROR - 2023-02-07 21:49:09 --> 404 Page Not Found: web/Js/demos
ERROR - 2023-02-07 21:49:09 --> 404 Page Not Found: web/Img/demos
ERROR - 2023-02-07 21:49:09 --> 404 Page Not Found: web/Img/demos
ERROR - 2023-02-07 21:49:09 --> 404 Page Not Found: web/Img/demos
ERROR - 2023-02-07 21:49:09 --> 404 Page Not Found: web/Img/demos
ERROR - 2023-02-07 21:49:09 --> 404 Page Not Found: web/Img/demos
ERROR - 2023-02-07 21:49:09 --> 404 Page Not Found: web/Img/demos
ERROR - 2023-02-07 21:49:09 --> 404 Page Not Found: web/Img/demos
ERROR - 2023-02-07 21:49:09 --> 404 Page Not Found: web/Img/demos
ERROR - 2023-02-07 21:49:09 --> 404 Page Not Found: web/Img/demos
ERROR - 2023-02-07 21:49:09 --> 404 Page Not Found: web/Img/demos
ERROR - 2023-02-07 21:49:09 --> 404 Page Not Found: web/Img/demos
ERROR - 2023-02-07 21:49:09 --> 404 Page Not Found: web/Img/demos
ERROR - 2023-02-07 21:49:09 --> 404 Page Not Found: web/Img/demos
ERROR - 2023-02-07 21:49:09 --> 404 Page Not Found: web/Img/demos
ERROR - 2023-02-07 21:49:09 --> 404 Page Not Found: web/Img/demos
ERROR - 2023-02-07 21:49:09 --> 404 Page Not Found: /index
ERROR - 2023-02-07 21:49:12 --> 404 Page Not Found: web/Img/demos
ERROR - 2023-02-07 21:49:12 --> 404 Page Not Found: web/Img/demos
ERROR - 2023-02-07 21:49:12 --> 404 Page Not Found: web/Img/demos
ERROR - 2023-02-07 21:49:12 --> 404 Page Not Found: web/Img/demos
ERROR - 2023-02-07 21:49:12 --> 404 Page Not Found: web/Img/demos
ERROR - 2023-02-07 21:49:13 --> 404 Page Not Found: web/Img/demos
ERROR - 2023-02-07 21:49:13 --> 404 Page Not Found: web/Img/demos
ERROR - 2023-02-07 21:49:13 --> 404 Page Not Found: web/Img/demos
ERROR - 2023-02-07 21:49:14 --> 404 Page Not Found: web/Img/demos
ERROR - 2023-02-07 21:49:14 --> 404 Page Not Found: web/Img/demos
ERROR - 2023-02-07 21:49:14 --> 404 Page Not Found: web/Img/demos
ERROR - 2023-02-07 21:52:07 --> 404 Page Not Found: web/Assets/js
ERROR - 2023-02-07 21:52:08 --> 404 Page Not Found: web/Img/demos
ERROR - 2023-02-07 21:52:08 --> 404 Page Not Found: web/Img/demos
ERROR - 2023-02-07 21:52:08 --> 404 Page Not Found: web/Img/demos
ERROR - 2023-02-07 21:52:08 --> 404 Page Not Found: web/Img/demos
ERROR - 2023-02-07 21:52:08 --> 404 Page Not Found: web/Img/demos
ERROR - 2023-02-07 21:52:08 --> 404 Page Not Found: web/Img/demos
ERROR - 2023-02-07 21:52:08 --> 404 Page Not Found: web/Img/demos
ERROR - 2023-02-07 21:52:08 --> 404 Page Not Found: web/Img/demos
ERROR - 2023-02-07 21:52:08 --> 404 Page Not Found: web/Img/demos
ERROR - 2023-02-07 21:52:08 --> 404 Page Not Found: web/Img/demos
ERROR - 2023-02-07 21:52:08 --> 404 Page Not Found: web/Img/demos
ERROR - 2023-02-07 21:52:08 --> 404 Page Not Found: web/Img/demos
ERROR - 2023-02-07 21:52:08 --> 404 Page Not Found: web/Img/demos
ERROR - 2023-02-07 21:52:08 --> 404 Page Not Found: web/Img/demos
ERROR - 2023-02-07 21:52:08 --> 404 Page Not Found: web/Img/demos
ERROR - 2023-02-07 21:52:08 --> 404 Page Not Found: /index
ERROR - 2023-02-07 21:53:12 --> 404 Page Not Found: web/Img/demos
ERROR - 2023-02-07 21:53:12 --> 404 Page Not Found: web/Img/demos
ERROR - 2023-02-07 21:53:12 --> 404 Page Not Found: web/Assets/js
ERROR - 2023-02-07 21:53:12 --> 404 Page Not Found: web/Img/demos
ERROR - 2023-02-07 21:53:12 --> 404 Page Not Found: web/Img/demos
ERROR - 2023-02-07 21:53:12 --> 404 Page Not Found: web/Img/demos
ERROR - 2023-02-07 21:53:12 --> 404 Page Not Found: web/Img/demos
ERROR - 2023-02-07 21:53:12 --> 404 Page Not Found: web/Img/demos
ERROR - 2023-02-07 21:53:12 --> 404 Page Not Found: web/Img/demos
ERROR - 2023-02-07 21:53:12 --> 404 Page Not Found: web/Img/demos
ERROR - 2023-02-07 21:53:12 --> 404 Page Not Found: web/Img/demos
ERROR - 2023-02-07 21:53:12 --> 404 Page Not Found: web/Img/demos
ERROR - 2023-02-07 21:53:12 --> 404 Page Not Found: web/Img/demos
ERROR - 2023-02-07 21:53:12 --> 404 Page Not Found: web/Img/demos
ERROR - 2023-02-07 21:53:12 --> 404 Page Not Found: web/Img/demos
ERROR - 2023-02-07 21:53:12 --> 404 Page Not Found: /index
ERROR - 2023-02-07 21:54:42 --> 404 Page Not Found: web/Assets/js
ERROR - 2023-02-07 21:54:42 --> 404 Page Not Found: web/Img/demos
ERROR - 2023-02-07 21:54:42 --> 404 Page Not Found: web/Img/demos
ERROR - 2023-02-07 21:54:42 --> 404 Page Not Found: web/Img/demos
ERROR - 2023-02-07 21:54:42 --> 404 Page Not Found: web/Img/demos
ERROR - 2023-02-07 21:54:42 --> 404 Page Not Found: web/Img/demos
ERROR - 2023-02-07 21:54:42 --> 404 Page Not Found: web/Img/demos
ERROR - 2023-02-07 21:54:42 --> 404 Page Not Found: web/Img/demos
ERROR - 2023-02-07 21:54:42 --> 404 Page Not Found: web/Img/demos
ERROR - 2023-02-07 21:54:42 --> 404 Page Not Found: web/Img/demos
ERROR - 2023-02-07 21:54:42 --> 404 Page Not Found: web/Img/demos
ERROR - 2023-02-07 21:54:42 --> 404 Page Not Found: web/Img/demos
ERROR - 2023-02-07 21:54:42 --> 404 Page Not Found: web/Img/demos
ERROR - 2023-02-07 21:54:42 --> 404 Page Not Found: web/Img/demos
ERROR - 2023-02-07 21:54:42 --> 404 Page Not Found: web/Img/demos
ERROR - 2023-02-07 21:54:42 --> 404 Page Not Found: /index
ERROR - 2023-02-07 21:54:52 --> 404 Page Not Found: web/Img/demos
ERROR - 2023-02-07 21:54:52 --> 404 Page Not Found: web/Img/demos
ERROR - 2023-02-07 21:54:52 --> 404 Page Not Found: web/Img/demos
ERROR - 2023-02-07 21:54:52 --> 404 Page Not Found: web/Img/demos
ERROR - 2023-02-07 21:54:52 --> 404 Page Not Found: web/Img/demos
ERROR - 2023-02-07 21:54:52 --> 404 Page Not Found: web/Img/demos
ERROR - 2023-02-07 21:54:52 --> 404 Page Not Found: web/Img/demos
ERROR - 2023-02-07 21:54:52 --> 404 Page Not Found: web/Img/demos
ERROR - 2023-02-07 21:55:23 --> 404 Page Not Found: web/Assets/js
ERROR - 2023-02-07 21:55:23 --> 404 Page Not Found: web/Img/demos
ERROR - 2023-02-07 21:55:23 --> 404 Page Not Found: web/Img/demos
ERROR - 2023-02-07 21:55:23 --> 404 Page Not Found: web/Img/demos
ERROR - 2023-02-07 21:55:23 --> 404 Page Not Found: web/Img/demos
ERROR - 2023-02-07 21:55:23 --> 404 Page Not Found: web/Img/demos
ERROR - 2023-02-07 21:55:23 --> 404 Page Not Found: web/Img/demos
ERROR - 2023-02-07 21:55:23 --> 404 Page Not Found: web/Img/demos
ERROR - 2023-02-07 21:55:23 --> 404 Page Not Found: web/Img/demos
ERROR - 2023-02-07 21:55:23 --> 404 Page Not Found: web/Img/demos
ERROR - 2023-02-07 21:55:23 --> 404 Page Not Found: web/Img/demos
ERROR - 2023-02-07 21:55:24 --> 404 Page Not Found: web/Img/demos
ERROR - 2023-02-07 21:55:24 --> 404 Page Not Found: web/Img/demos
ERROR - 2023-02-07 21:55:24 --> 404 Page Not Found: web/Img/demos
ERROR - 2023-02-07 21:55:24 --> 404 Page Not Found: web/Img/demos
ERROR - 2023-02-07 21:55:24 --> 404 Page Not Found: /index
ERROR - 2023-02-07 21:55:26 --> 404 Page Not Found: web/Img/demos
ERROR - 2023-02-07 21:55:26 --> 404 Page Not Found: web/Img/demos
ERROR - 2023-02-07 21:55:26 --> 404 Page Not Found: web/Img/demos
ERROR - 2023-02-07 21:55:28 --> 404 Page Not Found: web/Img/demos
ERROR - 2023-02-07 21:55:28 --> 404 Page Not Found: web/Img/demos
ERROR - 2023-02-07 21:55:28 --> 404 Page Not Found: web/Img/demos
ERROR - 2023-02-07 21:55:28 --> 404 Page Not Found: web/Img/demos
ERROR - 2023-02-07 21:55:28 --> 404 Page Not Found: web/Img/demos
ERROR - 2023-02-07 21:55:33 --> 404 Page Not Found: web/Img/demos
ERROR - 2023-02-07 21:55:33 --> 404 Page Not Found: web/Img/demos
ERROR - 2023-02-07 21:55:33 --> 404 Page Not Found: web/Img/demos
ERROR - 2023-02-07 21:55:33 --> 404 Page Not Found: web/Img/demos
ERROR - 2023-02-07 21:55:58 --> 404 Page Not Found: web/Assets/js
ERROR - 2023-02-07 21:55:58 --> 404 Page Not Found: web/Img/demos
ERROR - 2023-02-07 21:55:58 --> 404 Page Not Found: web/Img/demos
ERROR - 2023-02-07 21:55:58 --> 404 Page Not Found: web/Img/demos
ERROR - 2023-02-07 21:55:58 --> 404 Page Not Found: web/Img/demos
ERROR - 2023-02-07 21:55:58 --> 404 Page Not Found: web/Img/demos
ERROR - 2023-02-07 21:55:58 --> 404 Page Not Found: web/Img/demos
ERROR - 2023-02-07 21:55:58 --> 404 Page Not Found: web/Img/demos
ERROR - 2023-02-07 21:55:58 --> 404 Page Not Found: web/Img/demos
ERROR - 2023-02-07 21:55:58 --> 404 Page Not Found: web/Img/demos
ERROR - 2023-02-07 21:55:58 --> 404 Page Not Found: web/Img/demos
ERROR - 2023-02-07 21:55:59 --> 404 Page Not Found: web/Img/demos
ERROR - 2023-02-07 21:55:59 --> 404 Page Not Found: web/Img/demos
ERROR - 2023-02-07 21:55:59 --> 404 Page Not Found: web/Img/demos
ERROR - 2023-02-07 21:55:59 --> 404 Page Not Found: web/Img/demos
ERROR - 2023-02-07 21:57:21 --> 404 Page Not Found: web/Assets/js
ERROR - 2023-02-07 21:57:21 --> 404 Page Not Found: web/Img/demos
ERROR - 2023-02-07 21:57:21 --> 404 Page Not Found: web/Img/demos
ERROR - 2023-02-07 21:57:21 --> 404 Page Not Found: web/Img/demos
ERROR - 2023-02-07 21:57:21 --> 404 Page Not Found: web/Img/demos
ERROR - 2023-02-07 21:57:21 --> 404 Page Not Found: web/Img/demos
ERROR - 2023-02-07 21:57:21 --> 404 Page Not Found: web/Img/demos
ERROR - 2023-02-07 21:57:22 --> 404 Page Not Found: web/Img/demos
ERROR - 2023-02-07 21:57:22 --> 404 Page Not Found: web/Img/demos
ERROR - 2023-02-07 21:57:22 --> 404 Page Not Found: web/Img/demos
ERROR - 2023-02-07 21:57:22 --> 404 Page Not Found: web/Img/demos
ERROR - 2023-02-07 21:57:22 --> 404 Page Not Found: web/Img/demos
ERROR - 2023-02-07 21:57:22 --> 404 Page Not Found: web/Img/demos
ERROR - 2023-02-07 21:57:22 --> 404 Page Not Found: web/Img/demos
ERROR - 2023-02-07 21:57:22 --> 404 Page Not Found: web/Img/demos
ERROR - 2023-02-07 21:57:22 --> 404 Page Not Found: /index
ERROR - 2023-02-07 21:57:28 --> 404 Page Not Found: web/Assets/js
ERROR - 2023-02-07 21:57:28 --> 404 Page Not Found: web/Img/demos
ERROR - 2023-02-07 21:57:28 --> 404 Page Not Found: web/Img/demos
ERROR - 2023-02-07 21:57:28 --> 404 Page Not Found: web/Img/demos
ERROR - 2023-02-07 21:57:28 --> 404 Page Not Found: web/Img/demos
ERROR - 2023-02-07 21:57:28 --> 404 Page Not Found: web/Img/demos
ERROR - 2023-02-07 21:57:28 --> 404 Page Not Found: web/Img/demos
ERROR - 2023-02-07 21:57:28 --> 404 Page Not Found: web/Img/demos
ERROR - 2023-02-07 21:57:28 --> 404 Page Not Found: web/Img/demos
ERROR - 2023-02-07 21:57:28 --> 404 Page Not Found: web/Img/demos
ERROR - 2023-02-07 21:57:28 --> 404 Page Not Found: web/Img/demos
ERROR - 2023-02-07 21:57:28 --> 404 Page Not Found: web/Img/demos
ERROR - 2023-02-07 21:57:28 --> 404 Page Not Found: web/Img/demos
ERROR - 2023-02-07 21:57:28 --> 404 Page Not Found: web/Img/demos
ERROR - 2023-02-07 21:57:28 --> 404 Page Not Found: web/Img/demos
ERROR - 2023-02-07 21:57:28 --> 404 Page Not Found: /index
ERROR - 2023-02-07 21:57:35 --> 404 Page Not Found: web/Img/demos
ERROR - 2023-02-07 21:57:35 --> 404 Page Not Found: web/Img/demos
ERROR - 2023-02-07 21:57:35 --> 404 Page Not Found: web/Img/demos
ERROR - 2023-02-07 21:57:41 --> 404 Page Not Found: web/Assets/js
ERROR - 2023-02-07 21:57:41 --> 404 Page Not Found: web/Img/demos
ERROR - 2023-02-07 21:57:41 --> 404 Page Not Found: web/Img/demos
ERROR - 2023-02-07 21:57:41 --> 404 Page Not Found: web/Img/demos
ERROR - 2023-02-07 21:57:41 --> 404 Page Not Found: web/Img/demos
ERROR - 2023-02-07 21:57:41 --> 404 Page Not Found: web/Img/demos
ERROR - 2023-02-07 21:57:41 --> 404 Page Not Found: web/Img/demos
ERROR - 2023-02-07 21:57:41 --> 404 Page Not Found: web/Img/demos
ERROR - 2023-02-07 21:57:41 --> 404 Page Not Found: web/Img/demos
ERROR - 2023-02-07 21:57:41 --> 404 Page Not Found: web/Img/demos
ERROR - 2023-02-07 21:57:41 --> 404 Page Not Found: web/Img/demos
ERROR - 2023-02-07 21:57:41 --> 404 Page Not Found: web/Img/demos
ERROR - 2023-02-07 21:57:41 --> 404 Page Not Found: web/Img/demos
ERROR - 2023-02-07 21:57:41 --> 404 Page Not Found: web/Img/demos
ERROR - 2023-02-07 21:57:41 --> 404 Page Not Found: web/Img/demos
ERROR - 2023-02-07 21:57:41 --> 404 Page Not Found: web/Img/demos
ERROR - 2023-02-07 21:57:41 --> 404 Page Not Found: /index
ERROR - 2023-02-07 21:58:41 --> 404 Page Not Found: web/Img/demos
ERROR - 2023-02-07 21:58:41 --> 404 Page Not Found: web/Img/demos
ERROR - 2023-02-07 21:58:41 --> 404 Page Not Found: web/Img/demos
ERROR - 2023-02-07 21:58:41 --> 404 Page Not Found: web/Img/demos
ERROR - 2023-02-07 21:58:41 --> 404 Page Not Found: web/Img/demos
ERROR - 2023-02-07 21:59:45 --> 404 Page Not Found: web/Img/demos
ERROR - 2023-02-07 21:59:45 --> 404 Page Not Found: web/Img/demos
ERROR - 2023-02-07 21:59:45 --> 404 Page Not Found: web/Assets/js
ERROR - 2023-02-07 21:59:45 --> 404 Page Not Found: web/Img/demos
ERROR - 2023-02-07 21:59:45 --> 404 Page Not Found: web/Img/demos
ERROR - 2023-02-07 21:59:45 --> 404 Page Not Found: web/Img/demos
ERROR - 2023-02-07 21:59:45 --> 404 Page Not Found: web/Img/demos
ERROR - 2023-02-07 21:59:45 --> 404 Page Not Found: web/Img/demos
ERROR - 2023-02-07 21:59:45 --> 404 Page Not Found: web/Img/demos
ERROR - 2023-02-07 21:59:45 --> 404 Page Not Found: web/Img/demos
ERROR - 2023-02-07 21:59:45 --> 404 Page Not Found: web/Img/demos
ERROR - 2023-02-07 21:59:45 --> 404 Page Not Found: web/Img/demos
ERROR - 2023-02-07 21:59:45 --> 404 Page Not Found: web/Img/demos
ERROR - 2023-02-07 21:59:45 --> 404 Page Not Found: web/Img/demos
ERROR - 2023-02-07 21:59:45 --> 404 Page Not Found: web/Img/demos
ERROR - 2023-02-07 21:59:45 --> 404 Page Not Found: /index
ERROR - 2023-02-07 22:00:39 --> 404 Page Not Found: /index
ERROR - 2023-02-07 22:00:39 --> 404 Page Not Found: /index
ERROR - 2023-02-07 22:00:39 --> 404 Page Not Found: /index
ERROR - 2023-02-07 22:01:37 --> 404 Page Not Found: web/Assets/js
ERROR - 2023-02-07 22:01:37 --> 404 Page Not Found: web/Img/demos
ERROR - 2023-02-07 22:01:37 --> 404 Page Not Found: web/Img/demos
ERROR - 2023-02-07 22:01:37 --> 404 Page Not Found: web/Img/demos
ERROR - 2023-02-07 22:01:37 --> 404 Page Not Found: web/Img/demos
ERROR - 2023-02-07 22:01:37 --> 404 Page Not Found: web/Img/demos
ERROR - 2023-02-07 22:01:37 --> 404 Page Not Found: web/Img/demos
ERROR - 2023-02-07 22:01:37 --> 404 Page Not Found: web/Img/demos
ERROR - 2023-02-07 22:01:37 --> 404 Page Not Found: web/Img/demos
ERROR - 2023-02-07 22:01:37 --> 404 Page Not Found: web/Img/demos
ERROR - 2023-02-07 22:01:37 --> 404 Page Not Found: web/Img/demos
ERROR - 2023-02-07 22:01:37 --> 404 Page Not Found: web/Img/demos
ERROR - 2023-02-07 22:01:37 --> 404 Page Not Found: web/Img/demos
ERROR - 2023-02-07 22:01:37 --> 404 Page Not Found: web/Img/demos
ERROR - 2023-02-07 22:01:37 --> 404 Page Not Found: web/Img/demos
ERROR - 2023-02-07 22:02:24 --> 404 Page Not Found: web/Img/demos
ERROR - 2023-02-07 22:02:24 --> 404 Page Not Found: web/Img/demos
ERROR - 2023-02-07 22:02:24 --> 404 Page Not Found: web/Assets/js
ERROR - 2023-02-07 22:02:24 --> 404 Page Not Found: web/Img/demos
ERROR - 2023-02-07 22:02:24 --> 404 Page Not Found: web/Img/demos
ERROR - 2023-02-07 22:02:24 --> 404 Page Not Found: web/Img/demos
ERROR - 2023-02-07 22:02:24 --> 404 Page Not Found: web/Img/demos
ERROR - 2023-02-07 22:02:24 --> 404 Page Not Found: web/Img/demos
ERROR - 2023-02-07 22:02:24 --> 404 Page Not Found: web/Img/demos
ERROR - 2023-02-07 22:02:24 --> 404 Page Not Found: web/Img/demos
ERROR - 2023-02-07 22:02:24 --> 404 Page Not Found: web/Img/demos
ERROR - 2023-02-07 22:02:24 --> 404 Page Not Found: web/Img/demos
ERROR - 2023-02-07 22:02:24 --> 404 Page Not Found: web/Img/demos
ERROR - 2023-02-07 22:02:24 --> 404 Page Not Found: web/Img/demos
ERROR - 2023-02-07 22:02:24 --> 404 Page Not Found: web/Img/demos
ERROR - 2023-02-07 22:02:24 --> 404 Page Not Found: /index
ERROR - 2023-02-07 22:02:34 --> 404 Page Not Found: web/Assets/js
ERROR - 2023-02-07 22:02:34 --> 404 Page Not Found: web/Img/demos
ERROR - 2023-02-07 22:02:34 --> 404 Page Not Found: web/Img/demos
ERROR - 2023-02-07 22:02:34 --> 404 Page Not Found: web/Img/demos
ERROR - 2023-02-07 22:02:34 --> 404 Page Not Found: web/Img/demos
ERROR - 2023-02-07 22:02:34 --> 404 Page Not Found: web/Img/demos
ERROR - 2023-02-07 22:02:34 --> 404 Page Not Found: web/Img/demos
ERROR - 2023-02-07 22:02:34 --> 404 Page Not Found: web/Img/demos
ERROR - 2023-02-07 22:02:34 --> 404 Page Not Found: web/Img/demos
ERROR - 2023-02-07 22:02:34 --> 404 Page Not Found: web/Img/demos
ERROR - 2023-02-07 22:02:34 --> 404 Page Not Found: web/Img/demos
ERROR - 2023-02-07 22:02:34 --> 404 Page Not Found: web/Img/demos
ERROR - 2023-02-07 22:02:34 --> 404 Page Not Found: web/Img/demos
ERROR - 2023-02-07 22:02:34 --> 404 Page Not Found: web/Img/demos
ERROR - 2023-02-07 22:02:34 --> 404 Page Not Found: web/Img/demos
ERROR - 2023-02-07 22:02:34 --> 404 Page Not Found: /index
ERROR - 2023-02-07 22:03:40 --> 404 Page Not Found: web/Img/demos
ERROR - 2023-02-07 22:03:40 --> 404 Page Not Found: web/Assets/js
ERROR - 2023-02-07 22:03:40 --> 404 Page Not Found: web/Img/demos
ERROR - 2023-02-07 22:03:40 --> 404 Page Not Found: web/Img/demos
ERROR - 2023-02-07 22:03:40 --> 404 Page Not Found: web/Img/demos
ERROR - 2023-02-07 22:03:40 --> 404 Page Not Found: web/Img/demos
ERROR - 2023-02-07 22:03:40 --> 404 Page Not Found: web/Img/demos
ERROR - 2023-02-07 22:03:40 --> 404 Page Not Found: web/Img/demos
ERROR - 2023-02-07 22:03:40 --> 404 Page Not Found: web/Img/demos
ERROR - 2023-02-07 22:03:40 --> 404 Page Not Found: web/Img/demos
ERROR - 2023-02-07 22:03:40 --> 404 Page Not Found: web/Img/demos
ERROR - 2023-02-07 22:03:40 --> 404 Page Not Found: web/Img/demos
ERROR - 2023-02-07 22:03:40 --> 404 Page Not Found: web/Img/demos
ERROR - 2023-02-07 22:03:40 --> 404 Page Not Found: web/Img/demos
ERROR - 2023-02-07 22:03:40 --> 404 Page Not Found: web/Img/demos
ERROR - 2023-02-07 22:03:40 --> 404 Page Not Found: /index
ERROR - 2023-02-07 22:04:37 --> 404 Page Not Found: web/Assets/js
ERROR - 2023-02-07 22:04:37 --> 404 Page Not Found: web/Img/demos
ERROR - 2023-02-07 22:04:37 --> 404 Page Not Found: web/Img/demos
ERROR - 2023-02-07 22:04:37 --> 404 Page Not Found: web/Img/demos
ERROR - 2023-02-07 22:04:37 --> 404 Page Not Found: web/Img/demos
ERROR - 2023-02-07 22:04:37 --> 404 Page Not Found: web/Img/demos
ERROR - 2023-02-07 22:04:37 --> 404 Page Not Found: web/Img/demos
ERROR - 2023-02-07 22:04:37 --> 404 Page Not Found: web/Img/demos
ERROR - 2023-02-07 22:04:37 --> 404 Page Not Found: web/Img/demos
ERROR - 2023-02-07 22:04:37 --> 404 Page Not Found: web/Img/demos
ERROR - 2023-02-07 22:04:37 --> 404 Page Not Found: web/Img/demos
ERROR - 2023-02-07 22:04:37 --> 404 Page Not Found: web/Img/demos
ERROR - 2023-02-07 22:04:37 --> 404 Page Not Found: web/Img/demos
ERROR - 2023-02-07 22:04:37 --> 404 Page Not Found: web/Img/demos
ERROR - 2023-02-07 22:04:37 --> 404 Page Not Found: web/Img/demos
ERROR - 2023-02-07 22:04:37 --> 404 Page Not Found: /index
ERROR - 2023-02-07 22:04:42 --> 404 Page Not Found: web/Img/demos
ERROR - 2023-02-07 22:04:42 --> 404 Page Not Found: web/Img/demos
ERROR - 2023-02-07 22:04:42 --> 404 Page Not Found: web/Assets/js
ERROR - 2023-02-07 22:04:42 --> 404 Page Not Found: web/Img/demos
ERROR - 2023-02-07 22:04:42 --> 404 Page Not Found: web/Img/demos
ERROR - 2023-02-07 22:04:42 --> 404 Page Not Found: web/Img/demos
ERROR - 2023-02-07 22:04:42 --> 404 Page Not Found: web/Img/demos
ERROR - 2023-02-07 22:04:42 --> 404 Page Not Found: web/Img/demos
ERROR - 2023-02-07 22:04:42 --> 404 Page Not Found: web/Img/demos
ERROR - 2023-02-07 22:04:42 --> 404 Page Not Found: web/Img/demos
ERROR - 2023-02-07 22:04:42 --> 404 Page Not Found: web/Img/demos
ERROR - 2023-02-07 22:04:42 --> 404 Page Not Found: web/Img/demos
ERROR - 2023-02-07 22:04:42 --> 404 Page Not Found: web/Img/demos
ERROR - 2023-02-07 22:04:42 --> 404 Page Not Found: web/Img/demos
ERROR - 2023-02-07 22:04:42 --> 404 Page Not Found: web/Img/demos
ERROR - 2023-02-07 22:04:42 --> 404 Page Not Found: /index
ERROR - 2023-02-07 22:05:00 --> 404 Page Not Found: web/Img/demos
ERROR - 2023-02-07 22:05:00 --> 404 Page Not Found: web/Img/demos
ERROR - 2023-02-07 22:05:00 --> 404 Page Not Found: web/Img/demos
ERROR - 2023-02-07 22:05:12 --> 404 Page Not Found: web/Assets/js
ERROR - 2023-02-07 22:05:12 --> 404 Page Not Found: web/Img/demos
ERROR - 2023-02-07 22:05:12 --> 404 Page Not Found: web/Img/demos
ERROR - 2023-02-07 22:05:12 --> 404 Page Not Found: web/Img/demos
ERROR - 2023-02-07 22:05:12 --> 404 Page Not Found: web/Img/demos
ERROR - 2023-02-07 22:05:12 --> 404 Page Not Found: web/Img/demos
ERROR - 2023-02-07 22:05:12 --> 404 Page Not Found: web/Img/demos
ERROR - 2023-02-07 22:05:12 --> 404 Page Not Found: web/Img/demos
ERROR - 2023-02-07 22:05:12 --> 404 Page Not Found: web/Img/demos
ERROR - 2023-02-07 22:05:12 --> 404 Page Not Found: web/Img/demos
ERROR - 2023-02-07 22:05:12 --> 404 Page Not Found: web/Img/demos
ERROR - 2023-02-07 22:05:12 --> 404 Page Not Found: web/Img/demos
ERROR - 2023-02-07 22:05:12 --> 404 Page Not Found: web/Img/demos
ERROR - 2023-02-07 22:05:12 --> 404 Page Not Found: web/Img/demos
ERROR - 2023-02-07 22:05:12 --> 404 Page Not Found: web/Img/demos
ERROR - 2023-02-07 22:05:12 --> 404 Page Not Found: web/Img/demos
ERROR - 2023-02-07 22:05:12 --> 404 Page Not Found: web/Img/demos
ERROR - 2023-02-07 22:05:16 --> 404 Page Not Found: web/Assets/js
ERROR - 2023-02-07 22:05:16 --> 404 Page Not Found: web/Img/demos
ERROR - 2023-02-07 22:05:16 --> 404 Page Not Found: web/Img/demos
ERROR - 2023-02-07 22:05:16 --> 404 Page Not Found: web/Img/demos
ERROR - 2023-02-07 22:05:16 --> 404 Page Not Found: web/Img/demos
ERROR - 2023-02-07 22:05:16 --> 404 Page Not Found: web/Img/demos
ERROR - 2023-02-07 22:05:16 --> 404 Page Not Found: web/Img/demos
ERROR - 2023-02-07 22:05:16 --> 404 Page Not Found: web/Img/demos
ERROR - 2023-02-07 22:05:16 --> 404 Page Not Found: web/Img/demos
ERROR - 2023-02-07 22:05:16 --> 404 Page Not Found: web/Img/demos
ERROR - 2023-02-07 22:05:16 --> 404 Page Not Found: web/Img/demos
ERROR - 2023-02-07 22:05:16 --> 404 Page Not Found: web/Img/demos
ERROR - 2023-02-07 22:05:16 --> 404 Page Not Found: web/Img/demos
ERROR - 2023-02-07 22:05:16 --> 404 Page Not Found: web/Img/demos
ERROR - 2023-02-07 22:05:16 --> 404 Page Not Found: web/Img/demos
ERROR - 2023-02-07 22:05:16 --> 404 Page Not Found: /index
ERROR - 2023-02-07 22:07:47 --> 404 Page Not Found: web/Img/demos
ERROR - 2023-02-07 22:07:47 --> 404 Page Not Found: web/Img/demos
ERROR - 2023-02-07 22:07:47 --> 404 Page Not Found: web/Assets/js
ERROR - 2023-02-07 22:07:47 --> 404 Page Not Found: web/Img/demos
ERROR - 2023-02-07 22:07:47 --> 404 Page Not Found: web/Img/demos
ERROR - 2023-02-07 22:07:47 --> 404 Page Not Found: web/Img/demos
ERROR - 2023-02-07 22:07:47 --> 404 Page Not Found: web/Img/demos
ERROR - 2023-02-07 22:07:48 --> 404 Page Not Found: web/Img/demos
ERROR - 2023-02-07 22:07:48 --> 404 Page Not Found: web/Img/demos
ERROR - 2023-02-07 22:07:48 --> 404 Page Not Found: web/Img/demos
ERROR - 2023-02-07 22:07:48 --> 404 Page Not Found: web/Img/demos
ERROR - 2023-02-07 22:07:48 --> 404 Page Not Found: web/Img/demos
ERROR - 2023-02-07 22:07:48 --> 404 Page Not Found: web/Img/demos
ERROR - 2023-02-07 22:07:48 --> 404 Page Not Found: web/Img/demos
ERROR - 2023-02-07 22:07:48 --> 404 Page Not Found: web/Img/demos
ERROR - 2023-02-07 22:07:48 --> 404 Page Not Found: /index
ERROR - 2023-02-07 22:09:16 --> 404 Page Not Found: web/Img/demos
ERROR - 2023-02-07 22:09:16 --> 404 Page Not Found: web/Img/demos
ERROR - 2023-02-07 22:09:16 --> 404 Page Not Found: web/Assets/js
ERROR - 2023-02-07 22:09:16 --> 404 Page Not Found: web/Img/demos
ERROR - 2023-02-07 22:09:16 --> 404 Page Not Found: web/Img/demos
ERROR - 2023-02-07 22:09:16 --> 404 Page Not Found: web/Img/demos
ERROR - 2023-02-07 22:09:16 --> 404 Page Not Found: web/Img/demos
ERROR - 2023-02-07 22:09:16 --> 404 Page Not Found: web/Img/demos
ERROR - 2023-02-07 22:09:16 --> 404 Page Not Found: web/Img/demos
ERROR - 2023-02-07 22:09:16 --> 404 Page Not Found: web/Img/demos
ERROR - 2023-02-07 22:09:16 --> 404 Page Not Found: web/Img/demos
ERROR - 2023-02-07 22:09:17 --> 404 Page Not Found: web/Img/demos
ERROR - 2023-02-07 22:09:17 --> 404 Page Not Found: web/Img/demos
ERROR - 2023-02-07 22:09:17 --> 404 Page Not Found: web/Img/demos
ERROR - 2023-02-07 22:09:17 --> 404 Page Not Found: web/Img/demos
ERROR - 2023-02-07 22:09:17 --> 404 Page Not Found: /index
ERROR - 2023-02-07 22:10:38 --> 404 Page Not Found: web/Assets/js
ERROR - 2023-02-07 22:10:38 --> 404 Page Not Found: web/Img/demos
ERROR - 2023-02-07 22:10:38 --> 404 Page Not Found: web/Img/demos
ERROR - 2023-02-07 22:10:38 --> 404 Page Not Found: web/Img/demos
ERROR - 2023-02-07 22:10:38 --> 404 Page Not Found: web/Img/demos
ERROR - 2023-02-07 22:10:38 --> 404 Page Not Found: web/Img/demos
ERROR - 2023-02-07 22:10:38 --> 404 Page Not Found: web/Img/demos
ERROR - 2023-02-07 22:10:38 --> 404 Page Not Found: web/Img/demos
ERROR - 2023-02-07 22:10:38 --> 404 Page Not Found: web/Img/demos
ERROR - 2023-02-07 22:10:38 --> 404 Page Not Found: web/Img/demos
ERROR - 2023-02-07 22:10:38 --> 404 Page Not Found: web/Img/demos
ERROR - 2023-02-07 22:10:38 --> 404 Page Not Found: web/Img/demos
ERROR - 2023-02-07 22:10:39 --> 404 Page Not Found: web/Img/demos
ERROR - 2023-02-07 22:10:39 --> 404 Page Not Found: web/Img/demos
ERROR - 2023-02-07 22:10:39 --> 404 Page Not Found: web/Img/demos
ERROR - 2023-02-07 22:10:39 --> 404 Page Not Found: /index
ERROR - 2023-02-07 22:12:23 --> 404 Page Not Found: web/Img/demos
ERROR - 2023-02-07 22:12:23 --> 404 Page Not Found: web/Img/demos
ERROR - 2023-02-07 22:12:23 --> 404 Page Not Found: web/Assets/js
ERROR - 2023-02-07 22:12:23 --> 404 Page Not Found: web/Img/demos
ERROR - 2023-02-07 22:12:23 --> 404 Page Not Found: web/Img/demos
ERROR - 2023-02-07 22:12:24 --> 404 Page Not Found: web/Img/demos
ERROR - 2023-02-07 22:12:24 --> 404 Page Not Found: web/Img/demos
ERROR - 2023-02-07 22:12:24 --> 404 Page Not Found: web/Img/demos
ERROR - 2023-02-07 22:12:24 --> 404 Page Not Found: web/Img/demos
ERROR - 2023-02-07 22:12:24 --> 404 Page Not Found: web/Img/demos
ERROR - 2023-02-07 22:12:24 --> 404 Page Not Found: web/Img/demos
ERROR - 2023-02-07 22:12:24 --> 404 Page Not Found: web/Img/demos
ERROR - 2023-02-07 22:12:24 --> 404 Page Not Found: web/Img/demos
ERROR - 2023-02-07 22:12:24 --> 404 Page Not Found: web/Img/demos
ERROR - 2023-02-07 22:12:24 --> 404 Page Not Found: web/Img/demos
ERROR - 2023-02-07 22:12:24 --> 404 Page Not Found: /index
ERROR - 2023-02-07 22:14:05 --> 404 Page Not Found: web/Assets/js
ERROR - 2023-02-07 22:14:06 --> 404 Page Not Found: web/Img/demos
ERROR - 2023-02-07 22:14:06 --> 404 Page Not Found: web/Img/demos
ERROR - 2023-02-07 22:14:06 --> 404 Page Not Found: web/Img/demos
ERROR - 2023-02-07 22:14:06 --> 404 Page Not Found: web/Img/demos
ERROR - 2023-02-07 22:14:06 --> 404 Page Not Found: web/Img/demos
ERROR - 2023-02-07 22:14:06 --> 404 Page Not Found: web/Img/demos
ERROR - 2023-02-07 22:14:06 --> 404 Page Not Found: web/Img/demos
ERROR - 2023-02-07 22:14:06 --> 404 Page Not Found: web/Img/demos
ERROR - 2023-02-07 22:14:06 --> 404 Page Not Found: web/Img/demos
ERROR - 2023-02-07 22:14:06 --> 404 Page Not Found: web/Img/demos
ERROR - 2023-02-07 22:14:06 --> 404 Page Not Found: web/Img/demos
ERROR - 2023-02-07 22:14:06 --> 404 Page Not Found: web/Img/demos
ERROR - 2023-02-07 22:14:06 --> 404 Page Not Found: web/Img/demos
ERROR - 2023-02-07 22:14:06 --> 404 Page Not Found: web/Img/demos
ERROR - 2023-02-07 22:14:06 --> 404 Page Not Found: /index
ERROR - 2023-02-07 22:28:18 --> 404 Page Not Found: web/Assets/js
ERROR - 2023-02-07 22:28:18 --> 404 Page Not Found: web/Img/demos
ERROR - 2023-02-07 22:28:18 --> 404 Page Not Found: web/Img/demos
ERROR - 2023-02-07 22:28:18 --> 404 Page Not Found: web/Img/demos
ERROR - 2023-02-07 22:28:19 --> 404 Page Not Found: web/Img/demos
ERROR - 2023-02-07 22:28:19 --> 404 Page Not Found: web/Img/demos
ERROR - 2023-02-07 22:28:19 --> 404 Page Not Found: web/Img/demos
ERROR - 2023-02-07 22:28:19 --> 404 Page Not Found: web/Img/demos
ERROR - 2023-02-07 22:28:19 --> 404 Page Not Found: web/Img/demos
ERROR - 2023-02-07 22:28:19 --> 404 Page Not Found: web/Img/demos
ERROR - 2023-02-07 22:28:19 --> 404 Page Not Found: web/Img/demos
ERROR - 2023-02-07 22:28:19 --> 404 Page Not Found: web/Img/demos
ERROR - 2023-02-07 22:28:19 --> 404 Page Not Found: web/Img/demos
ERROR - 2023-02-07 22:28:19 --> 404 Page Not Found: web/Img/demos
ERROR - 2023-02-07 22:28:19 --> 404 Page Not Found: /index
ERROR - 2023-02-07 22:28:24 --> 404 Page Not Found: web/Img/demos
ERROR - 2023-02-07 22:28:24 --> 404 Page Not Found: web/Img/demos
ERROR - 2023-02-07 22:28:24 --> 404 Page Not Found: web/Img/demos
ERROR - 2023-02-07 22:28:50 --> 404 Page Not Found: web/Assets/js
ERROR - 2023-02-07 22:28:50 --> 404 Page Not Found: web/Img/demos
ERROR - 2023-02-07 22:28:50 --> 404 Page Not Found: web/Img/demos
ERROR - 2023-02-07 22:28:50 --> 404 Page Not Found: web/Img/demos
ERROR - 2023-02-07 22:28:50 --> 404 Page Not Found: web/Img/demos
ERROR - 2023-02-07 22:28:50 --> 404 Page Not Found: web/Img/demos
ERROR - 2023-02-07 22:28:50 --> 404 Page Not Found: web/Img/demos
ERROR - 2023-02-07 22:28:50 --> 404 Page Not Found: web/Img/demos
ERROR - 2023-02-07 22:28:50 --> 404 Page Not Found: web/Img/demos
ERROR - 2023-02-07 22:28:50 --> 404 Page Not Found: web/Img/demos
ERROR - 2023-02-07 22:28:50 --> 404 Page Not Found: web/Img/demos
ERROR - 2023-02-07 22:28:50 --> 404 Page Not Found: web/Img/demos
ERROR - 2023-02-07 22:28:50 --> 404 Page Not Found: web/Img/demos
ERROR - 2023-02-07 22:28:50 --> 404 Page Not Found: web/Img/demos
ERROR - 2023-02-07 22:28:54 --> 404 Page Not Found: web/Img/demos
ERROR - 2023-02-07 22:28:54 --> 404 Page Not Found: web/Img/demos
ERROR - 2023-02-07 22:28:54 --> 404 Page Not Found: web/Img/demos
ERROR - 2023-02-07 22:29:05 --> 404 Page Not Found: web/Img/demos
ERROR - 2023-02-07 22:29:05 --> 404 Page Not Found: web/Img/demos
ERROR - 2023-02-07 22:29:05 --> 404 Page Not Found: web/Img/demos
ERROR - 2023-02-07 22:29:07 --> 404 Page Not Found: web/Img/demos
ERROR - 2023-02-07 22:29:07 --> 404 Page Not Found: web/Img/demos
ERROR - 2023-02-07 22:29:07 --> 404 Page Not Found: web/Img/demos
ERROR - 2023-02-07 22:29:08 --> 404 Page Not Found: web/Img/demos
ERROR - 2023-02-07 22:29:08 --> 404 Page Not Found: web/Img/demos
ERROR - 2023-02-07 22:29:08 --> 404 Page Not Found: web/Img/demos
ERROR - 2023-02-07 22:29:10 --> 404 Page Not Found: web/Img/demos
ERROR - 2023-02-07 22:29:10 --> 404 Page Not Found: web/Img/demos
ERROR - 2023-02-07 22:29:10 --> 404 Page Not Found: web/Img/demos
ERROR - 2023-02-07 22:29:10 --> 404 Page Not Found: web/Img/demos
ERROR - 2023-02-07 22:29:10 --> 404 Page Not Found: web/Img/demos
ERROR - 2023-02-07 22:29:13 --> 404 Page Not Found: web/Img/demos
ERROR - 2023-02-07 22:29:13 --> 404 Page Not Found: web/Img/demos
ERROR - 2023-02-07 22:29:13 --> 404 Page Not Found: web/Img/demos
ERROR - 2023-02-07 22:29:13 --> 404 Page Not Found: web/Img/demos
ERROR - 2023-02-07 22:29:13 --> 404 Page Not Found: web/Img/demos
ERROR - 2023-02-07 22:29:13 --> 404 Page Not Found: web/Img/demos
ERROR - 2023-02-07 22:29:13 --> 404 Page Not Found: web/Img/demos
ERROR - 2023-02-07 22:29:13 --> 404 Page Not Found: web/Img/demos
ERROR - 2023-02-07 22:29:16 --> 404 Page Not Found: web/Img/demos
ERROR - 2023-02-07 22:29:16 --> 404 Page Not Found: web/Assets/js
ERROR - 2023-02-07 22:29:16 --> 404 Page Not Found: web/Img/demos
ERROR - 2023-02-07 22:29:16 --> 404 Page Not Found: web/Img/demos
ERROR - 2023-02-07 22:29:16 --> 404 Page Not Found: web/Img/demos
ERROR - 2023-02-07 22:29:16 --> 404 Page Not Found: web/Img/demos
ERROR - 2023-02-07 22:29:16 --> 404 Page Not Found: web/Img/demos
ERROR - 2023-02-07 22:29:16 --> 404 Page Not Found: web/Img/demos
ERROR - 2023-02-07 22:29:16 --> 404 Page Not Found: web/Img/demos
ERROR - 2023-02-07 22:29:16 --> 404 Page Not Found: web/Img/demos
ERROR - 2023-02-07 22:29:16 --> 404 Page Not Found: web/Img/demos
ERROR - 2023-02-07 22:29:16 --> 404 Page Not Found: web/Img/demos
ERROR - 2023-02-07 22:29:16 --> 404 Page Not Found: web/Img/demos
ERROR - 2023-02-07 22:29:16 --> 404 Page Not Found: web/Img/demos
ERROR - 2023-02-07 22:29:24 --> 404 Page Not Found: web/Img/demos
ERROR - 2023-02-07 22:29:24 --> 404 Page Not Found: web/Img/demos
ERROR - 2023-02-07 22:29:24 --> 404 Page Not Found: web/Img/demos
ERROR - 2023-02-07 22:29:25 --> 404 Page Not Found: web/Img/demos
ERROR - 2023-02-07 22:29:25 --> 404 Page Not Found: web/Img/demos
ERROR - 2023-02-07 22:29:25 --> 404 Page Not Found: web/Img/demos
ERROR - 2023-02-07 22:29:25 --> 404 Page Not Found: web/Img/demos
ERROR - 2023-02-07 22:29:25 --> 404 Page Not Found: web/Img/demos
ERROR - 2023-02-07 22:29:34 --> 404 Page Not Found: web/Demo-startup-agencyhtml/index
ERROR - 2023-02-07 22:29:35 --> 404 Page Not Found: web/Assets/js
ERROR - 2023-02-07 22:29:35 --> 404 Page Not Found: web/Img/demos
ERROR - 2023-02-07 22:29:35 --> 404 Page Not Found: web/Img/demos
ERROR - 2023-02-07 22:29:35 --> 404 Page Not Found: web/Img/demos
ERROR - 2023-02-07 22:29:35 --> 404 Page Not Found: web/Img/demos
ERROR - 2023-02-07 22:29:35 --> 404 Page Not Found: web/Img/demos
ERROR - 2023-02-07 22:29:36 --> 404 Page Not Found: web/Img/demos
ERROR - 2023-02-07 22:29:36 --> 404 Page Not Found: web/Img/demos
ERROR - 2023-02-07 22:29:36 --> 404 Page Not Found: web/Img/demos
ERROR - 2023-02-07 22:29:36 --> 404 Page Not Found: web/Img/demos
ERROR - 2023-02-07 22:29:36 --> 404 Page Not Found: web/Img/demos
ERROR - 2023-02-07 22:29:36 --> 404 Page Not Found: web/Img/demos
ERROR - 2023-02-07 22:29:36 --> 404 Page Not Found: web/Img/demos
ERROR - 2023-02-07 22:29:36 --> 404 Page Not Found: web/Img/demos
