ERROR - 2021-09-15 00:31:49 --> 404 Page Not Found: /index
ERROR - 2021-09-15 00:33:51 --> 404 Page Not Found: /index
ERROR - 2021-09-15 00:35:15 --> Severity: error --> Exception: Call to undefined method Auction::index() D:\WORK\PHP\KUMYO\www\app\controllers\web\Auction.php 39
ERROR - 2021-09-15 00:36:14 --> Severity: error --> Exception: Call to undefined method Auction::index() D:\WORK\PHP\KUMYO\www\app\controllers\web\Auction.php 39
ERROR - 2021-09-15 00:38:07 --> Severity: error --> Exception: Too few arguments to function Func::getProductChoice(), 1 passed in D:\WORK\PHP\KUMYO\www\app\views\web\auction\auction_view_content.php on line 6 and exactly 2 expected D:\WORK\PHP\KUMYO\www\app\libraries\Func.php 1851
ERROR - 2021-09-15 00:38:22 --> 404 Page Not Found: /index
ERROR - 2021-09-15 00:43:29 --> Severity: error --> Exception: Call to undefined method Auction::index() D:\WORK\PHP\KUMYO\www\app\controllers\web\Auction.php 39
ERROR - 2021-09-15 00:44:29 --> Severity: error --> Exception: Call to undefined method Auction::index() D:\WORK\PHP\KUMYO\www\app\controllers\web\Auction.php 39
ERROR - 2021-09-15 00:45:29 --> Severity: error --> Exception: Call to undefined method Auction::index() D:\WORK\PHP\KUMYO\www\app\controllers\web\Auction.php 39
ERROR - 2021-09-15 00:46:29 --> Severity: error --> Exception: Call to undefined method Auction::index() D:\WORK\PHP\KUMYO\www\app\controllers\web\Auction.php 39
ERROR - 2021-09-15 00:47:29 --> Severity: error --> Exception: Call to undefined method Auction::index() D:\WORK\PHP\KUMYO\www\app\controllers\web\Auction.php 39
ERROR - 2021-09-15 00:48:30 --> Severity: error --> Exception: Call to undefined method Auction::index() D:\WORK\PHP\KUMYO\www\app\controllers\web\Auction.php 39
ERROR - 2021-09-15 00:49:31 --> Severity: error --> Exception: Call to undefined method Auction::index() D:\WORK\PHP\KUMYO\www\app\controllers\web\Auction.php 39
ERROR - 2021-09-15 00:50:12 --> 404 Page Not Found: /index
ERROR - 2021-09-15 00:53:30 --> Severity: error --> Exception: syntax error, unexpected ')' D:\WORK\PHP\KUMYO\www\app\controllers\web\Auction.php 205
ERROR - 2021-09-15 00:53:30 --> 404 Page Not Found: /index
ERROR - 2021-09-15 00:53:32 --> Severity: error --> Exception: syntax error, unexpected ')' D:\WORK\PHP\KUMYO\www\app\controllers\web\Auction.php 205
ERROR - 2021-09-15 00:53:32 --> Severity: error --> Exception: syntax error, unexpected ')' D:\WORK\PHP\KUMYO\www\app\controllers\web\Auction.php 205
ERROR - 2021-09-15 00:53:33 --> Severity: error --> Exception: syntax error, unexpected ')' D:\WORK\PHP\KUMYO\www\app\controllers\web\Auction.php 205
ERROR - 2021-09-15 00:53:34 --> Severity: error --> Exception: syntax error, unexpected ')' D:\WORK\PHP\KUMYO\www\app\controllers\web\Auction.php 205
ERROR - 2021-09-15 00:53:35 --> Severity: error --> Exception: syntax error, unexpected ')' D:\WORK\PHP\KUMYO\www\app\controllers\web\Auction.php 205
ERROR - 2021-09-15 00:53:35 --> 404 Page Not Found: /index
ERROR - 2021-09-15 00:53:35 --> Severity: error --> Exception: syntax error, unexpected ')' D:\WORK\PHP\KUMYO\www\app\controllers\web\Auction.php 205
ERROR - 2021-09-15 00:53:36 --> Severity: error --> Exception: syntax error, unexpected ')' D:\WORK\PHP\KUMYO\www\app\controllers\web\Auction.php 205
ERROR - 2021-09-15 00:53:36 --> Severity: error --> Exception: syntax error, unexpected ')' D:\WORK\PHP\KUMYO\www\app\controllers\web\Auction.php 205
ERROR - 2021-09-15 00:53:37 --> Severity: error --> Exception: syntax error, unexpected ')' D:\WORK\PHP\KUMYO\www\app\controllers\web\Auction.php 205
ERROR - 2021-09-15 00:53:37 --> Severity: error --> Exception: syntax error, unexpected ')' D:\WORK\PHP\KUMYO\www\app\controllers\web\Auction.php 205
ERROR - 2021-09-15 00:54:00 --> Severity: error --> Exception: syntax error, unexpected ')' D:\WORK\PHP\KUMYO\www\app\controllers\web\Auction.php 205
ERROR - 2021-09-15 00:54:00 --> Severity: error --> Exception: syntax error, unexpected ')' D:\WORK\PHP\KUMYO\www\app\controllers\web\Auction.php 205
ERROR - 2021-09-15 00:54:00 --> Severity: error --> Exception: syntax error, unexpected ')' D:\WORK\PHP\KUMYO\www\app\controllers\web\Auction.php 205
ERROR - 2021-09-15 00:54:00 --> Severity: error --> Exception: syntax error, unexpected ')' D:\WORK\PHP\KUMYO\www\app\controllers\web\Auction.php 205
ERROR - 2021-09-15 00:54:00 --> Severity: error --> Exception: syntax error, unexpected ')' D:\WORK\PHP\KUMYO\www\app\controllers\web\Auction.php 205
ERROR - 2021-09-15 00:54:01 --> Severity: error --> Exception: syntax error, unexpected ')' D:\WORK\PHP\KUMYO\www\app\controllers\web\Auction.php 205
ERROR - 2021-09-15 00:54:01 --> Severity: error --> Exception: syntax error, unexpected ')' D:\WORK\PHP\KUMYO\www\app\controllers\web\Auction.php 205
ERROR - 2021-09-15 00:54:01 --> Severity: error --> Exception: syntax error, unexpected ')' D:\WORK\PHP\KUMYO\www\app\controllers\web\Auction.php 205
ERROR - 2021-09-15 00:54:01 --> Severity: error --> Exception: syntax error, unexpected ')' D:\WORK\PHP\KUMYO\www\app\controllers\web\Auction.php 205
ERROR - 2021-09-15 00:54:05 --> Severity: error --> Exception: syntax error, unexpected ')' D:\WORK\PHP\KUMYO\www\app\controllers\web\Auction.php 205
ERROR - 2021-09-15 00:54:40 --> 404 Page Not Found: /index
ERROR - 2021-09-15 00:55:36 --> Severity: Notice --> Undefined variable: photo D:\WORK\PHP\KUMYO\www\app\views\web\common\quickview.php 7
ERROR - 2021-09-15 00:55:36 --> Severity: Notice --> Undefined variable: new_chk D:\WORK\PHP\KUMYO\www\app\views\web\common\quickview.php 7
ERROR - 2021-09-15 00:55:36 --> Severity: Notice --> Undefined variable: category D:\WORK\PHP\KUMYO\www\app\views\web\common\quickview.php 7
ERROR - 2021-09-15 00:55:36 --> Severity: Notice --> Undefined variable: brandname D:\WORK\PHP\KUMYO\www\app\views\web\common\quickview.php 21
ERROR - 2021-09-15 00:55:36 --> Severity: Notice --> Undefined variable: depth1 D:\WORK\PHP\KUMYO\www\app\views\web\common\quickview.php 23
ERROR - 2021-09-15 00:55:36 --> Severity: Notice --> Undefined variable: depth2 D:\WORK\PHP\KUMYO\www\app\views\web\common\quickview.php 23
ERROR - 2021-09-15 00:55:36 --> Severity: Notice --> Undefined variable: sellprice D:\WORK\PHP\KUMYO\www\app\views\web\common\quickview.php 25
ERROR - 2021-09-15 00:55:36 --> Severity: Notice --> Undefined variable: content D:\WORK\PHP\KUMYO\www\app\views\web\common\quickview.php 27
ERROR - 2021-09-15 00:55:36 --> Severity: Notice --> Undefined variable: shop_seq D:\WORK\PHP\KUMYO\www\app\views\web\common\quickview.php 37
ERROR - 2021-09-15 00:55:36 --> Severity: Notice --> Undefined variable: shop_seq D:\WORK\PHP\KUMYO\www\app\views\web\common\quickview.php 45
ERROR - 2021-09-15 00:57:25 --> 404 Page Not Found: /index
ERROR - 2021-09-15 00:57:46 --> 404 Page Not Found: /index
ERROR - 2021-09-15 00:58:28 --> 404 Page Not Found: /index
ERROR - 2021-09-15 00:58:37 --> 404 Page Not Found: /index
ERROR - 2021-09-15 00:58:50 --> 404 Page Not Found: /index
ERROR - 2021-09-15 00:59:29 --> 404 Page Not Found: /index
ERROR - 2021-09-15 01:01:17 --> 404 Page Not Found: /index
ERROR - 2021-09-15 01:02:20 --> 404 Page Not Found: /index
ERROR - 2021-09-15 01:02:30 --> Severity: Notice --> Undefined variable: sm_add_list_img_rst D:\WORK\PHP\KUMYO\www\app\views\web\shop\product_view.php 82
ERROR - 2021-09-15 01:02:38 --> Severity: Notice --> Undefined variable: sm_add_list_img_rst D:\WORK\PHP\KUMYO\www\app\views\web\shop\product_view.php 82
ERROR - 2021-09-15 01:02:38 --> 404 Page Not Found: /index
ERROR - 2021-09-15 01:03:19 --> Severity: Notice --> Undefined variable: sm_add_list_img_rst D:\WORK\PHP\KUMYO\www\app\views\web\shop\product_view.php 81
ERROR - 2021-09-15 01:03:19 --> 404 Page Not Found: /index
ERROR - 2021-09-15 01:03:19 --> 404 Page Not Found: /index
ERROR - 2021-09-15 01:04:11 --> Severity: Notice --> Undefined variable: sm_add_list_img_rst D:\WORK\PHP\KUMYO\www\app\views\web\shop\product_view.php 81
ERROR - 2021-09-15 01:04:11 --> 404 Page Not Found: /index
ERROR - 2021-09-15 01:04:41 --> Severity: Notice --> Undefined variable: sm_add_list_img_rst D:\WORK\PHP\KUMYO\www\app\views\web\shop\product_view.php 81
ERROR - 2021-09-15 01:04:41 --> 404 Page Not Found: /index
ERROR - 2021-09-15 01:05:35 --> Severity: Notice --> Undefined variable: sm_add_list_img_rst D:\WORK\PHP\KUMYO\www\app\views\web\shop\product_view.php 81
ERROR - 2021-09-15 01:05:35 --> 404 Page Not Found: /index
ERROR - 2021-09-15 01:06:07 --> Severity: Notice --> Undefined variable: sm_add_list_img_rst D:\WORK\PHP\KUMYO\www\app\views\web\shop\product_view.php 81
ERROR - 2021-09-15 01:06:07 --> 404 Page Not Found: /index
ERROR - 2021-09-15 01:06:09 --> 404 Page Not Found: /index
ERROR - 2021-09-15 01:06:42 --> 404 Page Not Found: /index
ERROR - 2021-09-15 01:08:35 --> 404 Page Not Found: /index
ERROR - 2021-09-15 01:09:21 --> 404 Page Not Found: /index
ERROR - 2021-09-15 01:09:53 --> 404 Page Not Found: /index
ERROR - 2021-09-15 01:10:03 --> 404 Page Not Found: /index
ERROR - 2021-09-15 01:10:20 --> 404 Page Not Found: /index
ERROR - 2021-09-15 01:12:02 --> Severity: Notice --> Undefined variable: sm_add_list_img_rst D:\WORK\PHP\KUMYO\www\app\views\web\shop\product_view.php 81
ERROR - 2021-09-15 01:13:18 --> Severity: error --> Exception: Call to undefined method Auction::index() D:\WORK\PHP\KUMYO\www\app\controllers\web\Auction.php 39
ERROR - 2021-09-15 01:13:33 --> 404 Page Not Found: /index
ERROR - 2021-09-15 01:13:40 --> 404 Page Not Found: /index
ERROR - 2021-09-15 01:14:40 --> Severity: error --> Exception: Call to undefined method Auction::index() D:\WORK\PHP\KUMYO\www\app\controllers\web\Auction.php 39
ERROR - 2021-09-15 01:14:45 --> 404 Page Not Found: /index
ERROR - 2021-09-15 01:15:46 --> Severity: error --> Exception: Call to undefined method Auction::index() D:\WORK\PHP\KUMYO\www\app\controllers\web\Auction.php 39
ERROR - 2021-09-15 01:15:52 --> 404 Page Not Found: /index
ERROR - 2021-09-15 01:16:05 --> 404 Page Not Found: /index
ERROR - 2021-09-15 01:16:05 --> Severity: Notice --> Undefined variable: photo D:\WORK\PHP\KUMYO\www\app\views\web\common\quickview.php 7
ERROR - 2021-09-15 01:16:05 --> Severity: Notice --> Undefined variable: new_chk D:\WORK\PHP\KUMYO\www\app\views\web\common\quickview.php 7
ERROR - 2021-09-15 01:16:05 --> Severity: Notice --> Undefined variable: category D:\WORK\PHP\KUMYO\www\app\views\web\common\quickview.php 7
ERROR - 2021-09-15 01:16:05 --> Severity: Notice --> Undefined variable: brandname D:\WORK\PHP\KUMYO\www\app\views\web\common\quickview.php 21
ERROR - 2021-09-15 01:16:05 --> Severity: Notice --> Undefined variable: depth1 D:\WORK\PHP\KUMYO\www\app\views\web\common\quickview.php 23
ERROR - 2021-09-15 01:16:05 --> Severity: Notice --> Undefined variable: depth2 D:\WORK\PHP\KUMYO\www\app\views\web\common\quickview.php 23
ERROR - 2021-09-15 01:16:05 --> Severity: Notice --> Undefined variable: sellprice D:\WORK\PHP\KUMYO\www\app\views\web\common\quickview.php 25
ERROR - 2021-09-15 01:16:05 --> Severity: Notice --> Undefined variable: content D:\WORK\PHP\KUMYO\www\app\views\web\common\quickview.php 27
ERROR - 2021-09-15 01:16:05 --> Severity: Notice --> Undefined variable: shop_seq D:\WORK\PHP\KUMYO\www\app\views\web\common\quickview.php 37
ERROR - 2021-09-15 01:16:05 --> Severity: Notice --> Undefined variable: shop_seq D:\WORK\PHP\KUMYO\www\app\views\web\common\quickview.php 45
ERROR - 2021-09-15 01:16:55 --> Severity: error --> Exception: Call to undefined method Shop::index() D:\WORK\PHP\KUMYO\www\app\controllers\web\Shop.php 42
ERROR - 2021-09-15 01:17:05 --> Severity: error --> Exception: Call to undefined method Auction::index() D:\WORK\PHP\KUMYO\www\app\controllers\web\Auction.php 39
ERROR - 2021-09-15 01:17:55 --> Severity: error --> Exception: Call to undefined method Shop::index() D:\WORK\PHP\KUMYO\www\app\controllers\web\Shop.php 42
ERROR - 2021-09-15 01:18:03 --> 404 Page Not Found: /index
ERROR - 2021-09-15 01:18:04 --> Severity: Notice --> Undefined variable: shop_seq D:\WORK\PHP\KUMYO\www\app\views\web\common\quickview.php 37
ERROR - 2021-09-15 01:18:04 --> Severity: Notice --> Undefined variable: shop_seq D:\WORK\PHP\KUMYO\www\app\views\web\common\quickview.php 45
ERROR - 2021-09-15 01:18:55 --> Severity: error --> Exception: Call to undefined method Shop::index() D:\WORK\PHP\KUMYO\www\app\controllers\web\Shop.php 42
ERROR - 2021-09-15 01:19:03 --> Severity: error --> Exception: Call to undefined method Auction::index() D:\WORK\PHP\KUMYO\www\app\controllers\web\Auction.php 39
ERROR - 2021-09-15 01:19:54 --> Severity: error --> Exception: Call to undefined method Shop::index() D:\WORK\PHP\KUMYO\www\app\controllers\web\Shop.php 42
ERROR - 2021-09-15 01:20:03 --> Severity: error --> Exception: Call to undefined method Auction::index() D:\WORK\PHP\KUMYO\www\app\controllers\web\Auction.php 39
ERROR - 2021-09-15 01:20:54 --> Severity: error --> Exception: Call to undefined method Shop::index() D:\WORK\PHP\KUMYO\www\app\controllers\web\Shop.php 42
ERROR - 2021-09-15 01:20:57 --> 404 Page Not Found: /index
ERROR - 2021-09-15 01:20:58 --> Severity: Notice --> Undefined variable: shop_seq D:\WORK\PHP\KUMYO\www\app\views\web\common\quickview_auction.php 45
ERROR - 2021-09-15 01:21:10 --> Severity: Notice --> Undefined variable: shop_seq D:\WORK\PHP\KUMYO\www\app\views\web\common\quickview_auction.php 45
ERROR - 2021-09-15 01:21:26 --> Severity: Notice --> Undefined variable: shop_seq D:\WORK\PHP\KUMYO\www\app\views\web\common\quickview_auction.php 45
ERROR - 2021-09-15 01:21:28 --> 404 Page Not Found: /index
ERROR - 2021-09-15 01:21:29 --> Severity: Notice --> Undefined variable: shop_seq D:\WORK\PHP\KUMYO\www\app\views\web\common\quickview_auction.php 45
ERROR - 2021-09-15 01:21:32 --> Severity: Notice --> Undefined variable: shop_seq D:\WORK\PHP\KUMYO\www\app\views\web\common\quickview_auction.php 45
ERROR - 2021-09-15 01:21:35 --> Severity: Notice --> Undefined variable: shop_seq D:\WORK\PHP\KUMYO\www\app\views\web\common\quickview_auction.php 45
ERROR - 2021-09-15 01:21:38 --> Severity: Notice --> Undefined variable: shop_seq D:\WORK\PHP\KUMYO\www\app\views\web\common\quickview_auction.php 45
ERROR - 2021-09-15 01:21:42 --> Severity: Notice --> Undefined variable: shop_seq D:\WORK\PHP\KUMYO\www\app\views\web\common\quickview_auction.php 45
ERROR - 2021-09-15 01:22:04 --> Severity: error --> Exception: Call to undefined method Shop::index() D:\WORK\PHP\KUMYO\www\app\controllers\web\Shop.php 42
ERROR - 2021-09-15 01:22:11 --> 404 Page Not Found: /index
ERROR - 2021-09-15 01:23:11 --> Severity: error --> Exception: Call to undefined method Auction::index() D:\WORK\PHP\KUMYO\www\app\controllers\web\Auction.php 39
ERROR - 2021-09-15 01:23:13 --> 404 Page Not Found: /index
ERROR - 2021-09-15 01:24:13 --> Severity: error --> Exception: Call to undefined method Auction::index() D:\WORK\PHP\KUMYO\www\app\controllers\web\Auction.php 39
ERROR - 2021-09-15 01:24:17 --> 404 Page Not Found: /index
ERROR - 2021-09-15 01:25:17 --> 404 Page Not Found: /index
ERROR - 2021-09-15 01:26:45 --> 404 Page Not Found: /index
ERROR - 2021-09-15 01:27:18 --> 404 Page Not Found: /index
ERROR - 2021-09-15 01:27:39 --> 404 Page Not Found: /index
ERROR - 2021-09-15 01:28:38 --> 404 Page Not Found: /index
ERROR - 2021-09-15 01:30:09 --> Severity: Notice --> Undefined variable: auction_row_price D:\WORK\PHP\KUMYO\www\app\views\web\common\quickview_auction.php 26
ERROR - 2021-09-15 01:30:39 --> Severity: error --> Exception: Call to undefined method Auction::index() D:\WORK\PHP\KUMYO\www\app\controllers\web\Auction.php 39
ERROR - 2021-09-15 01:32:16 --> Severity: error --> Exception: Call to undefined method Auction::index() D:\WORK\PHP\KUMYO\www\app\controllers\web\Auction.php 39
ERROR - 2021-09-15 01:32:23 --> 404 Page Not Found: /index
ERROR - 2021-09-15 01:32:24 --> Severity: Notice --> Undefined variable: cate D:\WORK\PHP\KUMYO\www\app\views\web\common\quickview_auction.php 64
ERROR - 2021-09-15 01:32:39 --> 404 Page Not Found: /index
ERROR - 2021-09-15 01:32:40 --> Severity: Notice --> Undefined variable: cate D:\WORK\PHP\KUMYO\www\app\views\web\common\quickview_auction.php 64
ERROR - 2021-09-15 01:32:58 --> 404 Page Not Found: /index
ERROR - 2021-09-15 01:32:59 --> Severity: Notice --> Undefined variable: cate D:\WORK\PHP\KUMYO\www\app\views\web\common\quickview_auction.php 63
ERROR - 2021-09-15 01:33:58 --> Severity: error --> Exception: Call to undefined method Auction::index() D:\WORK\PHP\KUMYO\www\app\controllers\web\Auction.php 39
ERROR - 2021-09-15 01:34:07 --> 404 Page Not Found: /index
ERROR - 2021-09-15 01:34:12 --> Severity: Notice --> Undefined variable: cate D:\WORK\PHP\KUMYO\www\app\views\web\common\quickview_auction.php 63
ERROR - 2021-09-15 01:34:36 --> 404 Page Not Found: /index
ERROR - 2021-09-15 01:34:37 --> Severity: Notice --> Undefined index: cate D:\WORK\PHP\KUMYO\www\app\views\web\common\quickview_auction.php 63
ERROR - 2021-09-15 01:34:52 --> 404 Page Not Found: /index
ERROR - 2021-09-15 01:34:54 --> Severity: Notice --> Undefined index: cate D:\WORK\PHP\KUMYO\www\app\views\web\common\quickview_auction.php 63
ERROR - 2021-09-15 01:35:07 --> 404 Page Not Found: /index
ERROR - 2021-09-15 01:35:33 --> 404 Page Not Found: /index
ERROR - 2021-09-15 01:35:42 --> 404 Page Not Found: /index
ERROR - 2021-09-15 01:35:57 --> 404 Page Not Found: /index
ERROR - 2021-09-15 01:36:11 --> 404 Page Not Found: /index
ERROR - 2021-09-15 01:36:25 --> 404 Page Not Found: /index
ERROR - 2021-09-15 01:36:43 --> 404 Page Not Found: /index
ERROR - 2021-09-15 01:36:57 --> 404 Page Not Found: /index
ERROR - 2021-09-15 01:37:07 --> 404 Page Not Found: /index
ERROR - 2021-09-15 01:37:33 --> 404 Page Not Found: /index
ERROR - 2021-09-15 01:38:00 --> Severity: Notice --> Undefined variable: auction_seq D:\WORK\PHP\KUMYO\www\app\views\web\auction\auction_list.php 111
ERROR - 2021-09-15 01:38:01 --> 404 Page Not Found: /index
ERROR - 2021-09-15 01:38:13 --> Severity: Notice --> Undefined variable: auction_seq D:\WORK\PHP\KUMYO\www\app\views\web\auction\auction_list.php 111
ERROR - 2021-09-15 01:38:13 --> 404 Page Not Found: /index
ERROR - 2021-09-15 01:39:02 --> 404 Page Not Found: /index
ERROR - 2021-09-15 01:39:46 --> 404 Page Not Found: /index
ERROR - 2021-09-15 01:40:32 --> 404 Page Not Found: /index
ERROR - 2021-09-15 01:40:39 --> 404 Page Not Found: /index
ERROR - 2021-09-15 01:40:51 --> 404 Page Not Found: /index
ERROR - 2021-09-15 01:41:21 --> 404 Page Not Found: /index
ERROR - 2021-09-15 01:42:28 --> 404 Page Not Found: /index
ERROR - 2021-09-15 01:44:47 --> Severity: error --> Exception: Call to undefined method Auction::index() D:\WORK\PHP\KUMYO\www\app\controllers\web\Auction.php 39
ERROR - 2021-09-15 01:44:53 --> 404 Page Not Found: /index
ERROR - 2021-09-15 01:44:59 --> 404 Page Not Found: /index
ERROR - 2021-09-15 01:45:07 --> 404 Page Not Found: /index
ERROR - 2021-09-15 01:45:55 --> 404 Page Not Found: /index
ERROR - 2021-09-15 01:46:55 --> 404 Page Not Found: /index
ERROR - 2021-09-15 01:46:59 --> 404 Page Not Found: /index
ERROR - 2021-09-15 01:47:38 --> 404 Page Not Found: /index
ERROR - 2021-09-15 01:48:19 --> 404 Page Not Found: /index
ERROR - 2021-09-15 01:48:40 --> Severity: Notice --> Undefined variable: sm_add_list_img_rst D:\WORK\PHP\KUMYO\www\app\views\web\shop\product_view.php 81
ERROR - 2021-09-15 01:52:34 --> Severity: error --> Exception: Call to undefined method Auction::index() D:\WORK\PHP\KUMYO\www\app\controllers\web\Auction.php 39
ERROR - 2021-09-15 01:52:47 --> 404 Page Not Found: /index
ERROR - 2021-09-15 01:53:47 --> Severity: error --> Exception: Call to undefined method Auction::index() D:\WORK\PHP\KUMYO\www\app\controllers\web\Auction.php 39
ERROR - 2021-09-15 01:54:47 --> Severity: error --> Exception: Call to undefined method Auction::index() D:\WORK\PHP\KUMYO\www\app\controllers\web\Auction.php 39
ERROR - 2021-09-15 01:55:37 --> 404 Page Not Found: /index
ERROR - 2021-09-15 01:56:02 --> 404 Page Not Found: /index
ERROR - 2021-09-15 01:56:25 --> 404 Page Not Found: /index
ERROR - 2021-09-15 01:56:36 --> 404 Page Not Found: /index
ERROR - 2021-09-15 01:57:04 --> 404 Page Not Found: /index
ERROR - 2021-09-15 01:57:13 --> 404 Page Not Found: /index
ERROR - 2021-09-15 01:57:24 --> 404 Page Not Found: /index
ERROR - 2021-09-15 01:57:49 --> Severity: Notice --> Undefined variable: photo D:\WORK\PHP\KUMYO\www\app\views\web\common\quickview_auction.php 7
ERROR - 2021-09-15 01:57:49 --> Severity: Notice --> Undefined variable: new_chk D:\WORK\PHP\KUMYO\www\app\views\web\common\quickview_auction.php 7
ERROR - 2021-09-15 01:57:49 --> Severity: Notice --> Undefined variable: category D:\WORK\PHP\KUMYO\www\app\views\web\common\quickview_auction.php 7
ERROR - 2021-09-15 01:57:49 --> Severity: Notice --> Undefined variable: brandcode D:\WORK\PHP\KUMYO\www\app\views\web\common\quickview_auction.php 8
ERROR - 2021-09-15 01:57:49 --> Severity: Notice --> Undefined variable: sprice D:\WORK\PHP\KUMYO\www\app\views\web\common\quickview_auction.php 8
ERROR - 2021-09-15 01:57:49 --> Severity: Notice --> Undefined variable: brandname D:\WORK\PHP\KUMYO\www\app\views\web\common\quickview_auction.php 22
ERROR - 2021-09-15 01:57:49 --> Severity: Notice --> Undefined variable: depth1 D:\WORK\PHP\KUMYO\www\app\views\web\common\quickview_auction.php 24
ERROR - 2021-09-15 01:57:49 --> Severity: Notice --> Undefined variable: depth2 D:\WORK\PHP\KUMYO\www\app\views\web\common\quickview_auction.php 24
ERROR - 2021-09-15 01:57:49 --> Severity: Notice --> Undefined variable: content D:\WORK\PHP\KUMYO\www\app\views\web\common\quickview_auction.php 30
ERROR - 2021-09-15 01:57:49 --> Severity: Notice --> Undefined variable: brandcode D:\WORK\PHP\KUMYO\www\app\views\web\common\quickview_auction.php 38
ERROR - 2021-09-15 01:57:49 --> Severity: Notice --> Undefined variable: sdate D:\WORK\PHP\KUMYO\www\app\views\web\common\quickview_auction.php 45
ERROR - 2021-09-15 01:57:49 --> Severity: Notice --> Undefined variable: edate D:\WORK\PHP\KUMYO\www\app\views\web\common\quickview_auction.php 45
ERROR - 2021-09-15 01:59:18 --> 404 Page Not Found: web/Images/cart
ERROR - 2021-09-15 02:00:17 --> 404 Page Not Found: web/Images/cart
ERROR - 2021-09-15 02:00:21 --> 404 Page Not Found: /index
ERROR - 2021-09-15 02:00:21 --> 404 Page Not Found: /index
ERROR - 2021-09-15 02:00:21 --> 404 Page Not Found: /index
ERROR - 2021-09-15 02:00:50 --> 404 Page Not Found: /index
ERROR - 2021-09-15 02:00:51 --> 404 Page Not Found: /index
ERROR - 2021-09-15 02:00:51 --> 404 Page Not Found: /index
ERROR - 2021-09-15 02:00:51 --> 404 Page Not Found: /index
ERROR - 2021-09-15 02:00:51 --> 404 Page Not Found: /index
ERROR - 2021-09-15 02:00:51 --> 404 Page Not Found: /index
ERROR - 2021-09-15 02:00:57 --> 404 Page Not Found: /index
ERROR - 2021-09-15 02:00:57 --> 404 Page Not Found: /index
ERROR - 2021-09-15 02:00:57 --> 404 Page Not Found: /index
ERROR - 2021-09-15 02:01:00 --> 404 Page Not Found: /index
ERROR - 2021-09-15 02:01:01 --> 404 Page Not Found: /index
ERROR - 2021-09-15 02:01:01 --> 404 Page Not Found: /index
ERROR - 2021-09-15 02:01:17 --> 404 Page Not Found: web/Images/cart
ERROR - 2021-09-15 02:01:41 --> 404 Page Not Found: /index
ERROR - 2021-09-15 02:01:41 --> 404 Page Not Found: /index
ERROR - 2021-09-15 02:01:41 --> 404 Page Not Found: /index
ERROR - 2021-09-15 02:01:47 --> 404 Page Not Found: /index
ERROR - 2021-09-15 02:01:48 --> 404 Page Not Found: /index
ERROR - 2021-09-15 02:01:48 --> 404 Page Not Found: /index
ERROR - 2021-09-15 02:02:17 --> 404 Page Not Found: web/Images/cart
ERROR - 2021-09-15 02:04:13 --> 404 Page Not Found: web/Images/cart
ERROR - 2021-09-15 02:05:13 --> 404 Page Not Found: web/Images/cart
ERROR - 2021-09-15 02:06:13 --> 404 Page Not Found: web/Images/cart
ERROR - 2021-09-15 02:07:13 --> 404 Page Not Found: web/Images/cart
ERROR - 2021-09-15 02:08:13 --> 404 Page Not Found: web/Images/cart
ERROR - 2021-09-15 02:09:13 --> 404 Page Not Found: web/Images/cart
ERROR - 2021-09-15 02:10:13 --> 404 Page Not Found: web/Images/cart
ERROR - 2021-09-15 02:11:13 --> 404 Page Not Found: web/Images/cart
ERROR - 2021-09-15 02:12:13 --> 404 Page Not Found: web/Images/cart
ERROR - 2021-09-15 02:13:13 --> 404 Page Not Found: web/Images/cart
ERROR - 2021-09-15 02:14:13 --> 404 Page Not Found: web/Images/cart
ERROR - 2021-09-15 02:15:13 --> 404 Page Not Found: web/Images/cart
ERROR - 2021-09-15 02:16:13 --> 404 Page Not Found: web/Images/cart
ERROR - 2021-09-15 02:17:13 --> 404 Page Not Found: web/Images/cart
ERROR - 2021-09-15 02:18:13 --> 404 Page Not Found: web/Images/cart
ERROR - 2021-09-15 02:19:13 --> 404 Page Not Found: web/Images/cart
ERROR - 2021-09-15 02:20:13 --> 404 Page Not Found: web/Images/cart
ERROR - 2021-09-15 02:21:13 --> 404 Page Not Found: web/Images/cart
ERROR - 2021-09-15 02:22:13 --> 404 Page Not Found: web/Images/cart
ERROR - 2021-09-15 02:23:13 --> 404 Page Not Found: web/Images/cart
ERROR - 2021-09-15 02:24:13 --> 404 Page Not Found: web/Images/cart
ERROR - 2021-09-15 02:24:27 --> 404 Page Not Found: /index
ERROR - 2021-09-15 02:25:29 --> 404 Page Not Found: web/Images/cart
ERROR - 2021-09-15 02:25:57 --> 404 Page Not Found: /index
ERROR - 2021-09-15 02:25:59 --> 404 Page Not Found: /index
ERROR - 2021-09-15 02:25:59 --> 404 Page Not Found: /index
ERROR - 2021-09-15 02:25:59 --> 404 Page Not Found: /index
ERROR - 2021-09-15 02:26:05 --> 404 Page Not Found: /index
ERROR - 2021-09-15 02:26:24 --> 404 Page Not Found: /index
ERROR - 2021-09-15 02:26:24 --> 404 Page Not Found: /index
ERROR - 2021-09-15 02:26:28 --> 404 Page Not Found: /index
ERROR - 2021-09-15 02:26:34 --> 404 Page Not Found: /index
ERROR - 2021-09-15 02:27:34 --> 404 Page Not Found: web/Images/cart
ERROR - 2021-09-15 02:28:34 --> 404 Page Not Found: web/Images/cart
ERROR - 2021-09-15 02:29:11 --> 404 Page Not Found: /index
ERROR - 2021-09-15 02:30:11 --> 404 Page Not Found: web/Images/cart
ERROR - 2021-09-15 02:31:05 --> 404 Page Not Found: /index
ERROR - 2021-09-15 02:32:05 --> 404 Page Not Found: web/Images/cart
ERROR - 2021-09-15 02:32:16 --> 404 Page Not Found: /index
ERROR - 2021-09-15 02:32:20 --> 404 Page Not Found: /index
ERROR - 2021-09-15 02:32:46 --> 404 Page Not Found: /index
ERROR - 2021-09-15 02:33:04 --> 404 Page Not Found: /index
ERROR - 2021-09-15 02:33:06 --> 404 Page Not Found: /index
ERROR - 2021-09-15 02:33:24 --> 404 Page Not Found: /index
ERROR - 2021-09-15 02:33:25 --> 404 Page Not Found: /index
ERROR - 2021-09-15 02:33:27 --> 404 Page Not Found: /index
ERROR - 2021-09-15 02:34:27 --> 404 Page Not Found: web/Images/cart
ERROR - 2021-09-15 02:34:54 --> 404 Page Not Found: /index
ERROR - 2021-09-15 02:35:34 --> 404 Page Not Found: /index
ERROR - 2021-09-15 02:35:35 --> 404 Page Not Found: /index
ERROR - 2021-09-15 02:36:35 --> Severity: error --> Exception: Call to undefined method Auction::index() D:\WORK\PHP\KUMYO\www\app\controllers\web\Auction.php 39
ERROR - 2021-09-15 02:36:35 --> 404 Page Not Found: web/Images/cart
ERROR - 2021-09-15 02:37:35 --> Severity: error --> Exception: Call to undefined method Auction::index() D:\WORK\PHP\KUMYO\www\app\controllers\web\Auction.php 39
ERROR - 2021-09-15 02:37:35 --> 404 Page Not Found: web/Images/cart
ERROR - 2021-09-15 02:38:35 --> Severity: error --> Exception: Call to undefined method Auction::index() D:\WORK\PHP\KUMYO\www\app\controllers\web\Auction.php 39
ERROR - 2021-09-15 02:38:35 --> 404 Page Not Found: web/Images/cart
ERROR - 2021-09-15 02:39:35 --> Severity: error --> Exception: Call to undefined method Auction::index() D:\WORK\PHP\KUMYO\www\app\controllers\web\Auction.php 39
ERROR - 2021-09-15 02:39:35 --> 404 Page Not Found: web/Images/cart
ERROR - 2021-09-15 02:40:35 --> 404 Page Not Found: web/Images/cart
ERROR - 2021-09-15 02:40:36 --> Severity: error --> Exception: Call to undefined method Auction::index() D:\WORK\PHP\KUMYO\www\app\controllers\web\Auction.php 39
ERROR - 2021-09-15 02:41:33 --> Severity: Notice --> Undefined variable: args D:\WORK\PHP\KUMYO\www\app\models\web\Auction_m.php 435
ERROR - 2021-09-15 02:41:34 --> 404 Page Not Found: /index
ERROR - 2021-09-15 02:41:37 --> Severity: error --> Exception: Call to undefined method Auction::index() D:\WORK\PHP\KUMYO\www\app\controllers\web\Auction.php 39
ERROR - 2021-09-15 02:41:43 --> 404 Page Not Found: /index
ERROR - 2021-09-15 02:42:09 --> 404 Page Not Found: /index
ERROR - 2021-09-15 02:42:37 --> Severity: error --> Exception: Call to undefined method Auction::index() D:\WORK\PHP\KUMYO\www\app\controllers\web\Auction.php 39
ERROR - 2021-09-15 02:42:39 --> 404 Page Not Found: /index
ERROR - 2021-09-15 02:43:37 --> Severity: error --> Exception: Call to undefined method Auction::index() D:\WORK\PHP\KUMYO\www\app\controllers\web\Auction.php 39
ERROR - 2021-09-15 02:43:39 --> 404 Page Not Found: web/Images/cart
ERROR - 2021-09-15 02:44:15 --> 404 Page Not Found: /index
ERROR - 2021-09-15 02:44:37 --> Severity: error --> Exception: Call to undefined method Auction::index() D:\WORK\PHP\KUMYO\www\app\controllers\web\Auction.php 39
ERROR - 2021-09-15 02:44:58 --> Severity: Notice --> Undefined variable: timeview D:\WORK\PHP\KUMYO\www\app\views\web\home\pop_auction.php 32
ERROR - 2021-09-15 02:44:59 --> 404 Page Not Found: /index
ERROR - 2021-09-15 02:45:10 --> Severity: Notice --> Undefined index: sess_mem D:\WORK\PHP\KUMYO\www\app\views\web\auction\auction_view_content.php 219
ERROR - 2021-09-15 02:45:12 --> Severity: Notice --> Undefined variable: timeview D:\WORK\PHP\KUMYO\www\app\views\web\home\pop_auction.php 32
ERROR - 2021-09-15 02:45:17 --> Severity: Notice --> Undefined index: sess_mem D:\WORK\PHP\KUMYO\www\app\views\web\auction\auction_view_content.php 219
ERROR - 2021-09-15 02:45:18 --> Severity: Notice --> Undefined variable: timeview D:\WORK\PHP\KUMYO\www\app\views\web\home\pop_auction.php 32
ERROR - 2021-09-15 02:45:20 --> Severity: Notice --> Undefined index: sess_mem D:\WORK\PHP\KUMYO\www\app\views\web\auction\auction_view_content.php 219
ERROR - 2021-09-15 02:45:22 --> Severity: Notice --> Undefined index: sess_mem D:\WORK\PHP\KUMYO\www\app\views\web\auction\auction_view_content.php 219
ERROR - 2021-09-15 02:45:53 --> 404 Page Not Found: /index
ERROR - 2021-09-15 02:45:57 --> Severity: Notice --> Undefined variable: timeview D:\WORK\PHP\KUMYO\www\app\views\web\home\pop_auction.php 32
ERROR - 2021-09-15 02:45:58 --> Severity: Notice --> Undefined variable: timeview D:\WORK\PHP\KUMYO\www\app\views\web\home\pop_auction.php 32
ERROR - 2021-09-15 02:45:58 --> 404 Page Not Found: /index
ERROR - 2021-09-15 02:46:30 --> Severity: Notice --> Undefined variable: timeview D:\WORK\PHP\KUMYO\www\app\views\web\home\pop_auction.php 32
ERROR - 2021-09-15 02:47:05 --> 404 Page Not Found: /index
ERROR - 2021-09-15 02:47:36 --> Severity: error --> Exception: Call to undefined method Auction::index() D:\WORK\PHP\KUMYO\www\app\controllers\web\Auction.php 39
ERROR - 2021-09-15 02:48:02 --> Severity: Notice --> Undefined variable: img D:\WORK\PHP\KUMYO\www\app\views\web\home\pop_auction.php 40
ERROR - 2021-09-15 02:48:03 --> 404 Page Not Found: /index
ERROR - 2021-09-15 02:48:09 --> 404 Page Not Found: /index
ERROR - 2021-09-15 02:48:26 --> 404 Page Not Found: /index
ERROR - 2021-09-15 02:48:36 --> Severity: error --> Exception: Call to undefined method Auction::index() D:\WORK\PHP\KUMYO\www\app\controllers\web\Auction.php 39
ERROR - 2021-09-15 02:49:12 --> 404 Page Not Found: /index
ERROR - 2021-09-15 02:49:36 --> Severity: error --> Exception: Call to undefined method Auction::index() D:\WORK\PHP\KUMYO\www\app\controllers\web\Auction.php 39
ERROR - 2021-09-15 02:49:40 --> Severity: Notice --> Undefined variable: img D:\WORK\PHP\KUMYO\www\app\views\web\home\pop_auction.php 63
ERROR - 2021-09-15 02:49:40 --> Severity: Notice --> Undefined variable: img D:\WORK\PHP\KUMYO\www\app\views\web\home\pop_auction.php 63
ERROR - 2021-09-15 02:49:40 --> Severity: Notice --> Undefined variable: img D:\WORK\PHP\KUMYO\www\app\views\web\home\pop_auction.php 63
ERROR - 2021-09-15 02:49:40 --> Severity: Notice --> Undefined variable: img D:\WORK\PHP\KUMYO\www\app\views\web\home\pop_auction.php 63
ERROR - 2021-09-15 02:49:40 --> Severity: Notice --> Undefined variable: img D:\WORK\PHP\KUMYO\www\app\views\web\home\pop_auction.php 63
ERROR - 2021-09-15 02:49:40 --> Severity: Notice --> Undefined variable: img D:\WORK\PHP\KUMYO\www\app\views\web\home\pop_auction.php 63
ERROR - 2021-09-15 02:49:40 --> Severity: Notice --> Undefined variable: img D:\WORK\PHP\KUMYO\www\app\views\web\home\pop_auction.php 63
ERROR - 2021-09-15 02:49:40 --> Severity: Notice --> Undefined variable: img D:\WORK\PHP\KUMYO\www\app\views\web\home\pop_auction.php 63
ERROR - 2021-09-15 02:49:40 --> Severity: Notice --> Undefined variable: img D:\WORK\PHP\KUMYO\www\app\views\web\home\pop_auction.php 63
ERROR - 2021-09-15 02:49:40 --> Severity: Notice --> Undefined variable: img D:\WORK\PHP\KUMYO\www\app\views\web\home\pop_auction.php 63
ERROR - 2021-09-15 02:49:40 --> 404 Page Not Found: /index
ERROR - 2021-09-15 02:50:03 --> 404 Page Not Found: /index
ERROR - 2021-09-15 02:50:22 --> 404 Page Not Found: /index
ERROR - 2021-09-15 02:50:36 --> Severity: error --> Exception: Call to undefined method Auction::index() D:\WORK\PHP\KUMYO\www\app\controllers\web\Auction.php 39
ERROR - 2021-09-15 02:50:39 --> 404 Page Not Found: /index
ERROR - 2021-09-15 02:50:50 --> 404 Page Not Found: /index
ERROR - 2021-09-15 02:51:29 --> 404 Page Not Found: /index
ERROR - 2021-09-15 02:51:37 --> Severity: error --> Exception: Call to undefined method Auction::index() D:\WORK\PHP\KUMYO\www\app\controllers\web\Auction.php 39
ERROR - 2021-09-15 02:51:37 --> 404 Page Not Found: /index
ERROR - 2021-09-15 02:51:51 --> 404 Page Not Found: /index
ERROR - 2021-09-15 02:52:37 --> Severity: error --> Exception: Call to undefined method Auction::index() D:\WORK\PHP\KUMYO\www\app\controllers\web\Auction.php 39
ERROR - 2021-09-15 02:52:49 --> Severity: Notice --> Undefined variable: cate D:\WORK\PHP\KUMYO\www\app\views\web\home\index.php 357
ERROR - 2021-09-15 02:52:50 --> 404 Page Not Found: /index
ERROR - 2021-09-15 02:53:01 --> Severity: Notice --> Undefined variable: cate D:\WORK\PHP\KUMYO\www\app\views\web\home\index.php 357
ERROR - 2021-09-15 02:53:02 --> 404 Page Not Found: /index
ERROR - 2021-09-15 02:53:03 --> Severity: Notice --> Undefined variable: cate D:\WORK\PHP\KUMYO\www\app\views\web\home\index.php 357
ERROR - 2021-09-15 02:53:37 --> Severity: error --> Exception: Call to undefined method Auction::index() D:\WORK\PHP\KUMYO\www\app\controllers\web\Auction.php 39
ERROR - 2021-09-15 02:54:02 --> 404 Page Not Found: web/Images/cart
ERROR - 2021-09-15 02:54:03 --> 404 Page Not Found: /index
ERROR - 2021-09-15 02:54:09 --> Severity: Notice --> Undefined index: sess_mem D:\WORK\PHP\KUMYO\www\app\controllers\web\Auction.php 53
ERROR - 2021-09-15 02:54:37 --> Severity: error --> Exception: Call to undefined method Auction::index() D:\WORK\PHP\KUMYO\www\app\controllers\web\Auction.php 39
ERROR - 2021-09-15 02:55:03 --> 404 Page Not Found: web/Images/cart
ERROR - 2021-09-15 02:55:22 --> 404 Page Not Found: /index
ERROR - 2021-09-15 02:55:24 --> Severity: Notice --> Undefined index: sess_mem D:\WORK\PHP\KUMYO\www\app\controllers\web\Auction.php 53
ERROR - 2021-09-15 02:55:37 --> Severity: error --> Exception: Call to undefined method Auction::index() D:\WORK\PHP\KUMYO\www\app\controllers\web\Auction.php 39
ERROR - 2021-09-15 02:56:22 --> 404 Page Not Found: web/Images/cart
ERROR - 2021-09-15 02:56:33 --> Severity: Notice --> Undefined index: sess_mem D:\WORK\PHP\KUMYO\www\app\controllers\web\Auction.php 245
ERROR - 2021-09-15 02:56:37 --> Severity: error --> Exception: Call to undefined method Auction::index() D:\WORK\PHP\KUMYO\www\app\controllers\web\Auction.php 39
ERROR - 2021-09-15 02:56:38 --> 404 Page Not Found: /index
ERROR - 2021-09-15 02:56:41 --> Severity: Notice --> Undefined index: sess_mem D:\WORK\PHP\KUMYO\www\app\controllers\web\Auction.php 245
ERROR - 2021-09-15 02:57:02 --> 404 Page Not Found: /index
ERROR - 2021-09-15 02:57:04 --> Severity: Notice --> Undefined index: sess_mem D:\WORK\PHP\KUMYO\www\app\controllers\web\Auction.php 245
ERROR - 2021-09-15 02:57:37 --> Severity: error --> Exception: Call to undefined method Auction::index() D:\WORK\PHP\KUMYO\www\app\controllers\web\Auction.php 39
ERROR - 2021-09-15 02:58:37 --> Severity: error --> Exception: Call to undefined method Auction::index() D:\WORK\PHP\KUMYO\www\app\controllers\web\Auction.php 39
ERROR - 2021-09-15 02:58:45 --> 404 Page Not Found: /index
ERROR - 2021-09-15 02:59:37 --> Severity: error --> Exception: Call to undefined method Auction::index() D:\WORK\PHP\KUMYO\www\app\controllers\web\Auction.php 39
ERROR - 2021-09-15 03:00:04 --> 404 Page Not Found: /index
ERROR - 2021-09-15 03:00:36 --> Severity: error --> Exception: Call to undefined method Auction::index() D:\WORK\PHP\KUMYO\www\app\controllers\web\Auction.php 39
ERROR - 2021-09-15 03:01:27 --> 404 Page Not Found: /index
ERROR - 2021-09-15 03:01:43 --> 404 Page Not Found: /index
ERROR - 2021-09-15 03:01:47 --> 404 Page Not Found: /index
ERROR - 2021-09-15 03:02:18 --> 404 Page Not Found: /index
ERROR - 2021-09-15 03:02:36 --> 404 Page Not Found: /index
ERROR - 2021-09-15 03:03:01 --> 404 Page Not Found: /index
ERROR - 2021-09-15 03:03:04 --> 404 Page Not Found: /index
ERROR - 2021-09-15 03:03:24 --> 404 Page Not Found: /index
ERROR - 2021-09-15 03:04:01 --> Severity: error --> Exception: Call to undefined method Auction::index() D:\WORK\PHP\KUMYO\www\app\controllers\web\Auction.php 39
ERROR - 2021-09-15 03:05:01 --> Severity: error --> Exception: Call to undefined method Auction::index() D:\WORK\PHP\KUMYO\www\app\controllers\web\Auction.php 39
ERROR - 2021-09-15 03:05:14 --> 404 Page Not Found: web/Images/cart
ERROR - 2021-09-15 03:05:56 --> 404 Page Not Found: /index
ERROR - 2021-09-15 03:06:01 --> Severity: error --> Exception: Call to undefined method Auction::index() D:\WORK\PHP\KUMYO\www\app\controllers\web\Auction.php 39
ERROR - 2021-09-15 03:06:56 --> 404 Page Not Found: web/Images/cart
ERROR - 2021-09-15 03:07:01 --> Severity: error --> Exception: Call to undefined method Auction::index() D:\WORK\PHP\KUMYO\www\app\controllers\web\Auction.php 39
ERROR - 2021-09-15 03:07:19 --> 404 Page Not Found: /index
ERROR - 2021-09-15 03:07:49 --> 404 Page Not Found: web/Market2-shophtml/index
ERROR - 2021-09-15 03:08:01 --> Severity: error --> Exception: Call to undefined method Auction::index() D:\WORK\PHP\KUMYO\www\app\controllers\web\Auction.php 39
ERROR - 2021-09-15 03:08:30 --> 404 Page Not Found: /index
ERROR - 2021-09-15 03:08:38 --> 404 Page Not Found: web/Vendor/fontawesome-free
ERROR - 2021-09-15 03:08:38 --> 404 Page Not Found: web/Vendor/animate
ERROR - 2021-09-15 03:08:38 --> 404 Page Not Found: web/Vendor/magnific-popup
ERROR - 2021-09-15 03:08:38 --> 404 Page Not Found: web/Vendor/photoswipe
ERROR - 2021-09-15 03:08:38 --> 404 Page Not Found: web/Vendor/owl-carousel
ERROR - 2021-09-15 03:08:38 --> 404 Page Not Found: web/Vendor/photoswipe
ERROR - 2021-09-15 03:08:38 --> 404 Page Not Found: web/Css/style.min.css
ERROR - 2021-09-15 03:08:38 --> 404 Page Not Found: web/Vendor/jquery
ERROR - 2021-09-15 03:08:38 --> 404 Page Not Found: web/Images/cart
ERROR - 2021-09-15 03:08:38 --> 404 Page Not Found: web/Images/cart
ERROR - 2021-09-15 03:08:38 --> 404 Page Not Found: web/Images/logo.png
ERROR - 2021-09-15 03:08:38 --> 404 Page Not Found: web/Vendor/sticky
ERROR - 2021-09-15 03:08:38 --> 404 Page Not Found: web/Vendor/imagesloaded
ERROR - 2021-09-15 03:08:38 --> 404 Page Not Found: web/Vendor/magnific-popup
ERROR - 2021-09-15 03:08:38 --> 404 Page Not Found: web/Vendor/owl-carousel
ERROR - 2021-09-15 03:08:38 --> 404 Page Not Found: web/Vendor/elevatezoom
ERROR - 2021-09-15 03:08:38 --> 404 Page Not Found: web/Vendor/photoswipe
ERROR - 2021-09-15 03:08:38 --> 404 Page Not Found: web/Vendor/photoswipe
ERROR - 2021-09-15 03:08:38 --> 404 Page Not Found: web/Js/main.min.js
ERROR - 2021-09-15 03:08:38 --> 404 Page Not Found: web/Images/menu
ERROR - 2021-09-15 03:08:38 --> 404 Page Not Found: web/Images/menu
ERROR - 2021-09-15 03:08:38 --> 404 Page Not Found: web/Images/product
ERROR - 2021-09-15 03:08:38 --> 404 Page Not Found: web/Images/product
ERROR - 2021-09-15 03:08:38 --> 404 Page Not Found: web/Images/product
ERROR - 2021-09-15 03:08:39 --> 404 Page Not Found: web/Images/product
ERROR - 2021-09-15 03:08:39 --> 404 Page Not Found: web/Images/product
ERROR - 2021-09-15 03:08:39 --> 404 Page Not Found: web/Images/product
ERROR - 2021-09-15 03:08:39 --> 404 Page Not Found: web/Images/product
ERROR - 2021-09-15 03:08:39 --> 404 Page Not Found: web/Images/product
ERROR - 2021-09-15 03:08:39 --> 404 Page Not Found: web/Images/product
ERROR - 2021-09-15 03:08:39 --> 404 Page Not Found: web/Images/product
ERROR - 2021-09-15 03:08:39 --> 404 Page Not Found: web/Images/product
ERROR - 2021-09-15 03:08:39 --> 404 Page Not Found: web/Images/product
ERROR - 2021-09-15 03:08:39 --> 404 Page Not Found: web/Images/blog
ERROR - 2021-09-15 03:08:39 --> 404 Page Not Found: web/Images/blog
ERROR - 2021-09-15 03:08:39 --> 404 Page Not Found: web/Images/product
ERROR - 2021-09-15 03:08:39 --> 404 Page Not Found: web/Images/product
ERROR - 2021-09-15 03:08:39 --> 404 Page Not Found: web/Images/product
ERROR - 2021-09-15 03:08:39 --> 404 Page Not Found: web/Images/product
ERROR - 2021-09-15 03:08:39 --> 404 Page Not Found: web/Images/logo-footer.png
ERROR - 2021-09-15 03:08:39 --> 404 Page Not Found: web/Images/instagram
ERROR - 2021-09-15 03:08:39 --> 404 Page Not Found: web/Images/instagram
ERROR - 2021-09-15 03:08:39 --> 404 Page Not Found: web/Images/instagram
ERROR - 2021-09-15 03:08:39 --> 404 Page Not Found: web/Images/instagram
ERROR - 2021-09-15 03:08:39 --> 404 Page Not Found: web/Images/instagram
ERROR - 2021-09-15 03:08:39 --> 404 Page Not Found: web/Images/instagram
ERROR - 2021-09-15 03:08:39 --> 404 Page Not Found: web/Images/instagram
ERROR - 2021-09-15 03:08:39 --> 404 Page Not Found: web/Images/instagram
ERROR - 2021-09-15 03:08:39 --> 404 Page Not Found: web/Images/payment.png
ERROR - 2021-09-15 03:08:39 --> 404 Page Not Found: web/Js/webfont.js
ERROR - 2021-09-15 03:09:02 --> Severity: error --> Exception: Call to undefined method Auction::index() D:\WORK\PHP\KUMYO\www\app\controllers\web\Auction.php 39
ERROR - 2021-09-15 03:09:13 --> 404 Page Not Found: /index
ERROR - 2021-09-15 03:09:40 --> 404 Page Not Found: web/Images/cart
ERROR - 2021-09-15 03:10:13 --> Severity: error --> Exception: Call to undefined method Shop::index() D:\WORK\PHP\KUMYO\www\app\controllers\web\Shop.php 42
ERROR - 2021-09-15 03:10:40 --> 404 Page Not Found: web/Images/cart
ERROR - 2021-09-15 03:11:13 --> Severity: error --> Exception: Call to undefined method Shop::index() D:\WORK\PHP\KUMYO\www\app\controllers\web\Shop.php 42
ERROR - 2021-09-15 03:11:40 --> 404 Page Not Found: web/Images/cart
ERROR - 2021-09-15 03:11:47 --> Severity: error --> Exception: Call to undefined method Auction_m::mainShopProduct() D:\WORK\PHP\KUMYO\www\app\controllers\web\Home.php 73
ERROR - 2021-09-15 03:11:47 --> 404 Page Not Found: /index
ERROR - 2021-09-15 03:11:53 --> Query error: You have an error in your SQL syntax; check the manual that corresponds to your MariaDB server version for the right syntax to use near '(CODE, 3) = LEFT(S.category, 3) LIMIT 1) AS depth1 ,
              C.category_n' at line 3 - Invalid query: 
            SELECT 
              S.*, 
              (SELECT category_name FROM ky_shop_category WHERELEFT(CODE, 3) = LEFT(S.category, 3) LIMIT 1) AS depth1 ,
              C.category_name AS depth2 FROM ky_shop_brand S 
            INNER JOIN ky_shop_category C ON(S.category = C.code) 
            WHERE AND status = '1' 
            ORDER BY S.hit DESC
            LIMIT 10
        
ERROR - 2021-09-15 03:11:53 --> 404 Page Not Found: /index
ERROR - 2021-09-15 03:12:13 --> Severity: error --> Exception: Call to undefined method Shop::index() D:\WORK\PHP\KUMYO\www\app\controllers\web\Shop.php 42
ERROR - 2021-09-15 03:13:29 --> 404 Page Not Found: /index
ERROR - 2021-09-15 03:13:31 --> 404 Page Not Found: /index
ERROR - 2021-09-15 03:14:24 --> Severity: Notice --> Undefined variable: L_list D:\WORK\PHP\KUMYO\www\app\views\web\home\pop_shopping.php 27
ERROR - 2021-09-15 03:14:24 --> Severity: Warning --> Invalid argument supplied for foreach() D:\WORK\PHP\KUMYO\www\app\views\web\home\pop_shopping.php 27
ERROR - 2021-09-15 03:14:25 --> 404 Page Not Found: /index
ERROR - 2021-09-15 03:14:30 --> Severity: error --> Exception: Call to undefined method Shop::index() D:\WORK\PHP\KUMYO\www\app\controllers\web\Shop.php 42
ERROR - 2021-09-15 03:14:37 --> 404 Page Not Found: /index
ERROR - 2021-09-15 03:15:00 --> 404 Page Not Found: /index
ERROR - 2021-09-15 03:15:30 --> Severity: error --> Exception: Call to undefined method Shop::index() D:\WORK\PHP\KUMYO\www\app\controllers\web\Shop.php 42
ERROR - 2021-09-15 03:15:37 --> 404 Page Not Found: /index
ERROR - 2021-09-15 03:16:30 --> Severity: error --> Exception: Call to undefined method Shop::index() D:\WORK\PHP\KUMYO\www\app\controllers\web\Shop.php 42
ERROR - 2021-09-15 03:16:31 --> 404 Page Not Found: /index
ERROR - 2021-09-15 03:16:39 --> 404 Page Not Found: /index
ERROR - 2021-09-15 03:17:30 --> Severity: error --> Exception: Call to undefined method Shop::index() D:\WORK\PHP\KUMYO\www\app\controllers\web\Shop.php 42
ERROR - 2021-09-15 03:17:39 --> 404 Page Not Found: web/Images/cart
ERROR - 2021-09-15 03:18:31 --> Severity: error --> Exception: Call to undefined method Shop::index() D:\WORK\PHP\KUMYO\www\app\controllers\web\Shop.php 42
ERROR - 2021-09-15 03:18:39 --> 404 Page Not Found: web/Images/cart
ERROR - 2021-09-15 03:18:56 --> 404 Page Not Found: /index
ERROR - 2021-09-15 03:19:32 --> Severity: error --> Exception: Call to undefined method Shop::index() D:\WORK\PHP\KUMYO\www\app\controllers\web\Shop.php 42
ERROR - 2021-09-15 03:19:56 --> 404 Page Not Found: web/Images/cart
ERROR - 2021-09-15 03:20:33 --> Severity: error --> Exception: Call to undefined method Shop::index() D:\WORK\PHP\KUMYO\www\app\controllers\web\Shop.php 42
ERROR - 2021-09-15 03:20:49 --> 404 Page Not Found: /index
ERROR - 2021-09-15 03:21:31 --> 404 Page Not Found: /index
ERROR - 2021-09-15 03:21:34 --> Severity: error --> Exception: Call to undefined method Shop::index() D:\WORK\PHP\KUMYO\www\app\controllers\web\Shop.php 42
ERROR - 2021-09-15 03:22:24 --> 404 Page Not Found: /index
ERROR - 2021-09-15 03:22:35 --> Severity: error --> Exception: Call to undefined method Shop::index() D:\WORK\PHP\KUMYO\www\app\controllers\web\Shop.php 42
ERROR - 2021-09-15 03:23:36 --> 404 Page Not Found: web/Images/cart
