ERROR - 2021-10-30 18:09:41 --> Severity: Notice --> Undefined index:  D:\WORK\PHP\PIXCELCAST\www\app\hooks\common.php 19
ERROR - 2021-10-30 18:09:41 --> 404 Page Not Found: web/Img/bs5-updated.png
ERROR - 2021-10-30 18:09:41 --> 404 Page Not Found: web/Assets/img
ERROR - 2021-10-30 18:09:41 --> 404 Page Not Found: web/Img/lazy.png
ERROR - 2021-10-30 18:09:42 --> 404 Page Not Found: web/Img/favicon.ico
ERROR - 2021-10-30 18:09:42 --> 404 Page Not Found: web/Img/landing
ERROR - 2021-10-30 18:10:05 --> 404 Page Not Found: web/Img/bs5-updated.png
ERROR - 2021-10-30 18:10:06 --> 404 Page Not Found: web/Img/lazy.png
ERROR - 2021-10-30 18:10:06 --> 404 Page Not Found: web/Img/landing
ERROR - 2021-10-30 18:11:35 --> 404 Page Not Found: web/Img/bs5-updated.png
ERROR - 2021-10-30 18:11:35 --> 404 Page Not Found: web/Assets/img
ERROR - 2021-10-30 18:11:35 --> 404 Page Not Found: web/Img/lazy.png
ERROR - 2021-10-30 18:11:35 --> 404 Page Not Found: web/Img/favicon.ico
ERROR - 2021-10-30 18:11:35 --> 404 Page Not Found: web/Img/landing
ERROR - 2021-10-30 18:11:40 --> 404 Page Not Found: web/Img/bs5-updated.png
ERROR - 2021-10-30 18:11:40 --> 404 Page Not Found: web/Assets/img
ERROR - 2021-10-30 18:11:40 --> 404 Page Not Found: web/Img/lazy.png
ERROR - 2021-10-30 18:11:40 --> 404 Page Not Found: web/Img/landing
ERROR - 2021-10-30 18:11:57 --> 404 Page Not Found: web/Img/bs5-updated.png
ERROR - 2021-10-30 18:11:57 --> 404 Page Not Found: web/Assets/img
ERROR - 2021-10-30 18:11:57 --> 404 Page Not Found: web/Img/lazy.png
ERROR - 2021-10-30 18:11:57 --> 404 Page Not Found: web/Img/favicon.ico
ERROR - 2021-10-30 18:12:02 --> 404 Page Not Found: web/Img/landing
ERROR - 2021-10-30 18:12:04 --> 404 Page Not Found: web/Assets/img
ERROR - 2021-10-30 18:12:04 --> 404 Page Not Found: web/Img/bs5-updated.png
ERROR - 2021-10-30 18:12:05 --> 404 Page Not Found: web/Img/lazy.png
ERROR - 2021-10-30 18:12:05 --> 404 Page Not Found: web/Img/landing
ERROR - 2021-10-30 18:15:56 --> 404 Page Not Found: /index
ERROR - 2021-10-30 18:16:21 --> Severity: Notice --> Undefined index: editor_photo_insert D:\WORK\PHP\PIXCELCAST\www\app\hooks\common.php 19
ERROR - 2021-10-30 18:16:21 --> Severity: Notice --> Undefined index: POPUP_IMG_DIR D:\WORK\PHP\PIXCELCAST\www\app\controllers\Editor.php 54
ERROR - 2021-10-30 18:16:21 --> Severity: Notice --> Undefined index: POPUP_IMG_URL D:\WORK\PHP\PIXCELCAST\www\app\controllers\Editor.php 55
ERROR - 2021-10-30 18:16:21 --> The upload path does not appear to be valid.
ERROR - 2021-10-30 18:17:30 --> Severity: Notice --> Undefined index: MAIN_IMG_DIR D:\WORK\PHP\PIXCELCAST\www\app\controllers\adm\Design.php 127
ERROR - 2021-10-30 18:17:30 --> Severity: Warning --> mkdir(): Invalid argument D:\WORK\PHP\PIXCELCAST\www\app\libraries\Func.php 1417
ERROR - 2021-10-30 18:17:30 --> The upload path does not appear to be valid.
ERROR - 2021-10-30 18:17:33 --> 404 Page Not Found: /index
ERROR - 2021-10-30 18:17:33 --> 404 Page Not Found: /index
ERROR - 2021-10-30 18:17:40 --> Severity: Notice --> Undefined index: MAIN_IMG_DIR D:\WORK\PHP\PIXCELCAST\www\app\controllers\adm\Design.php 127
ERROR - 2021-10-30 18:17:40 --> Severity: Warning --> mkdir(): Invalid argument D:\WORK\PHP\PIXCELCAST\www\app\libraries\Func.php 1417
ERROR - 2021-10-30 18:17:40 --> The upload path does not appear to be valid.
ERROR - 2021-10-30 18:19:19 --> Severity: Notice --> Undefined index: MAIN_IMG_URL D:\WORK\PHP\PIXCELCAST\www\app\libraries\Func.php 2259
ERROR - 2021-10-30 18:19:19 --> 404 Page Not Found: /index
ERROR - 2021-10-30 18:19:19 --> 404 Page Not Found: /index
ERROR - 2021-10-30 18:19:19 --> 404 Page Not Found: /index
ERROR - 2021-10-30 18:19:42 --> 404 Page Not Found: /index
ERROR - 2021-10-30 18:19:42 --> 404 Page Not Found: /index
ERROR - 2021-10-30 18:19:42 --> 404 Page Not Found: /index
ERROR - 2021-10-30 18:19:42 --> 404 Page Not Found: /index
ERROR - 2021-10-30 18:19:44 --> 404 Page Not Found: /index
ERROR - 2021-10-30 18:19:44 --> 404 Page Not Found: /index
ERROR - 2021-10-30 18:19:44 --> 404 Page Not Found: /index
ERROR - 2021-10-30 18:19:48 --> 404 Page Not Found: /index
ERROR - 2021-10-30 18:19:48 --> 404 Page Not Found: /index
ERROR - 2021-10-30 18:19:48 --> 404 Page Not Found: /index
ERROR - 2021-10-30 18:21:56 --> 404 Page Not Found: /index
ERROR - 2021-10-30 18:21:56 --> 404 Page Not Found: /index
ERROR - 2021-10-30 18:21:56 --> 404 Page Not Found: /index
ERROR - 2021-10-30 18:21:56 --> 404 Page Not Found: /index
ERROR - 2021-10-30 18:22:13 --> 404 Page Not Found: /index
ERROR - 2021-10-30 18:22:13 --> 404 Page Not Found: /index
ERROR - 2021-10-30 18:22:13 --> 404 Page Not Found: /index
ERROR - 2021-10-30 18:22:13 --> 404 Page Not Found: /index
ERROR - 2021-10-30 18:22:26 --> 404 Page Not Found: /index
ERROR - 2021-10-30 18:22:26 --> 404 Page Not Found: /index
ERROR - 2021-10-30 18:22:26 --> 404 Page Not Found: /index
ERROR - 2021-10-30 18:22:26 --> 404 Page Not Found: /index
ERROR - 2021-10-30 18:22:29 --> The provided image is not valid.
ERROR - 2021-10-30 18:22:29 --> Your server does not support the GD function required to process this type of image.
ERROR - 2021-10-30 18:22:31 --> 404 Page Not Found: /index
ERROR - 2021-10-30 18:22:31 --> 404 Page Not Found: /index
ERROR - 2021-10-30 18:22:31 --> 404 Page Not Found: /index
ERROR - 2021-10-30 18:22:43 --> 404 Page Not Found: /index
ERROR - 2021-10-30 18:22:43 --> 404 Page Not Found: /index
ERROR - 2021-10-30 18:22:43 --> 404 Page Not Found: /index
ERROR - 2021-10-30 18:22:43 --> 404 Page Not Found: /index
ERROR - 2021-10-30 18:23:25 --> 404 Page Not Found: /index
ERROR - 2021-10-30 18:23:25 --> 404 Page Not Found: /index
ERROR - 2021-10-30 18:23:25 --> 404 Page Not Found: /index
ERROR - 2021-10-30 18:23:26 --> 404 Page Not Found: /index
ERROR - 2021-10-30 18:23:26 --> 404 Page Not Found: /index
ERROR - 2021-10-30 18:23:26 --> 404 Page Not Found: /index
ERROR - 2021-10-30 18:23:27 --> 404 Page Not Found: /index
ERROR - 2021-10-30 18:23:27 --> 404 Page Not Found: /index
ERROR - 2021-10-30 18:23:27 --> 404 Page Not Found: /index
ERROR - 2021-10-30 18:23:30 --> 404 Page Not Found: /index
ERROR - 2021-10-30 18:23:30 --> 404 Page Not Found: /index
ERROR - 2021-10-30 18:23:30 --> 404 Page Not Found: /index
ERROR - 2021-10-30 18:23:31 --> 404 Page Not Found: /index
ERROR - 2021-10-30 18:23:31 --> 404 Page Not Found: /index
ERROR - 2021-10-30 18:23:31 --> 404 Page Not Found: /index
ERROR - 2021-10-30 18:23:42 --> Severity: Notice --> Undefined index: editor_photo_insert D:\WORK\PHP\PIXCELCAST\www\app\hooks\common.php 19
ERROR - 2021-10-30 18:23:42 --> Severity: Notice --> Undefined index: POPUP_IMG_DIR D:\WORK\PHP\PIXCELCAST\www\app\controllers\Editor.php 54
ERROR - 2021-10-30 18:23:42 --> Severity: Notice --> Undefined index: POPUP_IMG_URL D:\WORK\PHP\PIXCELCAST\www\app\controllers\Editor.php 55
ERROR - 2021-10-30 18:23:42 --> The upload path does not appear to be valid.
ERROR - 2021-10-30 18:23:51 --> Severity: Notice --> Undefined index: editor_photo_insert D:\WORK\PHP\PIXCELCAST\www\app\hooks\common.php 19
ERROR - 2021-10-30 18:23:51 --> Severity: Notice --> Undefined index: POPUP_IMG_DIR D:\WORK\PHP\PIXCELCAST\www\app\controllers\Editor.php 54
ERROR - 2021-10-30 18:23:51 --> Severity: Notice --> Undefined index: POPUP_IMG_URL D:\WORK\PHP\PIXCELCAST\www\app\controllers\Editor.php 55
ERROR - 2021-10-30 18:23:51 --> The upload path does not appear to be valid.
ERROR - 2021-10-30 18:24:36 --> 404 Page Not Found: /index
ERROR - 2021-10-30 18:24:36 --> 404 Page Not Found: /index
ERROR - 2021-10-30 18:24:36 --> 404 Page Not Found: /index
ERROR - 2021-10-30 18:25:17 --> 404 Page Not Found: web/Img/bs5-updated.png
ERROR - 2021-10-30 18:25:17 --> 404 Page Not Found: web/Assets/img
ERROR - 2021-10-30 18:25:17 --> 404 Page Not Found: web/Img/lazy.png
ERROR - 2021-10-30 18:25:17 --> 404 Page Not Found: web/Img/favicon.ico
ERROR - 2021-10-30 18:25:17 --> 404 Page Not Found: web/Img/landing
ERROR - 2021-10-30 18:25:52 --> 404 Page Not Found: /index
ERROR - 2021-10-30 18:25:52 --> 404 Page Not Found: /index
ERROR - 2021-10-30 18:25:52 --> 404 Page Not Found: /index
ERROR - 2021-10-30 18:25:52 --> 404 Page Not Found: /index
ERROR - 2021-10-30 18:25:55 --> 404 Page Not Found: /index
ERROR - 2021-10-30 18:25:55 --> 404 Page Not Found: /index
ERROR - 2021-10-30 18:25:55 --> 404 Page Not Found: /index
ERROR - 2021-10-30 18:26:47 --> 404 Page Not Found: web/Img/bs5-updated.png
ERROR - 2021-10-30 18:26:47 --> 404 Page Not Found: web/Assets/img
ERROR - 2021-10-30 18:26:47 --> 404 Page Not Found: web/Img/lazy.png
ERROR - 2021-10-30 18:26:47 --> 404 Page Not Found: web/Img/favicon.ico
ERROR - 2021-10-30 18:26:48 --> 404 Page Not Found: web/Img/landing
ERROR - 2021-10-30 18:27:45 --> 404 Page Not Found: web/Img/bs5-updated.png
ERROR - 2021-10-30 18:27:45 --> 404 Page Not Found: web/Assets/img
ERROR - 2021-10-30 18:27:46 --> 404 Page Not Found: web/Img/lazy.png
ERROR - 2021-10-30 18:27:46 --> 404 Page Not Found: web/Img/landing
ERROR - 2021-10-30 18:28:13 --> 404 Page Not Found: web/Assets/img
ERROR - 2021-10-30 18:28:13 --> 404 Page Not Found: web/Img/lazy.png
ERROR - 2021-10-30 18:28:13 --> 404 Page Not Found: web/Img/favicon.ico
ERROR - 2021-10-30 18:28:14 --> 404 Page Not Found: web/Img/landing
ERROR - 2021-10-30 18:28:23 --> 404 Page Not Found: web/Assets/img
ERROR - 2021-10-30 18:28:23 --> 404 Page Not Found: web/Img/lazy.png
ERROR - 2021-10-30 18:28:24 --> 404 Page Not Found: web/Img/favicon.ico
ERROR - 2021-10-30 18:28:24 --> 404 Page Not Found: web/Img/landing
ERROR - 2021-10-30 18:29:26 --> 404 Page Not Found: /index
ERROR - 2021-10-30 18:29:26 --> 404 Page Not Found: /index
ERROR - 2021-10-30 18:29:26 --> 404 Page Not Found: /index
ERROR - 2021-10-30 18:29:26 --> 404 Page Not Found: /index
ERROR - 2021-10-30 18:29:38 --> 404 Page Not Found: /index
ERROR - 2021-10-30 18:29:39 --> 404 Page Not Found: /index
ERROR - 2021-10-30 18:29:39 --> 404 Page Not Found: /index
ERROR - 2021-10-30 18:29:40 --> 404 Page Not Found: /index
ERROR - 2021-10-30 18:29:40 --> 404 Page Not Found: /index
ERROR - 2021-10-30 18:29:40 --> 404 Page Not Found: /index
ERROR - 2021-10-30 18:29:40 --> 404 Page Not Found: /index
ERROR - 2021-10-30 18:29:40 --> 404 Page Not Found: /index
ERROR - 2021-10-30 18:29:40 --> 404 Page Not Found: /index
ERROR - 2021-10-30 18:31:05 --> 404 Page Not Found: /index
ERROR - 2021-10-30 18:31:05 --> 404 Page Not Found: /index
ERROR - 2021-10-30 18:31:05 --> 404 Page Not Found: /index
ERROR - 2021-10-30 18:31:05 --> 404 Page Not Found: /index
ERROR - 2021-10-30 18:31:08 --> 404 Page Not Found: /index
ERROR - 2021-10-30 18:31:08 --> 404 Page Not Found: /index
ERROR - 2021-10-30 18:31:08 --> 404 Page Not Found: /index
ERROR - 2021-10-30 18:31:22 --> 404 Page Not Found: /index
ERROR - 2021-10-30 18:31:22 --> 404 Page Not Found: /index
ERROR - 2021-10-30 18:31:22 --> 404 Page Not Found: /index
ERROR - 2021-10-30 18:31:25 --> 404 Page Not Found: /index
ERROR - 2021-10-30 18:31:25 --> 404 Page Not Found: /index
ERROR - 2021-10-30 18:31:25 --> 404 Page Not Found: /index
ERROR - 2021-10-30 18:31:26 --> 404 Page Not Found: /index
ERROR - 2021-10-30 18:31:26 --> 404 Page Not Found: /index
ERROR - 2021-10-30 18:31:26 --> 404 Page Not Found: /index
