ERROR - 2021-08-31 19:16:14 --> 404 Page Not Found: /index
ERROR - 2021-08-31 19:22:48 --> 404 Page Not Found: /index
ERROR - 2021-08-31 19:25:52 --> 404 Page Not Found: /index
ERROR - 2021-08-31 19:26:04 --> 404 Page Not Found: /index
ERROR - 2021-08-31 19:26:12 --> 404 Page Not Found: /index
ERROR - 2021-08-31 19:26:16 --> 404 Page Not Found: /index
ERROR - 2021-08-31 19:26:26 --> 404 Page Not Found: /index
ERROR - 2021-08-31 19:26:32 --> 404 Page Not Found: /index
ERROR - 2021-08-31 19:26:49 --> 404 Page Not Found: /index
ERROR - 2021-08-31 19:27:34 --> 404 Page Not Found: /index
ERROR - 2021-08-31 19:28:55 --> 404 Page Not Found: /index
ERROR - 2021-08-31 19:29:02 --> 404 Page Not Found: /index
ERROR - 2021-08-31 19:29:12 --> 404 Page Not Found: /index
ERROR - 2021-08-31 19:36:48 --> 404 Page Not Found: /index
ERROR - 2021-08-31 19:36:48 --> 404 Page Not Found: /index
ERROR - 2021-08-31 19:36:48 --> 404 Page Not Found: /index
ERROR - 2021-08-31 19:37:16 --> 404 Page Not Found: /index
ERROR - 2021-08-31 19:37:16 --> 404 Page Not Found: /index
ERROR - 2021-08-31 19:37:16 --> 404 Page Not Found: /index
ERROR - 2021-08-31 19:37:22 --> 404 Page Not Found: /index
ERROR - 2021-08-31 19:37:22 --> 404 Page Not Found: /index
ERROR - 2021-08-31 19:37:22 --> 404 Page Not Found: /index
ERROR - 2021-08-31 19:37:28 --> 404 Page Not Found: /index
ERROR - 2021-08-31 19:37:28 --> 404 Page Not Found: /index
ERROR - 2021-08-31 19:37:28 --> 404 Page Not Found: /index
ERROR - 2021-08-31 19:37:37 --> 404 Page Not Found: /index
ERROR - 2021-08-31 19:37:37 --> 404 Page Not Found: /index
ERROR - 2021-08-31 19:37:37 --> 404 Page Not Found: /index
ERROR - 2021-08-31 19:37:48 --> 404 Page Not Found: /index
ERROR - 2021-08-31 19:37:48 --> 404 Page Not Found: /index
ERROR - 2021-08-31 19:37:48 --> 404 Page Not Found: /index
ERROR - 2021-08-31 19:45:42 --> 404 Page Not Found: /index
ERROR - 2021-08-31 19:45:42 --> 404 Page Not Found: /index
ERROR - 2021-08-31 19:45:42 --> 404 Page Not Found: /index
ERROR - 2021-08-31 19:46:02 --> 404 Page Not Found: /index
ERROR - 2021-08-31 19:46:04 --> 404 Page Not Found: /index
ERROR - 2021-08-31 19:46:04 --> 404 Page Not Found: /index
ERROR - 2021-08-31 19:46:04 --> 404 Page Not Found: /index
ERROR - 2021-08-31 19:46:09 --> 404 Page Not Found: /index
ERROR - 2021-08-31 19:46:11 --> 404 Page Not Found: /index
ERROR - 2021-08-31 19:46:11 --> 404 Page Not Found: /index
ERROR - 2021-08-31 19:46:11 --> 404 Page Not Found: /index
ERROR - 2021-08-31 19:46:13 --> 404 Page Not Found: /index
ERROR - 2021-08-31 19:46:13 --> 404 Page Not Found: /index
ERROR - 2021-08-31 19:46:13 --> 404 Page Not Found: /index
ERROR - 2021-08-31 19:48:46 --> Severity: Notice --> Undefined variable: new_chk D:\WORK\PHP\KUMYO\www\app\views\adm\product\product_list.php 245
ERROR - 2021-08-31 19:48:46 --> 404 Page Not Found: /index
ERROR - 2021-08-31 19:48:46 --> 404 Page Not Found: /index
ERROR - 2021-08-31 19:48:46 --> 404 Page Not Found: /index
ERROR - 2021-08-31 19:50:46 --> 404 Page Not Found: /index
ERROR - 2021-08-31 19:50:46 --> 404 Page Not Found: /index
ERROR - 2021-08-31 19:50:46 --> 404 Page Not Found: /index
ERROR - 2021-08-31 19:50:46 --> 404 Page Not Found: /index
ERROR - 2021-08-31 19:50:47 --> Severity: Notice --> Undefined variable: file_nm D:\WORK\PHP\KUMYO\www\app\views\adm\product\product_move.php 10
ERROR - 2021-08-31 19:50:47 --> Severity: Notice --> Undefined variable: new_chk D:\WORK\PHP\KUMYO\www\app\views\adm\product\product_move.php 10
ERROR - 2021-08-31 19:50:47 --> Severity: Notice --> Undefined variable: category D:\WORK\PHP\KUMYO\www\app\views\adm\product\product_move.php 10
ERROR - 2021-08-31 19:51:00 --> 404 Page Not Found: /index
ERROR - 2021-08-31 19:51:00 --> 404 Page Not Found: /index
ERROR - 2021-08-31 19:51:00 --> 404 Page Not Found: /index
ERROR - 2021-08-31 19:51:06 --> 404 Page Not Found: /index
ERROR - 2021-08-31 19:51:06 --> 404 Page Not Found: /index
ERROR - 2021-08-31 19:51:06 --> 404 Page Not Found: /index
ERROR - 2021-08-31 19:51:07 --> 404 Page Not Found: /index
ERROR - 2021-08-31 19:51:07 --> 404 Page Not Found: /index
ERROR - 2021-08-31 19:51:07 --> 404 Page Not Found: /index
ERROR - 2021-08-31 19:51:08 --> 404 Page Not Found: /index
ERROR - 2021-08-31 19:51:08 --> 404 Page Not Found: /index
ERROR - 2021-08-31 19:51:08 --> 404 Page Not Found: /index
ERROR - 2021-08-31 19:51:46 --> 404 Page Not Found: /index
ERROR - 2021-08-31 19:51:46 --> 404 Page Not Found: /index
ERROR - 2021-08-31 19:51:46 --> 404 Page Not Found: /index
ERROR - 2021-08-31 19:52:15 --> 404 Page Not Found: /index
ERROR - 2021-08-31 19:52:15 --> 404 Page Not Found: /index
ERROR - 2021-08-31 19:52:15 --> 404 Page Not Found: /index
ERROR - 2021-08-31 19:52:15 --> 404 Page Not Found: /index
ERROR - 2021-08-31 19:53:56 --> 404 Page Not Found: /index
ERROR - 2021-08-31 19:53:56 --> 404 Page Not Found: /index
ERROR - 2021-08-31 19:53:56 --> 404 Page Not Found: /index
ERROR - 2021-08-31 19:54:47 --> 404 Page Not Found: /index
ERROR - 2021-08-31 19:54:47 --> 404 Page Not Found: /index
ERROR - 2021-08-31 19:54:47 --> 404 Page Not Found: /index
ERROR - 2021-08-31 19:54:50 --> 404 Page Not Found: /index
ERROR - 2021-08-31 19:54:50 --> 404 Page Not Found: /index
ERROR - 2021-08-31 19:54:50 --> 404 Page Not Found: /index
ERROR - 2021-08-31 19:54:50 --> 404 Page Not Found: /index
ERROR - 2021-08-31 19:54:57 --> 404 Page Not Found: /index
ERROR - 2021-08-31 19:54:57 --> 404 Page Not Found: /index
ERROR - 2021-08-31 19:54:57 --> 404 Page Not Found: /index
ERROR - 2021-08-31 19:54:57 --> 404 Page Not Found: /index
ERROR - 2021-08-31 19:55:25 --> 404 Page Not Found: /index
ERROR - 2021-08-31 19:55:25 --> 404 Page Not Found: /index
ERROR - 2021-08-31 19:55:25 --> 404 Page Not Found: /index
ERROR - 2021-08-31 19:55:25 --> 404 Page Not Found: /index
ERROR - 2021-08-31 19:56:28 --> 404 Page Not Found: /index
ERROR - 2021-08-31 19:56:28 --> 404 Page Not Found: /index
ERROR - 2021-08-31 19:56:28 --> 404 Page Not Found: /index
ERROR - 2021-08-31 19:56:43 --> 404 Page Not Found: /index
ERROR - 2021-08-31 19:56:43 --> 404 Page Not Found: /index
ERROR - 2021-08-31 19:56:43 --> 404 Page Not Found: /index
ERROR - 2021-08-31 19:58:14 --> 404 Page Not Found: /index
ERROR - 2021-08-31 19:58:14 --> 404 Page Not Found: /index
ERROR - 2021-08-31 19:58:14 --> 404 Page Not Found: /index
ERROR - 2021-08-31 19:58:58 --> 404 Page Not Found: /index
ERROR - 2021-08-31 19:58:58 --> 404 Page Not Found: /index
ERROR - 2021-08-31 19:58:58 --> 404 Page Not Found: /index
ERROR - 2021-08-31 19:59:10 --> 404 Page Not Found: /index
ERROR - 2021-08-31 19:59:10 --> 404 Page Not Found: /index
ERROR - 2021-08-31 19:59:10 --> 404 Page Not Found: /index
ERROR - 2021-08-31 20:14:02 --> 404 Page Not Found: /index
ERROR - 2021-08-31 20:14:02 --> 404 Page Not Found: /index
ERROR - 2021-08-31 20:14:02 --> 404 Page Not Found: /index
ERROR - 2021-08-31 20:14:23 --> Severity: Notice --> Undefined index: brand_name D:\WORK\PHP\KUMYO\www\app\views\adm\product\product_move.php 20
ERROR - 2021-08-31 20:16:08 --> Query error: Unknown column 'C.category_name' in 'field list' - Invalid query: 
            SELECT 
                  S.*
                , (SELECT category_name FROM ky_shop_category WHERE LEFT(CODE, 3) = LEFT(S.category, 3) LIMIT 1) AS depth1  
                , C.category_name AS depth2
            FROM ky_shop_brand S    
                       
            WHERE S.shop_seq = '751'
        
ERROR - 2021-08-31 20:16:30 --> Query error: Unknown column 'C.category_name' in 'field list' - Invalid query: 
            SELECT 
                  S.*
                , (SELECT category_name FROM ky_shop_category WHERE LEFT(CODE, 3) = LEFT(S.category, 3) LIMIT 1) AS depth1  
                , C.category_name AS depth2
            FROM ky_shop_brand S    
                       
            WHERE S.shop_seq = '751'
        
ERROR - 2021-08-31 20:16:35 --> 404 Page Not Found: /index
ERROR - 2021-08-31 20:16:35 --> 404 Page Not Found: /index
ERROR - 2021-08-31 20:16:35 --> 404 Page Not Found: /index
ERROR - 2021-08-31 20:16:35 --> 404 Page Not Found: /index
ERROR - 2021-08-31 20:16:36 --> Query error: Unknown column 'C.category_name' in 'field list' - Invalid query: 
            SELECT 
                  S.*
                , (SELECT category_name FROM ky_shop_category WHERE LEFT(CODE, 3) = LEFT(S.category, 3) LIMIT 1) AS depth1  
                , C.category_name AS depth2
            FROM ky_shop_brand S    
                       
            WHERE S.shop_seq = '751'
        
ERROR - 2021-08-31 20:17:32 --> 404 Page Not Found: /index
ERROR - 2021-08-31 20:17:32 --> 404 Page Not Found: /index
ERROR - 2021-08-31 20:17:32 --> 404 Page Not Found: /index
ERROR - 2021-08-31 20:22:06 --> 404 Page Not Found: /index
ERROR - 2021-08-31 20:22:06 --> 404 Page Not Found: /index
ERROR - 2021-08-31 20:22:06 --> 404 Page Not Found: /index
ERROR - 2021-08-31 20:24:47 --> 404 Page Not Found: /index
ERROR - 2021-08-31 20:24:47 --> 404 Page Not Found: /index
ERROR - 2021-08-31 20:24:47 --> 404 Page Not Found: /index
ERROR - 2021-08-31 20:25:00 --> 404 Page Not Found: /index
ERROR - 2021-08-31 20:25:00 --> 404 Page Not Found: /index
ERROR - 2021-08-31 20:25:00 --> 404 Page Not Found: /index
ERROR - 2021-08-31 20:29:36 --> 404 Page Not Found: /index
ERROR - 2021-08-31 20:29:36 --> 404 Page Not Found: /index
ERROR - 2021-08-31 20:29:36 --> 404 Page Not Found: /index
ERROR - 2021-08-31 20:31:14 --> 404 Page Not Found: /index
ERROR - 2021-08-31 20:31:14 --> 404 Page Not Found: /index
ERROR - 2021-08-31 20:31:14 --> 404 Page Not Found: /index
ERROR - 2021-08-31 20:31:32 --> 404 Page Not Found: /index
ERROR - 2021-08-31 20:31:32 --> 404 Page Not Found: /index
ERROR - 2021-08-31 20:31:32 --> 404 Page Not Found: /index
ERROR - 2021-08-31 20:31:35 --> 404 Page Not Found: /index
ERROR - 2021-08-31 20:31:35 --> 404 Page Not Found: /index
ERROR - 2021-08-31 20:31:35 --> 404 Page Not Found: /index
ERROR - 2021-08-31 20:31:40 --> 404 Page Not Found: /index
ERROR - 2021-08-31 20:31:40 --> 404 Page Not Found: /index
ERROR - 2021-08-31 20:31:40 --> 404 Page Not Found: /index
ERROR - 2021-08-31 20:31:42 --> 404 Page Not Found: /index
ERROR - 2021-08-31 20:31:42 --> 404 Page Not Found: /index
ERROR - 2021-08-31 20:31:42 --> 404 Page Not Found: /index
ERROR - 2021-08-31 20:31:43 --> 404 Page Not Found: /index
ERROR - 2021-08-31 20:31:43 --> 404 Page Not Found: /index
ERROR - 2021-08-31 20:31:43 --> 404 Page Not Found: /index
ERROR - 2021-08-31 20:31:48 --> 404 Page Not Found: /index
ERROR - 2021-08-31 20:31:48 --> 404 Page Not Found: /index
ERROR - 2021-08-31 20:31:48 --> 404 Page Not Found: /index
ERROR - 2021-08-31 20:40:32 --> 404 Page Not Found: /index
ERROR - 2021-08-31 20:40:35 --> 404 Page Not Found: /index
ERROR - 2021-08-31 20:40:35 --> 404 Page Not Found: /index
ERROR - 2021-08-31 20:40:35 --> 404 Page Not Found: /index
ERROR - 2021-08-31 20:40:50 --> 404 Page Not Found: /index
ERROR - 2021-08-31 20:40:50 --> 404 Page Not Found: /index
ERROR - 2021-08-31 20:40:50 --> 404 Page Not Found: /index
ERROR - 2021-08-31 20:40:50 --> 404 Page Not Found: /index
ERROR - 2021-08-31 20:41:08 --> 404 Page Not Found: /index
ERROR - 2021-08-31 20:41:08 --> 404 Page Not Found: /index
ERROR - 2021-08-31 20:41:08 --> 404 Page Not Found: /index
ERROR - 2021-08-31 20:41:09 --> 404 Page Not Found: /index
ERROR - 2021-08-31 20:41:09 --> 404 Page Not Found: /index
ERROR - 2021-08-31 20:41:09 --> 404 Page Not Found: /index
ERROR - 2021-08-31 20:41:28 --> 404 Page Not Found: /index
ERROR - 2021-08-31 20:41:28 --> 404 Page Not Found: /index
ERROR - 2021-08-31 20:41:28 --> 404 Page Not Found: /index
ERROR - 2021-08-31 20:48:03 --> 404 Page Not Found: /index
ERROR - 2021-08-31 20:48:03 --> 404 Page Not Found: /index
ERROR - 2021-08-31 20:48:03 --> 404 Page Not Found: /index
ERROR - 2021-08-31 20:51:30 --> 404 Page Not Found: /index
ERROR - 2021-08-31 20:51:30 --> 404 Page Not Found: /index
ERROR - 2021-08-31 20:51:30 --> 404 Page Not Found: /index
ERROR - 2021-08-31 20:52:23 --> 404 Page Not Found: /index
ERROR - 2021-08-31 20:52:23 --> 404 Page Not Found: /index
ERROR - 2021-08-31 20:52:23 --> 404 Page Not Found: /index
ERROR - 2021-08-31 20:52:39 --> 404 Page Not Found: /index
ERROR - 2021-08-31 20:52:39 --> 404 Page Not Found: /index
ERROR - 2021-08-31 20:52:39 --> 404 Page Not Found: /index
ERROR - 2021-08-31 20:52:39 --> 404 Page Not Found: /index
ERROR - 2021-08-31 20:52:49 --> 404 Page Not Found: /index
ERROR - 2021-08-31 20:52:49 --> 404 Page Not Found: /index
ERROR - 2021-08-31 20:52:49 --> 404 Page Not Found: /index
ERROR - 2021-08-31 20:52:49 --> 404 Page Not Found: /index
ERROR - 2021-08-31 20:53:49 --> 404 Page Not Found: /index
ERROR - 2021-08-31 20:53:49 --> 404 Page Not Found: /index
ERROR - 2021-08-31 20:53:49 --> 404 Page Not Found: /index
ERROR - 2021-08-31 20:53:49 --> 404 Page Not Found: /index
ERROR - 2021-08-31 20:57:28 --> 404 Page Not Found: /index
ERROR - 2021-08-31 20:57:28 --> 404 Page Not Found: /index
ERROR - 2021-08-31 20:57:28 --> 404 Page Not Found: /index
ERROR - 2021-08-31 20:57:44 --> 404 Page Not Found: /index
ERROR - 2021-08-31 20:57:44 --> 404 Page Not Found: /index
ERROR - 2021-08-31 20:57:44 --> 404 Page Not Found: /index
ERROR - 2021-08-31 20:57:44 --> 404 Page Not Found: /index
ERROR - 2021-08-31 20:58:09 --> 404 Page Not Found: /index
ERROR - 2021-08-31 20:58:09 --> 404 Page Not Found: /index
ERROR - 2021-08-31 20:58:09 --> 404 Page Not Found: /index
ERROR - 2021-08-31 20:58:09 --> 404 Page Not Found: /index
ERROR - 2021-08-31 20:58:13 --> 404 Page Not Found: /index
ERROR - 2021-08-31 20:58:13 --> 404 Page Not Found: /index
ERROR - 2021-08-31 20:58:13 --> 404 Page Not Found: /index
ERROR - 2021-08-31 20:58:13 --> 404 Page Not Found: /index
ERROR - 2021-08-31 20:58:55 --> 404 Page Not Found: /index
ERROR - 2021-08-31 20:58:55 --> 404 Page Not Found: /index
ERROR - 2021-08-31 20:58:55 --> 404 Page Not Found: /index
ERROR - 2021-08-31 20:58:55 --> 404 Page Not Found: /index
ERROR - 2021-08-31 20:59:55 --> 404 Page Not Found: /index
ERROR - 2021-08-31 20:59:55 --> 404 Page Not Found: /index
ERROR - 2021-08-31 20:59:55 --> 404 Page Not Found: /index
ERROR - 2021-08-31 20:59:55 --> 404 Page Not Found: /index
ERROR - 2021-08-31 21:03:45 --> 404 Page Not Found: /index
ERROR - 2021-08-31 21:03:45 --> 404 Page Not Found: /index
ERROR - 2021-08-31 21:03:45 --> 404 Page Not Found: /index
ERROR - 2021-08-31 21:03:45 --> 404 Page Not Found: /index
ERROR - 2021-08-31 21:03:46 --> 404 Page Not Found: /index
ERROR - 2021-08-31 21:03:46 --> 404 Page Not Found: /index
ERROR - 2021-08-31 21:03:46 --> 404 Page Not Found: /index
ERROR - 2021-08-31 21:03:49 --> 404 Page Not Found: /index
ERROR - 2021-08-31 21:03:49 --> 404 Page Not Found: /index
ERROR - 2021-08-31 21:03:49 --> 404 Page Not Found: /index
ERROR - 2021-08-31 21:04:19 --> 404 Page Not Found: /index
ERROR - 2021-08-31 21:04:19 --> 404 Page Not Found: /index
ERROR - 2021-08-31 21:04:19 --> 404 Page Not Found: /index
ERROR - 2021-08-31 21:05:04 --> 404 Page Not Found: /index
ERROR - 2021-08-31 21:05:04 --> 404 Page Not Found: /index
ERROR - 2021-08-31 21:05:04 --> 404 Page Not Found: /index
ERROR - 2021-08-31 21:05:05 --> 404 Page Not Found: /index
ERROR - 2021-08-31 21:05:05 --> 404 Page Not Found: /index
ERROR - 2021-08-31 21:05:05 --> 404 Page Not Found: /index
ERROR - 2021-08-31 21:05:39 --> 404 Page Not Found: /index
ERROR - 2021-08-31 21:05:39 --> 404 Page Not Found: /index
ERROR - 2021-08-31 21:05:39 --> 404 Page Not Found: /index
ERROR - 2021-08-31 21:05:39 --> 404 Page Not Found: /index
ERROR - 2021-08-31 21:11:27 --> Severity: Warning --> copy(D:/WORK/PHP/KUMYO/_upload/shop_product/004001000000/25083f54e9dad329d846527edd70763c_L.jpeg): failed to open stream: No such file or directory D:\WORK\PHP\KUMYO\www\app\controllers\adm\Product.php 832
ERROR - 2021-08-31 21:11:27 --> Severity: Warning --> copy(D:/WORK/PHP/KUMYO/_upload/shop_product/004001000000/25083f54e9dad329d846527edd70763c_M.jpeg): failed to open stream: No such file or directory D:\WORK\PHP\KUMYO\www\app\controllers\adm\Product.php 832
ERROR - 2021-08-31 21:11:27 --> Severity: Warning --> copy(D:/WORK/PHP/KUMYO/_upload/shop_product/004001000000/25083f54e9dad329d846527edd70763c_S.jpeg): failed to open stream: No such file or directory D:\WORK\PHP\KUMYO\www\app\controllers\adm\Product.php 832
ERROR - 2021-08-31 21:18:12 --> 404 Page Not Found: /index
ERROR - 2021-08-31 21:18:12 --> 404 Page Not Found: /index
ERROR - 2021-08-31 21:18:12 --> 404 Page Not Found: /index
ERROR - 2021-08-31 21:18:12 --> 404 Page Not Found: /index
ERROR - 2021-08-31 21:18:45 --> 404 Page Not Found: /index
ERROR - 2021-08-31 21:18:45 --> 404 Page Not Found: /index
ERROR - 2021-08-31 21:18:45 --> 404 Page Not Found: /index
ERROR - 2021-08-31 21:21:51 --> 404 Page Not Found: /index
ERROR - 2021-08-31 21:21:51 --> 404 Page Not Found: /index
ERROR - 2021-08-31 21:21:51 --> 404 Page Not Found: /index
ERROR - 2021-08-31 21:21:51 --> 404 Page Not Found: /index
ERROR - 2021-08-31 21:23:19 --> 404 Page Not Found: /index
ERROR - 2021-08-31 21:23:19 --> 404 Page Not Found: /index
ERROR - 2021-08-31 21:23:19 --> 404 Page Not Found: /index
ERROR - 2021-08-31 21:23:27 --> 404 Page Not Found: /index
ERROR - 2021-08-31 21:23:27 --> 404 Page Not Found: /index
ERROR - 2021-08-31 21:23:27 --> 404 Page Not Found: /index
ERROR - 2021-08-31 21:23:28 --> 404 Page Not Found: /index
ERROR - 2021-08-31 21:23:39 --> 404 Page Not Found: /index
ERROR - 2021-08-31 21:23:39 --> 404 Page Not Found: /index
ERROR - 2021-08-31 21:23:39 --> 404 Page Not Found: /index
ERROR - 2021-08-31 21:24:06 --> 404 Page Not Found: /index
ERROR - 2021-08-31 21:24:06 --> 404 Page Not Found: /index
ERROR - 2021-08-31 21:24:06 --> 404 Page Not Found: /index
ERROR - 2021-08-31 21:24:11 --> 404 Page Not Found: /index
ERROR - 2021-08-31 21:24:11 --> 404 Page Not Found: /index
ERROR - 2021-08-31 21:24:11 --> 404 Page Not Found: /index
ERROR - 2021-08-31 21:24:11 --> 404 Page Not Found: /index
ERROR - 2021-08-31 21:24:46 --> 404 Page Not Found: /index
ERROR - 2021-08-31 21:24:46 --> 404 Page Not Found: /index
ERROR - 2021-08-31 21:24:46 --> 404 Page Not Found: /index
ERROR - 2021-08-31 21:24:47 --> 404 Page Not Found: /index
ERROR - 2021-08-31 21:24:47 --> 404 Page Not Found: /index
ERROR - 2021-08-31 21:24:47 --> 404 Page Not Found: /index
ERROR - 2021-08-31 21:25:03 --> 404 Page Not Found: /index
ERROR - 2021-08-31 21:25:03 --> 404 Page Not Found: /index
ERROR - 2021-08-31 21:25:03 --> 404 Page Not Found: /index
ERROR - 2021-08-31 21:25:07 --> 404 Page Not Found: /index
ERROR - 2021-08-31 21:25:07 --> 404 Page Not Found: /index
ERROR - 2021-08-31 21:25:07 --> 404 Page Not Found: /index
ERROR - 2021-08-31 21:25:17 --> 404 Page Not Found: /index
ERROR - 2021-08-31 21:25:17 --> 404 Page Not Found: /index
ERROR - 2021-08-31 21:25:17 --> 404 Page Not Found: /index
ERROR - 2021-08-31 21:25:26 --> 404 Page Not Found: /index
ERROR - 2021-08-31 21:25:26 --> 404 Page Not Found: /index
ERROR - 2021-08-31 21:25:26 --> 404 Page Not Found: /index
ERROR - 2021-08-31 21:25:35 --> 404 Page Not Found: /index
ERROR - 2021-08-31 21:25:35 --> 404 Page Not Found: /index
ERROR - 2021-08-31 21:25:35 --> 404 Page Not Found: /index
ERROR - 2021-08-31 21:25:51 --> 404 Page Not Found: /index
ERROR - 2021-08-31 21:25:51 --> 404 Page Not Found: /index
ERROR - 2021-08-31 21:25:51 --> 404 Page Not Found: /index
ERROR - 2021-08-31 21:25:55 --> 404 Page Not Found: /index
ERROR - 2021-08-31 21:25:55 --> 404 Page Not Found: /index
ERROR - 2021-08-31 21:25:55 --> 404 Page Not Found: /index
ERROR - 2021-08-31 22:08:22 --> 404 Page Not Found: /index
ERROR - 2021-08-31 22:08:22 --> 404 Page Not Found: /index
ERROR - 2021-08-31 22:08:22 --> 404 Page Not Found: /index
ERROR - 2021-08-31 22:08:22 --> 404 Page Not Found: /index
ERROR - 2021-08-31 22:08:40 --> 404 Page Not Found: /index
ERROR - 2021-08-31 22:08:40 --> 404 Page Not Found: /index
ERROR - 2021-08-31 22:08:40 --> 404 Page Not Found: /index
ERROR - 2021-08-31 22:08:40 --> 404 Page Not Found: /index
ERROR - 2021-08-31 22:08:46 --> 404 Page Not Found: /index
ERROR - 2021-08-31 22:08:46 --> 404 Page Not Found: /index
ERROR - 2021-08-31 22:08:47 --> 404 Page Not Found: /index
ERROR - 2021-08-31 22:08:47 --> 404 Page Not Found: /index
ERROR - 2021-08-31 22:08:58 --> 404 Page Not Found: /index
ERROR - 2021-08-31 22:08:58 --> 404 Page Not Found: /index
ERROR - 2021-08-31 22:08:58 --> 404 Page Not Found: /index
ERROR - 2021-08-31 22:08:58 --> 404 Page Not Found: /index
ERROR - 2021-08-31 22:09:08 --> 404 Page Not Found: /index
ERROR - 2021-08-31 22:09:08 --> 404 Page Not Found: /index
ERROR - 2021-08-31 22:09:08 --> 404 Page Not Found: /index
ERROR - 2021-08-31 22:09:09 --> 404 Page Not Found: /index
ERROR - 2021-08-31 22:09:17 --> 404 Page Not Found: /index
ERROR - 2021-08-31 22:09:17 --> 404 Page Not Found: /index
ERROR - 2021-08-31 22:09:17 --> 404 Page Not Found: /index
ERROR - 2021-08-31 22:09:17 --> 404 Page Not Found: /index
ERROR - 2021-08-31 22:10:58 --> 404 Page Not Found: /index
ERROR - 2021-08-31 22:10:58 --> 404 Page Not Found: /index
ERROR - 2021-08-31 22:10:58 --> 404 Page Not Found: /index
ERROR - 2021-08-31 22:10:58 --> 404 Page Not Found: /index
ERROR - 2021-08-31 22:16:03 --> 404 Page Not Found: /index
ERROR - 2021-08-31 22:16:03 --> 404 Page Not Found: /index
ERROR - 2021-08-31 22:16:03 --> 404 Page Not Found: /index
ERROR - 2021-08-31 22:16:11 --> 404 Page Not Found: /index
ERROR - 2021-08-31 22:16:11 --> 404 Page Not Found: /index
ERROR - 2021-08-31 22:16:11 --> 404 Page Not Found: /index
ERROR - 2021-08-31 22:16:29 --> 404 Page Not Found: /index
ERROR - 2021-08-31 22:16:29 --> 404 Page Not Found: /index
ERROR - 2021-08-31 22:16:29 --> 404 Page Not Found: /index
ERROR - 2021-08-31 22:16:50 --> 404 Page Not Found: /index
ERROR - 2021-08-31 22:16:50 --> 404 Page Not Found: /index
ERROR - 2021-08-31 22:16:50 --> 404 Page Not Found: /index
ERROR - 2021-08-31 22:16:55 --> 404 Page Not Found: /index
ERROR - 2021-08-31 22:16:55 --> 404 Page Not Found: /index
ERROR - 2021-08-31 22:16:55 --> 404 Page Not Found: /index
ERROR - 2021-08-31 22:19:32 --> 404 Page Not Found: /index
ERROR - 2021-08-31 22:19:44 --> 404 Page Not Found: /index
ERROR - 2021-08-31 22:20:08 --> 404 Page Not Found: /index
ERROR - 2021-08-31 22:20:54 --> 404 Page Not Found: /index
ERROR - 2021-08-31 22:21:05 --> 404 Page Not Found: /index
ERROR - 2021-08-31 22:21:32 --> 404 Page Not Found: /index
ERROR - 2021-08-31 22:21:53 --> 404 Page Not Found: /index
ERROR - 2021-08-31 22:22:32 --> 404 Page Not Found: /index
ERROR - 2021-08-31 22:23:32 --> Severity: error --> Exception: Call to undefined method Shop::index() D:\WORK\PHP\KUMYO\www\app\controllers\web\Shop.php 39
ERROR - 2021-08-31 22:24:09 --> 404 Page Not Found: /index
ERROR - 2021-08-31 22:24:34 --> 404 Page Not Found: /index
ERROR - 2021-08-31 22:24:43 --> 404 Page Not Found: /index
ERROR - 2021-08-31 22:25:39 --> 404 Page Not Found: /index
ERROR - 2021-08-31 22:26:26 --> 404 Page Not Found: /index
ERROR - 2021-08-31 22:27:01 --> 404 Page Not Found: /index
ERROR - 2021-08-31 22:27:54 --> 404 Page Not Found: /index
ERROR - 2021-08-31 22:28:03 --> 404 Page Not Found: /index
ERROR - 2021-08-31 22:28:52 --> Severity: error --> Exception: Call to undefined method Shop::index() D:\WORK\PHP\KUMYO\www\app\controllers\web\Shop.php 39
ERROR - 2021-08-31 22:28:52 --> 404 Page Not Found: /index
ERROR - 2021-08-31 22:29:57 --> Severity: error --> Exception: Call to undefined method Shop::index() D:\WORK\PHP\KUMYO\www\app\controllers\web\Shop.php 39
ERROR - 2021-08-31 22:29:59 --> 404 Page Not Found: /index
ERROR - 2021-08-31 22:31:01 --> Severity: error --> Exception: Call to undefined method Shop::index() D:\WORK\PHP\KUMYO\www\app\controllers\web\Shop.php 39
ERROR - 2021-08-31 22:32:02 --> Severity: error --> Exception: Call to undefined method Shop::index() D:\WORK\PHP\KUMYO\www\app\controllers\web\Shop.php 39
ERROR - 2021-08-31 22:33:34 --> 404 Page Not Found: /index
ERROR - 2021-08-31 22:34:26 --> 404 Page Not Found: /index
ERROR - 2021-08-31 22:34:31 --> 404 Page Not Found: /index
ERROR - 2021-08-31 22:34:40 --> 404 Page Not Found: /index
ERROR - 2021-08-31 22:35:22 --> 404 Page Not Found: /index
ERROR - 2021-08-31 22:36:08 --> 404 Page Not Found: /index
ERROR - 2021-08-31 22:36:18 --> 404 Page Not Found: /index
ERROR - 2021-08-31 22:37:18 --> Severity: error --> Exception: Call to undefined method Shop::index() D:\WORK\PHP\KUMYO\www\app\controllers\web\Shop.php 39
ERROR - 2021-08-31 22:38:18 --> Severity: error --> Exception: Call to undefined method Shop::index() D:\WORK\PHP\KUMYO\www\app\controllers\web\Shop.php 39
ERROR - 2021-08-31 22:39:18 --> Severity: error --> Exception: Call to undefined method Shop::index() D:\WORK\PHP\KUMYO\www\app\controllers\web\Shop.php 39
ERROR - 2021-08-31 22:40:18 --> Severity: error --> Exception: Call to undefined method Shop::index() D:\WORK\PHP\KUMYO\www\app\controllers\web\Shop.php 39
ERROR - 2021-08-31 22:41:18 --> Severity: error --> Exception: Call to undefined method Shop::index() D:\WORK\PHP\KUMYO\www\app\controllers\web\Shop.php 39
ERROR - 2021-08-31 22:41:59 --> 404 Page Not Found: /index
ERROR - 2021-08-31 22:42:59 --> Severity: error --> Exception: Call to undefined method Shop::index() D:\WORK\PHP\KUMYO\www\app\controllers\web\Shop.php 40
ERROR - 2021-08-31 22:43:42 --> Severity: Notice --> Undefined property: CI::$product_m D:\WORK\PHP\KUMYO\www\app\third_party\MX\Controller.php 62
ERROR - 2021-08-31 22:43:42 --> Severity: error --> Exception: Call to a member function getProductList() on null D:\WORK\PHP\KUMYO\www\app\controllers\web\Shop.php 94
ERROR - 2021-08-31 22:44:05 --> Severity: error --> Exception: Call to undefined method Shop::product_fnc_sel_box() D:\WORK\PHP\KUMYO\www\app\controllers\web\Shop.php 102
ERROR - 2021-08-31 22:44:05 --> 404 Page Not Found: /index
ERROR - 2021-08-31 22:44:18 --> 404 Page Not Found: /index
ERROR - 2021-08-31 22:44:18 --> 404 Page Not Found: /index
ERROR - 2021-08-31 22:44:18 --> 404 Page Not Found: /index
ERROR - 2021-08-31 22:44:43 --> 404 Page Not Found: /index
ERROR - 2021-08-31 22:45:43 --> Severity: error --> Exception: Call to undefined method Shop::index() D:\WORK\PHP\KUMYO\www\app\controllers\web\Shop.php 40
ERROR - 2021-08-31 22:46:31 --> Severity: error --> Exception: syntax error, unexpected end of file D:\WORK\PHP\KUMYO\www\app\views\web\shop\product_list.php 134
ERROR - 2021-08-31 22:46:40 --> Severity: Notice --> Undefined variable: img D:\WORK\PHP\KUMYO\www\app\views\web\shop\product_list.php 57
ERROR - 2021-08-31 22:46:40 --> Severity: Notice --> Undefined variable: img D:\WORK\PHP\KUMYO\www\app\views\web\shop\product_list.php 57
ERROR - 2021-08-31 22:46:40 --> Severity: Notice --> Undefined variable: img D:\WORK\PHP\KUMYO\www\app\views\web\shop\product_list.php 57
ERROR - 2021-08-31 22:46:40 --> Severity: Notice --> Undefined variable: img D:\WORK\PHP\KUMYO\www\app\views\web\shop\product_list.php 57
ERROR - 2021-08-31 22:46:40 --> Severity: Notice --> Undefined variable: img D:\WORK\PHP\KUMYO\www\app\views\web\shop\product_list.php 57
ERROR - 2021-08-31 22:46:40 --> Severity: Notice --> Undefined variable: img D:\WORK\PHP\KUMYO\www\app\views\web\shop\product_list.php 57
ERROR - 2021-08-31 22:46:40 --> Severity: Notice --> Undefined variable: img D:\WORK\PHP\KUMYO\www\app\views\web\shop\product_list.php 57
ERROR - 2021-08-31 22:46:40 --> Severity: Notice --> Undefined variable: img D:\WORK\PHP\KUMYO\www\app\views\web\shop\product_list.php 57
ERROR - 2021-08-31 22:46:40 --> Severity: Notice --> Undefined variable: img D:\WORK\PHP\KUMYO\www\app\views\web\shop\product_list.php 57
ERROR - 2021-08-31 22:46:40 --> Severity: Notice --> Undefined variable: img D:\WORK\PHP\KUMYO\www\app\views\web\shop\product_list.php 57
ERROR - 2021-08-31 22:46:40 --> Severity: Notice --> Undefined variable: img D:\WORK\PHP\KUMYO\www\app\views\web\shop\product_list.php 57
ERROR - 2021-08-31 22:46:40 --> Severity: Notice --> Undefined variable: img D:\WORK\PHP\KUMYO\www\app\views\web\shop\product_list.php 57
ERROR - 2021-08-31 22:46:40 --> Severity: Notice --> Undefined variable: img D:\WORK\PHP\KUMYO\www\app\views\web\shop\product_list.php 57
ERROR - 2021-08-31 22:46:40 --> Severity: Notice --> Undefined variable: img D:\WORK\PHP\KUMYO\www\app\views\web\shop\product_list.php 57
ERROR - 2021-08-31 22:46:40 --> Severity: Notice --> Undefined variable: img D:\WORK\PHP\KUMYO\www\app\views\web\shop\product_list.php 57
ERROR - 2021-08-31 22:46:40 --> Severity: Notice --> Undefined variable: img D:\WORK\PHP\KUMYO\www\app\views\web\shop\product_list.php 57
ERROR - 2021-08-31 22:46:40 --> Severity: Notice --> Undefined variable: img D:\WORK\PHP\KUMYO\www\app\views\web\shop\product_list.php 57
ERROR - 2021-08-31 22:46:40 --> Severity: Notice --> Undefined variable: img D:\WORK\PHP\KUMYO\www\app\views\web\shop\product_list.php 57
ERROR - 2021-08-31 22:46:40 --> Severity: Notice --> Undefined variable: img D:\WORK\PHP\KUMYO\www\app\views\web\shop\product_list.php 57
ERROR - 2021-08-31 22:46:40 --> Severity: Notice --> Undefined variable: img D:\WORK\PHP\KUMYO\www\app\views\web\shop\product_list.php 57
ERROR - 2021-08-31 22:46:40 --> Severity: Notice --> Undefined variable: img D:\WORK\PHP\KUMYO\www\app\views\web\shop\product_list.php 57
ERROR - 2021-08-31 22:46:40 --> Severity: Notice --> Undefined variable: img D:\WORK\PHP\KUMYO\www\app\views\web\shop\product_list.php 57
ERROR - 2021-08-31 22:46:40 --> Severity: Notice --> Undefined variable: img D:\WORK\PHP\KUMYO\www\app\views\web\shop\product_list.php 57
ERROR - 2021-08-31 22:46:40 --> Severity: Notice --> Undefined variable: img D:\WORK\PHP\KUMYO\www\app\views\web\shop\product_list.php 57
ERROR - 2021-08-31 22:46:40 --> Severity: Notice --> Undefined variable: img D:\WORK\PHP\KUMYO\www\app\views\web\shop\product_list.php 57
ERROR - 2021-08-31 22:46:40 --> Severity: Notice --> Undefined variable: img D:\WORK\PHP\KUMYO\www\app\views\web\shop\product_list.php 57
ERROR - 2021-08-31 22:46:40 --> Severity: Notice --> Undefined variable: img D:\WORK\PHP\KUMYO\www\app\views\web\shop\product_list.php 57
ERROR - 2021-08-31 22:46:40 --> Severity: Notice --> Undefined variable: img D:\WORK\PHP\KUMYO\www\app\views\web\shop\product_list.php 57
ERROR - 2021-08-31 22:46:40 --> Severity: Notice --> Undefined variable: img D:\WORK\PHP\KUMYO\www\app\views\web\shop\product_list.php 57
ERROR - 2021-08-31 22:46:40 --> Severity: Notice --> Undefined variable: img D:\WORK\PHP\KUMYO\www\app\views\web\shop\product_list.php 57
ERROR - 2021-08-31 22:46:41 --> 404 Page Not Found: /index
ERROR - 2021-08-31 22:47:26 --> 404 Page Not Found: /index
ERROR - 2021-08-31 22:47:37 --> 404 Page Not Found: /index
ERROR - 2021-08-31 22:48:37 --> Severity: error --> Exception: Call to undefined method Shop::index() D:\WORK\PHP\KUMYO\www\app\controllers\web\Shop.php 40
ERROR - 2021-08-31 22:49:26 --> Severity: Notice --> Undefined variable: i D:\WORK\PHP\KUMYO\www\app\views\web\shop\product_list.php 65
ERROR - 2021-08-31 22:49:26 --> Severity: Notice --> Undefined index:  D:\WORK\PHP\KUMYO\www\app\views\web\shop\product_list.php 65
ERROR - 2021-08-31 22:49:26 --> Severity: Notice --> Undefined variable: i D:\WORK\PHP\KUMYO\www\app\views\web\shop\product_list.php 65
ERROR - 2021-08-31 22:49:26 --> Severity: Notice --> Undefined index:  D:\WORK\PHP\KUMYO\www\app\views\web\shop\product_list.php 65
ERROR - 2021-08-31 22:49:26 --> Severity: Notice --> Undefined variable: i D:\WORK\PHP\KUMYO\www\app\views\web\shop\product_list.php 65
ERROR - 2021-08-31 22:49:26 --> Severity: Notice --> Undefined index:  D:\WORK\PHP\KUMYO\www\app\views\web\shop\product_list.php 65
ERROR - 2021-08-31 22:49:26 --> Severity: Notice --> Undefined variable: i D:\WORK\PHP\KUMYO\www\app\views\web\shop\product_list.php 65
ERROR - 2021-08-31 22:49:26 --> Severity: Notice --> Undefined index:  D:\WORK\PHP\KUMYO\www\app\views\web\shop\product_list.php 65
ERROR - 2021-08-31 22:49:26 --> Severity: Notice --> Undefined variable: i D:\WORK\PHP\KUMYO\www\app\views\web\shop\product_list.php 65
ERROR - 2021-08-31 22:49:26 --> Severity: Notice --> Undefined index:  D:\WORK\PHP\KUMYO\www\app\views\web\shop\product_list.php 65
ERROR - 2021-08-31 22:49:26 --> Severity: Notice --> Undefined variable: i D:\WORK\PHP\KUMYO\www\app\views\web\shop\product_list.php 65
ERROR - 2021-08-31 22:49:26 --> Severity: Notice --> Undefined index:  D:\WORK\PHP\KUMYO\www\app\views\web\shop\product_list.php 65
ERROR - 2021-08-31 22:49:26 --> Severity: Notice --> Undefined variable: i D:\WORK\PHP\KUMYO\www\app\views\web\shop\product_list.php 65
ERROR - 2021-08-31 22:49:26 --> Severity: Notice --> Undefined index:  D:\WORK\PHP\KUMYO\www\app\views\web\shop\product_list.php 65
ERROR - 2021-08-31 22:49:26 --> Severity: Notice --> Undefined variable: i D:\WORK\PHP\KUMYO\www\app\views\web\shop\product_list.php 65
ERROR - 2021-08-31 22:49:26 --> Severity: Notice --> Undefined index:  D:\WORK\PHP\KUMYO\www\app\views\web\shop\product_list.php 65
ERROR - 2021-08-31 22:49:26 --> Severity: Notice --> Undefined variable: i D:\WORK\PHP\KUMYO\www\app\views\web\shop\product_list.php 65
ERROR - 2021-08-31 22:49:26 --> Severity: Notice --> Undefined index:  D:\WORK\PHP\KUMYO\www\app\views\web\shop\product_list.php 65
ERROR - 2021-08-31 22:49:26 --> Severity: Notice --> Undefined variable: i D:\WORK\PHP\KUMYO\www\app\views\web\shop\product_list.php 65
ERROR - 2021-08-31 22:49:26 --> Severity: Notice --> Undefined index:  D:\WORK\PHP\KUMYO\www\app\views\web\shop\product_list.php 65
ERROR - 2021-08-31 22:49:26 --> Severity: Notice --> Undefined variable: i D:\WORK\PHP\KUMYO\www\app\views\web\shop\product_list.php 65
ERROR - 2021-08-31 22:49:26 --> Severity: Notice --> Undefined index:  D:\WORK\PHP\KUMYO\www\app\views\web\shop\product_list.php 65
ERROR - 2021-08-31 22:49:26 --> Severity: Notice --> Undefined variable: i D:\WORK\PHP\KUMYO\www\app\views\web\shop\product_list.php 65
ERROR - 2021-08-31 22:49:26 --> Severity: Notice --> Undefined index:  D:\WORK\PHP\KUMYO\www\app\views\web\shop\product_list.php 65
ERROR - 2021-08-31 22:49:26 --> Severity: Notice --> Undefined variable: i D:\WORK\PHP\KUMYO\www\app\views\web\shop\product_list.php 65
ERROR - 2021-08-31 22:49:26 --> Severity: Notice --> Undefined index:  D:\WORK\PHP\KUMYO\www\app\views\web\shop\product_list.php 65
ERROR - 2021-08-31 22:49:26 --> Severity: Notice --> Undefined variable: i D:\WORK\PHP\KUMYO\www\app\views\web\shop\product_list.php 65
ERROR - 2021-08-31 22:49:26 --> Severity: Notice --> Undefined index:  D:\WORK\PHP\KUMYO\www\app\views\web\shop\product_list.php 65
ERROR - 2021-08-31 22:49:26 --> Severity: Notice --> Undefined variable: i D:\WORK\PHP\KUMYO\www\app\views\web\shop\product_list.php 65
ERROR - 2021-08-31 22:49:26 --> Severity: Notice --> Undefined index:  D:\WORK\PHP\KUMYO\www\app\views\web\shop\product_list.php 65
ERROR - 2021-08-31 22:49:26 --> Severity: Notice --> Undefined variable: i D:\WORK\PHP\KUMYO\www\app\views\web\shop\product_list.php 65
ERROR - 2021-08-31 22:49:26 --> Severity: Notice --> Undefined index:  D:\WORK\PHP\KUMYO\www\app\views\web\shop\product_list.php 65
ERROR - 2021-08-31 22:49:26 --> Severity: Notice --> Undefined variable: i D:\WORK\PHP\KUMYO\www\app\views\web\shop\product_list.php 65
ERROR - 2021-08-31 22:49:26 --> Severity: Notice --> Undefined index:  D:\WORK\PHP\KUMYO\www\app\views\web\shop\product_list.php 65
ERROR - 2021-08-31 22:49:26 --> Severity: Notice --> Undefined variable: i D:\WORK\PHP\KUMYO\www\app\views\web\shop\product_list.php 65
ERROR - 2021-08-31 22:49:26 --> Severity: Notice --> Undefined index:  D:\WORK\PHP\KUMYO\www\app\views\web\shop\product_list.php 65
ERROR - 2021-08-31 22:49:26 --> Severity: Notice --> Undefined variable: i D:\WORK\PHP\KUMYO\www\app\views\web\shop\product_list.php 65
ERROR - 2021-08-31 22:49:26 --> Severity: Notice --> Undefined index:  D:\WORK\PHP\KUMYO\www\app\views\web\shop\product_list.php 65
ERROR - 2021-08-31 22:49:26 --> Severity: Notice --> Undefined variable: i D:\WORK\PHP\KUMYO\www\app\views\web\shop\product_list.php 65
ERROR - 2021-08-31 22:49:26 --> Severity: Notice --> Undefined index:  D:\WORK\PHP\KUMYO\www\app\views\web\shop\product_list.php 65
ERROR - 2021-08-31 22:49:26 --> Severity: Notice --> Undefined variable: i D:\WORK\PHP\KUMYO\www\app\views\web\shop\product_list.php 65
ERROR - 2021-08-31 22:49:26 --> Severity: Notice --> Undefined index:  D:\WORK\PHP\KUMYO\www\app\views\web\shop\product_list.php 65
ERROR - 2021-08-31 22:49:26 --> Severity: Notice --> Undefined variable: i D:\WORK\PHP\KUMYO\www\app\views\web\shop\product_list.php 65
ERROR - 2021-08-31 22:49:26 --> Severity: Notice --> Undefined index:  D:\WORK\PHP\KUMYO\www\app\views\web\shop\product_list.php 65
ERROR - 2021-08-31 22:49:26 --> Severity: Notice --> Undefined variable: i D:\WORK\PHP\KUMYO\www\app\views\web\shop\product_list.php 65
ERROR - 2021-08-31 22:49:26 --> Severity: Notice --> Undefined index:  D:\WORK\PHP\KUMYO\www\app\views\web\shop\product_list.php 65
ERROR - 2021-08-31 22:49:26 --> Severity: Notice --> Undefined variable: i D:\WORK\PHP\KUMYO\www\app\views\web\shop\product_list.php 65
ERROR - 2021-08-31 22:49:26 --> Severity: Notice --> Undefined index:  D:\WORK\PHP\KUMYO\www\app\views\web\shop\product_list.php 65
ERROR - 2021-08-31 22:49:26 --> Severity: Notice --> Undefined variable: i D:\WORK\PHP\KUMYO\www\app\views\web\shop\product_list.php 65
ERROR - 2021-08-31 22:49:26 --> Severity: Notice --> Undefined index:  D:\WORK\PHP\KUMYO\www\app\views\web\shop\product_list.php 65
ERROR - 2021-08-31 22:49:26 --> Severity: Notice --> Undefined variable: i D:\WORK\PHP\KUMYO\www\app\views\web\shop\product_list.php 65
ERROR - 2021-08-31 22:49:26 --> Severity: Notice --> Undefined index:  D:\WORK\PHP\KUMYO\www\app\views\web\shop\product_list.php 65
ERROR - 2021-08-31 22:49:26 --> Severity: Notice --> Undefined variable: i D:\WORK\PHP\KUMYO\www\app\views\web\shop\product_list.php 65
ERROR - 2021-08-31 22:49:26 --> Severity: Notice --> Undefined index:  D:\WORK\PHP\KUMYO\www\app\views\web\shop\product_list.php 65
ERROR - 2021-08-31 22:49:26 --> Severity: Notice --> Undefined variable: i D:\WORK\PHP\KUMYO\www\app\views\web\shop\product_list.php 65
ERROR - 2021-08-31 22:49:26 --> Severity: Notice --> Undefined index:  D:\WORK\PHP\KUMYO\www\app\views\web\shop\product_list.php 65
ERROR - 2021-08-31 22:49:26 --> Severity: Notice --> Undefined variable: i D:\WORK\PHP\KUMYO\www\app\views\web\shop\product_list.php 65
ERROR - 2021-08-31 22:49:26 --> Severity: Notice --> Undefined index:  D:\WORK\PHP\KUMYO\www\app\views\web\shop\product_list.php 65
ERROR - 2021-08-31 22:49:26 --> Severity: Notice --> Undefined variable: i D:\WORK\PHP\KUMYO\www\app\views\web\shop\product_list.php 65
ERROR - 2021-08-31 22:49:26 --> Severity: Notice --> Undefined index:  D:\WORK\PHP\KUMYO\www\app\views\web\shop\product_list.php 65
ERROR - 2021-08-31 22:49:27 --> 404 Page Not Found: /index
ERROR - 2021-08-31 22:49:43 --> 404 Page Not Found: /index
ERROR - 2021-08-31 22:52:07 --> Severity: error --> Exception: Call to undefined method Shop::index() D:\WORK\PHP\KUMYO\www\app\controllers\web\Shop.php 40
ERROR - 2021-08-31 22:52:24 --> 404 Page Not Found: /index
ERROR - 2021-08-31 22:52:26 --> 404 Page Not Found: /index
ERROR - 2021-08-31 22:52:37 --> Severity: error --> Exception: syntax error, unexpected '$data' (T_VARIABLE) D:\WORK\PHP\KUMYO\www\app\controllers\web\Shop.php 96
ERROR - 2021-08-31 22:52:38 --> Severity: error --> Exception: syntax error, unexpected '$data' (T_VARIABLE) D:\WORK\PHP\KUMYO\www\app\controllers\web\Shop.php 96
ERROR - 2021-08-31 22:52:41 --> 404 Page Not Found: /index
ERROR - 2021-08-31 22:53:43 --> 404 Page Not Found: /index
ERROR - 2021-08-31 22:55:24 --> Severity: error --> Exception: Call to undefined method Shop::index() D:\WORK\PHP\KUMYO\www\app\controllers\web\Shop.php 40
ERROR - 2021-08-31 22:57:34 --> Severity: error --> Exception: Call to undefined method Shop::index() D:\WORK\PHP\KUMYO\www\app\controllers\web\Shop.php 40
ERROR - 2021-08-31 22:58:23 --> 404 Page Not Found: /index
ERROR - 2021-08-31 22:58:28 --> 404 Page Not Found: /index
ERROR - 2021-08-31 22:58:56 --> Severity: error --> Exception: Call to undefined method Shop::index() D:\WORK\PHP\KUMYO\www\app\controllers\web\Shop.php 40
ERROR - 2021-08-31 22:58:56 --> Severity: error --> Exception: Call to undefined method Shop::index() D:\WORK\PHP\KUMYO\www\app\controllers\web\Shop.php 40
ERROR - 2021-08-31 22:58:56 --> Severity: error --> Exception: Call to undefined method Shop::index() D:\WORK\PHP\KUMYO\www\app\controllers\web\Shop.php 40
ERROR - 2021-08-31 22:58:56 --> Severity: error --> Exception: Call to undefined method Shop::index() D:\WORK\PHP\KUMYO\www\app\controllers\web\Shop.php 40
ERROR - 2021-08-31 22:58:56 --> Severity: error --> Exception: Call to undefined method Shop::index() D:\WORK\PHP\KUMYO\www\app\controllers\web\Shop.php 40
ERROR - 2021-08-31 22:58:57 --> Severity: error --> Exception: Call to undefined method Shop::index() D:\WORK\PHP\KUMYO\www\app\controllers\web\Shop.php 40
ERROR - 2021-08-31 22:59:30 --> 404 Page Not Found: /index
ERROR - 2021-08-31 22:59:33 --> 404 Page Not Found: /index
ERROR - 2021-08-31 23:00:33 --> Severity: error --> Exception: Call to undefined method Shop::index() D:\WORK\PHP\KUMYO\www\app\controllers\web\Shop.php 40
ERROR - 2021-08-31 23:00:44 --> 404 Page Not Found: /index
ERROR - 2021-08-31 23:00:54 --> 404 Page Not Found: /index
ERROR - 2021-08-31 23:01:25 --> 404 Page Not Found: /index
ERROR - 2021-08-31 23:01:39 --> 404 Page Not Found: /index
ERROR - 2021-08-31 23:02:45 --> 404 Page Not Found: /index
ERROR - 2021-08-31 23:03:29 --> 404 Page Not Found: /index
ERROR - 2021-08-31 23:03:38 --> 404 Page Not Found: /index
ERROR - 2021-08-31 23:04:31 --> 404 Page Not Found: /index
ERROR - 2021-08-31 23:05:47 --> Severity: error --> Exception: Call to undefined method Shop::index() D:\WORK\PHP\KUMYO\www\app\controllers\web\Shop.php 40
ERROR - 2021-08-31 23:05:53 --> 404 Page Not Found: /index
ERROR - 2021-08-31 23:06:15 --> 404 Page Not Found: /index
ERROR - 2021-08-31 23:06:21 --> 404 Page Not Found: /index
ERROR - 2021-08-31 23:07:08 --> 404 Page Not Found: /index
ERROR - 2021-08-31 23:07:25 --> 404 Page Not Found: /index
ERROR - 2021-08-31 23:07:59 --> 404 Page Not Found: /index
ERROR - 2021-08-31 23:08:28 --> 404 Page Not Found: /index
ERROR - 2021-08-31 23:08:45 --> 404 Page Not Found: /index
ERROR - 2021-08-31 23:08:54 --> Severity: error --> Exception: Call to undefined method Shop::index() D:\WORK\PHP\KUMYO\www\app\controllers\web\Shop.php 40
ERROR - 2021-08-31 23:08:54 --> Severity: error --> Exception: Call to undefined method Shop::index() D:\WORK\PHP\KUMYO\www\app\controllers\web\Shop.php 40
ERROR - 2021-08-31 23:08:54 --> Severity: error --> Exception: Call to undefined method Shop::index() D:\WORK\PHP\KUMYO\www\app\controllers\web\Shop.php 40
ERROR - 2021-08-31 23:08:54 --> Severity: error --> Exception: Call to undefined method Shop::index() D:\WORK\PHP\KUMYO\www\app\controllers\web\Shop.php 40
ERROR - 2021-08-31 23:08:54 --> Severity: error --> Exception: Call to undefined method Shop::index() D:\WORK\PHP\KUMYO\www\app\controllers\web\Shop.php 40
ERROR - 2021-08-31 23:08:55 --> Severity: error --> Exception: Call to undefined method Shop::index() D:\WORK\PHP\KUMYO\www\app\controllers\web\Shop.php 40
ERROR - 2021-08-31 23:09:20 --> 404 Page Not Found: /index
ERROR - 2021-08-31 23:09:39 --> Severity: Notice --> Undefined variable: cate D:\WORK\PHP\KUMYO\www\app\controllers\web\Shop.php 91
ERROR - 2021-08-31 23:09:39 --> Severity: Notice --> Undefined variable: cate D:\WORK\PHP\KUMYO\www\app\controllers\web\Shop.php 92
ERROR - 2021-08-31 23:09:39 --> Severity: Notice --> Undefined variable: cate D:\WORK\PHP\KUMYO\www\app\controllers\web\Shop.php 94
ERROR - 2021-08-31 23:09:55 --> Severity: Notice --> Undefined variable: cate D:\WORK\PHP\KUMYO\www\app\controllers\web\Shop.php 91
ERROR - 2021-08-31 23:09:55 --> Severity: Notice --> Undefined variable: cate D:\WORK\PHP\KUMYO\www\app\controllers\web\Shop.php 92
ERROR - 2021-08-31 23:09:55 --> Severity: Notice --> Undefined variable: cate D:\WORK\PHP\KUMYO\www\app\controllers\web\Shop.php 94
ERROR - 2021-08-31 23:10:07 --> 404 Page Not Found: /index
ERROR - 2021-08-31 23:11:08 --> Severity: error --> Exception: Call to undefined method Shop::index() D:\WORK\PHP\KUMYO\www\app\controllers\web\Shop.php 40
ERROR - 2021-08-31 23:11:09 --> 404 Page Not Found: /index
ERROR - 2021-08-31 23:11:10 --> Severity: Notice --> Undefined variable: cate D:\WORK\PHP\KUMYO\www\app\controllers\web\Shop.php 91
ERROR - 2021-08-31 23:11:10 --> Severity: Notice --> Undefined variable: cate D:\WORK\PHP\KUMYO\www\app\controllers\web\Shop.php 92
ERROR - 2021-08-31 23:11:10 --> Severity: Notice --> Undefined variable: cate D:\WORK\PHP\KUMYO\www\app\controllers\web\Shop.php 94
ERROR - 2021-08-31 23:11:17 --> 404 Page Not Found: /index
ERROR - 2021-08-31 23:11:18 --> Severity: Notice --> Undefined variable: cate D:\WORK\PHP\KUMYO\www\app\controllers\web\Shop.php 91
ERROR - 2021-08-31 23:11:18 --> Severity: Notice --> Undefined variable: cate D:\WORK\PHP\KUMYO\www\app\controllers\web\Shop.php 92
ERROR - 2021-08-31 23:11:18 --> Severity: Notice --> Undefined variable: cate D:\WORK\PHP\KUMYO\www\app\controllers\web\Shop.php 94
ERROR - 2021-08-31 23:11:38 --> 404 Page Not Found: /index
ERROR - 2021-08-31 23:12:04 --> 404 Page Not Found: /index
ERROR - 2021-08-31 23:12:17 --> Severity: error --> Exception: Call to undefined method Shop::index() D:\WORK\PHP\KUMYO\www\app\controllers\web\Shop.php 40
ERROR - 2021-08-31 23:12:20 --> Severity: error --> Exception: Call to undefined method Shop::index() D:\WORK\PHP\KUMYO\www\app\controllers\web\Shop.php 40
ERROR - 2021-08-31 23:12:20 --> Severity: error --> Exception: Call to undefined method Shop::index() D:\WORK\PHP\KUMYO\www\app\controllers\web\Shop.php 40
ERROR - 2021-08-31 23:12:21 --> Severity: error --> Exception: Call to undefined method Shop::index() D:\WORK\PHP\KUMYO\www\app\controllers\web\Shop.php 40
ERROR - 2021-08-31 23:12:21 --> Severity: error --> Exception: Call to undefined method Shop::index() D:\WORK\PHP\KUMYO\www\app\controllers\web\Shop.php 40
ERROR - 2021-08-31 23:12:21 --> Severity: error --> Exception: Call to undefined method Shop::index() D:\WORK\PHP\KUMYO\www\app\controllers\web\Shop.php 40
ERROR - 2021-08-31 23:12:21 --> Severity: error --> Exception: Call to undefined method Shop::index() D:\WORK\PHP\KUMYO\www\app\controllers\web\Shop.php 40
ERROR - 2021-08-31 23:14:03 --> Severity: error --> Exception: Call to undefined method Shop::index() D:\WORK\PHP\KUMYO\www\app\controllers\web\Shop.php 40
ERROR - 2021-08-31 23:14:03 --> Severity: error --> Exception: Call to undefined method Shop::index() D:\WORK\PHP\KUMYO\www\app\controllers\web\Shop.php 40
ERROR - 2021-08-31 23:14:03 --> Severity: error --> Exception: Call to undefined method Shop::index() D:\WORK\PHP\KUMYO\www\app\controllers\web\Shop.php 40
ERROR - 2021-08-31 23:14:04 --> Severity: error --> Exception: Call to undefined method Shop::index() D:\WORK\PHP\KUMYO\www\app\controllers\web\Shop.php 40
ERROR - 2021-08-31 23:14:04 --> Severity: error --> Exception: Call to undefined method Shop::index() D:\WORK\PHP\KUMYO\www\app\controllers\web\Shop.php 40
ERROR - 2021-08-31 23:14:04 --> Severity: error --> Exception: Call to undefined method Shop::index() D:\WORK\PHP\KUMYO\www\app\controllers\web\Shop.php 40
ERROR - 2021-08-31 23:14:11 --> Severity: error --> Exception: Call to undefined method Shop::index() D:\WORK\PHP\KUMYO\www\app\controllers\web\Shop.php 40
ERROR - 2021-08-31 23:14:11 --> Severity: error --> Exception: Call to undefined method Shop::index() D:\WORK\PHP\KUMYO\www\app\controllers\web\Shop.php 40
ERROR - 2021-08-31 23:14:12 --> Severity: error --> Exception: Call to undefined method Shop::index() D:\WORK\PHP\KUMYO\www\app\controllers\web\Shop.php 40
ERROR - 2021-08-31 23:14:12 --> Severity: error --> Exception: Call to undefined method Shop::index() D:\WORK\PHP\KUMYO\www\app\controllers\web\Shop.php 40
ERROR - 2021-08-31 23:14:12 --> Severity: error --> Exception: Call to undefined method Shop::index() D:\WORK\PHP\KUMYO\www\app\controllers\web\Shop.php 40
ERROR - 2021-08-31 23:14:12 --> Severity: error --> Exception: Call to undefined method Shop::index() D:\WORK\PHP\KUMYO\www\app\controllers\web\Shop.php 40
ERROR - 2021-08-31 23:14:16 --> Severity: error --> Exception: Call to undefined method Shop::index() D:\WORK\PHP\KUMYO\www\app\controllers\web\Shop.php 40
ERROR - 2021-08-31 23:14:18 --> Severity: error --> Exception: Call to undefined method Shop::index() D:\WORK\PHP\KUMYO\www\app\controllers\web\Shop.php 40
ERROR - 2021-08-31 23:14:19 --> Severity: error --> Exception: Call to undefined method Shop::index() D:\WORK\PHP\KUMYO\www\app\controllers\web\Shop.php 40
ERROR - 2021-08-31 23:14:19 --> Severity: error --> Exception: Call to undefined method Shop::index() D:\WORK\PHP\KUMYO\www\app\controllers\web\Shop.php 40
ERROR - 2021-08-31 23:14:19 --> Severity: error --> Exception: Call to undefined method Shop::index() D:\WORK\PHP\KUMYO\www\app\controllers\web\Shop.php 40
ERROR - 2021-08-31 23:14:19 --> Severity: error --> Exception: Call to undefined method Shop::index() D:\WORK\PHP\KUMYO\www\app\controllers\web\Shop.php 40
ERROR - 2021-08-31 23:14:19 --> Severity: error --> Exception: Call to undefined method Shop::index() D:\WORK\PHP\KUMYO\www\app\controllers\web\Shop.php 40
ERROR - 2021-08-31 23:15:17 --> Severity: error --> Exception: Call to undefined method Shop::index() D:\WORK\PHP\KUMYO\www\app\controllers\web\Shop.php 40
ERROR - 2021-08-31 23:16:17 --> Severity: error --> Exception: Call to undefined method Shop::index() D:\WORK\PHP\KUMYO\www\app\controllers\web\Shop.php 40
ERROR - 2021-08-31 23:17:17 --> Severity: error --> Exception: Call to undefined method Shop::index() D:\WORK\PHP\KUMYO\www\app\controllers\web\Shop.php 40
ERROR - 2021-08-31 23:18:17 --> Severity: error --> Exception: Call to undefined method Shop::index() D:\WORK\PHP\KUMYO\www\app\controllers\web\Shop.php 40
ERROR - 2021-08-31 23:18:19 --> 404 Page Not Found: /index
ERROR - 2021-08-31 23:18:23 --> Severity: error --> Exception: Call to undefined method Shop::index() D:\WORK\PHP\KUMYO\www\app\controllers\web\Shop.php 40
ERROR - 2021-08-31 23:18:23 --> Severity: error --> Exception: Call to undefined method Shop::index() D:\WORK\PHP\KUMYO\www\app\controllers\web\Shop.php 40
ERROR - 2021-08-31 23:18:24 --> Severity: error --> Exception: Call to undefined method Shop::index() D:\WORK\PHP\KUMYO\www\app\controllers\web\Shop.php 40
ERROR - 2021-08-31 23:18:24 --> Severity: error --> Exception: Call to undefined method Shop::index() D:\WORK\PHP\KUMYO\www\app\controllers\web\Shop.php 40
ERROR - 2021-08-31 23:18:24 --> Severity: error --> Exception: Call to undefined method Shop::index() D:\WORK\PHP\KUMYO\www\app\controllers\web\Shop.php 40
ERROR - 2021-08-31 23:18:24 --> Severity: error --> Exception: Call to undefined method Shop::index() D:\WORK\PHP\KUMYO\www\app\controllers\web\Shop.php 40
ERROR - 2021-08-31 23:19:02 --> 404 Page Not Found: /index
ERROR - 2021-08-31 23:20:02 --> Severity: error --> Exception: Call to undefined method Shop::index() D:\WORK\PHP\KUMYO\www\app\controllers\web\Shop.php 40
ERROR - 2021-08-31 23:20:34 --> Severity: error --> Exception: Call to undefined method Shop::index() D:\WORK\PHP\KUMYO\www\app\controllers\web\Shop.php 40
ERROR - 2021-08-31 23:20:35 --> 404 Page Not Found: /index
ERROR - 2021-08-31 23:20:36 --> Severity: Notice --> Undefined property: CI::$product_m D:\WORK\PHP\KUMYO\www\app\third_party\MX\Controller.php 62
ERROR - 2021-08-31 23:20:36 --> Severity: error --> Exception: Call to a member function getProductInfo() on null D:\WORK\PHP\KUMYO\www\app\controllers\web\Common.php 54
ERROR - 2021-08-31 23:21:26 --> 404 Page Not Found: /index
ERROR - 2021-08-31 23:21:53 --> Severity: error --> Exception: Call to undefined method Shop::index() D:\WORK\PHP\KUMYO\www\app\controllers\web\Shop.php 40
ERROR - 2021-08-31 23:21:53 --> Severity: error --> Exception: Call to undefined method Shop::index() D:\WORK\PHP\KUMYO\www\app\controllers\web\Shop.php 40
ERROR - 2021-08-31 23:21:53 --> Severity: error --> Exception: Call to undefined method Shop::index() D:\WORK\PHP\KUMYO\www\app\controllers\web\Shop.php 40
ERROR - 2021-08-31 23:21:54 --> Severity: error --> Exception: Call to undefined method Shop::index() D:\WORK\PHP\KUMYO\www\app\controllers\web\Shop.php 40
ERROR - 2021-08-31 23:21:54 --> Severity: error --> Exception: Call to undefined method Shop::index() D:\WORK\PHP\KUMYO\www\app\controllers\web\Shop.php 40
ERROR - 2021-08-31 23:21:54 --> Severity: error --> Exception: Call to undefined method Shop::index() D:\WORK\PHP\KUMYO\www\app\controllers\web\Shop.php 40
ERROR - 2021-08-31 23:22:07 --> Severity: error --> Exception: Call to undefined method Shop::index() D:\WORK\PHP\KUMYO\www\app\controllers\web\Shop.php 40
ERROR - 2021-08-31 23:22:07 --> Severity: error --> Exception: Call to undefined method Shop::index() D:\WORK\PHP\KUMYO\www\app\controllers\web\Shop.php 40
ERROR - 2021-08-31 23:22:07 --> Severity: error --> Exception: Call to undefined method Shop::index() D:\WORK\PHP\KUMYO\www\app\controllers\web\Shop.php 40
ERROR - 2021-08-31 23:22:08 --> Severity: error --> Exception: Call to undefined method Shop::index() D:\WORK\PHP\KUMYO\www\app\controllers\web\Shop.php 40
ERROR - 2021-08-31 23:22:08 --> Severity: error --> Exception: Call to undefined method Shop::index() D:\WORK\PHP\KUMYO\www\app\controllers\web\Shop.php 40
ERROR - 2021-08-31 23:22:08 --> Severity: error --> Exception: Call to undefined method Shop::index() D:\WORK\PHP\KUMYO\www\app\controllers\web\Shop.php 40
ERROR - 2021-08-31 23:22:26 --> Severity: error --> Exception: Call to undefined method Shop::index() D:\WORK\PHP\KUMYO\www\app\controllers\web\Shop.php 40
ERROR - 2021-08-31 23:23:26 --> Severity: error --> Exception: Call to undefined method Shop::index() D:\WORK\PHP\KUMYO\www\app\controllers\web\Shop.php 40
ERROR - 2021-08-31 23:24:26 --> Severity: error --> Exception: Call to undefined method Shop::index() D:\WORK\PHP\KUMYO\www\app\controllers\web\Shop.php 40
ERROR - 2021-08-31 23:25:26 --> Severity: error --> Exception: Call to undefined method Shop::index() D:\WORK\PHP\KUMYO\www\app\controllers\web\Shop.php 40
ERROR - 2021-08-31 23:26:26 --> Severity: error --> Exception: Call to undefined method Shop::index() D:\WORK\PHP\KUMYO\www\app\controllers\web\Shop.php 40
ERROR - 2021-08-31 23:27:26 --> Severity: error --> Exception: Call to undefined method Shop::index() D:\WORK\PHP\KUMYO\www\app\controllers\web\Shop.php 40
ERROR - 2021-08-31 23:28:26 --> Severity: error --> Exception: Call to undefined method Shop::index() D:\WORK\PHP\KUMYO\www\app\controllers\web\Shop.php 40
ERROR - 2021-08-31 23:29:26 --> Severity: error --> Exception: Call to undefined method Shop::index() D:\WORK\PHP\KUMYO\www\app\controllers\web\Shop.php 40
ERROR - 2021-08-31 23:30:26 --> Severity: error --> Exception: Call to undefined method Shop::index() D:\WORK\PHP\KUMYO\www\app\controllers\web\Shop.php 40
ERROR - 2021-08-31 23:31:26 --> Severity: error --> Exception: Call to undefined method Shop::index() D:\WORK\PHP\KUMYO\www\app\controllers\web\Shop.php 40
ERROR - 2021-08-31 23:32:26 --> Severity: error --> Exception: Call to undefined method Shop::index() D:\WORK\PHP\KUMYO\www\app\controllers\web\Shop.php 40
ERROR - 2021-08-31 23:33:26 --> Severity: error --> Exception: Call to undefined method Shop::index() D:\WORK\PHP\KUMYO\www\app\controllers\web\Shop.php 40
ERROR - 2021-08-31 23:34:26 --> Severity: error --> Exception: Call to undefined method Shop::index() D:\WORK\PHP\KUMYO\www\app\controllers\web\Shop.php 40
ERROR - 2021-08-31 23:35:26 --> Severity: error --> Exception: Call to undefined method Shop::index() D:\WORK\PHP\KUMYO\www\app\controllers\web\Shop.php 40
ERROR - 2021-08-31 23:36:26 --> Severity: error --> Exception: Call to undefined method Shop::index() D:\WORK\PHP\KUMYO\www\app\controllers\web\Shop.php 40
ERROR - 2021-08-31 23:37:04 --> Severity: error --> Exception: Call to undefined method Shop::index() D:\WORK\PHP\KUMYO\www\app\controllers\web\Shop.php 40
ERROR - 2021-08-31 23:37:05 --> Severity: error --> Exception: Call to undefined method Shop::index() D:\WORK\PHP\KUMYO\www\app\controllers\web\Shop.php 40
ERROR - 2021-08-31 23:37:05 --> Severity: error --> Exception: Call to undefined method Shop::index() D:\WORK\PHP\KUMYO\www\app\controllers\web\Shop.php 40
ERROR - 2021-08-31 23:37:05 --> Severity: error --> Exception: Call to undefined method Shop::index() D:\WORK\PHP\KUMYO\www\app\controllers\web\Shop.php 40
ERROR - 2021-08-31 23:37:05 --> Severity: error --> Exception: Call to undefined method Shop::index() D:\WORK\PHP\KUMYO\www\app\controllers\web\Shop.php 40
ERROR - 2021-08-31 23:37:05 --> Severity: error --> Exception: Call to undefined method Shop::index() D:\WORK\PHP\KUMYO\www\app\controllers\web\Shop.php 40
ERROR - 2021-08-31 23:37:26 --> Severity: error --> Exception: Call to undefined method Shop::index() D:\WORK\PHP\KUMYO\www\app\controllers\web\Shop.php 40
ERROR - 2021-08-31 23:38:26 --> Severity: error --> Exception: Call to undefined method Shop::index() D:\WORK\PHP\KUMYO\www\app\controllers\web\Shop.php 40
ERROR - 2021-08-31 23:39:10 --> Severity: error --> Exception: Call to undefined method Shop::index() D:\WORK\PHP\KUMYO\www\app\controllers\web\Shop.php 40
ERROR - 2021-08-31 23:39:10 --> Severity: error --> Exception: Call to undefined method Shop::index() D:\WORK\PHP\KUMYO\www\app\controllers\web\Shop.php 40
ERROR - 2021-08-31 23:39:11 --> Severity: error --> Exception: Call to undefined method Shop::index() D:\WORK\PHP\KUMYO\www\app\controllers\web\Shop.php 40
ERROR - 2021-08-31 23:39:11 --> Severity: error --> Exception: Call to undefined method Shop::index() D:\WORK\PHP\KUMYO\www\app\controllers\web\Shop.php 40
ERROR - 2021-08-31 23:39:11 --> Severity: error --> Exception: Call to undefined method Shop::index() D:\WORK\PHP\KUMYO\www\app\controllers\web\Shop.php 40
ERROR - 2021-08-31 23:39:11 --> Severity: error --> Exception: Call to undefined method Shop::index() D:\WORK\PHP\KUMYO\www\app\controllers\web\Shop.php 40
ERROR - 2021-08-31 23:39:26 --> Severity: error --> Exception: Call to undefined method Shop::index() D:\WORK\PHP\KUMYO\www\app\controllers\web\Shop.php 40
ERROR - 2021-08-31 23:39:47 --> Severity: error --> Exception: Call to undefined method Shop::index() D:\WORK\PHP\KUMYO\www\app\controllers\web\Shop.php 40
ERROR - 2021-08-31 23:39:47 --> Severity: error --> Exception: Call to undefined method Shop::index() D:\WORK\PHP\KUMYO\www\app\controllers\web\Shop.php 40
ERROR - 2021-08-31 23:39:47 --> Severity: error --> Exception: Call to undefined method Shop::index() D:\WORK\PHP\KUMYO\www\app\controllers\web\Shop.php 40
ERROR - 2021-08-31 23:39:48 --> Severity: error --> Exception: Call to undefined method Shop::index() D:\WORK\PHP\KUMYO\www\app\controllers\web\Shop.php 40
ERROR - 2021-08-31 23:39:48 --> Severity: error --> Exception: Call to undefined method Shop::index() D:\WORK\PHP\KUMYO\www\app\controllers\web\Shop.php 40
ERROR - 2021-08-31 23:39:48 --> Severity: error --> Exception: Call to undefined method Shop::index() D:\WORK\PHP\KUMYO\www\app\controllers\web\Shop.php 40
ERROR - 2021-08-31 23:40:12 --> Severity: error --> Exception: Call to undefined method Shop::index() D:\WORK\PHP\KUMYO\www\app\controllers\web\Shop.php 40
ERROR - 2021-08-31 23:40:12 --> Severity: error --> Exception: Call to undefined method Shop::index() D:\WORK\PHP\KUMYO\www\app\controllers\web\Shop.php 40
ERROR - 2021-08-31 23:40:12 --> Severity: error --> Exception: Call to undefined method Shop::index() D:\WORK\PHP\KUMYO\www\app\controllers\web\Shop.php 40
ERROR - 2021-08-31 23:40:12 --> Severity: error --> Exception: Call to undefined method Shop::index() D:\WORK\PHP\KUMYO\www\app\controllers\web\Shop.php 40
ERROR - 2021-08-31 23:40:12 --> Severity: error --> Exception: Call to undefined method Shop::index() D:\WORK\PHP\KUMYO\www\app\controllers\web\Shop.php 40
ERROR - 2021-08-31 23:40:12 --> Severity: error --> Exception: Call to undefined method Shop::index() D:\WORK\PHP\KUMYO\www\app\controllers\web\Shop.php 40
ERROR - 2021-08-31 23:40:24 --> Severity: error --> Exception: Call to undefined method Shop::index() D:\WORK\PHP\KUMYO\www\app\controllers\web\Shop.php 40
ERROR - 2021-08-31 23:40:24 --> Severity: error --> Exception: Call to undefined method Shop::index() D:\WORK\PHP\KUMYO\www\app\controllers\web\Shop.php 40
ERROR - 2021-08-31 23:40:24 --> Severity: error --> Exception: Call to undefined method Shop::index() D:\WORK\PHP\KUMYO\www\app\controllers\web\Shop.php 40
ERROR - 2021-08-31 23:40:24 --> Severity: error --> Exception: Call to undefined method Shop::index() D:\WORK\PHP\KUMYO\www\app\controllers\web\Shop.php 40
ERROR - 2021-08-31 23:40:24 --> Severity: error --> Exception: Call to undefined method Shop::index() D:\WORK\PHP\KUMYO\www\app\controllers\web\Shop.php 40
ERROR - 2021-08-31 23:40:25 --> Severity: error --> Exception: Call to undefined method Shop::index() D:\WORK\PHP\KUMYO\www\app\controllers\web\Shop.php 40
ERROR - 2021-08-31 23:40:26 --> Severity: error --> Exception: Call to undefined method Shop::index() D:\WORK\PHP\KUMYO\www\app\controllers\web\Shop.php 40
ERROR - 2021-08-31 23:40:32 --> Severity: error --> Exception: Call to undefined method Shop::index() D:\WORK\PHP\KUMYO\www\app\controllers\web\Shop.php 40
ERROR - 2021-08-31 23:40:33 --> Severity: error --> Exception: Call to undefined method Shop::index() D:\WORK\PHP\KUMYO\www\app\controllers\web\Shop.php 40
ERROR - 2021-08-31 23:40:33 --> Severity: error --> Exception: Call to undefined method Shop::index() D:\WORK\PHP\KUMYO\www\app\controllers\web\Shop.php 40
ERROR - 2021-08-31 23:40:33 --> Severity: error --> Exception: Call to undefined method Shop::index() D:\WORK\PHP\KUMYO\www\app\controllers\web\Shop.php 40
ERROR - 2021-08-31 23:40:33 --> Severity: error --> Exception: Call to undefined method Shop::index() D:\WORK\PHP\KUMYO\www\app\controllers\web\Shop.php 40
ERROR - 2021-08-31 23:40:33 --> Severity: error --> Exception: Call to undefined method Shop::index() D:\WORK\PHP\KUMYO\www\app\controllers\web\Shop.php 40
ERROR - 2021-08-31 23:41:18 --> Severity: error --> Exception: Call to undefined method Shop::index() D:\WORK\PHP\KUMYO\www\app\controllers\web\Shop.php 40
ERROR - 2021-08-31 23:41:18 --> Severity: error --> Exception: Call to undefined method Shop::index() D:\WORK\PHP\KUMYO\www\app\controllers\web\Shop.php 40
ERROR - 2021-08-31 23:41:18 --> Severity: error --> Exception: Call to undefined method Shop::index() D:\WORK\PHP\KUMYO\www\app\controllers\web\Shop.php 40
ERROR - 2021-08-31 23:41:19 --> Severity: error --> Exception: Call to undefined method Shop::index() D:\WORK\PHP\KUMYO\www\app\controllers\web\Shop.php 40
ERROR - 2021-08-31 23:41:19 --> Severity: error --> Exception: Call to undefined method Shop::index() D:\WORK\PHP\KUMYO\www\app\controllers\web\Shop.php 40
ERROR - 2021-08-31 23:41:24 --> Severity: error --> Exception: Call to undefined method Shop::index() D:\WORK\PHP\KUMYO\www\app\controllers\web\Shop.php 40
ERROR - 2021-08-31 23:41:24 --> Severity: error --> Exception: Call to undefined method Shop::index() D:\WORK\PHP\KUMYO\www\app\controllers\web\Shop.php 40
ERROR - 2021-08-31 23:41:24 --> Severity: error --> Exception: Call to undefined method Shop::index() D:\WORK\PHP\KUMYO\www\app\controllers\web\Shop.php 40
ERROR - 2021-08-31 23:41:24 --> Severity: error --> Exception: Call to undefined method Shop::index() D:\WORK\PHP\KUMYO\www\app\controllers\web\Shop.php 40
ERROR - 2021-08-31 23:41:25 --> Severity: error --> Exception: Call to undefined method Shop::index() D:\WORK\PHP\KUMYO\www\app\controllers\web\Shop.php 40
ERROR - 2021-08-31 23:41:26 --> Severity: error --> Exception: Call to undefined method Shop::index() D:\WORK\PHP\KUMYO\www\app\controllers\web\Shop.php 40
ERROR - 2021-08-31 23:42:06 --> Severity: error --> Exception: Call to undefined method Shop::index() D:\WORK\PHP\KUMYO\www\app\controllers\web\Shop.php 40
ERROR - 2021-08-31 23:42:08 --> Severity: error --> Exception: Call to undefined method Shop::index() D:\WORK\PHP\KUMYO\www\app\controllers\web\Shop.php 40
ERROR - 2021-08-31 23:42:09 --> Severity: error --> Exception: Call to undefined method Shop::index() D:\WORK\PHP\KUMYO\www\app\controllers\web\Shop.php 40
ERROR - 2021-08-31 23:42:09 --> Severity: error --> Exception: Call to undefined method Shop::index() D:\WORK\PHP\KUMYO\www\app\controllers\web\Shop.php 40
ERROR - 2021-08-31 23:42:09 --> Severity: error --> Exception: Call to undefined method Shop::index() D:\WORK\PHP\KUMYO\www\app\controllers\web\Shop.php 40
ERROR - 2021-08-31 23:42:09 --> Severity: error --> Exception: Call to undefined method Shop::index() D:\WORK\PHP\KUMYO\www\app\controllers\web\Shop.php 40
ERROR - 2021-08-31 23:43:07 --> Severity: error --> Exception: Call to undefined method Shop::index() D:\WORK\PHP\KUMYO\www\app\controllers\web\Shop.php 40
ERROR - 2021-08-31 23:43:34 --> 404 Page Not Found: /index
ERROR - 2021-08-31 23:43:36 --> Severity: error --> Exception: Call to undefined method Shop::index() D:\WORK\PHP\KUMYO\www\app\controllers\web\Shop.php 40
ERROR - 2021-08-31 23:43:36 --> Severity: error --> Exception: Call to undefined method Shop::index() D:\WORK\PHP\KUMYO\www\app\controllers\web\Shop.php 40
ERROR - 2021-08-31 23:43:36 --> Severity: error --> Exception: Call to undefined method Shop::index() D:\WORK\PHP\KUMYO\www\app\controllers\web\Shop.php 40
ERROR - 2021-08-31 23:43:36 --> Severity: error --> Exception: Call to undefined method Shop::index() D:\WORK\PHP\KUMYO\www\app\controllers\web\Shop.php 40
ERROR - 2021-08-31 23:43:36 --> Severity: error --> Exception: Call to undefined method Shop::index() D:\WORK\PHP\KUMYO\www\app\controllers\web\Shop.php 40
ERROR - 2021-08-31 23:44:12 --> Severity: error --> Exception: Call to undefined method Shop::index() D:\WORK\PHP\KUMYO\www\app\controllers\web\Shop.php 40
ERROR - 2021-08-31 23:44:12 --> Severity: error --> Exception: Call to undefined method Shop::index() D:\WORK\PHP\KUMYO\www\app\controllers\web\Shop.php 40
ERROR - 2021-08-31 23:44:12 --> Severity: error --> Exception: Call to undefined method Shop::index() D:\WORK\PHP\KUMYO\www\app\controllers\web\Shop.php 40
ERROR - 2021-08-31 23:44:12 --> Severity: error --> Exception: Call to undefined method Shop::index() D:\WORK\PHP\KUMYO\www\app\controllers\web\Shop.php 40
ERROR - 2021-08-31 23:44:12 --> Severity: error --> Exception: Call to undefined method Shop::index() D:\WORK\PHP\KUMYO\www\app\controllers\web\Shop.php 40
ERROR - 2021-08-31 23:44:22 --> Severity: error --> Exception: Call to undefined method Shop::index() D:\WORK\PHP\KUMYO\www\app\controllers\web\Shop.php 40
ERROR - 2021-08-31 23:44:22 --> Severity: error --> Exception: Call to undefined method Shop::index() D:\WORK\PHP\KUMYO\www\app\controllers\web\Shop.php 40
ERROR - 2021-08-31 23:44:22 --> Severity: error --> Exception: Call to undefined method Shop::index() D:\WORK\PHP\KUMYO\www\app\controllers\web\Shop.php 40
ERROR - 2021-08-31 23:44:22 --> Severity: error --> Exception: Call to undefined method Shop::index() D:\WORK\PHP\KUMYO\www\app\controllers\web\Shop.php 40
ERROR - 2021-08-31 23:44:23 --> Severity: error --> Exception: Call to undefined method Shop::index() D:\WORK\PHP\KUMYO\www\app\controllers\web\Shop.php 40
ERROR - 2021-08-31 23:44:29 --> Severity: error --> Exception: Call to undefined method Shop::index() D:\WORK\PHP\KUMYO\www\app\controllers\web\Shop.php 40
ERROR - 2021-08-31 23:44:47 --> 404 Page Not Found: /index
ERROR - 2021-08-31 23:44:49 --> Severity: error --> Exception: Call to undefined method Shop::index() D:\WORK\PHP\KUMYO\www\app\controllers\web\Shop.php 40
ERROR - 2021-08-31 23:44:49 --> Severity: error --> Exception: Call to undefined method Shop::index() D:\WORK\PHP\KUMYO\www\app\controllers\web\Shop.php 40
ERROR - 2021-08-31 23:44:49 --> Severity: error --> Exception: Call to undefined method Shop::index() D:\WORK\PHP\KUMYO\www\app\controllers\web\Shop.php 40
ERROR - 2021-08-31 23:44:49 --> Severity: error --> Exception: Call to undefined method Shop::index() D:\WORK\PHP\KUMYO\www\app\controllers\web\Shop.php 40
ERROR - 2021-08-31 23:44:50 --> Severity: error --> Exception: Call to undefined method Shop::index() D:\WORK\PHP\KUMYO\www\app\controllers\web\Shop.php 40
ERROR - 2021-08-31 23:44:53 --> Severity: error --> Exception: Call to undefined method Shop::index() D:\WORK\PHP\KUMYO\www\app\controllers\web\Shop.php 40
ERROR - 2021-08-31 23:44:53 --> Severity: error --> Exception: Call to undefined method Shop::index() D:\WORK\PHP\KUMYO\www\app\controllers\web\Shop.php 40
ERROR - 2021-08-31 23:44:53 --> Severity: error --> Exception: Call to undefined method Shop::index() D:\WORK\PHP\KUMYO\www\app\controllers\web\Shop.php 40
ERROR - 2021-08-31 23:44:53 --> Severity: error --> Exception: Call to undefined method Shop::index() D:\WORK\PHP\KUMYO\www\app\controllers\web\Shop.php 40
ERROR - 2021-08-31 23:44:53 --> Severity: error --> Exception: Call to undefined method Shop::index() D:\WORK\PHP\KUMYO\www\app\controllers\web\Shop.php 40
ERROR - 2021-08-31 23:45:44 --> Severity: error --> Exception: Call to undefined method Shop::index() D:\WORK\PHP\KUMYO\www\app\controllers\web\Shop.php 40
ERROR - 2021-08-31 23:45:44 --> Severity: error --> Exception: Call to undefined method Shop::index() D:\WORK\PHP\KUMYO\www\app\controllers\web\Shop.php 40
ERROR - 2021-08-31 23:45:45 --> Severity: error --> Exception: Call to undefined method Shop::index() D:\WORK\PHP\KUMYO\www\app\controllers\web\Shop.php 40
ERROR - 2021-08-31 23:45:45 --> Severity: error --> Exception: Call to undefined method Shop::index() D:\WORK\PHP\KUMYO\www\app\controllers\web\Shop.php 40
ERROR - 2021-08-31 23:45:45 --> Severity: error --> Exception: Call to undefined method Shop::index() D:\WORK\PHP\KUMYO\www\app\controllers\web\Shop.php 40
ERROR - 2021-08-31 23:46:02 --> Severity: error --> Exception: Call to undefined method Shop::index() D:\WORK\PHP\KUMYO\www\app\controllers\web\Shop.php 40
ERROR - 2021-08-31 23:46:02 --> Severity: error --> Exception: Call to undefined method Shop::index() D:\WORK\PHP\KUMYO\www\app\controllers\web\Shop.php 40
ERROR - 2021-08-31 23:46:03 --> Severity: error --> Exception: Call to undefined method Shop::index() D:\WORK\PHP\KUMYO\www\app\controllers\web\Shop.php 40
ERROR - 2021-08-31 23:46:03 --> Severity: error --> Exception: Call to undefined method Shop::index() D:\WORK\PHP\KUMYO\www\app\controllers\web\Shop.php 40
ERROR - 2021-08-31 23:46:03 --> Severity: error --> Exception: Call to undefined method Shop::index() D:\WORK\PHP\KUMYO\www\app\controllers\web\Shop.php 40
ERROR - 2021-08-31 23:46:43 --> Severity: error --> Exception: Call to undefined method Shop::index() D:\WORK\PHP\KUMYO\www\app\controllers\web\Shop.php 40
ERROR - 2021-08-31 23:49:48 --> 404 Page Not Found: /index
