ERROR - 2023-02-15 17:12:31 --> Severity: Notice --> Undefined index:  D:\WORK\PHP\SWCLEAN\www\app\hooks\common.php 19
ERROR - 2023-02-15 17:12:31 --> 404 Page Not Found: web/Assets/js
ERROR - 2023-02-15 17:12:31 --> 404 Page Not Found: web/Img/main
ERROR - 2023-02-15 17:12:32 --> 404 Page Not Found: web/Img/main
ERROR - 2023-02-15 17:12:32 --> 404 Page Not Found: web/Img/main
ERROR - 2023-02-15 17:12:32 --> 404 Page Not Found: web/Img/main
ERROR - 2023-02-15 17:12:32 --> 404 Page Not Found: web/Img/main
ERROR - 2023-02-15 17:12:32 --> 404 Page Not Found: web/Img/main
ERROR - 2023-02-15 17:12:32 --> 404 Page Not Found: web/Img/main
ERROR - 2023-02-15 17:12:32 --> 404 Page Not Found: web/Img/team
ERROR - 2023-02-15 17:12:32 --> 404 Page Not Found: /index
ERROR - 2023-02-15 17:12:32 --> 404 Page Not Found: web/Img/demos
ERROR - 2023-02-15 17:12:32 --> 404 Page Not Found: web/Img/demos
ERROR - 2023-02-15 17:12:32 --> 404 Page Not Found: web/Img/demos
ERROR - 2023-02-15 17:12:32 --> 404 Page Not Found: web/Img/demos
ERROR - 2023-02-15 17:12:32 --> 404 Page Not Found: web/Movie/main_01.mp4
ERROR - 2023-02-15 17:12:32 --> 404 Page Not Found: web/Movie/main_02.mp4
ERROR - 2023-02-15 17:12:32 --> 404 Page Not Found: web/Movie/main_03.mp4
ERROR - 2023-02-15 17:12:32 --> 404 Page Not Found: web/Movie/1_ai.mp4
ERROR - 2023-02-15 17:12:32 --> 404 Page Not Found: /index
ERROR - 2023-02-15 17:12:32 --> 404 Page Not Found: /index
ERROR - 2023-02-15 17:12:32 --> 404 Page Not Found: /index
ERROR - 2023-02-15 17:12:32 --> 404 Page Not Found: /index
ERROR - 2023-02-15 17:12:47 --> 404 Page Not Found: web/Img/demos
ERROR - 2023-02-15 17:12:47 --> 404 Page Not Found: web/Img/demos
ERROR - 2023-02-15 17:12:47 --> 404 Page Not Found: web/Assets/js
ERROR - 2023-02-15 17:12:47 --> 404 Page Not Found: web/Img/demos
ERROR - 2023-02-15 17:12:47 --> 404 Page Not Found: web/Img/demos
ERROR - 2023-02-15 17:12:47 --> 404 Page Not Found: web/Img/demos
ERROR - 2023-02-15 17:12:47 --> 404 Page Not Found: web/Img/demos
ERROR - 2023-02-15 17:12:47 --> 404 Page Not Found: web/Img/demos
ERROR - 2023-02-15 17:12:47 --> 404 Page Not Found: web/Img/demos
ERROR - 2023-02-15 17:12:47 --> 404 Page Not Found: web/Img/demos
ERROR - 2023-02-15 17:12:47 --> 404 Page Not Found: web/Img/demos
ERROR - 2023-02-15 17:12:47 --> 404 Page Not Found: web/Img/demos
ERROR - 2023-02-15 17:12:47 --> 404 Page Not Found: web/Img/demos
ERROR - 2023-02-15 17:12:47 --> 404 Page Not Found: web/Img/demos
ERROR - 2023-02-15 17:12:54 --> 404 Page Not Found: web/Img/demos
ERROR - 2023-02-15 17:12:54 --> 404 Page Not Found: web/Img/demos
ERROR - 2023-02-15 17:12:54 --> 404 Page Not Found: web/Img/demos
ERROR - 2023-02-15 17:14:16 --> 404 Page Not Found: web/Img/demos
ERROR - 2023-02-15 17:14:16 --> 404 Page Not Found: web/Img/demos
ERROR - 2023-02-15 17:14:16 --> 404 Page Not Found: web/Img/demos
ERROR - 2023-02-15 17:14:16 --> 404 Page Not Found: web/Img/demos
ERROR - 2023-02-15 17:14:16 --> 404 Page Not Found: web/Img/demos
ERROR - 2023-02-15 17:14:20 --> 404 Page Not Found: web/Img/demos
ERROR - 2023-02-15 17:14:20 --> 404 Page Not Found: web/Img/demos
ERROR - 2023-02-15 17:14:20 --> 404 Page Not Found: web/Img/demos
ERROR - 2023-02-15 17:14:20 --> 404 Page Not Found: web/Img/demos
