ERROR - 2021-11-27 04:11:13 --> Severity: Notice --> Undefined index: mi_img D:\WORK\PHP\PIXCELCAST\www\app\views\web\eng\index.php 2
ERROR - 2021-11-27 04:11:13 --> Severity: Notice --> Undefined index: mi_img D:\WORK\PHP\PIXCELCAST\www\app\views\web\eng\index.php 2
ERROR - 2021-11-27 04:11:13 --> Severity: Notice --> Undefined index: mi_img D:\WORK\PHP\PIXCELCAST\www\app\views\web\eng\index.php 2
ERROR - 2021-11-27 04:11:14 --> Severity: Notice --> Undefined index: mi_img D:\WORK\PHP\PIXCELCAST\www\app\views\web\eng\index.php 2
ERROR - 2021-11-27 04:11:14 --> Severity: Notice --> Undefined index: mi_img D:\WORK\PHP\PIXCELCAST\www\app\views\web\eng\index.php 2
ERROR - 2021-11-27 04:11:14 --> Severity: Notice --> Undefined index: mi_img D:\WORK\PHP\PIXCELCAST\www\app\views\web\eng\index.php 2
ERROR - 2021-11-27 04:11:14 --> Severity: Notice --> Undefined index: mi_img D:\WORK\PHP\PIXCELCAST\www\app\views\web\eng\index.php 2
ERROR - 2021-11-27 04:11:14 --> 404 Page Not Found: /index
ERROR - 2021-11-27 04:11:14 --> Severity: Notice --> Undefined index: mi_img D:\WORK\PHP\PIXCELCAST\www\app\views\web\eng\index.php 2
ERROR - 2021-11-27 04:11:15 --> Severity: Notice --> Undefined index: mi_img D:\WORK\PHP\PIXCELCAST\www\app\views\web\eng\index.php 2
ERROR - 2021-11-27 04:11:15 --> Severity: Notice --> Undefined index: mi_img D:\WORK\PHP\PIXCELCAST\www\app\views\web\eng\index.php 2
ERROR - 2021-11-27 04:11:15 --> Severity: Notice --> Undefined index: mi_img D:\WORK\PHP\PIXCELCAST\www\app\views\web\eng\index.php 2
ERROR - 2021-11-27 04:11:15 --> Severity: Notice --> Undefined index: mi_img D:\WORK\PHP\PIXCELCAST\www\app\views\web\eng\index.php 2
ERROR - 2021-11-27 04:11:15 --> Severity: Notice --> Undefined index: mi_img D:\WORK\PHP\PIXCELCAST\www\app\views\web\eng\index.php 2
ERROR - 2021-11-27 04:11:16 --> Severity: Notice --> Undefined index: mi_img D:\WORK\PHP\PIXCELCAST\www\app\views\web\eng\index.php 2
ERROR - 2021-11-27 04:11:16 --> Severity: Notice --> Undefined index: mi_img D:\WORK\PHP\PIXCELCAST\www\app\views\web\eng\index.php 2
ERROR - 2021-11-27 04:11:16 --> Severity: Notice --> Undefined index: mi_img D:\WORK\PHP\PIXCELCAST\www\app\views\web\eng\index.php 2
ERROR - 2021-11-27 04:11:16 --> Severity: Notice --> Undefined index: mi_img D:\WORK\PHP\PIXCELCAST\www\app\views\web\eng\index.php 2
ERROR - 2021-11-27 04:11:16 --> Severity: Notice --> Undefined index: mi_img D:\WORK\PHP\PIXCELCAST\www\app\views\web\eng\index.php 2
ERROR - 2021-11-27 04:11:17 --> Severity: Notice --> Undefined index: mi_img D:\WORK\PHP\PIXCELCAST\www\app\views\web\eng\index.php 2
ERROR - 2021-11-27 04:11:17 --> Severity: Notice --> Undefined index: mi_img D:\WORK\PHP\PIXCELCAST\www\app\views\web\eng\index.php 2
ERROR - 2021-11-27 04:11:17 --> Severity: Notice --> Undefined index: mi_img D:\WORK\PHP\PIXCELCAST\www\app\views\web\eng\index.php 2
ERROR - 2021-11-27 04:11:17 --> Severity: Notice --> Undefined index: mi_img D:\WORK\PHP\PIXCELCAST\www\app\views\web\eng\index.php 2
ERROR - 2021-11-27 04:11:17 --> Severity: Notice --> Undefined index: mi_img D:\WORK\PHP\PIXCELCAST\www\app\views\web\eng\index.php 2
ERROR - 2021-11-27 04:11:17 --> Severity: Notice --> Undefined index: mi_img D:\WORK\PHP\PIXCELCAST\www\app\views\web\eng\index.php 2
ERROR - 2021-11-27 04:11:18 --> Severity: Notice --> Undefined index: mi_img D:\WORK\PHP\PIXCELCAST\www\app\views\web\eng\index.php 2
ERROR - 2021-11-27 04:11:18 --> Severity: Notice --> Undefined index: mi_img D:\WORK\PHP\PIXCELCAST\www\app\views\web\eng\index.php 2
ERROR - 2021-11-27 04:11:18 --> Severity: Notice --> Undefined index: mi_img D:\WORK\PHP\PIXCELCAST\www\app\views\web\eng\index.php 2
ERROR - 2021-11-27 04:11:22 --> 404 Page Not Found: /index
ERROR - 2021-11-27 04:11:36 --> Severity: Notice --> Undefined index: mi_img D:\WORK\PHP\PIXCELCAST\www\app\views\web\eng\index.php 2
ERROR - 2021-11-27 04:11:36 --> Severity: Notice --> Undefined index: mi_img D:\WORK\PHP\PIXCELCAST\www\app\views\web\eng\index.php 2
ERROR - 2021-11-27 04:11:36 --> Severity: Notice --> Undefined index: mi_img D:\WORK\PHP\PIXCELCAST\www\app\views\web\eng\index.php 2
ERROR - 2021-11-27 04:11:36 --> Severity: Notice --> Undefined index: mi_img D:\WORK\PHP\PIXCELCAST\www\app\views\web\eng\index.php 2
ERROR - 2021-11-27 04:11:36 --> Severity: Notice --> Undefined index: mi_img D:\WORK\PHP\PIXCELCAST\www\app\views\web\eng\index.php 2
ERROR - 2021-11-27 04:11:37 --> Severity: Notice --> Undefined index: mi_img D:\WORK\PHP\PIXCELCAST\www\app\views\web\eng\index.php 2
ERROR - 2021-11-27 04:11:37 --> Severity: Notice --> Undefined index: mi_img D:\WORK\PHP\PIXCELCAST\www\app\views\web\eng\index.php 2
ERROR - 2021-11-27 04:11:37 --> Severity: Notice --> Undefined index: mi_img D:\WORK\PHP\PIXCELCAST\www\app\views\web\eng\index.php 2
ERROR - 2021-11-27 04:11:37 --> Severity: Notice --> Undefined index: mi_img D:\WORK\PHP\PIXCELCAST\www\app\views\web\eng\index.php 2
ERROR - 2021-11-27 04:11:37 --> Severity: Notice --> Undefined index: mi_img D:\WORK\PHP\PIXCELCAST\www\app\views\web\eng\index.php 2
ERROR - 2021-11-27 04:11:38 --> Severity: Notice --> Undefined index: mi_img D:\WORK\PHP\PIXCELCAST\www\app\views\web\eng\index.php 2
ERROR - 2021-11-27 04:11:38 --> Severity: Notice --> Undefined index: mi_img D:\WORK\PHP\PIXCELCAST\www\app\views\web\eng\index.php 2
ERROR - 2021-11-27 04:11:38 --> Severity: Notice --> Undefined index: mi_img D:\WORK\PHP\PIXCELCAST\www\app\views\web\eng\index.php 2
ERROR - 2021-11-27 04:11:38 --> Severity: Notice --> Undefined index: mi_img D:\WORK\PHP\PIXCELCAST\www\app\views\web\eng\index.php 2
ERROR - 2021-11-27 04:11:38 --> Severity: Notice --> Undefined index: mi_img D:\WORK\PHP\PIXCELCAST\www\app\views\web\eng\index.php 2
ERROR - 2021-11-27 04:11:39 --> Severity: Notice --> Undefined index: mi_img D:\WORK\PHP\PIXCELCAST\www\app\views\web\eng\index.php 2
ERROR - 2021-11-27 04:11:39 --> Severity: Notice --> Undefined index: mi_img D:\WORK\PHP\PIXCELCAST\www\app\views\web\eng\index.php 2
ERROR - 2021-11-27 04:11:39 --> Severity: Notice --> Undefined index: mi_img D:\WORK\PHP\PIXCELCAST\www\app\views\web\eng\index.php 2
ERROR - 2021-11-27 04:11:39 --> Severity: Notice --> Undefined index: mi_img D:\WORK\PHP\PIXCELCAST\www\app\views\web\eng\index.php 2
ERROR - 2021-11-27 04:11:39 --> Severity: Notice --> Undefined index: mi_img D:\WORK\PHP\PIXCELCAST\www\app\views\web\eng\index.php 2
ERROR - 2021-11-27 04:11:39 --> Severity: Notice --> Undefined index: mi_img D:\WORK\PHP\PIXCELCAST\www\app\views\web\eng\index.php 2
ERROR - 2021-11-27 04:11:40 --> Severity: Notice --> Undefined index: mi_img D:\WORK\PHP\PIXCELCAST\www\app\views\web\eng\index.php 2
ERROR - 2021-11-27 04:11:40 --> Severity: Notice --> Undefined index: mi_img D:\WORK\PHP\PIXCELCAST\www\app\views\web\eng\index.php 2
ERROR - 2021-11-27 04:11:40 --> Severity: Notice --> Undefined index: mi_img D:\WORK\PHP\PIXCELCAST\www\app\views\web\eng\index.php 2
ERROR - 2021-11-27 04:11:40 --> Severity: Notice --> Undefined index: mi_img D:\WORK\PHP\PIXCELCAST\www\app\views\web\eng\index.php 2
ERROR - 2021-11-27 04:11:40 --> 404 Page Not Found: /index
ERROR - 2021-11-27 04:11:40 --> Severity: Notice --> Undefined index: mi_img D:\WORK\PHP\PIXCELCAST\www\app\views\web\eng\index.php 2
ERROR - 2021-11-27 04:11:48 --> Severity: Notice --> Undefined index: mi_img D:\WORK\PHP\PIXCELCAST\www\app\views\web\eng\index.php 2
ERROR - 2021-11-27 04:11:50 --> Severity: Notice --> Undefined index: mi_img D:\WORK\PHP\PIXCELCAST\www\app\views\web\eng\index.php 2
ERROR - 2021-11-27 04:12:41 --> 404 Page Not Found: /index
ERROR - 2021-11-27 04:13:18 --> Severity: Notice --> Undefined index:  D:\WORK\PHP\PIXCELCAST\www\app\hooks\common.php 19
ERROR - 2021-11-27 04:13:18 --> 404 Page Not Found: web/Img/favicon.ico
ERROR - 2021-11-27 04:13:26 --> 404 Page Not Found: web/Img/lazy.png
ERROR - 2021-11-27 04:13:26 --> 404 Page Not Found: /index
ERROR - 2021-11-27 04:13:27 --> 404 Page Not Found: web/Img/favicon.ico
ERROR - 2021-11-27 04:13:28 --> 404 Page Not Found: web/Img/landing
ERROR - 2021-11-27 04:15:15 --> 404 Page Not Found: web/Img/lazy.png
ERROR - 2021-11-27 04:15:15 --> 404 Page Not Found: web/Img/favicon.ico
ERROR - 2021-11-27 04:17:01 --> 404 Page Not Found: web/Img/lazy.png
ERROR - 2021-11-27 04:17:01 --> 404 Page Not Found: web/Img/landing
ERROR - 2021-11-27 04:17:07 --> 404 Page Not Found: web/Img/landing
ERROR - 2021-11-27 04:20:48 --> 404 Page Not Found: web/Img/lazy.png
ERROR - 2021-11-27 04:20:48 --> 404 Page Not Found: web/Img/landing
ERROR - 2021-11-27 04:20:49 --> 404 Page Not Found: web/Img/favicon.ico
ERROR - 2021-11-27 04:20:49 --> 404 Page Not Found: web/Img/landing
ERROR - 2021-11-27 04:21:21 --> 404 Page Not Found: /index
ERROR - 2021-11-27 04:21:28 --> 404 Page Not Found: web/Img/favicon.ico
ERROR - 2021-11-27 04:21:30 --> 404 Page Not Found: /index
ERROR - 2021-11-27 04:21:46 --> 404 Page Not Found: web/Img/lazy.png
ERROR - 2021-11-27 04:21:47 --> 404 Page Not Found: web/Img/landing
ERROR - 2021-11-27 04:21:47 --> 404 Page Not Found: web/Img/favicon.ico
ERROR - 2021-11-27 04:21:48 --> 404 Page Not Found: web/Img/landing
ERROR - 2021-11-27 04:21:58 --> 404 Page Not Found: web/Img/lazy.png
ERROR - 2021-11-27 04:21:58 --> 404 Page Not Found: web/Img/landing
ERROR - 2021-11-27 04:21:58 --> 404 Page Not Found: web/Img/favicon.ico
ERROR - 2021-11-27 04:22:10 --> 404 Page Not Found: web/Img/lazy.png
ERROR - 2021-11-27 04:22:10 --> 404 Page Not Found: web/Img/landing
ERROR - 2021-11-27 04:22:10 --> 404 Page Not Found: web/Img/favicon.ico
ERROR - 2021-11-27 04:22:18 --> 404 Page Not Found: web/Img/lazy.png
ERROR - 2021-11-27 04:22:18 --> 404 Page Not Found: web/Img/landing
ERROR - 2021-11-27 04:22:19 --> 404 Page Not Found: web/Img/favicon.ico
ERROR - 2021-11-27 04:22:21 --> 404 Page Not Found: /index
ERROR - 2021-11-27 04:22:25 --> 404 Page Not Found: web/Img/landing
ERROR - 2021-11-27 04:23:31 --> 404 Page Not Found: web/Img/lazy.png
ERROR - 2021-11-27 04:23:31 --> 404 Page Not Found: web/Img/landing
ERROR - 2021-11-27 04:23:32 --> 404 Page Not Found: web/Img/favicon.ico
ERROR - 2021-11-27 04:23:32 --> 404 Page Not Found: web/Img/landing
ERROR - 2021-11-27 04:28:48 --> 404 Page Not Found: web/Img/lazy.png
ERROR - 2021-11-27 04:28:49 --> 404 Page Not Found: /index
ERROR - 2021-11-27 04:28:50 --> 404 Page Not Found: web/Img/landing
ERROR - 2021-11-27 04:28:54 --> 404 Page Not Found: web/Img/lazy.png
ERROR - 2021-11-27 04:28:54 --> 404 Page Not Found: /index
ERROR - 2021-11-27 04:28:56 --> 404 Page Not Found: web/Img/landing
ERROR - 2021-11-27 04:29:03 --> 404 Page Not Found: /index
ERROR - 2021-11-27 04:30:45 --> 404 Page Not Found: web/Img/landing
ERROR - 2021-11-27 04:30:52 --> 404 Page Not Found: web/Img/landing
ERROR - 2021-11-27 04:31:11 --> 404 Page Not Found: web/Img/lazy.png
ERROR - 2021-11-27 04:31:11 --> 404 Page Not Found: web/Img/landing
ERROR - 2021-11-27 04:31:11 --> 404 Page Not Found: web/Img/landing
ERROR - 2021-11-27 04:31:19 --> 404 Page Not Found: web/Img/lazy.png
ERROR - 2021-11-27 04:31:19 --> 404 Page Not Found: web/Img/landing
ERROR - 2021-11-27 04:31:20 --> 404 Page Not Found: web/Img/landing
ERROR - 2021-11-27 04:32:03 --> 404 Page Not Found: web/Img/lazy.png
ERROR - 2021-11-27 04:32:03 --> 404 Page Not Found: web/Img/landing
ERROR - 2021-11-27 04:32:04 --> 404 Page Not Found: web/Img/landing
ERROR - 2021-11-27 04:32:45 --> 404 Page Not Found: web/Img/lazy.png
ERROR - 2021-11-27 04:32:45 --> 404 Page Not Found: web/Img/landing
ERROR - 2021-11-27 04:32:45 --> 404 Page Not Found: web/Img/favicon.ico
ERROR - 2021-11-27 04:32:46 --> 404 Page Not Found: web/Img/landing
ERROR - 2021-11-27 04:32:52 --> 404 Page Not Found: web/Img/lazy.png
ERROR - 2021-11-27 04:32:52 --> 404 Page Not Found: web/Img/landing
ERROR - 2021-11-27 04:32:54 --> 404 Page Not Found: web/Img/landing
ERROR - 2021-11-27 04:33:00 --> 404 Page Not Found: web/Img/lazy.png
ERROR - 2021-11-27 04:33:00 --> 404 Page Not Found: web/Img/landing
ERROR - 2021-11-27 04:33:00 --> 404 Page Not Found: web/Img/landing
ERROR - 2021-11-27 04:33:07 --> 404 Page Not Found: web/Img/lazy.png
ERROR - 2021-11-27 04:33:07 --> 404 Page Not Found: web/Img/landing
ERROR - 2021-11-27 04:33:07 --> 404 Page Not Found: web/Img/landing
ERROR - 2021-11-27 04:33:13 --> 404 Page Not Found: web/Img/lazy.png
ERROR - 2021-11-27 04:33:13 --> 404 Page Not Found: web/Img/landing
ERROR - 2021-11-27 04:33:13 --> 404 Page Not Found: web/Img/landing
ERROR - 2021-11-27 04:33:46 --> 404 Page Not Found: web/Img/lazy.png
ERROR - 2021-11-27 04:33:46 --> 404 Page Not Found: web/Img/landing
ERROR - 2021-11-27 04:33:48 --> 404 Page Not Found: web/Img/landing
ERROR - 2021-11-27 04:34:20 --> 404 Page Not Found: web/Img/lazy.png
ERROR - 2021-11-27 04:34:20 --> 404 Page Not Found: web/Img/landing
ERROR - 2021-11-27 04:34:22 --> 404 Page Not Found: web/Img/landing
ERROR - 2021-11-27 04:34:27 --> 404 Page Not Found: web/Img/lazy.png
ERROR - 2021-11-27 04:34:27 --> 404 Page Not Found: web/Img/landing
ERROR - 2021-11-27 04:34:27 --> 404 Page Not Found: web/Img/favicon.ico
ERROR - 2021-11-27 04:34:30 --> 404 Page Not Found: web/Img/landing
ERROR - 2021-11-27 04:34:35 --> 404 Page Not Found: /index
ERROR - 2021-11-27 04:34:36 --> 404 Page Not Found: /index
ERROR - 2021-11-27 04:35:06 --> 404 Page Not Found: web/Img/lazy.png
ERROR - 2021-11-27 04:35:06 --> 404 Page Not Found: web/Img/landing
ERROR - 2021-11-27 04:35:56 --> 404 Page Not Found: web/Img/lazy.png
ERROR - 2021-11-27 04:35:56 --> 404 Page Not Found: /index
ERROR - 2021-11-27 04:35:57 --> 404 Page Not Found: web/Img/landing
ERROR - 2021-11-27 04:36:09 --> 404 Page Not Found: web/Img/lazy.png
ERROR - 2021-11-27 04:36:09 --> 404 Page Not Found: /index
ERROR - 2021-11-27 04:36:10 --> 404 Page Not Found: web/Img/landing
ERROR - 2021-11-27 04:36:18 --> 404 Page Not Found: web/Img/lazy.png
ERROR - 2021-11-27 04:36:18 --> 404 Page Not Found: web/Img/landing
ERROR - 2021-11-27 04:37:16 --> 404 Page Not Found: web/Img/lazy.png
ERROR - 2021-11-27 04:37:16 --> 404 Page Not Found: web/Img/landing
ERROR - 2021-11-27 04:37:27 --> 404 Page Not Found: web/Img/lazy.png
ERROR - 2021-11-27 04:37:27 --> 404 Page Not Found: web/Img/landing
ERROR - 2021-11-27 04:37:46 --> 404 Page Not Found: web/Img/lazy.png
ERROR - 2021-11-27 04:37:46 --> 404 Page Not Found: web/Img/landing
ERROR - 2021-11-27 04:37:47 --> 404 Page Not Found: web/Img/favicon.ico
ERROR - 2021-11-27 04:37:51 --> 404 Page Not Found: web/About-mehtml/index
ERROR - 2021-11-27 04:37:51 --> 404 Page Not Found: web/About-mehtml/index
ERROR - 2021-11-27 04:37:51 --> 404 Page Not Found: /index
ERROR - 2021-11-27 04:37:52 --> 404 Page Not Found: web/Img/lazy.png
ERROR - 2021-11-27 04:37:52 --> 404 Page Not Found: web/Img/landing
ERROR - 2021-11-27 04:37:53 --> 404 Page Not Found: web/Img/favicon.ico
ERROR - 2021-11-27 04:37:53 --> 404 Page Not Found: web/Img/lazy.png
ERROR - 2021-11-27 04:37:53 --> 404 Page Not Found: web/Img/landing
ERROR - 2021-11-27 04:37:54 --> 404 Page Not Found: web/Img/favicon.ico
ERROR - 2021-11-27 04:38:09 --> 404 Page Not Found: web/Img/lazy.png
ERROR - 2021-11-27 04:38:09 --> 404 Page Not Found: web/Img/landing
ERROR - 2021-11-27 04:38:17 --> 404 Page Not Found: web/Img/landing
ERROR - 2021-11-27 04:38:17 --> 404 Page Not Found: /index
ERROR - 2021-11-27 04:38:27 --> 404 Page Not Found: /index
ERROR - 2021-11-27 04:39:07 --> 404 Page Not Found: web/Img/lazy.png
ERROR - 2021-11-27 04:39:07 --> 404 Page Not Found: /index
ERROR - 2021-11-27 04:39:09 --> 404 Page Not Found: web/Img/landing
ERROR - 2021-11-27 04:39:17 --> 404 Page Not Found: web/Img/landing
ERROR - 2021-11-27 04:39:24 --> 404 Page Not Found: /index
ERROR - 2021-11-27 04:41:49 --> 404 Page Not Found: web/Img/lazy.png
ERROR - 2021-11-27 04:41:49 --> 404 Page Not Found: web/Img/landing
ERROR - 2021-11-27 04:41:51 --> 404 Page Not Found: web/Img/lazy.png
ERROR - 2021-11-27 04:41:51 --> 404 Page Not Found: web/Img/landing
ERROR - 2021-11-27 04:41:52 --> 404 Page Not Found: web/Img/lazy.png
ERROR - 2021-11-27 04:41:52 --> 404 Page Not Found: web/Img/landing
ERROR - 2021-11-27 04:42:31 --> 404 Page Not Found: web/Img/slides
ERROR - 2021-11-27 04:42:31 --> 404 Page Not Found: web/Img/lazy.png
ERROR - 2021-11-27 04:42:31 --> 404 Page Not Found: web/Video/memory-of-a-woman.jpg
ERROR - 2021-11-27 04:42:31 --> 404 Page Not Found: web/Video/memory-of-a-woman.mp4
ERROR - 2021-11-27 04:42:31 --> 404 Page Not Found: web/Video/memory-of-a-woman.webm
ERROR - 2021-11-27 04:42:31 --> 404 Page Not Found: web/Video/memory-of-a-woman.ogv
ERROR - 2021-11-27 04:42:33 --> 404 Page Not Found: web/Img/landing
ERROR - 2021-11-27 04:42:59 --> 404 Page Not Found: web/Img/slides
ERROR - 2021-11-27 04:42:59 --> 404 Page Not Found: web/Img/lazy.png
ERROR - 2021-11-27 04:43:00 --> 404 Page Not Found: web/Video/memory-of-a-woman.jpg
ERROR - 2021-11-27 04:43:00 --> 404 Page Not Found: web/Video/memory-of-a-woman.mp4
ERROR - 2021-11-27 04:43:00 --> 404 Page Not Found: web/Video/memory-of-a-woman.webm
ERROR - 2021-11-27 04:43:00 --> 404 Page Not Found: web/Video/memory-of-a-woman.ogv
ERROR - 2021-11-27 04:43:01 --> 404 Page Not Found: web/Img/landing
ERROR - 2021-11-27 04:43:35 --> 404 Page Not Found: /index
ERROR - 2021-11-27 04:46:12 --> 404 Page Not Found: web/Img/slides
ERROR - 2021-11-27 04:46:13 --> 404 Page Not Found: web/Img/lazy.png
ERROR - 2021-11-27 04:46:13 --> 404 Page Not Found: /index
ERROR - 2021-11-27 04:46:13 --> 404 Page Not Found: web/Img/favicon.ico
ERROR - 2021-11-27 04:46:16 --> 404 Page Not Found: web/Img/landing
ERROR - 2021-11-27 04:46:16 --> 404 Page Not Found: web/Img/slides
ERROR - 2021-11-27 04:46:16 --> 404 Page Not Found: web/Img/lazy.png
ERROR - 2021-11-27 04:46:16 --> 404 Page Not Found: /index
ERROR - 2021-11-27 04:46:17 --> 404 Page Not Found: web/Img/favicon.ico
ERROR - 2021-11-27 04:46:18 --> 404 Page Not Found: web/Img/landing
ERROR - 2021-11-27 04:46:38 --> 404 Page Not Found: web/Img/slides
ERROR - 2021-11-27 04:46:38 --> 404 Page Not Found: web/Img/lazy.png
ERROR - 2021-11-27 04:46:38 --> 404 Page Not Found: /index
ERROR - 2021-11-27 04:46:40 --> 404 Page Not Found: web/Img/landing
ERROR - 2021-11-27 04:47:22 --> 404 Page Not Found: web/Img/lazy.png
ERROR - 2021-11-27 04:47:22 --> 404 Page Not Found: /index
ERROR - 2021-11-27 04:47:23 --> 404 Page Not Found: web/Img/favicon.ico
ERROR - 2021-11-27 04:47:24 --> 404 Page Not Found: web/Img/landing
ERROR - 2021-11-27 04:47:44 --> 404 Page Not Found: web/Img/landing
ERROR - 2021-11-27 04:48:34 --> 404 Page Not Found: web/Img/lazy.png
ERROR - 2021-11-27 04:48:34 --> 404 Page Not Found: web/Img/landing
ERROR - 2021-11-27 04:48:34 --> 404 Page Not Found: /index
ERROR - 2021-11-27 04:49:05 --> 404 Page Not Found: web/Img/lazy.png
ERROR - 2021-11-27 04:49:05 --> 404 Page Not Found: /index
ERROR - 2021-11-27 04:49:06 --> 404 Page Not Found: web/Img/landing
ERROR - 2021-11-27 04:49:07 --> 404 Page Not Found: web/Img/lazy.png
ERROR - 2021-11-27 04:49:07 --> 404 Page Not Found: /index
ERROR - 2021-11-27 04:49:09 --> 404 Page Not Found: web/Img/landing
ERROR - 2021-11-27 04:49:22 --> 404 Page Not Found: web/Img/lazy.png
ERROR - 2021-11-27 04:49:22 --> 404 Page Not Found: /index
ERROR - 2021-11-27 04:49:22 --> 404 Page Not Found: web/Img/landing
ERROR - 2021-11-27 04:49:29 --> 404 Page Not Found: web/Img/favicon.ico
ERROR - 2021-11-27 04:57:11 --> 404 Page Not Found: web/Img/lazy.png
ERROR - 2021-11-27 04:57:11 --> 404 Page Not Found: /index
ERROR - 2021-11-27 04:57:11 --> 404 Page Not Found: web/Img/favicon.ico
ERROR - 2021-11-27 04:57:12 --> 404 Page Not Found: web/Img/lazy.png
ERROR - 2021-11-27 04:57:12 --> 404 Page Not Found: /index
ERROR - 2021-11-27 04:57:14 --> 404 Page Not Found: web/Img/landing
ERROR - 2021-11-27 04:58:58 --> 404 Page Not Found: web/Img/sports
ERROR - 2021-11-27 04:59:00 --> 404 Page Not Found: web/Img/sports
ERROR - 2021-11-27 05:01:25 --> 404 Page Not Found: web/Img/lazy.png
ERROR - 2021-11-27 05:01:26 --> 404 Page Not Found: /index
ERROR - 2021-11-27 05:01:26 --> 404 Page Not Found: web/Img/favicon.ico
ERROR - 2021-11-27 05:09:59 --> 404 Page Not Found: web/Img/lazy.png
ERROR - 2021-11-27 05:10:00 --> 404 Page Not Found: web/Img/favicon.ico
ERROR - 2021-11-27 05:10:01 --> 404 Page Not Found: web/Img/landing
ERROR - 2021-11-27 05:10:11 --> 404 Page Not Found: web/Img/landing
