ERROR - 2021-12-08 19:09:03 --> Severity: Notice --> Undefined index:  D:\WORK\PHP\PIXCELCAST\www\app\hooks\common.php 19
ERROR - 2021-12-08 19:09:04 --> 404 Page Not Found: web/Img/lazy.png
ERROR - 2021-12-08 19:09:04 --> 404 Page Not Found: /index
ERROR - 2021-12-08 19:09:04 --> 404 Page Not Found: /index
ERROR - 2021-12-08 19:09:04 --> 404 Page Not Found: /index
ERROR - 2021-12-08 19:09:04 --> 404 Page Not Found: /index
ERROR - 2021-12-08 19:09:04 --> 404 Page Not Found: web/Img/favicon.ico
ERROR - 2021-12-08 19:09:06 --> 404 Page Not Found: web/Img/landing
ERROR - 2021-12-08 19:09:07 --> 404 Page Not Found: web/Img/lazy.png
ERROR - 2021-12-08 19:09:07 --> 404 Page Not Found: /index
ERROR - 2021-12-08 19:09:07 --> 404 Page Not Found: /index
ERROR - 2021-12-08 19:09:07 --> 404 Page Not Found: /index
ERROR - 2021-12-08 19:09:07 --> 404 Page Not Found: /index
ERROR - 2021-12-08 19:09:09 --> 404 Page Not Found: web/Img/landing
ERROR - 2021-12-08 19:12:39 --> 404 Page Not Found: web/Img/landing
ERROR - 2021-12-08 19:13:29 --> 404 Page Not Found: /index
ERROR - 2021-12-08 19:15:18 --> 404 Page Not Found: /index
ERROR - 2021-12-08 19:15:18 --> 404 Page Not Found: /index
ERROR - 2021-12-08 19:15:18 --> 404 Page Not Found: /index
ERROR - 2021-12-08 19:16:53 --> 404 Page Not Found: /index
ERROR - 2021-12-08 19:16:53 --> 404 Page Not Found: /index
ERROR - 2021-12-08 19:16:53 --> 404 Page Not Found: /index
ERROR - 2021-12-08 19:18:14 --> 404 Page Not Found: /index
ERROR - 2021-12-08 19:18:14 --> 404 Page Not Found: /index
ERROR - 2021-12-08 19:18:15 --> 404 Page Not Found: /index
ERROR - 2021-12-08 19:18:15 --> 404 Page Not Found: /index
ERROR - 2021-12-08 19:18:19 --> 404 Page Not Found: /index
ERROR - 2021-12-08 19:18:19 --> 404 Page Not Found: /index
ERROR - 2021-12-08 19:18:19 --> 404 Page Not Found: /index
ERROR - 2021-12-08 19:18:26 --> 404 Page Not Found: /index
ERROR - 2021-12-08 19:18:26 --> 404 Page Not Found: /index
ERROR - 2021-12-08 19:18:26 --> 404 Page Not Found: /index
ERROR - 2021-12-08 19:18:30 --> 404 Page Not Found: /index
ERROR - 2021-12-08 19:18:30 --> 404 Page Not Found: /index
ERROR - 2021-12-08 19:18:30 --> 404 Page Not Found: /index
ERROR - 2021-12-08 21:05:38 --> Severity: error --> Exception: syntax error, unexpected '$config' (T_VARIABLE) D:\WORK\PHP\PIXCELCAST\www\app\config\globals.php 81
ERROR - 2021-12-08 21:05:38 --> 404 Page Not Found: /index
ERROR - 2021-12-08 21:21:56 --> 404 Page Not Found: /index
ERROR - 2021-12-08 21:21:57 --> 404 Page Not Found: /index
ERROR - 2021-12-08 21:21:57 --> 404 Page Not Found: /index
ERROR - 2021-12-08 21:21:57 --> 404 Page Not Found: /index
ERROR - 2021-12-08 21:27:31 --> 404 Page Not Found: /index
ERROR - 2021-12-08 21:27:31 --> 404 Page Not Found: /index
ERROR - 2021-12-08 21:27:31 --> 404 Page Not Found: /index
ERROR - 2021-12-08 21:27:31 --> 404 Page Not Found: /index
ERROR - 2021-12-08 21:37:34 --> 404 Page Not Found: /index
ERROR - 2021-12-08 21:37:35 --> 404 Page Not Found: /index
ERROR - 2021-12-08 21:37:35 --> 404 Page Not Found: /index
ERROR - 2021-12-08 21:37:35 --> 404 Page Not Found: /index
ERROR - 2021-12-08 21:37:35 --> 404 Page Not Found: /index
ERROR - 2021-12-08 21:37:35 --> 404 Page Not Found: /index
ERROR - 2021-12-08 21:37:35 --> 404 Page Not Found: /index
ERROR - 2021-12-08 21:37:36 --> 404 Page Not Found: /index
ERROR - 2021-12-08 21:37:36 --> 404 Page Not Found: /index
ERROR - 2021-12-08 21:37:36 --> 404 Page Not Found: /index
ERROR - 2021-12-08 21:37:37 --> 404 Page Not Found: /index
ERROR - 2021-12-08 21:37:37 --> 404 Page Not Found: /index
ERROR - 2021-12-08 21:37:37 --> 404 Page Not Found: /index
ERROR - 2021-12-08 21:37:37 --> 404 Page Not Found: /index
ERROR - 2021-12-08 21:37:37 --> 404 Page Not Found: /index
ERROR - 2021-12-08 21:37:37 --> 404 Page Not Found: /index
ERROR - 2021-12-08 21:37:38 --> 404 Page Not Found: /index
ERROR - 2021-12-08 21:37:38 --> 404 Page Not Found: /index
ERROR - 2021-12-08 21:37:38 --> 404 Page Not Found: /index
ERROR - 2021-12-08 21:37:39 --> 404 Page Not Found: /index
ERROR - 2021-12-08 21:37:39 --> 404 Page Not Found: /index
ERROR - 2021-12-08 21:37:39 --> 404 Page Not Found: /index
ERROR - 2021-12-08 21:37:45 --> 404 Page Not Found: /index
ERROR - 2021-12-08 21:37:45 --> 404 Page Not Found: /index
ERROR - 2021-12-08 21:37:45 --> 404 Page Not Found: /index
ERROR - 2021-12-08 21:37:47 --> 404 Page Not Found: /index
ERROR - 2021-12-08 21:37:47 --> 404 Page Not Found: /index
ERROR - 2021-12-08 21:37:47 --> 404 Page Not Found: /index
ERROR - 2021-12-08 21:37:49 --> 404 Page Not Found: /index
ERROR - 2021-12-08 21:37:49 --> 404 Page Not Found: /index
ERROR - 2021-12-08 21:37:49 --> 404 Page Not Found: /index
ERROR - 2021-12-08 21:51:00 --> 404 Page Not Found: web/Img/lazy.png
ERROR - 2021-12-08 21:51:00 --> 404 Page Not Found: /index
ERROR - 2021-12-08 21:51:00 --> 404 Page Not Found: /index
ERROR - 2021-12-08 21:51:00 --> 404 Page Not Found: /index
ERROR - 2021-12-08 21:51:00 --> 404 Page Not Found: /index
ERROR - 2021-12-08 21:51:00 --> 404 Page Not Found: web/Img/favicon.ico
ERROR - 2021-12-08 21:51:42 --> 404 Page Not Found: web/Img/lazy.png
ERROR - 2021-12-08 21:51:42 --> 404 Page Not Found: /index
ERROR - 2021-12-08 21:51:42 --> 404 Page Not Found: /index
ERROR - 2021-12-08 21:51:42 --> 404 Page Not Found: /index
ERROR - 2021-12-08 21:51:42 --> 404 Page Not Found: /index
ERROR - 2021-12-08 21:51:42 --> 404 Page Not Found: web/Img/favicon.ico
ERROR - 2021-12-08 21:51:44 --> 404 Page Not Found: web/Img/landing
ERROR - 2021-12-08 22:40:57 --> 404 Page Not Found: web/Img/lazy.png
ERROR - 2021-12-08 22:40:57 --> 404 Page Not Found: /index
ERROR - 2021-12-08 22:40:57 --> 404 Page Not Found: /index
ERROR - 2021-12-08 22:40:57 --> 404 Page Not Found: /index
ERROR - 2021-12-08 22:40:57 --> 404 Page Not Found: /index
ERROR - 2021-12-08 22:40:57 --> 404 Page Not Found: web/Img/landing
ERROR - 2021-12-08 22:40:57 --> 404 Page Not Found: web/Img/favicon.ico
ERROR - 2021-12-08 22:41:10 --> 404 Page Not Found: web/Img/lazy.png
ERROR - 2021-12-08 22:41:10 --> 404 Page Not Found: /index
ERROR - 2021-12-08 22:41:10 --> 404 Page Not Found: /index
ERROR - 2021-12-08 22:41:10 --> 404 Page Not Found: /index
ERROR - 2021-12-08 22:41:10 --> 404 Page Not Found: /index
ERROR - 2021-12-08 22:41:11 --> 404 Page Not Found: web/Img/landing
ERROR - 2021-12-08 22:41:18 --> 404 Page Not Found: web/Img/lazy.png
ERROR - 2021-12-08 22:41:18 --> 404 Page Not Found: /index
ERROR - 2021-12-08 22:41:18 --> 404 Page Not Found: /index
ERROR - 2021-12-08 22:41:18 --> 404 Page Not Found: /index
ERROR - 2021-12-08 22:41:18 --> 404 Page Not Found: /index
ERROR - 2021-12-08 22:41:18 --> 404 Page Not Found: web/Img/landing
ERROR - 2021-12-08 22:47:24 --> 404 Page Not Found: web/Img/landing
ERROR - 2021-12-08 22:47:50 --> 404 Page Not Found: web/Img/lazy.png
ERROR - 2021-12-08 22:47:50 --> 404 Page Not Found: /index
ERROR - 2021-12-08 22:47:50 --> 404 Page Not Found: /index
ERROR - 2021-12-08 22:47:50 --> 404 Page Not Found: /index
ERROR - 2021-12-08 22:47:50 --> 404 Page Not Found: /index
ERROR - 2021-12-08 22:47:50 --> 404 Page Not Found: web/Img/landing
ERROR - 2021-12-08 22:47:58 --> 404 Page Not Found: web/Img/landing
ERROR - 2021-12-08 22:48:59 --> 404 Page Not Found: web/Img/lazy.png
ERROR - 2021-12-08 22:48:59 --> 404 Page Not Found: web/Img/landing
ERROR - 2021-12-08 22:49:36 --> 404 Page Not Found: web/Img/lazy.png
ERROR - 2021-12-08 22:49:36 --> 404 Page Not Found: web/Img/landing
ERROR - 2021-12-08 22:50:25 --> 404 Page Not Found: web/Img/lazy.png
ERROR - 2021-12-08 22:50:25 --> 404 Page Not Found: web/Img/landing
ERROR - 2021-12-08 22:56:02 --> 404 Page Not Found: web/Img/lazy.png
ERROR - 2021-12-08 22:56:02 --> 404 Page Not Found: /index
ERROR - 2021-12-08 22:56:02 --> 404 Page Not Found: /index
ERROR - 2021-12-08 22:56:02 --> 404 Page Not Found: /index
ERROR - 2021-12-08 22:56:02 --> 404 Page Not Found: /index
ERROR - 2021-12-08 22:56:03 --> 404 Page Not Found: web/Img/favicon.ico
ERROR - 2021-12-08 22:57:12 --> 404 Page Not Found: web/Img/lazy.png
ERROR - 2021-12-08 22:57:12 --> 404 Page Not Found: /index
ERROR - 2021-12-08 22:57:12 --> 404 Page Not Found: /index
ERROR - 2021-12-08 22:57:12 --> 404 Page Not Found: /index
ERROR - 2021-12-08 22:57:12 --> 404 Page Not Found: /index
ERROR - 2021-12-08 22:57:12 --> 404 Page Not Found: web/Img/favicon.ico
ERROR - 2021-12-08 22:57:16 --> 404 Page Not Found: web/Img/lazy.png
ERROR - 2021-12-08 22:57:16 --> 404 Page Not Found: /index
ERROR - 2021-12-08 22:57:16 --> 404 Page Not Found: /index
ERROR - 2021-12-08 22:57:16 --> 404 Page Not Found: /index
ERROR - 2021-12-08 22:57:16 --> 404 Page Not Found: /index
ERROR - 2021-12-08 22:57:18 --> 404 Page Not Found: web/Img/landing
ERROR - 2021-12-08 22:57:40 --> 404 Page Not Found: web/Img/lazy.png
ERROR - 2021-12-08 22:57:40 --> 404 Page Not Found: /index
ERROR - 2021-12-08 22:57:40 --> 404 Page Not Found: /index
ERROR - 2021-12-08 22:57:40 --> 404 Page Not Found: /index
ERROR - 2021-12-08 22:57:48 --> 404 Page Not Found: web/Img/landing
ERROR - 2021-12-08 22:57:55 --> 404 Page Not Found: web/Img/landing
ERROR - 2021-12-08 23:01:33 --> 404 Page Not Found: web/Img/lazy.png
ERROR - 2021-12-08 23:01:34 --> 404 Page Not Found: /index
ERROR - 2021-12-08 23:01:34 --> 404 Page Not Found: /index
ERROR - 2021-12-08 23:01:34 --> 404 Page Not Found: /index
ERROR - 2021-12-08 23:01:34 --> 404 Page Not Found: web/Img/landing
ERROR - 2021-12-08 23:01:38 --> 404 Page Not Found: web/Img/landing
ERROR - 2021-12-08 23:01:43 --> 404 Page Not Found: web/Img/lazy.png
ERROR - 2021-12-08 23:01:43 --> 404 Page Not Found: /index
ERROR - 2021-12-08 23:01:43 --> 404 Page Not Found: /index
ERROR - 2021-12-08 23:01:43 --> 404 Page Not Found: /index
ERROR - 2021-12-08 23:01:44 --> 404 Page Not Found: web/Img/landing
ERROR - 2021-12-08 23:01:47 --> 404 Page Not Found: web/Img/landing
ERROR - 2021-12-08 23:02:58 --> 404 Page Not Found: web/Img/lazy.png
ERROR - 2021-12-08 23:02:58 --> 404 Page Not Found: web/Img/landing
ERROR - 2021-12-08 23:02:59 --> 404 Page Not Found: web/Img/favicon.ico
ERROR - 2021-12-08 23:04:19 --> 404 Page Not Found: web/Img/landing
ERROR - 2021-12-08 23:04:20 --> 404 Page Not Found: /index
ERROR - 2021-12-08 23:04:20 --> 404 Page Not Found: /index
ERROR - 2021-12-08 23:04:20 --> 404 Page Not Found: /index
ERROR - 2021-12-08 23:06:49 --> 404 Page Not Found: web/Img/lazy.png
ERROR - 2021-12-08 23:06:50 --> 404 Page Not Found: /index
ERROR - 2021-12-08 23:06:50 --> 404 Page Not Found: /index
ERROR - 2021-12-08 23:06:50 --> 404 Page Not Found: /index
ERROR - 2021-12-08 23:06:50 --> 404 Page Not Found: /index
ERROR - 2021-12-08 23:06:51 --> 404 Page Not Found: web/Img/landing
ERROR - 2021-12-08 23:10:28 --> 404 Page Not Found: web/Img/lazy.png
ERROR - 2021-12-08 23:10:28 --> 404 Page Not Found: /index
ERROR - 2021-12-08 23:10:28 --> 404 Page Not Found: /index
ERROR - 2021-12-08 23:10:28 --> 404 Page Not Found: /index
ERROR - 2021-12-08 23:10:28 --> 404 Page Not Found: /index
ERROR - 2021-12-08 23:10:30 --> 404 Page Not Found: web/Img/landing
ERROR - 2021-12-08 23:11:25 --> 404 Page Not Found: web/Img/lazy.png
ERROR - 2021-12-08 23:11:25 --> 404 Page Not Found: /index
ERROR - 2021-12-08 23:11:25 --> 404 Page Not Found: /index
ERROR - 2021-12-08 23:11:25 --> 404 Page Not Found: /index
ERROR - 2021-12-08 23:11:26 --> 404 Page Not Found: /index
ERROR - 2021-12-08 23:11:27 --> 404 Page Not Found: web/Img/landing
ERROR - 2021-12-08 23:11:28 --> 404 Page Not Found: web/Img/lazy.png
ERROR - 2021-12-08 23:11:28 --> 404 Page Not Found: /index
ERROR - 2021-12-08 23:11:28 --> 404 Page Not Found: /index
ERROR - 2021-12-08 23:11:28 --> 404 Page Not Found: /index
ERROR - 2021-12-08 23:11:28 --> 404 Page Not Found: /index
ERROR - 2021-12-08 23:11:28 --> 404 Page Not Found: web/Img/favicon.ico
ERROR - 2021-12-08 23:11:30 --> 404 Page Not Found: web/Img/landing
ERROR - 2021-12-08 23:13:15 --> 404 Page Not Found: web/Img/lazy.png
ERROR - 2021-12-08 23:13:16 --> 404 Page Not Found: /index
ERROR - 2021-12-08 23:13:16 --> 404 Page Not Found: /index
ERROR - 2021-12-08 23:13:16 --> 404 Page Not Found: /index
ERROR - 2021-12-08 23:13:16 --> 404 Page Not Found: /index
ERROR - 2021-12-08 23:13:16 --> 404 Page Not Found: web/Img/favicon.ico
ERROR - 2021-12-08 23:13:18 --> 404 Page Not Found: web/Img/landing
ERROR - 2021-12-08 23:15:34 --> 404 Page Not Found: web/Img/lazy.png
ERROR - 2021-12-08 23:15:34 --> 404 Page Not Found: /index
ERROR - 2021-12-08 23:15:34 --> 404 Page Not Found: /index
ERROR - 2021-12-08 23:15:34 --> 404 Page Not Found: /index
ERROR - 2021-12-08 23:15:34 --> 404 Page Not Found: /index
ERROR - 2021-12-08 23:15:35 --> 404 Page Not Found: web/Img/favicon.ico
ERROR - 2021-12-08 23:15:36 --> 404 Page Not Found: web/Img/landing
ERROR - 2021-12-08 23:15:45 --> 404 Page Not Found: web/Img/lazy.png
ERROR - 2021-12-08 23:15:45 --> 404 Page Not Found: /index
ERROR - 2021-12-08 23:15:45 --> 404 Page Not Found: /index
ERROR - 2021-12-08 23:15:45 --> 404 Page Not Found: /index
ERROR - 2021-12-08 23:15:45 --> 404 Page Not Found: /index
ERROR - 2021-12-08 23:15:45 --> 404 Page Not Found: web/Img/favicon.ico
ERROR - 2021-12-08 23:15:47 --> 404 Page Not Found: web/Img/landing
ERROR - 2021-12-08 23:16:14 --> 404 Page Not Found: web/Img/lazy.png
ERROR - 2021-12-08 23:16:14 --> 404 Page Not Found: /index
ERROR - 2021-12-08 23:16:14 --> 404 Page Not Found: /index
ERROR - 2021-12-08 23:16:14 --> 404 Page Not Found: /index
ERROR - 2021-12-08 23:16:14 --> 404 Page Not Found: /index
ERROR - 2021-12-08 23:16:15 --> 404 Page Not Found: web/Img/favicon.ico
ERROR - 2021-12-08 23:16:16 --> 404 Page Not Found: web/Img/landing
ERROR - 2021-12-08 23:17:35 --> 404 Page Not Found: web/Img/lazy.png
ERROR - 2021-12-08 23:17:36 --> 404 Page Not Found: /index
ERROR - 2021-12-08 23:17:36 --> 404 Page Not Found: /index
ERROR - 2021-12-08 23:17:36 --> 404 Page Not Found: /index
ERROR - 2021-12-08 23:17:36 --> 404 Page Not Found: /index
ERROR - 2021-12-08 23:17:40 --> 404 Page Not Found: web/Img/lazy.png
ERROR - 2021-12-08 23:17:40 --> 404 Page Not Found: /index
ERROR - 2021-12-08 23:17:40 --> 404 Page Not Found: /index
ERROR - 2021-12-08 23:17:40 --> 404 Page Not Found: /index
ERROR - 2021-12-08 23:17:40 --> 404 Page Not Found: /index
ERROR - 2021-12-08 23:17:41 --> 404 Page Not Found: web/Img/landing
ERROR - 2021-12-08 23:17:42 --> 404 Page Not Found: web/Img/lazy.png
ERROR - 2021-12-08 23:17:42 --> 404 Page Not Found: /index
ERROR - 2021-12-08 23:17:42 --> 404 Page Not Found: /index
ERROR - 2021-12-08 23:17:42 --> 404 Page Not Found: /index
ERROR - 2021-12-08 23:17:42 --> 404 Page Not Found: /index
ERROR - 2021-12-08 23:22:04 --> 404 Page Not Found: web/Img/lazy.png
ERROR - 2021-12-08 23:22:04 --> 404 Page Not Found: /index
ERROR - 2021-12-08 23:22:04 --> 404 Page Not Found: /index
ERROR - 2021-12-08 23:22:04 --> 404 Page Not Found: /index
ERROR - 2021-12-08 23:22:04 --> 404 Page Not Found: web/Img/favicon.ico
ERROR - 2021-12-08 23:22:05 --> 404 Page Not Found: web/Img/landing
ERROR - 2021-12-08 23:22:20 --> 404 Page Not Found: /index
ERROR - 2021-12-08 23:22:30 --> 404 Page Not Found: web/Img/lazy.png
ERROR - 2021-12-08 23:22:30 --> 404 Page Not Found: /index
ERROR - 2021-12-08 23:22:30 --> 404 Page Not Found: /index
ERROR - 2021-12-08 23:22:30 --> 404 Page Not Found: /index
ERROR - 2021-12-08 23:22:30 --> 404 Page Not Found: /index
ERROR - 2021-12-08 23:22:53 --> Severity: Notice --> Undefined index: editor_photo_insert D:\WORK\PHP\PIXCELCAST\www\app\hooks\common.php 19
ERROR - 2021-12-08 23:24:06 --> Severity: Notice --> Undefined variable: type D:\WORK\PHP\PIXCELCAST\www\app\views\adm\news\news_mng.php 116
ERROR - 2021-12-08 23:24:07 --> Severity: Notice --> Undefined variable: type D:\WORK\PHP\PIXCELCAST\www\app\views\adm\news\news_mng.php 116
ERROR - 2021-12-08 23:24:09 --> Severity: Notice --> Undefined variable: type D:\WORK\PHP\PIXCELCAST\www\app\views\adm\news\news_mng.php 116
ERROR - 2021-12-08 23:24:09 --> 404 Page Not Found: /index
ERROR - 2021-12-08 23:24:29 --> 404 Page Not Found: /index
