ERROR - 2021-09-25 15:56:21 --> 404 Page Not Found: /index
ERROR - 2021-09-25 15:56:58 --> Severity: Notice --> Undefined variable: sm_add_list_img_rst D:\WORK\PHP\KUMYO\www\app\views\web\shop\product_view.php 81
ERROR - 2021-09-25 15:57:31 --> Severity: Notice --> Undefined variable: sm_add_list_img_rst D:\WORK\PHP\KUMYO\www\app\views\web\shop\product_view.php 81
ERROR - 2021-09-25 15:57:35 --> Severity: Notice --> Undefined variable: sm_add_list_img_rst D:\WORK\PHP\KUMYO\www\app\views\web\shop\product_view.php 81
ERROR - 2021-09-25 15:58:40 --> 404 Page Not Found: /index
ERROR - 2021-09-25 15:59:28 --> 404 Page Not Found: /index
ERROR - 2021-09-25 16:00:04 --> 404 Page Not Found: /index
ERROR - 2021-09-25 16:00:52 --> 404 Page Not Found: /index
ERROR - 2021-09-25 16:01:38 --> 404 Page Not Found: /index
ERROR - 2021-09-25 16:01:56 --> 404 Page Not Found: /index
ERROR - 2021-09-25 16:01:56 --> 404 Page Not Found: /index
ERROR - 2021-09-25 16:01:58 --> 404 Page Not Found: Main/index
ERROR - 2021-09-25 16:02:00 --> 404 Page Not Found: Main/index
ERROR - 2021-09-25 16:02:06 --> 404 Page Not Found: /index
ERROR - 2021-09-25 16:02:09 --> 404 Page Not Found: /index
ERROR - 2021-09-25 16:02:09 --> 404 Page Not Found: /index
ERROR - 2021-09-25 16:03:04 --> 404 Page Not Found: /index
ERROR - 2021-09-25 16:04:45 --> Severity: error --> Exception: Call to undefined method Contactus::index() D:\WORK\PHP\KUMYO\www\app\controllers\web\Contactus.php 39
ERROR - 2021-09-25 16:05:18 --> 404 Page Not Found: /index
ERROR - 2021-09-25 16:05:39 --> 404 Page Not Found: /index
ERROR - 2021-09-25 16:06:43 --> 404 Page Not Found: /index
ERROR - 2021-09-25 16:07:56 --> Severity: error --> Exception: Call to undefined method Contactus::index() D:\WORK\PHP\KUMYO\www\app\controllers\web\Contactus.php 39
ERROR - 2021-09-25 16:09:32 --> Severity: error --> Exception: Call to undefined method Contactus::index() D:\WORK\PHP\KUMYO\www\app\controllers\web\Contactus.php 39
ERROR - 2021-09-25 16:10:32 --> Severity: error --> Exception: Call to undefined method Contactus::index() D:\WORK\PHP\KUMYO\www\app\controllers\web\Contactus.php 39
ERROR - 2021-09-25 16:10:59 --> 404 Page Not Found: /index
ERROR - 2021-09-25 16:11:28 --> 404 Page Not Found: /index
ERROR - 2021-09-25 16:11:34 --> 404 Page Not Found: /index
ERROR - 2021-09-25 16:11:59 --> 404 Page Not Found: /index
ERROR - 2021-09-25 16:12:33 --> 404 Page Not Found: /index
ERROR - 2021-09-25 16:12:42 --> 404 Page Not Found: /index
ERROR - 2021-09-25 16:14:07 --> 404 Page Not Found: /index
ERROR - 2021-09-25 16:14:13 --> 404 Page Not Found: /index
ERROR - 2021-09-25 16:14:14 --> 404 Page Not Found: /index
ERROR - 2021-09-25 16:14:26 --> 404 Page Not Found: /index
ERROR - 2021-09-25 16:14:56 --> 404 Page Not Found: /index
ERROR - 2021-09-25 16:15:10 --> 404 Page Not Found: /index
ERROR - 2021-09-25 16:15:13 --> 404 Page Not Found: /index
ERROR - 2021-09-25 16:15:28 --> 404 Page Not Found: /index
ERROR - 2021-09-25 16:16:20 --> 404 Page Not Found: /index
ERROR - 2021-09-25 16:17:01 --> Severity: error --> Exception: Call to undefined method Contactus::index() D:\WORK\PHP\KUMYO\www\app\controllers\web\Contactus.php 39
ERROR - 2021-09-25 16:17:01 --> 404 Page Not Found: /index
ERROR - 2021-09-25 16:17:30 --> Severity: error --> Exception: Call to undefined method Contactus::index() D:\WORK\PHP\KUMYO\www\app\controllers\web\Contactus.php 39
ERROR - 2021-09-25 16:17:30 --> 404 Page Not Found: /index
ERROR - 2021-09-25 16:18:04 --> Severity: error --> Exception: Call to undefined method Contactus::index() D:\WORK\PHP\KUMYO\www\app\controllers\web\Contactus.php 39
ERROR - 2021-09-25 16:18:05 --> 404 Page Not Found: /index
ERROR - 2021-09-25 16:18:33 --> Severity: error --> Exception: Call to undefined method Contactus::index() D:\WORK\PHP\KUMYO\www\app\controllers\web\Contactus.php 39
ERROR - 2021-09-25 16:18:33 --> 404 Page Not Found: /index
ERROR - 2021-09-25 16:18:42 --> Severity: error --> Exception: Call to undefined method Contactus::index() D:\WORK\PHP\KUMYO\www\app\controllers\web\Contactus.php 39
ERROR - 2021-09-25 16:18:42 --> 404 Page Not Found: /index
ERROR - 2021-09-25 16:18:49 --> Severity: error --> Exception: Call to undefined method Contactus::index() D:\WORK\PHP\KUMYO\www\app\controllers\web\Contactus.php 39
ERROR - 2021-09-25 16:19:21 --> Severity: error --> Exception: Call to undefined method Contactus::index() D:\WORK\PHP\KUMYO\www\app\controllers\web\Contactus.php 39
ERROR - 2021-09-25 16:19:21 --> 404 Page Not Found: /index
ERROR - 2021-09-25 16:20:11 --> Severity: error --> Exception: Call to undefined method Contactus::index() D:\WORK\PHP\KUMYO\www\app\controllers\web\Contactus.php 39
ERROR - 2021-09-25 16:20:28 --> Severity: error --> Exception: Call to undefined method Contactus::index() D:\WORK\PHP\KUMYO\www\app\controllers\web\Contactus.php 39
ERROR - 2021-09-25 16:20:36 --> Severity: error --> Exception: Call to undefined method Contactus::index() D:\WORK\PHP\KUMYO\www\app\controllers\web\Contactus.php 39
ERROR - 2021-09-25 16:20:54 --> Severity: error --> Exception: Call to undefined method Contactus::index() D:\WORK\PHP\KUMYO\www\app\controllers\web\Contactus.php 39
ERROR - 2021-09-25 16:21:04 --> Severity: error --> Exception: Call to undefined method Contactus::index() D:\WORK\PHP\KUMYO\www\app\controllers\web\Contactus.php 39
ERROR - 2021-09-25 16:21:04 --> 404 Page Not Found: /index
ERROR - 2021-09-25 16:22:05 --> Severity: error --> Exception: Call to undefined method Contactus::index() D:\WORK\PHP\KUMYO\www\app\controllers\web\Contactus.php 39
ERROR - 2021-09-25 16:23:05 --> Severity: error --> Exception: Call to undefined method Contactus::index() D:\WORK\PHP\KUMYO\www\app\controllers\web\Contactus.php 39
ERROR - 2021-09-25 16:23:57 --> Severity: error --> Exception: Call to undefined method Contactus::index() D:\WORK\PHP\KUMYO\www\app\controllers\web\Contactus.php 39
ERROR - 2021-09-25 16:23:57 --> 404 Page Not Found: /index
ERROR - 2021-09-25 16:24:10 --> Severity: error --> Exception: Call to undefined method Contactus::index() D:\WORK\PHP\KUMYO\www\app\controllers\web\Contactus.php 39
ERROR - 2021-09-25 16:24:10 --> 404 Page Not Found: /index
ERROR - 2021-09-25 16:24:17 --> Severity: error --> Exception: Call to undefined method Contactus::index() D:\WORK\PHP\KUMYO\www\app\controllers\web\Contactus.php 39
ERROR - 2021-09-25 16:24:17 --> 404 Page Not Found: /index
ERROR - 2021-09-25 16:24:25 --> Severity: error --> Exception: Call to undefined method Contactus::index() D:\WORK\PHP\KUMYO\www\app\controllers\web\Contactus.php 39
ERROR - 2021-09-25 16:24:25 --> 404 Page Not Found: /index
ERROR - 2021-09-25 16:24:53 --> Severity: error --> Exception: Call to undefined method Contactus::index() D:\WORK\PHP\KUMYO\www\app\controllers\web\Contactus.php 39
ERROR - 2021-09-25 16:24:53 --> 404 Page Not Found: /index
ERROR - 2021-09-25 16:25:00 --> Severity: error --> Exception: Call to undefined method Contactus::index() D:\WORK\PHP\KUMYO\www\app\controllers\web\Contactus.php 39
ERROR - 2021-09-25 16:25:00 --> 404 Page Not Found: /index
ERROR - 2021-09-25 16:25:17 --> Severity: error --> Exception: Call to undefined method Contactus::index() D:\WORK\PHP\KUMYO\www\app\controllers\web\Contactus.php 39
ERROR - 2021-09-25 16:25:18 --> 404 Page Not Found: /index
ERROR - 2021-09-25 16:25:29 --> Severity: error --> Exception: Call to undefined method Contactus::index() D:\WORK\PHP\KUMYO\www\app\controllers\web\Contactus.php 39
ERROR - 2021-09-25 16:25:29 --> 404 Page Not Found: /index
ERROR - 2021-09-25 16:25:36 --> Severity: error --> Exception: Call to undefined method Contactus::index() D:\WORK\PHP\KUMYO\www\app\controllers\web\Contactus.php 39
ERROR - 2021-09-25 16:25:36 --> 404 Page Not Found: /index
ERROR - 2021-09-25 16:25:43 --> Severity: error --> Exception: Call to undefined method Contactus::index() D:\WORK\PHP\KUMYO\www\app\controllers\web\Contactus.php 39
ERROR - 2021-09-25 16:25:43 --> 404 Page Not Found: /index
ERROR - 2021-09-25 16:25:56 --> Severity: error --> Exception: Call to undefined method Contactus::index() D:\WORK\PHP\KUMYO\www\app\controllers\web\Contactus.php 39
ERROR - 2021-09-25 16:25:56 --> 404 Page Not Found: /index
ERROR - 2021-09-25 16:26:02 --> Severity: error --> Exception: Call to undefined method Contactus::index() D:\WORK\PHP\KUMYO\www\app\controllers\web\Contactus.php 39
ERROR - 2021-09-25 16:26:02 --> 404 Page Not Found: /index
ERROR - 2021-09-25 16:26:14 --> Severity: error --> Exception: Call to undefined method Contactus::index() D:\WORK\PHP\KUMYO\www\app\controllers\web\Contactus.php 39
ERROR - 2021-09-25 16:26:14 --> 404 Page Not Found: /index
ERROR - 2021-09-25 16:26:21 --> Severity: error --> Exception: Call to undefined method Contactus::index() D:\WORK\PHP\KUMYO\www\app\controllers\web\Contactus.php 39
ERROR - 2021-09-25 16:26:50 --> 404 Page Not Found: /index
ERROR - 2021-09-25 16:27:47 --> 404 Page Not Found: /index
ERROR - 2021-09-25 16:28:07 --> 404 Page Not Found: /index
ERROR - 2021-09-25 16:28:42 --> 404 Page Not Found: /index
ERROR - 2021-09-25 16:28:49 --> 404 Page Not Found: /index
ERROR - 2021-09-25 16:28:56 --> 404 Page Not Found: /index
ERROR - 2021-09-25 16:29:01 --> 404 Page Not Found: /index
ERROR - 2021-09-25 16:29:25 --> 404 Page Not Found: /index
ERROR - 2021-09-25 16:30:11 --> 404 Page Not Found: /index
ERROR - 2021-09-25 16:31:44 --> 404 Page Not Found: /index
ERROR - 2021-09-25 16:32:37 --> 404 Page Not Found: /index
ERROR - 2021-09-25 16:32:42 --> 404 Page Not Found: /index
ERROR - 2021-09-25 16:33:42 --> Severity: error --> Exception: Call to undefined method Contactus::index() D:\WORK\PHP\KUMYO\www\app\controllers\web\Contactus.php 39
ERROR - 2021-09-25 16:34:42 --> Severity: error --> Exception: Call to undefined method Contactus::index() D:\WORK\PHP\KUMYO\www\app\controllers\web\Contactus.php 40
ERROR - 2021-09-25 16:34:50 --> 404 Page Not Found: /index
ERROR - 2021-09-25 16:35:20 --> 404 Page Not Found: /index
ERROR - 2021-09-25 16:36:20 --> Severity: error --> Exception: Call to undefined method Contactus::index() D:\WORK\PHP\KUMYO\www\app\controllers\web\Contactus.php 40
ERROR - 2021-09-25 16:36:47 --> 404 Page Not Found: /index
ERROR - 2021-09-25 16:37:48 --> Severity: error --> Exception: Call to undefined method Contactus::index() D:\WORK\PHP\KUMYO\www\app\controllers\web\Contactus.php 40
ERROR - 2021-09-25 16:38:15 --> 404 Page Not Found: /index
ERROR - 2021-09-25 16:40:11 --> 404 Page Not Found: /index
ERROR - 2021-09-25 16:40:29 --> 404 Page Not Found: /index
ERROR - 2021-09-25 16:41:29 --> Severity: error --> Exception: Call to undefined method Contactus::index() D:\WORK\PHP\KUMYO\www\app\controllers\web\Contactus.php 40
ERROR - 2021-09-25 16:42:29 --> Severity: error --> Exception: Call to undefined method Contactus::index() D:\WORK\PHP\KUMYO\www\app\controllers\web\Contactus.php 40
ERROR - 2021-09-25 16:43:29 --> Severity: error --> Exception: Call to undefined method Contactus::index() D:\WORK\PHP\KUMYO\www\app\controllers\web\Contactus.php 40
ERROR - 2021-09-25 16:44:29 --> Severity: error --> Exception: Call to undefined method Contactus::index() D:\WORK\PHP\KUMYO\www\app\controllers\web\Contactus.php 40
ERROR - 2021-09-25 16:45:30 --> Severity: error --> Exception: Call to undefined method Contactus::index() D:\WORK\PHP\KUMYO\www\app\controllers\web\Contactus.php 40
ERROR - 2021-09-25 16:46:30 --> Severity: error --> Exception: Call to undefined method Contactus::index() D:\WORK\PHP\KUMYO\www\app\controllers\web\Contactus.php 40
ERROR - 2021-09-25 16:47:30 --> Severity: error --> Exception: Call to undefined method Contactus::index() D:\WORK\PHP\KUMYO\www\app\controllers\web\Contactus.php 40
ERROR - 2021-09-25 16:48:30 --> Severity: error --> Exception: Call to undefined method Contactus::index() D:\WORK\PHP\KUMYO\www\app\controllers\web\Contactus.php 40
ERROR - 2021-09-25 16:49:30 --> Severity: error --> Exception: Call to undefined method Contactus::index() D:\WORK\PHP\KUMYO\www\app\controllers\web\Contactus.php 40
ERROR - 2021-09-25 16:50:30 --> Severity: error --> Exception: Call to undefined method Contactus::index() D:\WORK\PHP\KUMYO\www\app\controllers\web\Contactus.php 40
ERROR - 2021-09-25 16:51:30 --> Severity: error --> Exception: Call to undefined method Contactus::index() D:\WORK\PHP\KUMYO\www\app\controllers\web\Contactus.php 40
ERROR - 2021-09-25 16:52:31 --> Severity: error --> Exception: Call to undefined method Contactus::index() D:\WORK\PHP\KUMYO\www\app\controllers\web\Contactus.php 40
ERROR - 2021-09-25 16:53:30 --> Severity: error --> Exception: Call to undefined method Contactus::index() D:\WORK\PHP\KUMYO\www\app\controllers\web\Contactus.php 40
ERROR - 2021-09-25 16:54:30 --> Severity: error --> Exception: Call to undefined method Contactus::index() D:\WORK\PHP\KUMYO\www\app\controllers\web\Contactus.php 40
ERROR - 2021-09-25 16:55:30 --> Severity: error --> Exception: Call to undefined method Contactus::index() D:\WORK\PHP\KUMYO\www\app\controllers\web\Contactus.php 40
ERROR - 2021-09-25 16:56:30 --> Severity: error --> Exception: Call to undefined method Contactus::index() D:\WORK\PHP\KUMYO\www\app\controllers\web\Contactus.php 40
ERROR - 2021-09-25 16:57:30 --> Severity: error --> Exception: Call to undefined method Contactus::index() D:\WORK\PHP\KUMYO\www\app\controllers\web\Contactus.php 40
ERROR - 2021-09-25 16:58:30 --> Severity: error --> Exception: Call to undefined method Contactus::index() D:\WORK\PHP\KUMYO\www\app\controllers\web\Contactus.php 40
ERROR - 2021-09-25 16:59:30 --> Severity: error --> Exception: Call to undefined method Contactus::index() D:\WORK\PHP\KUMYO\www\app\controllers\web\Contactus.php 40
ERROR - 2021-09-25 17:00:31 --> Severity: error --> Exception: Call to undefined method Contactus::index() D:\WORK\PHP\KUMYO\www\app\controllers\web\Contactus.php 40
ERROR - 2021-09-25 17:01:31 --> Severity: error --> Exception: Call to undefined method Contactus::index() D:\WORK\PHP\KUMYO\www\app\controllers\web\Contactus.php 40
ERROR - 2021-09-25 17:02:31 --> Severity: error --> Exception: Call to undefined method Contactus::index() D:\WORK\PHP\KUMYO\www\app\controllers\web\Contactus.php 40
ERROR - 2021-09-25 17:03:31 --> Severity: error --> Exception: Call to undefined method Contactus::index() D:\WORK\PHP\KUMYO\www\app\controllers\web\Contactus.php 40
ERROR - 2021-09-25 17:04:31 --> Severity: error --> Exception: Call to undefined method Contactus::index() D:\WORK\PHP\KUMYO\www\app\controllers\web\Contactus.php 40
ERROR - 2021-09-25 17:05:32 --> Severity: error --> Exception: Call to undefined method Contactus::index() D:\WORK\PHP\KUMYO\www\app\controllers\web\Contactus.php 40
ERROR - 2021-09-25 17:06:33 --> Severity: error --> Exception: Call to undefined method Contactus::index() D:\WORK\PHP\KUMYO\www\app\controllers\web\Contactus.php 40
ERROR - 2021-09-25 17:07:34 --> Severity: error --> Exception: Call to undefined method Contactus::index() D:\WORK\PHP\KUMYO\www\app\controllers\web\Contactus.php 40
ERROR - 2021-09-25 17:08:35 --> Severity: error --> Exception: Call to undefined method Contactus::index() D:\WORK\PHP\KUMYO\www\app\controllers\web\Contactus.php 40
ERROR - 2021-09-25 17:09:36 --> Severity: error --> Exception: Call to undefined method Contactus::index() D:\WORK\PHP\KUMYO\www\app\controllers\web\Contactus.php 40
ERROR - 2021-09-25 17:10:37 --> Severity: error --> Exception: Call to undefined method Contactus::index() D:\WORK\PHP\KUMYO\www\app\controllers\web\Contactus.php 40
ERROR - 2021-09-25 17:11:38 --> Severity: error --> Exception: Call to undefined method Contactus::index() D:\WORK\PHP\KUMYO\www\app\controllers\web\Contactus.php 40
ERROR - 2021-09-25 17:12:39 --> Severity: error --> Exception: Call to undefined method Contactus::index() D:\WORK\PHP\KUMYO\www\app\controllers\web\Contactus.php 40
ERROR - 2021-09-25 17:13:40 --> Severity: error --> Exception: Call to undefined method Contactus::index() D:\WORK\PHP\KUMYO\www\app\controllers\web\Contactus.php 40
ERROR - 2021-09-25 17:14:41 --> Severity: error --> Exception: Call to undefined method Contactus::index() D:\WORK\PHP\KUMYO\www\app\controllers\web\Contactus.php 40
ERROR - 2021-09-25 17:15:42 --> Severity: error --> Exception: Call to undefined method Contactus::index() D:\WORK\PHP\KUMYO\www\app\controllers\web\Contactus.php 40
ERROR - 2021-09-25 17:16:43 --> Severity: error --> Exception: Call to undefined method Contactus::index() D:\WORK\PHP\KUMYO\www\app\controllers\web\Contactus.php 40
ERROR - 2021-09-25 17:17:44 --> Severity: error --> Exception: Call to undefined method Contactus::index() D:\WORK\PHP\KUMYO\www\app\controllers\web\Contactus.php 40
ERROR - 2021-09-25 17:18:45 --> Severity: error --> Exception: Call to undefined method Contactus::index() D:\WORK\PHP\KUMYO\www\app\controllers\web\Contactus.php 40
ERROR - 2021-09-25 17:19:46 --> Severity: error --> Exception: Call to undefined method Contactus::index() D:\WORK\PHP\KUMYO\www\app\controllers\web\Contactus.php 40
ERROR - 2021-09-25 17:20:47 --> Severity: error --> Exception: Call to undefined method Contactus::index() D:\WORK\PHP\KUMYO\www\app\controllers\web\Contactus.php 40
ERROR - 2021-09-25 17:21:48 --> Severity: error --> Exception: Call to undefined method Contactus::index() D:\WORK\PHP\KUMYO\www\app\controllers\web\Contactus.php 40
ERROR - 2021-09-25 17:22:49 --> Severity: error --> Exception: Call to undefined method Contactus::index() D:\WORK\PHP\KUMYO\www\app\controllers\web\Contactus.php 40
ERROR - 2021-09-25 17:23:50 --> Severity: error --> Exception: Call to undefined method Contactus::index() D:\WORK\PHP\KUMYO\www\app\controllers\web\Contactus.php 40
ERROR - 2021-09-25 17:24:51 --> Severity: error --> Exception: Call to undefined method Contactus::index() D:\WORK\PHP\KUMYO\www\app\controllers\web\Contactus.php 40
ERROR - 2021-09-25 17:25:52 --> Severity: error --> Exception: Call to undefined method Contactus::index() D:\WORK\PHP\KUMYO\www\app\controllers\web\Contactus.php 40
ERROR - 2021-09-25 17:26:53 --> Severity: error --> Exception: Call to undefined method Contactus::index() D:\WORK\PHP\KUMYO\www\app\controllers\web\Contactus.php 40
ERROR - 2021-09-25 17:27:54 --> Severity: error --> Exception: Call to undefined method Contactus::index() D:\WORK\PHP\KUMYO\www\app\controllers\web\Contactus.php 40
ERROR - 2021-09-25 17:28:55 --> Severity: error --> Exception: Call to undefined method Contactus::index() D:\WORK\PHP\KUMYO\www\app\controllers\web\Contactus.php 40
ERROR - 2021-09-25 17:29:56 --> Severity: error --> Exception: Call to undefined method Contactus::index() D:\WORK\PHP\KUMYO\www\app\controllers\web\Contactus.php 40
ERROR - 2021-09-25 17:30:57 --> Severity: error --> Exception: Call to undefined method Contactus::index() D:\WORK\PHP\KUMYO\www\app\controllers\web\Contactus.php 40
ERROR - 2021-09-25 17:31:58 --> Severity: error --> Exception: Call to undefined method Contactus::index() D:\WORK\PHP\KUMYO\www\app\controllers\web\Contactus.php 40
ERROR - 2021-09-25 17:32:59 --> Severity: error --> Exception: Call to undefined method Contactus::index() D:\WORK\PHP\KUMYO\www\app\controllers\web\Contactus.php 40
ERROR - 2021-09-25 17:34:00 --> Severity: error --> Exception: Call to undefined method Contactus::index() D:\WORK\PHP\KUMYO\www\app\controllers\web\Contactus.php 40
ERROR - 2021-09-25 17:35:01 --> Severity: error --> Exception: Call to undefined method Contactus::index() D:\WORK\PHP\KUMYO\www\app\controllers\web\Contactus.php 40
ERROR - 2021-09-25 17:36:02 --> Severity: error --> Exception: Call to undefined method Contactus::index() D:\WORK\PHP\KUMYO\www\app\controllers\web\Contactus.php 40
ERROR - 2021-09-25 17:37:03 --> Severity: error --> Exception: Call to undefined method Contactus::index() D:\WORK\PHP\KUMYO\www\app\controllers\web\Contactus.php 40
ERROR - 2021-09-25 17:38:04 --> Severity: error --> Exception: Call to undefined method Contactus::index() D:\WORK\PHP\KUMYO\www\app\controllers\web\Contactus.php 40
ERROR - 2021-09-25 17:39:04 --> Severity: error --> Exception: Call to undefined method Contactus::index() D:\WORK\PHP\KUMYO\www\app\controllers\web\Contactus.php 40
ERROR - 2021-09-25 17:40:04 --> Severity: error --> Exception: Call to undefined method Contactus::index() D:\WORK\PHP\KUMYO\www\app\controllers\web\Contactus.php 40
ERROR - 2021-09-25 17:41:04 --> Severity: error --> Exception: Call to undefined method Contactus::index() D:\WORK\PHP\KUMYO\www\app\controllers\web\Contactus.php 40
ERROR - 2021-09-25 17:42:04 --> Severity: error --> Exception: Call to undefined method Contactus::index() D:\WORK\PHP\KUMYO\www\app\controllers\web\Contactus.php 40
ERROR - 2021-09-25 17:43:04 --> Severity: error --> Exception: Call to undefined method Contactus::index() D:\WORK\PHP\KUMYO\www\app\controllers\web\Contactus.php 40
ERROR - 2021-09-25 17:44:04 --> Severity: error --> Exception: Call to undefined method Contactus::index() D:\WORK\PHP\KUMYO\www\app\controllers\web\Contactus.php 40
ERROR - 2021-09-25 17:45:04 --> Severity: error --> Exception: Call to undefined method Contactus::index() D:\WORK\PHP\KUMYO\www\app\controllers\web\Contactus.php 40
ERROR - 2021-09-25 17:46:04 --> Severity: error --> Exception: Call to undefined method Contactus::index() D:\WORK\PHP\KUMYO\www\app\controllers\web\Contactus.php 40
ERROR - 2021-09-25 17:47:04 --> Severity: error --> Exception: Call to undefined method Contactus::index() D:\WORK\PHP\KUMYO\www\app\controllers\web\Contactus.php 40
ERROR - 2021-09-25 17:48:04 --> Severity: error --> Exception: Call to undefined method Contactus::index() D:\WORK\PHP\KUMYO\www\app\controllers\web\Contactus.php 40
ERROR - 2021-09-25 17:49:04 --> Severity: error --> Exception: Call to undefined method Contactus::index() D:\WORK\PHP\KUMYO\www\app\controllers\web\Contactus.php 40
ERROR - 2021-09-25 17:50:04 --> Severity: error --> Exception: Call to undefined method Contactus::index() D:\WORK\PHP\KUMYO\www\app\controllers\web\Contactus.php 40
ERROR - 2021-09-25 17:51:04 --> Severity: error --> Exception: Call to undefined method Contactus::index() D:\WORK\PHP\KUMYO\www\app\controllers\web\Contactus.php 40
ERROR - 2021-09-25 17:52:04 --> Severity: error --> Exception: Call to undefined method Contactus::index() D:\WORK\PHP\KUMYO\www\app\controllers\web\Contactus.php 40
ERROR - 2021-09-25 17:53:04 --> Severity: error --> Exception: Call to undefined method Contactus::index() D:\WORK\PHP\KUMYO\www\app\controllers\web\Contactus.php 40
ERROR - 2021-09-25 17:54:04 --> Severity: error --> Exception: Call to undefined method Contactus::index() D:\WORK\PHP\KUMYO\www\app\controllers\web\Contactus.php 40
ERROR - 2021-09-25 17:55:04 --> Severity: error --> Exception: Call to undefined method Contactus::index() D:\WORK\PHP\KUMYO\www\app\controllers\web\Contactus.php 40
ERROR - 2021-09-25 17:56:04 --> Severity: error --> Exception: Call to undefined method Contactus::index() D:\WORK\PHP\KUMYO\www\app\controllers\web\Contactus.php 40
ERROR - 2021-09-25 17:57:04 --> Severity: error --> Exception: Call to undefined method Contactus::index() D:\WORK\PHP\KUMYO\www\app\controllers\web\Contactus.php 40
ERROR - 2021-09-25 17:58:04 --> Severity: error --> Exception: Call to undefined method Contactus::index() D:\WORK\PHP\KUMYO\www\app\controllers\web\Contactus.php 40
ERROR - 2021-09-25 17:59:04 --> Severity: error --> Exception: Call to undefined method Contactus::index() D:\WORK\PHP\KUMYO\www\app\controllers\web\Contactus.php 40
ERROR - 2021-09-25 18:00:04 --> Severity: error --> Exception: Call to undefined method Contactus::index() D:\WORK\PHP\KUMYO\www\app\controllers\web\Contactus.php 40
ERROR - 2021-09-25 18:01:04 --> Severity: error --> Exception: Call to undefined method Contactus::index() D:\WORK\PHP\KUMYO\www\app\controllers\web\Contactus.php 40
ERROR - 2021-09-25 18:02:04 --> Severity: error --> Exception: Call to undefined method Contactus::index() D:\WORK\PHP\KUMYO\www\app\controllers\web\Contactus.php 40
ERROR - 2021-09-25 18:03:04 --> Severity: error --> Exception: Call to undefined method Contactus::index() D:\WORK\PHP\KUMYO\www\app\controllers\web\Contactus.php 40
ERROR - 2021-09-25 18:04:04 --> Severity: error --> Exception: Call to undefined method Contactus::index() D:\WORK\PHP\KUMYO\www\app\controllers\web\Contactus.php 40
ERROR - 2021-09-25 18:05:04 --> Severity: error --> Exception: Call to undefined method Contactus::index() D:\WORK\PHP\KUMYO\www\app\controllers\web\Contactus.php 40
ERROR - 2021-09-25 18:06:04 --> Severity: error --> Exception: Call to undefined method Contactus::index() D:\WORK\PHP\KUMYO\www\app\controllers\web\Contactus.php 40
ERROR - 2021-09-25 18:07:04 --> Severity: error --> Exception: Call to undefined method Contactus::index() D:\WORK\PHP\KUMYO\www\app\controllers\web\Contactus.php 40
ERROR - 2021-09-25 18:08:04 --> Severity: error --> Exception: Call to undefined method Contactus::index() D:\WORK\PHP\KUMYO\www\app\controllers\web\Contactus.php 40
ERROR - 2021-09-25 18:09:04 --> Severity: error --> Exception: Call to undefined method Contactus::index() D:\WORK\PHP\KUMYO\www\app\controllers\web\Contactus.php 40
ERROR - 2021-09-25 18:10:04 --> Severity: error --> Exception: Call to undefined method Contactus::index() D:\WORK\PHP\KUMYO\www\app\controllers\web\Contactus.php 40
ERROR - 2021-09-25 18:11:04 --> Severity: error --> Exception: Call to undefined method Contactus::index() D:\WORK\PHP\KUMYO\www\app\controllers\web\Contactus.php 40
ERROR - 2021-09-25 18:12:04 --> Severity: error --> Exception: Call to undefined method Contactus::index() D:\WORK\PHP\KUMYO\www\app\controllers\web\Contactus.php 40
ERROR - 2021-09-25 18:13:04 --> Severity: error --> Exception: Call to undefined method Contactus::index() D:\WORK\PHP\KUMYO\www\app\controllers\web\Contactus.php 40
ERROR - 2021-09-25 18:14:04 --> Severity: error --> Exception: Call to undefined method Contactus::index() D:\WORK\PHP\KUMYO\www\app\controllers\web\Contactus.php 40
ERROR - 2021-09-25 18:15:04 --> Severity: error --> Exception: Call to undefined method Contactus::index() D:\WORK\PHP\KUMYO\www\app\controllers\web\Contactus.php 40
ERROR - 2021-09-25 18:16:04 --> Severity: error --> Exception: Call to undefined method Contactus::index() D:\WORK\PHP\KUMYO\www\app\controllers\web\Contactus.php 40
ERROR - 2021-09-25 18:17:04 --> Severity: error --> Exception: Call to undefined method Contactus::index() D:\WORK\PHP\KUMYO\www\app\controllers\web\Contactus.php 40
ERROR - 2021-09-25 18:18:04 --> Severity: error --> Exception: Call to undefined method Contactus::index() D:\WORK\PHP\KUMYO\www\app\controllers\web\Contactus.php 40
ERROR - 2021-09-25 18:19:04 --> Severity: error --> Exception: Call to undefined method Contactus::index() D:\WORK\PHP\KUMYO\www\app\controllers\web\Contactus.php 40
ERROR - 2021-09-25 18:20:04 --> Severity: error --> Exception: Call to undefined method Contactus::index() D:\WORK\PHP\KUMYO\www\app\controllers\web\Contactus.php 40
ERROR - 2021-09-25 18:21:04 --> Severity: error --> Exception: Call to undefined method Contactus::index() D:\WORK\PHP\KUMYO\www\app\controllers\web\Contactus.php 40
ERROR - 2021-09-25 18:22:04 --> Severity: error --> Exception: Call to undefined method Contactus::index() D:\WORK\PHP\KUMYO\www\app\controllers\web\Contactus.php 40
ERROR - 2021-09-25 18:23:04 --> Severity: error --> Exception: Call to undefined method Contactus::index() D:\WORK\PHP\KUMYO\www\app\controllers\web\Contactus.php 40
ERROR - 2021-09-25 18:24:04 --> Severity: error --> Exception: Call to undefined method Contactus::index() D:\WORK\PHP\KUMYO\www\app\controllers\web\Contactus.php 40
ERROR - 2021-09-25 18:25:04 --> Severity: error --> Exception: Call to undefined method Contactus::index() D:\WORK\PHP\KUMYO\www\app\controllers\web\Contactus.php 40
ERROR - 2021-09-25 18:26:04 --> Severity: error --> Exception: Call to undefined method Contactus::index() D:\WORK\PHP\KUMYO\www\app\controllers\web\Contactus.php 40
ERROR - 2021-09-25 18:27:04 --> Severity: error --> Exception: Call to undefined method Contactus::index() D:\WORK\PHP\KUMYO\www\app\controllers\web\Contactus.php 40
ERROR - 2021-09-25 18:28:04 --> Severity: error --> Exception: Call to undefined method Contactus::index() D:\WORK\PHP\KUMYO\www\app\controllers\web\Contactus.php 40
ERROR - 2021-09-25 18:29:04 --> Severity: error --> Exception: Call to undefined method Contactus::index() D:\WORK\PHP\KUMYO\www\app\controllers\web\Contactus.php 40
ERROR - 2021-09-25 18:30:04 --> Severity: error --> Exception: Call to undefined method Contactus::index() D:\WORK\PHP\KUMYO\www\app\controllers\web\Contactus.php 40
ERROR - 2021-09-25 18:31:04 --> Severity: error --> Exception: Call to undefined method Contactus::index() D:\WORK\PHP\KUMYO\www\app\controllers\web\Contactus.php 40
ERROR - 2021-09-25 18:32:04 --> Severity: error --> Exception: Call to undefined method Contactus::index() D:\WORK\PHP\KUMYO\www\app\controllers\web\Contactus.php 40
ERROR - 2021-09-25 18:33:04 --> Severity: error --> Exception: Call to undefined method Contactus::index() D:\WORK\PHP\KUMYO\www\app\controllers\web\Contactus.php 40
ERROR - 2021-09-25 18:34:04 --> Severity: error --> Exception: Call to undefined method Contactus::index() D:\WORK\PHP\KUMYO\www\app\controllers\web\Contactus.php 40
ERROR - 2021-09-25 18:35:04 --> Severity: error --> Exception: Call to undefined method Contactus::index() D:\WORK\PHP\KUMYO\www\app\controllers\web\Contactus.php 40
ERROR - 2021-09-25 18:36:04 --> Severity: error --> Exception: Call to undefined method Contactus::index() D:\WORK\PHP\KUMYO\www\app\controllers\web\Contactus.php 40
ERROR - 2021-09-25 18:37:04 --> Severity: error --> Exception: Call to undefined method Contactus::index() D:\WORK\PHP\KUMYO\www\app\controllers\web\Contactus.php 40
ERROR - 2021-09-25 18:38:04 --> Severity: error --> Exception: Call to undefined method Contactus::index() D:\WORK\PHP\KUMYO\www\app\controllers\web\Contactus.php 40
ERROR - 2021-09-25 18:39:04 --> Severity: error --> Exception: Call to undefined method Contactus::index() D:\WORK\PHP\KUMYO\www\app\controllers\web\Contactus.php 40
ERROR - 2021-09-25 18:40:04 --> Severity: error --> Exception: Call to undefined method Contactus::index() D:\WORK\PHP\KUMYO\www\app\controllers\web\Contactus.php 40
ERROR - 2021-09-25 18:41:04 --> Severity: error --> Exception: Call to undefined method Contactus::index() D:\WORK\PHP\KUMYO\www\app\controllers\web\Contactus.php 40
ERROR - 2021-09-25 18:42:04 --> Severity: error --> Exception: Call to undefined method Contactus::index() D:\WORK\PHP\KUMYO\www\app\controllers\web\Contactus.php 40
ERROR - 2021-09-25 18:43:04 --> Severity: error --> Exception: Call to undefined method Contactus::index() D:\WORK\PHP\KUMYO\www\app\controllers\web\Contactus.php 40
ERROR - 2021-09-25 18:44:04 --> Severity: error --> Exception: Call to undefined method Contactus::index() D:\WORK\PHP\KUMYO\www\app\controllers\web\Contactus.php 40
ERROR - 2021-09-25 18:45:04 --> Severity: error --> Exception: Call to undefined method Contactus::index() D:\WORK\PHP\KUMYO\www\app\controllers\web\Contactus.php 40
ERROR - 2021-09-25 18:46:04 --> Severity: error --> Exception: Call to undefined method Contactus::index() D:\WORK\PHP\KUMYO\www\app\controllers\web\Contactus.php 40
ERROR - 2021-09-25 18:47:04 --> Severity: error --> Exception: Call to undefined method Contactus::index() D:\WORK\PHP\KUMYO\www\app\controllers\web\Contactus.php 40
ERROR - 2021-09-25 18:48:04 --> Severity: error --> Exception: Call to undefined method Contactus::index() D:\WORK\PHP\KUMYO\www\app\controllers\web\Contactus.php 40
ERROR - 2021-09-25 18:49:04 --> Severity: error --> Exception: Call to undefined method Contactus::index() D:\WORK\PHP\KUMYO\www\app\controllers\web\Contactus.php 40
ERROR - 2021-09-25 18:50:04 --> Severity: error --> Exception: Call to undefined method Contactus::index() D:\WORK\PHP\KUMYO\www\app\controllers\web\Contactus.php 40
ERROR - 2021-09-25 18:51:04 --> Severity: error --> Exception: Call to undefined method Contactus::index() D:\WORK\PHP\KUMYO\www\app\controllers\web\Contactus.php 40
ERROR - 2021-09-25 18:52:04 --> Severity: error --> Exception: Call to undefined method Contactus::index() D:\WORK\PHP\KUMYO\www\app\controllers\web\Contactus.php 40
ERROR - 2021-09-25 18:53:04 --> Severity: error --> Exception: Call to undefined method Contactus::index() D:\WORK\PHP\KUMYO\www\app\controllers\web\Contactus.php 40
ERROR - 2021-09-25 18:54:04 --> Severity: error --> Exception: Call to undefined method Contactus::index() D:\WORK\PHP\KUMYO\www\app\controllers\web\Contactus.php 40
ERROR - 2021-09-25 18:55:04 --> Severity: error --> Exception: Call to undefined method Contactus::index() D:\WORK\PHP\KUMYO\www\app\controllers\web\Contactus.php 40
ERROR - 2021-09-25 18:56:04 --> Severity: error --> Exception: Call to undefined method Contactus::index() D:\WORK\PHP\KUMYO\www\app\controllers\web\Contactus.php 40
ERROR - 2021-09-25 18:57:04 --> Severity: error --> Exception: Call to undefined method Contactus::index() D:\WORK\PHP\KUMYO\www\app\controllers\web\Contactus.php 40
ERROR - 2021-09-25 18:58:04 --> Severity: error --> Exception: Call to undefined method Contactus::index() D:\WORK\PHP\KUMYO\www\app\controllers\web\Contactus.php 40
ERROR - 2021-09-25 18:59:04 --> Severity: error --> Exception: Call to undefined method Contactus::index() D:\WORK\PHP\KUMYO\www\app\controllers\web\Contactus.php 40
ERROR - 2021-09-25 19:00:04 --> Severity: error --> Exception: Call to undefined method Contactus::index() D:\WORK\PHP\KUMYO\www\app\controllers\web\Contactus.php 40
ERROR - 2021-09-25 19:01:04 --> Severity: error --> Exception: Call to undefined method Contactus::index() D:\WORK\PHP\KUMYO\www\app\controllers\web\Contactus.php 40
ERROR - 2021-09-25 19:02:04 --> Severity: error --> Exception: Call to undefined method Contactus::index() D:\WORK\PHP\KUMYO\www\app\controllers\web\Contactus.php 40
ERROR - 2021-09-25 19:03:04 --> Severity: error --> Exception: Call to undefined method Contactus::index() D:\WORK\PHP\KUMYO\www\app\controllers\web\Contactus.php 40
ERROR - 2021-09-25 19:04:04 --> Severity: error --> Exception: Call to undefined method Contactus::index() D:\WORK\PHP\KUMYO\www\app\controllers\web\Contactus.php 40
ERROR - 2021-09-25 19:05:04 --> Severity: error --> Exception: Call to undefined method Contactus::index() D:\WORK\PHP\KUMYO\www\app\controllers\web\Contactus.php 40
ERROR - 2021-09-25 19:06:04 --> Severity: error --> Exception: Call to undefined method Contactus::index() D:\WORK\PHP\KUMYO\www\app\controllers\web\Contactus.php 40
ERROR - 2021-09-25 19:07:04 --> Severity: error --> Exception: Call to undefined method Contactus::index() D:\WORK\PHP\KUMYO\www\app\controllers\web\Contactus.php 40
ERROR - 2021-09-25 19:08:04 --> Severity: error --> Exception: Call to undefined method Contactus::index() D:\WORK\PHP\KUMYO\www\app\controllers\web\Contactus.php 40
ERROR - 2021-09-25 19:09:04 --> Severity: error --> Exception: Call to undefined method Contactus::index() D:\WORK\PHP\KUMYO\www\app\controllers\web\Contactus.php 40
ERROR - 2021-09-25 19:10:04 --> Severity: error --> Exception: Call to undefined method Contactus::index() D:\WORK\PHP\KUMYO\www\app\controllers\web\Contactus.php 40
ERROR - 2021-09-25 19:11:04 --> Severity: error --> Exception: Call to undefined method Contactus::index() D:\WORK\PHP\KUMYO\www\app\controllers\web\Contactus.php 40
ERROR - 2021-09-25 19:12:04 --> Severity: error --> Exception: Call to undefined method Contactus::index() D:\WORK\PHP\KUMYO\www\app\controllers\web\Contactus.php 40
ERROR - 2021-09-25 19:13:04 --> Severity: error --> Exception: Call to undefined method Contactus::index() D:\WORK\PHP\KUMYO\www\app\controllers\web\Contactus.php 40
ERROR - 2021-09-25 19:14:04 --> Severity: error --> Exception: Call to undefined method Contactus::index() D:\WORK\PHP\KUMYO\www\app\controllers\web\Contactus.php 40
ERROR - 2021-09-25 19:15:04 --> Severity: error --> Exception: Call to undefined method Contactus::index() D:\WORK\PHP\KUMYO\www\app\controllers\web\Contactus.php 40
ERROR - 2021-09-25 19:16:04 --> Severity: error --> Exception: Call to undefined method Contactus::index() D:\WORK\PHP\KUMYO\www\app\controllers\web\Contactus.php 40
ERROR - 2021-09-25 19:17:04 --> Severity: error --> Exception: Call to undefined method Contactus::index() D:\WORK\PHP\KUMYO\www\app\controllers\web\Contactus.php 40
ERROR - 2021-09-25 19:18:04 --> Severity: error --> Exception: Call to undefined method Contactus::index() D:\WORK\PHP\KUMYO\www\app\controllers\web\Contactus.php 40
ERROR - 2021-09-25 19:19:04 --> Severity: error --> Exception: Call to undefined method Contactus::index() D:\WORK\PHP\KUMYO\www\app\controllers\web\Contactus.php 40
ERROR - 2021-09-25 19:20:04 --> Severity: error --> Exception: Call to undefined method Contactus::index() D:\WORK\PHP\KUMYO\www\app\controllers\web\Contactus.php 40
ERROR - 2021-09-25 19:21:04 --> Severity: error --> Exception: Call to undefined method Contactus::index() D:\WORK\PHP\KUMYO\www\app\controllers\web\Contactus.php 40
ERROR - 2021-09-25 19:22:04 --> Severity: error --> Exception: Call to undefined method Contactus::index() D:\WORK\PHP\KUMYO\www\app\controllers\web\Contactus.php 40
ERROR - 2021-09-25 19:23:04 --> Severity: error --> Exception: Call to undefined method Contactus::index() D:\WORK\PHP\KUMYO\www\app\controllers\web\Contactus.php 40
ERROR - 2021-09-25 19:24:04 --> Severity: error --> Exception: Call to undefined method Contactus::index() D:\WORK\PHP\KUMYO\www\app\controllers\web\Contactus.php 40
ERROR - 2021-09-25 19:25:04 --> Severity: error --> Exception: Call to undefined method Contactus::index() D:\WORK\PHP\KUMYO\www\app\controllers\web\Contactus.php 40
ERROR - 2021-09-25 19:26:04 --> Severity: error --> Exception: Call to undefined method Contactus::index() D:\WORK\PHP\KUMYO\www\app\controllers\web\Contactus.php 40
ERROR - 2021-09-25 19:27:04 --> Severity: error --> Exception: Call to undefined method Contactus::index() D:\WORK\PHP\KUMYO\www\app\controllers\web\Contactus.php 40
ERROR - 2021-09-25 19:28:04 --> Severity: error --> Exception: Call to undefined method Contactus::index() D:\WORK\PHP\KUMYO\www\app\controllers\web\Contactus.php 40
ERROR - 2021-09-25 19:29:04 --> Severity: error --> Exception: Call to undefined method Contactus::index() D:\WORK\PHP\KUMYO\www\app\controllers\web\Contactus.php 40
ERROR - 2021-09-25 19:30:04 --> Severity: error --> Exception: Call to undefined method Contactus::index() D:\WORK\PHP\KUMYO\www\app\controllers\web\Contactus.php 40
ERROR - 2021-09-25 19:31:04 --> Severity: error --> Exception: Call to undefined method Contactus::index() D:\WORK\PHP\KUMYO\www\app\controllers\web\Contactus.php 40
ERROR - 2021-09-25 19:32:04 --> Severity: error --> Exception: Call to undefined method Contactus::index() D:\WORK\PHP\KUMYO\www\app\controllers\web\Contactus.php 40
ERROR - 2021-09-25 19:33:04 --> Severity: error --> Exception: Call to undefined method Contactus::index() D:\WORK\PHP\KUMYO\www\app\controllers\web\Contactus.php 40
ERROR - 2021-09-25 19:34:04 --> Severity: error --> Exception: Call to undefined method Contactus::index() D:\WORK\PHP\KUMYO\www\app\controllers\web\Contactus.php 40
ERROR - 2021-09-25 19:35:04 --> Severity: error --> Exception: Call to undefined method Contactus::index() D:\WORK\PHP\KUMYO\www\app\controllers\web\Contactus.php 40
ERROR - 2021-09-25 19:36:04 --> Severity: error --> Exception: Call to undefined method Contactus::index() D:\WORK\PHP\KUMYO\www\app\controllers\web\Contactus.php 40
ERROR - 2021-09-25 19:37:04 --> Severity: error --> Exception: Call to undefined method Contactus::index() D:\WORK\PHP\KUMYO\www\app\controllers\web\Contactus.php 40
ERROR - 2021-09-25 19:38:04 --> Severity: error --> Exception: Call to undefined method Contactus::index() D:\WORK\PHP\KUMYO\www\app\controllers\web\Contactus.php 40
ERROR - 2021-09-25 19:39:04 --> Severity: error --> Exception: Call to undefined method Contactus::index() D:\WORK\PHP\KUMYO\www\app\controllers\web\Contactus.php 40
ERROR - 2021-09-25 19:40:04 --> Severity: error --> Exception: Call to undefined method Contactus::index() D:\WORK\PHP\KUMYO\www\app\controllers\web\Contactus.php 40
ERROR - 2021-09-25 19:41:04 --> Severity: error --> Exception: Call to undefined method Contactus::index() D:\WORK\PHP\KUMYO\www\app\controllers\web\Contactus.php 40
ERROR - 2021-09-25 19:42:04 --> Severity: error --> Exception: Call to undefined method Contactus::index() D:\WORK\PHP\KUMYO\www\app\controllers\web\Contactus.php 40
ERROR - 2021-09-25 19:43:04 --> Severity: error --> Exception: Call to undefined method Contactus::index() D:\WORK\PHP\KUMYO\www\app\controllers\web\Contactus.php 40
ERROR - 2021-09-25 19:44:04 --> Severity: error --> Exception: Call to undefined method Contactus::index() D:\WORK\PHP\KUMYO\www\app\controllers\web\Contactus.php 40
ERROR - 2021-09-25 19:45:04 --> Severity: error --> Exception: Call to undefined method Contactus::index() D:\WORK\PHP\KUMYO\www\app\controllers\web\Contactus.php 40
ERROR - 2021-09-25 19:46:04 --> Severity: error --> Exception: Call to undefined method Contactus::index() D:\WORK\PHP\KUMYO\www\app\controllers\web\Contactus.php 40
ERROR - 2021-09-25 19:47:04 --> Severity: error --> Exception: Call to undefined method Contactus::index() D:\WORK\PHP\KUMYO\www\app\controllers\web\Contactus.php 40
ERROR - 2021-09-25 19:48:04 --> Severity: error --> Exception: Call to undefined method Contactus::index() D:\WORK\PHP\KUMYO\www\app\controllers\web\Contactus.php 40
ERROR - 2021-09-25 19:49:04 --> Severity: error --> Exception: Call to undefined method Contactus::index() D:\WORK\PHP\KUMYO\www\app\controllers\web\Contactus.php 40
ERROR - 2021-09-25 19:50:04 --> Severity: error --> Exception: Call to undefined method Contactus::index() D:\WORK\PHP\KUMYO\www\app\controllers\web\Contactus.php 40
ERROR - 2021-09-25 19:51:04 --> Severity: error --> Exception: Call to undefined method Contactus::index() D:\WORK\PHP\KUMYO\www\app\controllers\web\Contactus.php 40
ERROR - 2021-09-25 19:52:04 --> Severity: error --> Exception: Call to undefined method Contactus::index() D:\WORK\PHP\KUMYO\www\app\controllers\web\Contactus.php 40
ERROR - 2021-09-25 19:53:04 --> Severity: error --> Exception: Call to undefined method Contactus::index() D:\WORK\PHP\KUMYO\www\app\controllers\web\Contactus.php 40
ERROR - 2021-09-25 19:54:04 --> Severity: error --> Exception: Call to undefined method Contactus::index() D:\WORK\PHP\KUMYO\www\app\controllers\web\Contactus.php 40
ERROR - 2021-09-25 19:55:04 --> Severity: error --> Exception: Call to undefined method Contactus::index() D:\WORK\PHP\KUMYO\www\app\controllers\web\Contactus.php 40
ERROR - 2021-09-25 19:56:04 --> Severity: error --> Exception: Call to undefined method Contactus::index() D:\WORK\PHP\KUMYO\www\app\controllers\web\Contactus.php 40
ERROR - 2021-09-25 19:57:04 --> Severity: error --> Exception: Call to undefined method Contactus::index() D:\WORK\PHP\KUMYO\www\app\controllers\web\Contactus.php 40
ERROR - 2021-09-25 19:58:04 --> Severity: error --> Exception: Call to undefined method Contactus::index() D:\WORK\PHP\KUMYO\www\app\controllers\web\Contactus.php 40
ERROR - 2021-09-25 19:59:04 --> Severity: error --> Exception: Call to undefined method Contactus::index() D:\WORK\PHP\KUMYO\www\app\controllers\web\Contactus.php 40
ERROR - 2021-09-25 20:00:04 --> Severity: error --> Exception: Call to undefined method Contactus::index() D:\WORK\PHP\KUMYO\www\app\controllers\web\Contactus.php 40
ERROR - 2021-09-25 20:01:04 --> Severity: error --> Exception: Call to undefined method Contactus::index() D:\WORK\PHP\KUMYO\www\app\controllers\web\Contactus.php 40
ERROR - 2021-09-25 20:02:04 --> Severity: error --> Exception: Call to undefined method Contactus::index() D:\WORK\PHP\KUMYO\www\app\controllers\web\Contactus.php 40
ERROR - 2021-09-25 20:03:04 --> Severity: error --> Exception: Call to undefined method Contactus::index() D:\WORK\PHP\KUMYO\www\app\controllers\web\Contactus.php 40
ERROR - 2021-09-25 20:04:04 --> Severity: error --> Exception: Call to undefined method Contactus::index() D:\WORK\PHP\KUMYO\www\app\controllers\web\Contactus.php 40
ERROR - 2021-09-25 20:05:04 --> Severity: error --> Exception: Call to undefined method Contactus::index() D:\WORK\PHP\KUMYO\www\app\controllers\web\Contactus.php 40
ERROR - 2021-09-25 20:06:04 --> Severity: error --> Exception: Call to undefined method Contactus::index() D:\WORK\PHP\KUMYO\www\app\controllers\web\Contactus.php 40
ERROR - 2021-09-25 20:07:04 --> Severity: error --> Exception: Call to undefined method Contactus::index() D:\WORK\PHP\KUMYO\www\app\controllers\web\Contactus.php 40
ERROR - 2021-09-25 20:08:04 --> Severity: error --> Exception: Call to undefined method Contactus::index() D:\WORK\PHP\KUMYO\www\app\controllers\web\Contactus.php 40
ERROR - 2021-09-25 20:09:04 --> Severity: error --> Exception: Call to undefined method Contactus::index() D:\WORK\PHP\KUMYO\www\app\controllers\web\Contactus.php 40
ERROR - 2021-09-25 20:10:04 --> Severity: error --> Exception: Call to undefined method Contactus::index() D:\WORK\PHP\KUMYO\www\app\controllers\web\Contactus.php 40
ERROR - 2021-09-25 20:11:04 --> Severity: error --> Exception: Call to undefined method Contactus::index() D:\WORK\PHP\KUMYO\www\app\controllers\web\Contactus.php 40
ERROR - 2021-09-25 20:12:04 --> Severity: error --> Exception: Call to undefined method Contactus::index() D:\WORK\PHP\KUMYO\www\app\controllers\web\Contactus.php 40
ERROR - 2021-09-25 20:13:04 --> Severity: error --> Exception: Call to undefined method Contactus::index() D:\WORK\PHP\KUMYO\www\app\controllers\web\Contactus.php 40
ERROR - 2021-09-25 20:14:04 --> Severity: error --> Exception: Call to undefined method Contactus::index() D:\WORK\PHP\KUMYO\www\app\controllers\web\Contactus.php 40
ERROR - 2021-09-25 20:15:04 --> Severity: error --> Exception: Call to undefined method Contactus::index() D:\WORK\PHP\KUMYO\www\app\controllers\web\Contactus.php 40
ERROR - 2021-09-25 20:16:04 --> Severity: error --> Exception: Call to undefined method Contactus::index() D:\WORK\PHP\KUMYO\www\app\controllers\web\Contactus.php 40
ERROR - 2021-09-25 20:17:04 --> Severity: error --> Exception: Call to undefined method Contactus::index() D:\WORK\PHP\KUMYO\www\app\controllers\web\Contactus.php 40
ERROR - 2021-09-25 20:18:04 --> Severity: error --> Exception: Call to undefined method Contactus::index() D:\WORK\PHP\KUMYO\www\app\controllers\web\Contactus.php 40
ERROR - 2021-09-25 20:19:04 --> Severity: error --> Exception: Call to undefined method Contactus::index() D:\WORK\PHP\KUMYO\www\app\controllers\web\Contactus.php 40
ERROR - 2021-09-25 20:20:04 --> Severity: error --> Exception: Call to undefined method Contactus::index() D:\WORK\PHP\KUMYO\www\app\controllers\web\Contactus.php 40
ERROR - 2021-09-25 20:21:04 --> Severity: error --> Exception: Call to undefined method Contactus::index() D:\WORK\PHP\KUMYO\www\app\controllers\web\Contactus.php 40
ERROR - 2021-09-25 20:22:04 --> Severity: error --> Exception: Call to undefined method Contactus::index() D:\WORK\PHP\KUMYO\www\app\controllers\web\Contactus.php 40
ERROR - 2021-09-25 20:23:04 --> Severity: error --> Exception: Call to undefined method Contactus::index() D:\WORK\PHP\KUMYO\www\app\controllers\web\Contactus.php 40
ERROR - 2021-09-25 20:24:04 --> Severity: error --> Exception: Call to undefined method Contactus::index() D:\WORK\PHP\KUMYO\www\app\controllers\web\Contactus.php 40
ERROR - 2021-09-25 20:25:04 --> Severity: error --> Exception: Call to undefined method Contactus::index() D:\WORK\PHP\KUMYO\www\app\controllers\web\Contactus.php 40
ERROR - 2021-09-25 20:26:04 --> Severity: error --> Exception: Call to undefined method Contactus::index() D:\WORK\PHP\KUMYO\www\app\controllers\web\Contactus.php 40
ERROR - 2021-09-25 20:27:04 --> Severity: error --> Exception: Call to undefined method Contactus::index() D:\WORK\PHP\KUMYO\www\app\controllers\web\Contactus.php 40
ERROR - 2021-09-25 20:28:04 --> Severity: error --> Exception: Call to undefined method Contactus::index() D:\WORK\PHP\KUMYO\www\app\controllers\web\Contactus.php 40
ERROR - 2021-09-25 20:29:04 --> Severity: error --> Exception: Call to undefined method Contactus::index() D:\WORK\PHP\KUMYO\www\app\controllers\web\Contactus.php 40
ERROR - 2021-09-25 20:30:04 --> Severity: error --> Exception: Call to undefined method Contactus::index() D:\WORK\PHP\KUMYO\www\app\controllers\web\Contactus.php 40
ERROR - 2021-09-25 20:31:04 --> Severity: error --> Exception: Call to undefined method Contactus::index() D:\WORK\PHP\KUMYO\www\app\controllers\web\Contactus.php 40
ERROR - 2021-09-25 20:32:04 --> Severity: error --> Exception: Call to undefined method Contactus::index() D:\WORK\PHP\KUMYO\www\app\controllers\web\Contactus.php 40
ERROR - 2021-09-25 20:33:04 --> Severity: error --> Exception: Call to undefined method Contactus::index() D:\WORK\PHP\KUMYO\www\app\controllers\web\Contactus.php 40
ERROR - 2021-09-25 20:34:04 --> Severity: error --> Exception: Call to undefined method Contactus::index() D:\WORK\PHP\KUMYO\www\app\controllers\web\Contactus.php 40
ERROR - 2021-09-25 20:35:04 --> Severity: error --> Exception: Call to undefined method Contactus::index() D:\WORK\PHP\KUMYO\www\app\controllers\web\Contactus.php 40
ERROR - 2021-09-25 20:36:04 --> Severity: error --> Exception: Call to undefined method Contactus::index() D:\WORK\PHP\KUMYO\www\app\controllers\web\Contactus.php 40
ERROR - 2021-09-25 20:37:04 --> Severity: error --> Exception: Call to undefined method Contactus::index() D:\WORK\PHP\KUMYO\www\app\controllers\web\Contactus.php 40
ERROR - 2021-09-25 20:38:04 --> Severity: error --> Exception: Call to undefined method Contactus::index() D:\WORK\PHP\KUMYO\www\app\controllers\web\Contactus.php 40
ERROR - 2021-09-25 20:39:04 --> Severity: error --> Exception: Call to undefined method Contactus::index() D:\WORK\PHP\KUMYO\www\app\controllers\web\Contactus.php 40
ERROR - 2021-09-25 20:40:04 --> Severity: error --> Exception: Call to undefined method Contactus::index() D:\WORK\PHP\KUMYO\www\app\controllers\web\Contactus.php 40
ERROR - 2021-09-25 20:41:04 --> Severity: error --> Exception: Call to undefined method Contactus::index() D:\WORK\PHP\KUMYO\www\app\controllers\web\Contactus.php 40
ERROR - 2021-09-25 20:42:04 --> Severity: error --> Exception: Call to undefined method Contactus::index() D:\WORK\PHP\KUMYO\www\app\controllers\web\Contactus.php 40
ERROR - 2021-09-25 20:43:04 --> Severity: error --> Exception: Call to undefined method Contactus::index() D:\WORK\PHP\KUMYO\www\app\controllers\web\Contactus.php 40
ERROR - 2021-09-25 20:44:04 --> Severity: error --> Exception: Call to undefined method Contactus::index() D:\WORK\PHP\KUMYO\www\app\controllers\web\Contactus.php 40
ERROR - 2021-09-25 20:45:04 --> Severity: error --> Exception: Call to undefined method Contactus::index() D:\WORK\PHP\KUMYO\www\app\controllers\web\Contactus.php 40
ERROR - 2021-09-25 20:46:04 --> Severity: error --> Exception: Call to undefined method Contactus::index() D:\WORK\PHP\KUMYO\www\app\controllers\web\Contactus.php 40
ERROR - 2021-09-25 20:47:04 --> Severity: error --> Exception: Call to undefined method Contactus::index() D:\WORK\PHP\KUMYO\www\app\controllers\web\Contactus.php 40
ERROR - 2021-09-25 20:48:04 --> Severity: error --> Exception: Call to undefined method Contactus::index() D:\WORK\PHP\KUMYO\www\app\controllers\web\Contactus.php 40
ERROR - 2021-09-25 20:49:04 --> Severity: error --> Exception: Call to undefined method Contactus::index() D:\WORK\PHP\KUMYO\www\app\controllers\web\Contactus.php 40
ERROR - 2021-09-25 20:50:04 --> Severity: error --> Exception: Call to undefined method Contactus::index() D:\WORK\PHP\KUMYO\www\app\controllers\web\Contactus.php 40
ERROR - 2021-09-25 20:51:04 --> Severity: error --> Exception: Call to undefined method Contactus::index() D:\WORK\PHP\KUMYO\www\app\controllers\web\Contactus.php 40
ERROR - 2021-09-25 20:52:04 --> Severity: error --> Exception: Call to undefined method Contactus::index() D:\WORK\PHP\KUMYO\www\app\controllers\web\Contactus.php 40
ERROR - 2021-09-25 20:53:04 --> Severity: error --> Exception: Call to undefined method Contactus::index() D:\WORK\PHP\KUMYO\www\app\controllers\web\Contactus.php 40
ERROR - 2021-09-25 20:54:04 --> Severity: error --> Exception: Call to undefined method Contactus::index() D:\WORK\PHP\KUMYO\www\app\controllers\web\Contactus.php 40
ERROR - 2021-09-25 20:55:04 --> Severity: error --> Exception: Call to undefined method Contactus::index() D:\WORK\PHP\KUMYO\www\app\controllers\web\Contactus.php 40
ERROR - 2021-09-25 20:56:04 --> Severity: error --> Exception: Call to undefined method Contactus::index() D:\WORK\PHP\KUMYO\www\app\controllers\web\Contactus.php 40
ERROR - 2021-09-25 20:57:04 --> Severity: error --> Exception: Call to undefined method Contactus::index() D:\WORK\PHP\KUMYO\www\app\controllers\web\Contactus.php 40
ERROR - 2021-09-25 20:58:04 --> Severity: error --> Exception: Call to undefined method Contactus::index() D:\WORK\PHP\KUMYO\www\app\controllers\web\Contactus.php 40
ERROR - 2021-09-25 20:59:04 --> Severity: error --> Exception: Call to undefined method Contactus::index() D:\WORK\PHP\KUMYO\www\app\controllers\web\Contactus.php 40
ERROR - 2021-09-25 21:00:04 --> Severity: error --> Exception: Call to undefined method Contactus::index() D:\WORK\PHP\KUMYO\www\app\controllers\web\Contactus.php 40
ERROR - 2021-09-25 21:01:04 --> Severity: error --> Exception: Call to undefined method Contactus::index() D:\WORK\PHP\KUMYO\www\app\controllers\web\Contactus.php 40
ERROR - 2021-09-25 21:02:04 --> Severity: error --> Exception: Call to undefined method Contactus::index() D:\WORK\PHP\KUMYO\www\app\controllers\web\Contactus.php 40
ERROR - 2021-09-25 21:03:04 --> Severity: error --> Exception: Call to undefined method Contactus::index() D:\WORK\PHP\KUMYO\www\app\controllers\web\Contactus.php 40
ERROR - 2021-09-25 21:04:04 --> Severity: error --> Exception: Call to undefined method Contactus::index() D:\WORK\PHP\KUMYO\www\app\controllers\web\Contactus.php 40
ERROR - 2021-09-25 21:05:04 --> Severity: error --> Exception: Call to undefined method Contactus::index() D:\WORK\PHP\KUMYO\www\app\controllers\web\Contactus.php 40
ERROR - 2021-09-25 21:06:04 --> Severity: error --> Exception: Call to undefined method Contactus::index() D:\WORK\PHP\KUMYO\www\app\controllers\web\Contactus.php 40
ERROR - 2021-09-25 21:07:04 --> Severity: error --> Exception: Call to undefined method Contactus::index() D:\WORK\PHP\KUMYO\www\app\controllers\web\Contactus.php 40
ERROR - 2021-09-25 21:08:04 --> Severity: error --> Exception: Call to undefined method Contactus::index() D:\WORK\PHP\KUMYO\www\app\controllers\web\Contactus.php 40
ERROR - 2021-09-25 21:09:04 --> Severity: error --> Exception: Call to undefined method Contactus::index() D:\WORK\PHP\KUMYO\www\app\controllers\web\Contactus.php 40
ERROR - 2021-09-25 21:10:04 --> Severity: error --> Exception: Call to undefined method Contactus::index() D:\WORK\PHP\KUMYO\www\app\controllers\web\Contactus.php 40
ERROR - 2021-09-25 21:11:04 --> Severity: error --> Exception: Call to undefined method Contactus::index() D:\WORK\PHP\KUMYO\www\app\controllers\web\Contactus.php 40
ERROR - 2021-09-25 21:12:04 --> Severity: error --> Exception: Call to undefined method Contactus::index() D:\WORK\PHP\KUMYO\www\app\controllers\web\Contactus.php 40
ERROR - 2021-09-25 21:13:04 --> Severity: error --> Exception: Call to undefined method Contactus::index() D:\WORK\PHP\KUMYO\www\app\controllers\web\Contactus.php 40
ERROR - 2021-09-25 21:14:04 --> Severity: error --> Exception: Call to undefined method Contactus::index() D:\WORK\PHP\KUMYO\www\app\controllers\web\Contactus.php 40
ERROR - 2021-09-25 21:15:04 --> Severity: error --> Exception: Call to undefined method Contactus::index() D:\WORK\PHP\KUMYO\www\app\controllers\web\Contactus.php 40
ERROR - 2021-09-25 21:16:04 --> Severity: error --> Exception: Call to undefined method Contactus::index() D:\WORK\PHP\KUMYO\www\app\controllers\web\Contactus.php 40
ERROR - 2021-09-25 21:17:04 --> Severity: error --> Exception: Call to undefined method Contactus::index() D:\WORK\PHP\KUMYO\www\app\controllers\web\Contactus.php 40
ERROR - 2021-09-25 21:18:04 --> Severity: error --> Exception: Call to undefined method Contactus::index() D:\WORK\PHP\KUMYO\www\app\controllers\web\Contactus.php 40
ERROR - 2021-09-25 21:19:04 --> Severity: error --> Exception: Call to undefined method Contactus::index() D:\WORK\PHP\KUMYO\www\app\controllers\web\Contactus.php 40
ERROR - 2021-09-25 21:20:04 --> Severity: error --> Exception: Call to undefined method Contactus::index() D:\WORK\PHP\KUMYO\www\app\controllers\web\Contactus.php 40
ERROR - 2021-09-25 21:21:04 --> Severity: error --> Exception: Call to undefined method Contactus::index() D:\WORK\PHP\KUMYO\www\app\controllers\web\Contactus.php 40
ERROR - 2021-09-25 21:22:04 --> Severity: error --> Exception: Call to undefined method Contactus::index() D:\WORK\PHP\KUMYO\www\app\controllers\web\Contactus.php 40
ERROR - 2021-09-25 21:23:04 --> Severity: error --> Exception: Call to undefined method Contactus::index() D:\WORK\PHP\KUMYO\www\app\controllers\web\Contactus.php 40
ERROR - 2021-09-25 21:24:04 --> Severity: error --> Exception: Call to undefined method Contactus::index() D:\WORK\PHP\KUMYO\www\app\controllers\web\Contactus.php 40
ERROR - 2021-09-25 21:25:04 --> Severity: error --> Exception: Call to undefined method Contactus::index() D:\WORK\PHP\KUMYO\www\app\controllers\web\Contactus.php 40
ERROR - 2021-09-25 21:26:04 --> Severity: error --> Exception: Call to undefined method Contactus::index() D:\WORK\PHP\KUMYO\www\app\controllers\web\Contactus.php 40
ERROR - 2021-09-25 21:27:04 --> Severity: error --> Exception: Call to undefined method Contactus::index() D:\WORK\PHP\KUMYO\www\app\controllers\web\Contactus.php 40
ERROR - 2021-09-25 21:28:04 --> Severity: error --> Exception: Call to undefined method Contactus::index() D:\WORK\PHP\KUMYO\www\app\controllers\web\Contactus.php 40
ERROR - 2021-09-25 21:29:04 --> Severity: error --> Exception: Call to undefined method Contactus::index() D:\WORK\PHP\KUMYO\www\app\controllers\web\Contactus.php 40
ERROR - 2021-09-25 21:30:04 --> Severity: error --> Exception: Call to undefined method Contactus::index() D:\WORK\PHP\KUMYO\www\app\controllers\web\Contactus.php 40
ERROR - 2021-09-25 21:31:04 --> Severity: error --> Exception: Call to undefined method Contactus::index() D:\WORK\PHP\KUMYO\www\app\controllers\web\Contactus.php 40
ERROR - 2021-09-25 21:32:04 --> Severity: error --> Exception: Call to undefined method Contactus::index() D:\WORK\PHP\KUMYO\www\app\controllers\web\Contactus.php 40
ERROR - 2021-09-25 21:33:04 --> Severity: error --> Exception: Call to undefined method Contactus::index() D:\WORK\PHP\KUMYO\www\app\controllers\web\Contactus.php 40
ERROR - 2021-09-25 21:34:04 --> Severity: error --> Exception: Call to undefined method Contactus::index() D:\WORK\PHP\KUMYO\www\app\controllers\web\Contactus.php 40
ERROR - 2021-09-25 21:35:04 --> Severity: error --> Exception: Call to undefined method Contactus::index() D:\WORK\PHP\KUMYO\www\app\controllers\web\Contactus.php 40
ERROR - 2021-09-25 21:36:04 --> Severity: error --> Exception: Call to undefined method Contactus::index() D:\WORK\PHP\KUMYO\www\app\controllers\web\Contactus.php 40
ERROR - 2021-09-25 21:37:04 --> Severity: error --> Exception: Call to undefined method Contactus::index() D:\WORK\PHP\KUMYO\www\app\controllers\web\Contactus.php 40
ERROR - 2021-09-25 21:38:04 --> Severity: error --> Exception: Call to undefined method Contactus::index() D:\WORK\PHP\KUMYO\www\app\controllers\web\Contactus.php 40
ERROR - 2021-09-25 21:39:04 --> Severity: error --> Exception: Call to undefined method Contactus::index() D:\WORK\PHP\KUMYO\www\app\controllers\web\Contactus.php 40
ERROR - 2021-09-25 21:40:04 --> Severity: error --> Exception: Call to undefined method Contactus::index() D:\WORK\PHP\KUMYO\www\app\controllers\web\Contactus.php 40
ERROR - 2021-09-25 21:41:04 --> Severity: error --> Exception: Call to undefined method Contactus::index() D:\WORK\PHP\KUMYO\www\app\controllers\web\Contactus.php 40
ERROR - 2021-09-25 21:42:04 --> Severity: error --> Exception: Call to undefined method Contactus::index() D:\WORK\PHP\KUMYO\www\app\controllers\web\Contactus.php 40
ERROR - 2021-09-25 21:43:04 --> Severity: error --> Exception: Call to undefined method Contactus::index() D:\WORK\PHP\KUMYO\www\app\controllers\web\Contactus.php 40
ERROR - 2021-09-25 21:44:04 --> Severity: error --> Exception: Call to undefined method Contactus::index() D:\WORK\PHP\KUMYO\www\app\controllers\web\Contactus.php 40
ERROR - 2021-09-25 21:45:04 --> Severity: error --> Exception: Call to undefined method Contactus::index() D:\WORK\PHP\KUMYO\www\app\controllers\web\Contactus.php 40
ERROR - 2021-09-25 21:46:04 --> Severity: error --> Exception: Call to undefined method Contactus::index() D:\WORK\PHP\KUMYO\www\app\controllers\web\Contactus.php 40
ERROR - 2021-09-25 21:47:04 --> Severity: error --> Exception: Call to undefined method Contactus::index() D:\WORK\PHP\KUMYO\www\app\controllers\web\Contactus.php 40
ERROR - 2021-09-25 21:48:04 --> Severity: error --> Exception: Call to undefined method Contactus::index() D:\WORK\PHP\KUMYO\www\app\controllers\web\Contactus.php 40
ERROR - 2021-09-25 21:49:04 --> Severity: error --> Exception: Call to undefined method Contactus::index() D:\WORK\PHP\KUMYO\www\app\controllers\web\Contactus.php 40
ERROR - 2021-09-25 21:50:04 --> Severity: error --> Exception: Call to undefined method Contactus::index() D:\WORK\PHP\KUMYO\www\app\controllers\web\Contactus.php 40
ERROR - 2021-09-25 21:51:04 --> Severity: error --> Exception: Call to undefined method Contactus::index() D:\WORK\PHP\KUMYO\www\app\controllers\web\Contactus.php 40
ERROR - 2021-09-25 21:52:04 --> Severity: error --> Exception: Call to undefined method Contactus::index() D:\WORK\PHP\KUMYO\www\app\controllers\web\Contactus.php 40
ERROR - 2021-09-25 21:53:04 --> Severity: error --> Exception: Call to undefined method Contactus::index() D:\WORK\PHP\KUMYO\www\app\controllers\web\Contactus.php 40
ERROR - 2021-09-25 21:54:04 --> Severity: error --> Exception: Call to undefined method Contactus::index() D:\WORK\PHP\KUMYO\www\app\controllers\web\Contactus.php 40
ERROR - 2021-09-25 21:55:04 --> Severity: error --> Exception: Call to undefined method Contactus::index() D:\WORK\PHP\KUMYO\www\app\controllers\web\Contactus.php 40
ERROR - 2021-09-25 21:56:04 --> Severity: error --> Exception: Call to undefined method Contactus::index() D:\WORK\PHP\KUMYO\www\app\controllers\web\Contactus.php 40
ERROR - 2021-09-25 21:57:04 --> Severity: error --> Exception: Call to undefined method Contactus::index() D:\WORK\PHP\KUMYO\www\app\controllers\web\Contactus.php 40
ERROR - 2021-09-25 21:58:04 --> Severity: error --> Exception: Call to undefined method Contactus::index() D:\WORK\PHP\KUMYO\www\app\controllers\web\Contactus.php 40
ERROR - 2021-09-25 21:59:04 --> Severity: error --> Exception: Call to undefined method Contactus::index() D:\WORK\PHP\KUMYO\www\app\controllers\web\Contactus.php 40
ERROR - 2021-09-25 22:00:04 --> Severity: error --> Exception: Call to undefined method Contactus::index() D:\WORK\PHP\KUMYO\www\app\controllers\web\Contactus.php 40
ERROR - 2021-09-25 22:01:04 --> Severity: error --> Exception: Call to undefined method Contactus::index() D:\WORK\PHP\KUMYO\www\app\controllers\web\Contactus.php 40
ERROR - 2021-09-25 22:02:04 --> Severity: error --> Exception: Call to undefined method Contactus::index() D:\WORK\PHP\KUMYO\www\app\controllers\web\Contactus.php 40
ERROR - 2021-09-25 22:03:04 --> Severity: error --> Exception: Call to undefined method Contactus::index() D:\WORK\PHP\KUMYO\www\app\controllers\web\Contactus.php 40
ERROR - 2021-09-25 22:04:04 --> Severity: error --> Exception: Call to undefined method Contactus::index() D:\WORK\PHP\KUMYO\www\app\controllers\web\Contactus.php 40
ERROR - 2021-09-25 22:05:04 --> Severity: error --> Exception: Call to undefined method Contactus::index() D:\WORK\PHP\KUMYO\www\app\controllers\web\Contactus.php 40
ERROR - 2021-09-25 22:06:04 --> Severity: error --> Exception: Call to undefined method Contactus::index() D:\WORK\PHP\KUMYO\www\app\controllers\web\Contactus.php 40
ERROR - 2021-09-25 22:07:04 --> Severity: error --> Exception: Call to undefined method Contactus::index() D:\WORK\PHP\KUMYO\www\app\controllers\web\Contactus.php 40
ERROR - 2021-09-25 22:08:04 --> Severity: error --> Exception: Call to undefined method Contactus::index() D:\WORK\PHP\KUMYO\www\app\controllers\web\Contactus.php 40
ERROR - 2021-09-25 22:09:04 --> Severity: error --> Exception: Call to undefined method Contactus::index() D:\WORK\PHP\KUMYO\www\app\controllers\web\Contactus.php 40
ERROR - 2021-09-25 22:10:04 --> Severity: error --> Exception: Call to undefined method Contactus::index() D:\WORK\PHP\KUMYO\www\app\controllers\web\Contactus.php 40
ERROR - 2021-09-25 22:11:04 --> Severity: error --> Exception: Call to undefined method Contactus::index() D:\WORK\PHP\KUMYO\www\app\controllers\web\Contactus.php 40
ERROR - 2021-09-25 22:12:04 --> Severity: error --> Exception: Call to undefined method Contactus::index() D:\WORK\PHP\KUMYO\www\app\controllers\web\Contactus.php 40
ERROR - 2021-09-25 22:13:04 --> Severity: error --> Exception: Call to undefined method Contactus::index() D:\WORK\PHP\KUMYO\www\app\controllers\web\Contactus.php 40
ERROR - 2021-09-25 22:14:04 --> Severity: error --> Exception: Call to undefined method Contactus::index() D:\WORK\PHP\KUMYO\www\app\controllers\web\Contactus.php 40
ERROR - 2021-09-25 22:15:04 --> Severity: error --> Exception: Call to undefined method Contactus::index() D:\WORK\PHP\KUMYO\www\app\controllers\web\Contactus.php 40
ERROR - 2021-09-25 22:16:04 --> Severity: error --> Exception: Call to undefined method Contactus::index() D:\WORK\PHP\KUMYO\www\app\controllers\web\Contactus.php 40
ERROR - 2021-09-25 22:17:04 --> Severity: error --> Exception: Call to undefined method Contactus::index() D:\WORK\PHP\KUMYO\www\app\controllers\web\Contactus.php 40
ERROR - 2021-09-25 22:18:04 --> Severity: error --> Exception: Call to undefined method Contactus::index() D:\WORK\PHP\KUMYO\www\app\controllers\web\Contactus.php 40
ERROR - 2021-09-25 22:19:04 --> Severity: error --> Exception: Call to undefined method Contactus::index() D:\WORK\PHP\KUMYO\www\app\controllers\web\Contactus.php 40
ERROR - 2021-09-25 22:20:04 --> Severity: error --> Exception: Call to undefined method Contactus::index() D:\WORK\PHP\KUMYO\www\app\controllers\web\Contactus.php 40
ERROR - 2021-09-25 22:21:04 --> Severity: error --> Exception: Call to undefined method Contactus::index() D:\WORK\PHP\KUMYO\www\app\controllers\web\Contactus.php 40
ERROR - 2021-09-25 22:22:04 --> Severity: error --> Exception: Call to undefined method Contactus::index() D:\WORK\PHP\KUMYO\www\app\controllers\web\Contactus.php 40
ERROR - 2021-09-25 22:23:04 --> Severity: error --> Exception: Call to undefined method Contactus::index() D:\WORK\PHP\KUMYO\www\app\controllers\web\Contactus.php 40
ERROR - 2021-09-25 22:24:04 --> Severity: error --> Exception: Call to undefined method Contactus::index() D:\WORK\PHP\KUMYO\www\app\controllers\web\Contactus.php 40
ERROR - 2021-09-25 22:25:04 --> Severity: error --> Exception: Call to undefined method Contactus::index() D:\WORK\PHP\KUMYO\www\app\controllers\web\Contactus.php 40
ERROR - 2021-09-25 22:26:04 --> Severity: error --> Exception: Call to undefined method Contactus::index() D:\WORK\PHP\KUMYO\www\app\controllers\web\Contactus.php 40
ERROR - 2021-09-25 22:27:04 --> Severity: error --> Exception: Call to undefined method Contactus::index() D:\WORK\PHP\KUMYO\www\app\controllers\web\Contactus.php 40
ERROR - 2021-09-25 22:28:04 --> Severity: error --> Exception: Call to undefined method Contactus::index() D:\WORK\PHP\KUMYO\www\app\controllers\web\Contactus.php 40
ERROR - 2021-09-25 22:29:04 --> Severity: error --> Exception: Call to undefined method Contactus::index() D:\WORK\PHP\KUMYO\www\app\controllers\web\Contactus.php 40
ERROR - 2021-09-25 22:30:04 --> Severity: error --> Exception: Call to undefined method Contactus::index() D:\WORK\PHP\KUMYO\www\app\controllers\web\Contactus.php 40
ERROR - 2021-09-25 22:31:04 --> Severity: error --> Exception: Call to undefined method Contactus::index() D:\WORK\PHP\KUMYO\www\app\controllers\web\Contactus.php 40
ERROR - 2021-09-25 22:32:04 --> Severity: error --> Exception: Call to undefined method Contactus::index() D:\WORK\PHP\KUMYO\www\app\controllers\web\Contactus.php 40
ERROR - 2021-09-25 22:33:04 --> Severity: error --> Exception: Call to undefined method Contactus::index() D:\WORK\PHP\KUMYO\www\app\controllers\web\Contactus.php 40
ERROR - 2021-09-25 22:34:04 --> Severity: error --> Exception: Call to undefined method Contactus::index() D:\WORK\PHP\KUMYO\www\app\controllers\web\Contactus.php 40
ERROR - 2021-09-25 22:35:04 --> Severity: error --> Exception: Call to undefined method Contactus::index() D:\WORK\PHP\KUMYO\www\app\controllers\web\Contactus.php 40
ERROR - 2021-09-25 22:36:04 --> Severity: error --> Exception: Call to undefined method Contactus::index() D:\WORK\PHP\KUMYO\www\app\controllers\web\Contactus.php 40
ERROR - 2021-09-25 22:37:04 --> Severity: error --> Exception: Call to undefined method Contactus::index() D:\WORK\PHP\KUMYO\www\app\controllers\web\Contactus.php 40
ERROR - 2021-09-25 22:38:04 --> Severity: error --> Exception: Call to undefined method Contactus::index() D:\WORK\PHP\KUMYO\www\app\controllers\web\Contactus.php 40
ERROR - 2021-09-25 22:39:04 --> Severity: error --> Exception: Call to undefined method Contactus::index() D:\WORK\PHP\KUMYO\www\app\controllers\web\Contactus.php 40
ERROR - 2021-09-25 22:40:04 --> Severity: error --> Exception: Call to undefined method Contactus::index() D:\WORK\PHP\KUMYO\www\app\controllers\web\Contactus.php 40
ERROR - 2021-09-25 22:41:04 --> Severity: error --> Exception: Call to undefined method Contactus::index() D:\WORK\PHP\KUMYO\www\app\controllers\web\Contactus.php 40
ERROR - 2021-09-25 22:42:04 --> Severity: error --> Exception: Call to undefined method Contactus::index() D:\WORK\PHP\KUMYO\www\app\controllers\web\Contactus.php 40
ERROR - 2021-09-25 22:43:04 --> Severity: error --> Exception: Call to undefined method Contactus::index() D:\WORK\PHP\KUMYO\www\app\controllers\web\Contactus.php 40
ERROR - 2021-09-25 22:44:04 --> Severity: error --> Exception: Call to undefined method Contactus::index() D:\WORK\PHP\KUMYO\www\app\controllers\web\Contactus.php 40
ERROR - 2021-09-25 22:45:04 --> Severity: error --> Exception: Call to undefined method Contactus::index() D:\WORK\PHP\KUMYO\www\app\controllers\web\Contactus.php 40
ERROR - 2021-09-25 22:46:04 --> Severity: error --> Exception: Call to undefined method Contactus::index() D:\WORK\PHP\KUMYO\www\app\controllers\web\Contactus.php 40
ERROR - 2021-09-25 22:47:04 --> Severity: error --> Exception: Call to undefined method Contactus::index() D:\WORK\PHP\KUMYO\www\app\controllers\web\Contactus.php 40
ERROR - 2021-09-25 22:48:04 --> Severity: error --> Exception: Call to undefined method Contactus::index() D:\WORK\PHP\KUMYO\www\app\controllers\web\Contactus.php 40
ERROR - 2021-09-25 22:49:04 --> Severity: error --> Exception: Call to undefined method Contactus::index() D:\WORK\PHP\KUMYO\www\app\controllers\web\Contactus.php 40
ERROR - 2021-09-25 22:50:04 --> Severity: error --> Exception: Call to undefined method Contactus::index() D:\WORK\PHP\KUMYO\www\app\controllers\web\Contactus.php 40
ERROR - 2021-09-25 22:51:04 --> Severity: error --> Exception: Call to undefined method Contactus::index() D:\WORK\PHP\KUMYO\www\app\controllers\web\Contactus.php 40
ERROR - 2021-09-25 22:52:04 --> Severity: error --> Exception: Call to undefined method Contactus::index() D:\WORK\PHP\KUMYO\www\app\controllers\web\Contactus.php 40
ERROR - 2021-09-25 22:53:04 --> Severity: error --> Exception: Call to undefined method Contactus::index() D:\WORK\PHP\KUMYO\www\app\controllers\web\Contactus.php 40
ERROR - 2021-09-25 22:54:04 --> Severity: error --> Exception: Call to undefined method Contactus::index() D:\WORK\PHP\KUMYO\www\app\controllers\web\Contactus.php 40
ERROR - 2021-09-25 22:55:04 --> Severity: error --> Exception: Call to undefined method Contactus::index() D:\WORK\PHP\KUMYO\www\app\controllers\web\Contactus.php 40
ERROR - 2021-09-25 22:56:04 --> Severity: error --> Exception: Call to undefined method Contactus::index() D:\WORK\PHP\KUMYO\www\app\controllers\web\Contactus.php 40
ERROR - 2021-09-25 22:57:04 --> Severity: error --> Exception: Call to undefined method Contactus::index() D:\WORK\PHP\KUMYO\www\app\controllers\web\Contactus.php 40
ERROR - 2021-09-25 22:58:04 --> Severity: error --> Exception: Call to undefined method Contactus::index() D:\WORK\PHP\KUMYO\www\app\controllers\web\Contactus.php 40
ERROR - 2021-09-25 22:59:04 --> Severity: error --> Exception: Call to undefined method Contactus::index() D:\WORK\PHP\KUMYO\www\app\controllers\web\Contactus.php 40
ERROR - 2021-09-25 23:00:04 --> Severity: error --> Exception: Call to undefined method Contactus::index() D:\WORK\PHP\KUMYO\www\app\controllers\web\Contactus.php 40
ERROR - 2021-09-25 23:01:04 --> Severity: error --> Exception: Call to undefined method Contactus::index() D:\WORK\PHP\KUMYO\www\app\controllers\web\Contactus.php 40
ERROR - 2021-09-25 23:02:04 --> Severity: error --> Exception: Call to undefined method Contactus::index() D:\WORK\PHP\KUMYO\www\app\controllers\web\Contactus.php 40
ERROR - 2021-09-25 23:03:04 --> Severity: error --> Exception: Call to undefined method Contactus::index() D:\WORK\PHP\KUMYO\www\app\controllers\web\Contactus.php 40
ERROR - 2021-09-25 23:04:04 --> Severity: error --> Exception: Call to undefined method Contactus::index() D:\WORK\PHP\KUMYO\www\app\controllers\web\Contactus.php 40
ERROR - 2021-09-25 23:05:04 --> Severity: error --> Exception: Call to undefined method Contactus::index() D:\WORK\PHP\KUMYO\www\app\controllers\web\Contactus.php 40
ERROR - 2021-09-25 23:06:04 --> Severity: error --> Exception: Call to undefined method Contactus::index() D:\WORK\PHP\KUMYO\www\app\controllers\web\Contactus.php 40
ERROR - 2021-09-25 23:07:04 --> Severity: error --> Exception: Call to undefined method Contactus::index() D:\WORK\PHP\KUMYO\www\app\controllers\web\Contactus.php 40
ERROR - 2021-09-25 23:08:04 --> Severity: error --> Exception: Call to undefined method Contactus::index() D:\WORK\PHP\KUMYO\www\app\controllers\web\Contactus.php 40
ERROR - 2021-09-25 23:09:04 --> Severity: error --> Exception: Call to undefined method Contactus::index() D:\WORK\PHP\KUMYO\www\app\controllers\web\Contactus.php 40
ERROR - 2021-09-25 23:10:04 --> Severity: error --> Exception: Call to undefined method Contactus::index() D:\WORK\PHP\KUMYO\www\app\controllers\web\Contactus.php 40
ERROR - 2021-09-25 23:11:04 --> Severity: error --> Exception: Call to undefined method Contactus::index() D:\WORK\PHP\KUMYO\www\app\controllers\web\Contactus.php 40
ERROR - 2021-09-25 23:12:04 --> Severity: error --> Exception: Call to undefined method Contactus::index() D:\WORK\PHP\KUMYO\www\app\controllers\web\Contactus.php 40
ERROR - 2021-09-25 23:13:04 --> Severity: error --> Exception: Call to undefined method Contactus::index() D:\WORK\PHP\KUMYO\www\app\controllers\web\Contactus.php 40
ERROR - 2021-09-25 23:14:04 --> Severity: error --> Exception: Call to undefined method Contactus::index() D:\WORK\PHP\KUMYO\www\app\controllers\web\Contactus.php 40
ERROR - 2021-09-25 23:15:04 --> Severity: error --> Exception: Call to undefined method Contactus::index() D:\WORK\PHP\KUMYO\www\app\controllers\web\Contactus.php 40
ERROR - 2021-09-25 23:16:04 --> Severity: error --> Exception: Call to undefined method Contactus::index() D:\WORK\PHP\KUMYO\www\app\controllers\web\Contactus.php 40
ERROR - 2021-09-25 23:17:04 --> Severity: error --> Exception: Call to undefined method Contactus::index() D:\WORK\PHP\KUMYO\www\app\controllers\web\Contactus.php 40
ERROR - 2021-09-25 23:18:04 --> Severity: error --> Exception: Call to undefined method Contactus::index() D:\WORK\PHP\KUMYO\www\app\controllers\web\Contactus.php 40
ERROR - 2021-09-25 23:19:04 --> Severity: error --> Exception: Call to undefined method Contactus::index() D:\WORK\PHP\KUMYO\www\app\controllers\web\Contactus.php 40
ERROR - 2021-09-25 23:20:04 --> Severity: error --> Exception: Call to undefined method Contactus::index() D:\WORK\PHP\KUMYO\www\app\controllers\web\Contactus.php 40
ERROR - 2021-09-25 23:21:04 --> Severity: error --> Exception: Call to undefined method Contactus::index() D:\WORK\PHP\KUMYO\www\app\controllers\web\Contactus.php 40
ERROR - 2021-09-25 23:22:04 --> Severity: error --> Exception: Call to undefined method Contactus::index() D:\WORK\PHP\KUMYO\www\app\controllers\web\Contactus.php 40
ERROR - 2021-09-25 23:23:04 --> Severity: error --> Exception: Call to undefined method Contactus::index() D:\WORK\PHP\KUMYO\www\app\controllers\web\Contactus.php 40
ERROR - 2021-09-25 23:24:04 --> Severity: error --> Exception: Call to undefined method Contactus::index() D:\WORK\PHP\KUMYO\www\app\controllers\web\Contactus.php 40
ERROR - 2021-09-25 23:25:04 --> Severity: error --> Exception: Call to undefined method Contactus::index() D:\WORK\PHP\KUMYO\www\app\controllers\web\Contactus.php 40
ERROR - 2021-09-25 23:26:04 --> Severity: error --> Exception: Call to undefined method Contactus::index() D:\WORK\PHP\KUMYO\www\app\controllers\web\Contactus.php 40
ERROR - 2021-09-25 23:27:04 --> Severity: error --> Exception: Call to undefined method Contactus::index() D:\WORK\PHP\KUMYO\www\app\controllers\web\Contactus.php 40
ERROR - 2021-09-25 23:28:04 --> Severity: error --> Exception: Call to undefined method Contactus::index() D:\WORK\PHP\KUMYO\www\app\controllers\web\Contactus.php 40
ERROR - 2021-09-25 23:29:04 --> Severity: error --> Exception: Call to undefined method Contactus::index() D:\WORK\PHP\KUMYO\www\app\controllers\web\Contactus.php 40
ERROR - 2021-09-25 23:30:04 --> Severity: error --> Exception: Call to undefined method Contactus::index() D:\WORK\PHP\KUMYO\www\app\controllers\web\Contactus.php 40
ERROR - 2021-09-25 23:31:04 --> Severity: error --> Exception: Call to undefined method Contactus::index() D:\WORK\PHP\KUMYO\www\app\controllers\web\Contactus.php 40
ERROR - 2021-09-25 23:32:04 --> Severity: error --> Exception: Call to undefined method Contactus::index() D:\WORK\PHP\KUMYO\www\app\controllers\web\Contactus.php 40
ERROR - 2021-09-25 23:33:04 --> Severity: error --> Exception: Call to undefined method Contactus::index() D:\WORK\PHP\KUMYO\www\app\controllers\web\Contactus.php 40
ERROR - 2021-09-25 23:34:04 --> Severity: error --> Exception: Call to undefined method Contactus::index() D:\WORK\PHP\KUMYO\www\app\controllers\web\Contactus.php 40
ERROR - 2021-09-25 23:35:04 --> Severity: error --> Exception: Call to undefined method Contactus::index() D:\WORK\PHP\KUMYO\www\app\controllers\web\Contactus.php 40
ERROR - 2021-09-25 23:36:04 --> Severity: error --> Exception: Call to undefined method Contactus::index() D:\WORK\PHP\KUMYO\www\app\controllers\web\Contactus.php 40
ERROR - 2021-09-25 23:37:04 --> Severity: error --> Exception: Call to undefined method Contactus::index() D:\WORK\PHP\KUMYO\www\app\controllers\web\Contactus.php 40
ERROR - 2021-09-25 23:38:04 --> Severity: error --> Exception: Call to undefined method Contactus::index() D:\WORK\PHP\KUMYO\www\app\controllers\web\Contactus.php 40
ERROR - 2021-09-25 23:39:04 --> Severity: error --> Exception: Call to undefined method Contactus::index() D:\WORK\PHP\KUMYO\www\app\controllers\web\Contactus.php 40
ERROR - 2021-09-25 23:40:04 --> Severity: error --> Exception: Call to undefined method Contactus::index() D:\WORK\PHP\KUMYO\www\app\controllers\web\Contactus.php 40
ERROR - 2021-09-25 23:41:04 --> Severity: error --> Exception: Call to undefined method Contactus::index() D:\WORK\PHP\KUMYO\www\app\controllers\web\Contactus.php 40
ERROR - 2021-09-25 23:42:04 --> Severity: error --> Exception: Call to undefined method Contactus::index() D:\WORK\PHP\KUMYO\www\app\controllers\web\Contactus.php 40
ERROR - 2021-09-25 23:43:04 --> Severity: error --> Exception: Call to undefined method Contactus::index() D:\WORK\PHP\KUMYO\www\app\controllers\web\Contactus.php 40
ERROR - 2021-09-25 23:44:04 --> Severity: error --> Exception: Call to undefined method Contactus::index() D:\WORK\PHP\KUMYO\www\app\controllers\web\Contactus.php 40
ERROR - 2021-09-25 23:45:04 --> Severity: error --> Exception: Call to undefined method Contactus::index() D:\WORK\PHP\KUMYO\www\app\controllers\web\Contactus.php 40
ERROR - 2021-09-25 23:46:04 --> Severity: error --> Exception: Call to undefined method Contactus::index() D:\WORK\PHP\KUMYO\www\app\controllers\web\Contactus.php 40
ERROR - 2021-09-25 23:47:04 --> Severity: error --> Exception: Call to undefined method Contactus::index() D:\WORK\PHP\KUMYO\www\app\controllers\web\Contactus.php 40
ERROR - 2021-09-25 23:48:04 --> Severity: error --> Exception: Call to undefined method Contactus::index() D:\WORK\PHP\KUMYO\www\app\controllers\web\Contactus.php 40
ERROR - 2021-09-25 23:49:04 --> Severity: error --> Exception: Call to undefined method Contactus::index() D:\WORK\PHP\KUMYO\www\app\controllers\web\Contactus.php 40
ERROR - 2021-09-25 23:50:04 --> Severity: error --> Exception: Call to undefined method Contactus::index() D:\WORK\PHP\KUMYO\www\app\controllers\web\Contactus.php 40
ERROR - 2021-09-25 23:51:04 --> Severity: error --> Exception: Call to undefined method Contactus::index() D:\WORK\PHP\KUMYO\www\app\controllers\web\Contactus.php 40
ERROR - 2021-09-25 23:52:04 --> Severity: error --> Exception: Call to undefined method Contactus::index() D:\WORK\PHP\KUMYO\www\app\controllers\web\Contactus.php 40
ERROR - 2021-09-25 23:53:04 --> Severity: error --> Exception: Call to undefined method Contactus::index() D:\WORK\PHP\KUMYO\www\app\controllers\web\Contactus.php 40
ERROR - 2021-09-25 23:54:04 --> Severity: error --> Exception: Call to undefined method Contactus::index() D:\WORK\PHP\KUMYO\www\app\controllers\web\Contactus.php 40
ERROR - 2021-09-25 23:55:04 --> Severity: error --> Exception: Call to undefined method Contactus::index() D:\WORK\PHP\KUMYO\www\app\controllers\web\Contactus.php 40
ERROR - 2021-09-25 23:56:04 --> Severity: error --> Exception: Call to undefined method Contactus::index() D:\WORK\PHP\KUMYO\www\app\controllers\web\Contactus.php 40
ERROR - 2021-09-25 23:57:04 --> Severity: error --> Exception: Call to undefined method Contactus::index() D:\WORK\PHP\KUMYO\www\app\controllers\web\Contactus.php 40
ERROR - 2021-09-25 23:58:04 --> Severity: error --> Exception: Call to undefined method Contactus::index() D:\WORK\PHP\KUMYO\www\app\controllers\web\Contactus.php 40
ERROR - 2021-09-25 23:59:04 --> Severity: error --> Exception: Call to undefined method Contactus::index() D:\WORK\PHP\KUMYO\www\app\controllers\web\Contactus.php 40
