ERROR - 2021-08-28 11:52:07 --> 404 Page Not Found: /index
ERROR - 2021-08-28 11:52:21 --> Severity: Notice --> Undefined variable: code D:\WORK\PHP\KUMYO\www\app\models\adm\Auction_m.php 205
ERROR - 2021-08-28 11:52:27 --> 404 Page Not Found: /index
ERROR - 2021-08-28 11:52:27 --> 404 Page Not Found: /index
ERROR - 2021-08-28 11:52:27 --> 404 Page Not Found: /index
ERROR - 2021-08-28 11:52:27 --> 404 Page Not Found: /index
ERROR - 2021-08-28 11:52:27 --> 404 Page Not Found: /index
ERROR - 2021-08-28 11:52:27 --> 404 Page Not Found: /index
ERROR - 2021-08-28 11:52:27 --> 404 Page Not Found: /index
ERROR - 2021-08-28 11:52:27 --> 404 Page Not Found: /index
ERROR - 2021-08-28 11:52:27 --> 404 Page Not Found: /index
ERROR - 2021-08-28 11:52:27 --> 404 Page Not Found: /index
ERROR - 2021-08-28 11:52:27 --> 404 Page Not Found: /index
ERROR - 2021-08-28 11:52:27 --> 404 Page Not Found: /index
ERROR - 2021-08-28 11:52:27 --> 404 Page Not Found: /index
ERROR - 2021-08-28 11:52:27 --> 404 Page Not Found: /index
ERROR - 2021-08-28 11:52:27 --> 404 Page Not Found: /index
ERROR - 2021-08-28 11:52:27 --> 404 Page Not Found: /index
ERROR - 2021-08-28 11:52:27 --> 404 Page Not Found: /index
ERROR - 2021-08-28 11:52:27 --> 404 Page Not Found: /index
ERROR - 2021-08-28 11:52:27 --> 404 Page Not Found: /index
ERROR - 2021-08-28 11:52:27 --> 404 Page Not Found: /index
ERROR - 2021-08-28 11:52:27 --> 404 Page Not Found: /index
ERROR - 2021-08-28 11:52:27 --> 404 Page Not Found: /index
ERROR - 2021-08-28 11:52:27 --> 404 Page Not Found: /index
ERROR - 2021-08-28 11:52:27 --> 404 Page Not Found: /index
ERROR - 2021-08-28 11:52:27 --> 404 Page Not Found: /index
ERROR - 2021-08-28 11:52:27 --> 404 Page Not Found: /index
ERROR - 2021-08-28 11:52:28 --> 404 Page Not Found: /index
ERROR - 2021-08-28 11:52:28 --> 404 Page Not Found: /index
ERROR - 2021-08-28 11:52:28 --> 404 Page Not Found: /index
ERROR - 2021-08-28 11:52:28 --> 404 Page Not Found: /index
ERROR - 2021-08-28 11:52:30 --> 404 Page Not Found: /index
ERROR - 2021-08-28 11:52:30 --> 404 Page Not Found: /index
ERROR - 2021-08-28 11:52:30 --> 404 Page Not Found: /index
ERROR - 2021-08-28 11:52:30 --> 404 Page Not Found: /index
ERROR - 2021-08-28 11:52:30 --> 404 Page Not Found: /index
ERROR - 2021-08-28 11:52:30 --> 404 Page Not Found: /index
ERROR - 2021-08-28 11:52:30 --> 404 Page Not Found: /index
ERROR - 2021-08-28 11:52:30 --> 404 Page Not Found: /index
ERROR - 2021-08-28 11:52:30 --> 404 Page Not Found: /index
ERROR - 2021-08-28 11:52:30 --> 404 Page Not Found: /index
ERROR - 2021-08-28 11:52:30 --> 404 Page Not Found: /index
ERROR - 2021-08-28 11:52:30 --> 404 Page Not Found: /index
ERROR - 2021-08-28 11:52:30 --> 404 Page Not Found: /index
ERROR - 2021-08-28 11:52:31 --> 404 Page Not Found: /index
ERROR - 2021-08-28 11:52:31 --> 404 Page Not Found: /index
ERROR - 2021-08-28 11:52:31 --> 404 Page Not Found: /index
ERROR - 2021-08-28 11:52:31 --> 404 Page Not Found: /index
ERROR - 2021-08-28 11:52:31 --> 404 Page Not Found: /index
ERROR - 2021-08-28 11:52:31 --> 404 Page Not Found: /index
ERROR - 2021-08-28 11:52:31 --> 404 Page Not Found: /index
ERROR - 2021-08-28 11:52:31 --> 404 Page Not Found: /index
ERROR - 2021-08-28 11:52:31 --> 404 Page Not Found: /index
ERROR - 2021-08-28 11:52:31 --> 404 Page Not Found: /index
ERROR - 2021-08-28 11:52:31 --> 404 Page Not Found: /index
ERROR - 2021-08-28 11:52:31 --> 404 Page Not Found: /index
ERROR - 2021-08-28 11:52:31 --> 404 Page Not Found: /index
ERROR - 2021-08-28 11:52:31 --> 404 Page Not Found: /index
ERROR - 2021-08-28 11:52:31 --> 404 Page Not Found: /index
ERROR - 2021-08-28 11:52:31 --> 404 Page Not Found: /index
ERROR - 2021-08-28 11:52:31 --> 404 Page Not Found: /index
ERROR - 2021-08-28 11:52:34 --> 404 Page Not Found: /index
ERROR - 2021-08-28 11:52:40 --> 404 Page Not Found: /index
ERROR - 2021-08-28 11:52:40 --> 404 Page Not Found: /index
ERROR - 2021-08-28 11:52:40 --> 404 Page Not Found: /index
ERROR - 2021-08-28 11:52:40 --> 404 Page Not Found: /index
ERROR - 2021-08-28 11:52:40 --> 404 Page Not Found: /index
ERROR - 2021-08-28 11:52:40 --> 404 Page Not Found: /index
ERROR - 2021-08-28 11:52:40 --> 404 Page Not Found: /index
ERROR - 2021-08-28 11:52:40 --> 404 Page Not Found: /index
ERROR - 2021-08-28 11:52:40 --> 404 Page Not Found: /index
ERROR - 2021-08-28 11:52:40 --> 404 Page Not Found: /index
ERROR - 2021-08-28 11:52:40 --> 404 Page Not Found: /index
ERROR - 2021-08-28 11:52:40 --> 404 Page Not Found: /index
ERROR - 2021-08-28 11:52:40 --> 404 Page Not Found: /index
ERROR - 2021-08-28 11:52:40 --> 404 Page Not Found: /index
ERROR - 2021-08-28 11:52:40 --> 404 Page Not Found: /index
ERROR - 2021-08-28 11:52:40 --> 404 Page Not Found: /index
ERROR - 2021-08-28 11:52:40 --> 404 Page Not Found: /index
ERROR - 2021-08-28 11:52:40 --> 404 Page Not Found: /index
ERROR - 2021-08-28 11:52:40 --> 404 Page Not Found: /index
ERROR - 2021-08-28 11:52:40 --> 404 Page Not Found: /index
ERROR - 2021-08-28 11:52:40 --> 404 Page Not Found: /index
ERROR - 2021-08-28 11:52:40 --> 404 Page Not Found: /index
ERROR - 2021-08-28 11:52:40 --> 404 Page Not Found: /index
ERROR - 2021-08-28 11:52:40 --> 404 Page Not Found: /index
ERROR - 2021-08-28 11:52:40 --> 404 Page Not Found: /index
ERROR - 2021-08-28 11:52:40 --> 404 Page Not Found: /index
ERROR - 2021-08-28 11:52:40 --> 404 Page Not Found: /index
ERROR - 2021-08-28 11:52:40 --> 404 Page Not Found: /index
ERROR - 2021-08-28 11:52:40 --> 404 Page Not Found: /index
ERROR - 2021-08-28 11:52:40 --> 404 Page Not Found: /index
ERROR - 2021-08-28 11:52:49 --> 404 Page Not Found: /index
ERROR - 2021-08-28 11:52:49 --> 404 Page Not Found: /index
ERROR - 2021-08-28 11:52:49 --> 404 Page Not Found: /index
ERROR - 2021-08-28 11:52:49 --> 404 Page Not Found: /index
ERROR - 2021-08-28 11:52:49 --> 404 Page Not Found: /index
ERROR - 2021-08-28 11:52:49 --> 404 Page Not Found: /index
ERROR - 2021-08-28 11:52:49 --> 404 Page Not Found: /index
ERROR - 2021-08-28 11:52:49 --> 404 Page Not Found: /index
ERROR - 2021-08-28 11:52:49 --> 404 Page Not Found: /index
ERROR - 2021-08-28 11:52:49 --> 404 Page Not Found: /index
ERROR - 2021-08-28 11:52:49 --> 404 Page Not Found: /index
ERROR - 2021-08-28 11:52:49 --> 404 Page Not Found: /index
ERROR - 2021-08-28 11:52:49 --> 404 Page Not Found: /index
ERROR - 2021-08-28 11:52:49 --> 404 Page Not Found: /index
ERROR - 2021-08-28 11:52:49 --> 404 Page Not Found: /index
ERROR - 2021-08-28 11:52:49 --> 404 Page Not Found: /index
ERROR - 2021-08-28 11:52:49 --> 404 Page Not Found: /index
ERROR - 2021-08-28 11:52:49 --> 404 Page Not Found: /index
ERROR - 2021-08-28 11:52:49 --> 404 Page Not Found: /index
ERROR - 2021-08-28 11:52:49 --> 404 Page Not Found: /index
ERROR - 2021-08-28 11:52:49 --> 404 Page Not Found: /index
ERROR - 2021-08-28 11:52:49 --> 404 Page Not Found: /index
ERROR - 2021-08-28 11:52:49 --> 404 Page Not Found: /index
ERROR - 2021-08-28 11:52:49 --> 404 Page Not Found: /index
ERROR - 2021-08-28 11:52:49 --> 404 Page Not Found: /index
ERROR - 2021-08-28 11:52:49 --> 404 Page Not Found: /index
ERROR - 2021-08-28 11:52:49 --> 404 Page Not Found: /index
ERROR - 2021-08-28 11:52:49 --> 404 Page Not Found: /index
ERROR - 2021-08-28 11:52:49 --> 404 Page Not Found: /index
ERROR - 2021-08-28 11:52:49 --> 404 Page Not Found: /index
ERROR - 2021-08-28 11:53:37 --> 404 Page Not Found: /index
ERROR - 2021-08-28 11:53:37 --> 404 Page Not Found: /index
ERROR - 2021-08-28 11:53:37 --> 404 Page Not Found: /index
ERROR - 2021-08-28 20:34:46 --> 404 Page Not Found: /index
ERROR - 2021-08-28 20:38:13 --> Severity: error --> Exception: Call to undefined method Shop::index() D:\WORK\PHP\KUMYO\www\app\controllers\web\Shop.php 39
ERROR - 2021-08-28 20:39:13 --> Severity: error --> Exception: Call to undefined method Shop::index() D:\WORK\PHP\KUMYO\www\app\controllers\web\Shop.php 39
ERROR - 2021-08-28 20:41:05 --> Severity: error --> Exception: Call to undefined method Shop::index() D:\WORK\PHP\KUMYO\www\app\controllers\web\Shop.php 39
ERROR - 2021-08-28 20:42:05 --> Severity: error --> Exception: Call to undefined method Shop::index() D:\WORK\PHP\KUMYO\www\app\controllers\web\Shop.php 39
ERROR - 2021-08-28 20:42:21 --> 404 Page Not Found: /index
ERROR - 2021-08-28 20:43:46 --> Severity: error --> Exception: Call to undefined method Shop::index() D:\WORK\PHP\KUMYO\www\app\controllers\web\Shop.php 39
ERROR - 2021-08-28 20:44:46 --> Severity: error --> Exception: Call to undefined method Shop::index() D:\WORK\PHP\KUMYO\www\app\controllers\web\Shop.php 39
ERROR - 2021-08-28 20:45:46 --> Severity: error --> Exception: Call to undefined method Shop::index() D:\WORK\PHP\KUMYO\www\app\controllers\web\Shop.php 39
ERROR - 2021-08-28 20:46:46 --> Severity: error --> Exception: Call to undefined method Shop::index() D:\WORK\PHP\KUMYO\www\app\controllers\web\Shop.php 39
ERROR - 2021-08-28 20:47:46 --> Severity: error --> Exception: Call to undefined method Shop::index() D:\WORK\PHP\KUMYO\www\app\controllers\web\Shop.php 39
ERROR - 2021-08-28 20:48:45 --> Severity: error --> Exception: Call to undefined method Shop::index() D:\WORK\PHP\KUMYO\www\app\controllers\web\Shop.php 39
ERROR - 2021-08-28 20:49:46 --> Severity: error --> Exception: Call to undefined method Shop::index() D:\WORK\PHP\KUMYO\www\app\controllers\web\Shop.php 39
ERROR - 2021-08-28 20:50:46 --> Severity: error --> Exception: Call to undefined method Shop::index() D:\WORK\PHP\KUMYO\www\app\controllers\web\Shop.php 39
ERROR - 2021-08-28 20:51:36 --> Severity: error --> Exception: Call to undefined method Shop::index() D:\WORK\PHP\KUMYO\www\app\controllers\web\Shop.php 39
ERROR - 2021-08-28 20:51:39 --> Severity: error --> Exception: Call to undefined method Shop::index() D:\WORK\PHP\KUMYO\www\app\controllers\web\Shop.php 39
ERROR - 2021-08-28 20:51:39 --> Severity: error --> Exception: Call to undefined method Shop::index() D:\WORK\PHP\KUMYO\www\app\controllers\web\Shop.php 39
ERROR - 2021-08-28 20:51:39 --> Severity: error --> Exception: Call to undefined method Shop::index() D:\WORK\PHP\KUMYO\www\app\controllers\web\Shop.php 39
ERROR - 2021-08-28 20:51:39 --> Severity: error --> Exception: Call to undefined method Shop::index() D:\WORK\PHP\KUMYO\www\app\controllers\web\Shop.php 39
ERROR - 2021-08-28 20:51:39 --> Severity: error --> Exception: Call to undefined method Shop::index() D:\WORK\PHP\KUMYO\www\app\controllers\web\Shop.php 39
ERROR - 2021-08-28 20:51:39 --> Severity: error --> Exception: Call to undefined method Shop::index() D:\WORK\PHP\KUMYO\www\app\controllers\web\Shop.php 39
ERROR - 2021-08-28 20:52:38 --> Severity: error --> Exception: Call to undefined method Shop::index() D:\WORK\PHP\KUMYO\www\app\controllers\web\Shop.php 39
ERROR - 2021-08-28 20:53:38 --> Severity: error --> Exception: Call to undefined method Shop::index() D:\WORK\PHP\KUMYO\www\app\controllers\web\Shop.php 39
ERROR - 2021-08-28 20:54:38 --> Severity: error --> Exception: Call to undefined method Shop::index() D:\WORK\PHP\KUMYO\www\app\controllers\web\Shop.php 39
ERROR - 2021-08-28 20:55:28 --> 404 Page Not Found: /index
ERROR - 2021-08-28 20:55:38 --> Severity: error --> Exception: Call to undefined method Shop::index() D:\WORK\PHP\KUMYO\www\app\controllers\web\Shop.php 39
ERROR - 2021-08-28 20:56:59 --> Severity: error --> Exception: Call to undefined method Shop::index() D:\WORK\PHP\KUMYO\www\app\controllers\web\Shop.php 39
ERROR - 2021-08-28 20:57:59 --> Severity: error --> Exception: Call to undefined method Shop::index() D:\WORK\PHP\KUMYO\www\app\controllers\web\Shop.php 39
ERROR - 2021-08-28 20:58:59 --> Severity: error --> Exception: Call to undefined method Shop::index() D:\WORK\PHP\KUMYO\www\app\controllers\web\Shop.php 39
ERROR - 2021-08-28 20:59:59 --> Severity: error --> Exception: Call to undefined method Shop::index() D:\WORK\PHP\KUMYO\www\app\controllers\web\Shop.php 39
ERROR - 2021-08-28 21:00:15 --> 404 Page Not Found: /index
ERROR - 2021-08-28 21:01:15 --> Severity: error --> Exception: Call to undefined method Shop::index() D:\WORK\PHP\KUMYO\www\app\controllers\web\Shop.php 39
ERROR - 2021-08-28 21:01:21 --> 404 Page Not Found: /index
ERROR - 2021-08-28 21:02:45 --> 404 Page Not Found: /index
ERROR - 2021-08-28 21:04:01 --> Severity: Notice --> Array to string conversion D:\WORK\PHP\KUMYO\www\app\views\web\common\header.php 132
ERROR - 2021-08-28 21:04:01 --> Severity: Notice --> Array to string conversion D:\WORK\PHP\KUMYO\www\app\views\web\common\header.php 132
ERROR - 2021-08-28 21:04:01 --> Severity: Notice --> Array to string conversion D:\WORK\PHP\KUMYO\www\app\views\web\common\header.php 132
ERROR - 2021-08-28 21:04:01 --> Severity: Notice --> Array to string conversion D:\WORK\PHP\KUMYO\www\app\views\web\common\header.php 132
ERROR - 2021-08-28 21:04:01 --> Severity: Notice --> Array to string conversion D:\WORK\PHP\KUMYO\www\app\views\web\common\header.php 132
ERROR - 2021-08-28 21:04:01 --> Severity: Notice --> Array to string conversion D:\WORK\PHP\KUMYO\www\app\views\web\common\header.php 132
ERROR - 2021-08-28 21:04:01 --> Severity: Notice --> Array to string conversion D:\WORK\PHP\KUMYO\www\app\views\web\common\header.php 132
ERROR - 2021-08-28 21:04:01 --> Severity: Notice --> Array to string conversion D:\WORK\PHP\KUMYO\www\app\views\web\common\header.php 132
ERROR - 2021-08-28 21:04:01 --> Severity: Notice --> Array to string conversion D:\WORK\PHP\KUMYO\www\app\views\web\common\header.php 132
ERROR - 2021-08-28 21:04:01 --> Severity: Notice --> Array to string conversion D:\WORK\PHP\KUMYO\www\app\views\web\common\header.php 132
ERROR - 2021-08-28 21:04:01 --> Severity: Notice --> Array to string conversion D:\WORK\PHP\KUMYO\www\app\views\web\common\header.php 132
ERROR - 2021-08-28 21:04:01 --> Severity: Notice --> Array to string conversion D:\WORK\PHP\KUMYO\www\app\views\web\common\header.php 132
ERROR - 2021-08-28 21:04:01 --> 404 Page Not Found: /index
ERROR - 2021-08-28 21:04:44 --> 404 Page Not Found: /index
ERROR - 2021-08-28 21:05:50 --> Severity: error --> Exception: Call to undefined method Shop::index() D:\WORK\PHP\KUMYO\www\app\controllers\web\Shop.php 39
ERROR - 2021-08-28 21:05:56 --> Severity: Notice --> Undefined property: CI::$date D:\WORK\PHP\KUMYO\www\app\third_party\MX\Controller.php 62
ERROR - 2021-08-28 21:05:56 --> Severity: Notice --> Indirect modification of overloaded property Shop::$date has no effect D:\WORK\PHP\KUMYO\www\app\controllers\web\Shop.php 52
ERROR - 2021-08-28 21:05:56 --> Severity: Notice --> Undefined variable: cate D:\WORK\PHP\KUMYO\www\app\views\web\shop\left_category.php 23
ERROR - 2021-08-28 21:05:56 --> Severity: error --> Exception: Call to undefined method Shop::index() D:\WORK\PHP\KUMYO\www\app\controllers\web\Shop.php 39
ERROR - 2021-08-28 21:06:08 --> Severity: Notice --> Undefined property: CI::$date D:\WORK\PHP\KUMYO\www\app\third_party\MX\Controller.php 62
ERROR - 2021-08-28 21:06:08 --> Severity: Notice --> Indirect modification of overloaded property Shop::$date has no effect D:\WORK\PHP\KUMYO\www\app\controllers\web\Shop.php 52
ERROR - 2021-08-28 21:06:08 --> Severity: Notice --> Undefined variable: cate D:\WORK\PHP\KUMYO\www\app\views\web\shop\left_category.php 23
ERROR - 2021-08-28 21:06:08 --> Severity: error --> Exception: Call to undefined method Shop::index() D:\WORK\PHP\KUMYO\www\app\controllers\web\Shop.php 39
ERROR - 2021-08-28 21:06:35 --> Severity: Notice --> Undefined property: CI::$date D:\WORK\PHP\KUMYO\www\app\third_party\MX\Controller.php 62
ERROR - 2021-08-28 21:06:35 --> Severity: Notice --> Indirect modification of overloaded property Shop::$date has no effect D:\WORK\PHP\KUMYO\www\app\controllers\web\Shop.php 52
ERROR - 2021-08-28 21:06:35 --> Severity: Notice --> Undefined variable: cate D:\WORK\PHP\KUMYO\www\app\views\web\shop\left_category.php 23
ERROR - 2021-08-28 21:06:35 --> Severity: error --> Exception: Call to undefined method Shop::index() D:\WORK\PHP\KUMYO\www\app\controllers\web\Shop.php 39
ERROR - 2021-08-28 21:06:37 --> Severity: Notice --> Undefined property: CI::$date D:\WORK\PHP\KUMYO\www\app\third_party\MX\Controller.php 62
ERROR - 2021-08-28 21:06:37 --> Severity: Notice --> Indirect modification of overloaded property Shop::$date has no effect D:\WORK\PHP\KUMYO\www\app\controllers\web\Shop.php 52
ERROR - 2021-08-28 21:06:37 --> Severity: Notice --> Undefined variable: cate D:\WORK\PHP\KUMYO\www\app\views\web\shop\left_category.php 23
ERROR - 2021-08-28 21:06:37 --> Severity: error --> Exception: Call to undefined method Shop::index() D:\WORK\PHP\KUMYO\www\app\controllers\web\Shop.php 39
ERROR - 2021-08-28 21:06:37 --> 404 Page Not Found: /index
ERROR - 2021-08-28 21:06:37 --> Severity: Notice --> Undefined property: CI::$date D:\WORK\PHP\KUMYO\www\app\third_party\MX\Controller.php 62
ERROR - 2021-08-28 21:06:37 --> Severity: Notice --> Indirect modification of overloaded property Shop::$date has no effect D:\WORK\PHP\KUMYO\www\app\controllers\web\Shop.php 52
ERROR - 2021-08-28 21:06:37 --> Severity: Notice --> Undefined variable: cate D:\WORK\PHP\KUMYO\www\app\views\web\shop\left_category.php 23
ERROR - 2021-08-28 21:06:37 --> Severity: error --> Exception: Call to undefined method Shop::index() D:\WORK\PHP\KUMYO\www\app\controllers\web\Shop.php 39
ERROR - 2021-08-28 21:06:38 --> Severity: Notice --> Undefined property: CI::$date D:\WORK\PHP\KUMYO\www\app\third_party\MX\Controller.php 62
ERROR - 2021-08-28 21:06:38 --> Severity: Notice --> Indirect modification of overloaded property Shop::$date has no effect D:\WORK\PHP\KUMYO\www\app\controllers\web\Shop.php 52
ERROR - 2021-08-28 21:06:38 --> Severity: Notice --> Undefined variable: cate D:\WORK\PHP\KUMYO\www\app\views\web\shop\left_category.php 23
ERROR - 2021-08-28 21:06:38 --> Severity: error --> Exception: Call to undefined method Shop::index() D:\WORK\PHP\KUMYO\www\app\controllers\web\Shop.php 39
ERROR - 2021-08-28 21:06:38 --> Severity: Notice --> Undefined property: CI::$date D:\WORK\PHP\KUMYO\www\app\third_party\MX\Controller.php 62
ERROR - 2021-08-28 21:06:38 --> Severity: Notice --> Indirect modification of overloaded property Shop::$date has no effect D:\WORK\PHP\KUMYO\www\app\controllers\web\Shop.php 52
ERROR - 2021-08-28 21:06:38 --> Severity: Notice --> Undefined variable: cate D:\WORK\PHP\KUMYO\www\app\views\web\shop\left_category.php 23
ERROR - 2021-08-28 21:06:38 --> Severity: Notice --> Undefined property: CI::$date D:\WORK\PHP\KUMYO\www\app\third_party\MX\Controller.php 62
ERROR - 2021-08-28 21:06:38 --> Severity: Notice --> Indirect modification of overloaded property Shop::$date has no effect D:\WORK\PHP\KUMYO\www\app\controllers\web\Shop.php 52
ERROR - 2021-08-28 21:06:38 --> Severity: Notice --> Undefined variable: cate D:\WORK\PHP\KUMYO\www\app\views\web\shop\left_category.php 23
ERROR - 2021-08-28 21:06:39 --> Severity: error --> Exception: Call to undefined method Shop::index() D:\WORK\PHP\KUMYO\www\app\controllers\web\Shop.php 39
ERROR - 2021-08-28 21:06:39 --> Severity: Notice --> Undefined property: CI::$date D:\WORK\PHP\KUMYO\www\app\third_party\MX\Controller.php 62
ERROR - 2021-08-28 21:06:39 --> Severity: Notice --> Indirect modification of overloaded property Shop::$date has no effect D:\WORK\PHP\KUMYO\www\app\controllers\web\Shop.php 52
ERROR - 2021-08-28 21:06:39 --> Severity: Notice --> Undefined variable: cate D:\WORK\PHP\KUMYO\www\app\views\web\shop\left_category.php 23
ERROR - 2021-08-28 21:06:39 --> 404 Page Not Found: /index
ERROR - 2021-08-28 21:06:39 --> Severity: Notice --> Undefined property: CI::$date D:\WORK\PHP\KUMYO\www\app\third_party\MX\Controller.php 62
ERROR - 2021-08-28 21:06:39 --> Severity: Notice --> Indirect modification of overloaded property Shop::$date has no effect D:\WORK\PHP\KUMYO\www\app\controllers\web\Shop.php 52
ERROR - 2021-08-28 21:06:39 --> Severity: Notice --> Undefined variable: cate D:\WORK\PHP\KUMYO\www\app\views\web\shop\left_category.php 23
ERROR - 2021-08-28 21:06:39 --> Severity: error --> Exception: Call to undefined method Shop::index() D:\WORK\PHP\KUMYO\www\app\controllers\web\Shop.php 39
ERROR - 2021-08-28 21:06:40 --> Severity: Notice --> Undefined property: CI::$date D:\WORK\PHP\KUMYO\www\app\third_party\MX\Controller.php 62
ERROR - 2021-08-28 21:06:40 --> Severity: Notice --> Indirect modification of overloaded property Shop::$date has no effect D:\WORK\PHP\KUMYO\www\app\controllers\web\Shop.php 52
ERROR - 2021-08-28 21:06:40 --> Severity: Notice --> Undefined variable: cate D:\WORK\PHP\KUMYO\www\app\views\web\shop\left_category.php 23
ERROR - 2021-08-28 21:06:40 --> Severity: error --> Exception: Call to undefined method Shop::index() D:\WORK\PHP\KUMYO\www\app\controllers\web\Shop.php 39
ERROR - 2021-08-28 21:06:40 --> 404 Page Not Found: /index
ERROR - 2021-08-28 21:06:46 --> Severity: error --> Exception: Call to undefined method Shop::index() D:\WORK\PHP\KUMYO\www\app\controllers\web\Shop.php 39
ERROR - 2021-08-28 21:06:47 --> Severity: error --> Exception: Call to undefined method Shop::index() D:\WORK\PHP\KUMYO\www\app\controllers\web\Shop.php 39
ERROR - 2021-08-28 21:06:53 --> Severity: error --> Exception: Call to undefined method Shop::index() D:\WORK\PHP\KUMYO\www\app\controllers\web\Shop.php 39
ERROR - 2021-08-28 21:06:53 --> 404 Page Not Found: /index
ERROR - 2021-08-28 21:07:19 --> 404 Page Not Found: /index
ERROR - 2021-08-28 21:07:47 --> 404 Page Not Found: /index
ERROR - 2021-08-28 21:08:42 --> 404 Page Not Found: /index
ERROR - 2021-08-28 21:09:05 --> 404 Page Not Found: web/Images/newsletter-popup.jpg
ERROR - 2021-08-28 21:09:53 --> 404 Page Not Found: /index
ERROR - 2021-08-28 21:10:50 --> 404 Page Not Found: /index
ERROR - 2021-08-28 21:10:59 --> 404 Page Not Found: /index
ERROR - 2021-08-28 21:11:16 --> 404 Page Not Found: /index
ERROR - 2021-08-28 21:12:36 --> Severity: error --> Exception: Call to undefined method Shop::index() D:\WORK\PHP\KUMYO\www\app\controllers\web\Shop.php 39
ERROR - 2021-08-28 21:13:36 --> Severity: error --> Exception: Call to undefined method Shop::index() D:\WORK\PHP\KUMYO\www\app\controllers\web\Shop.php 39
ERROR - 2021-08-28 21:14:36 --> Severity: error --> Exception: Call to undefined method Shop::index() D:\WORK\PHP\KUMYO\www\app\controllers\web\Shop.php 39
ERROR - 2021-08-28 21:15:48 --> Severity: error --> Exception: Call to undefined method Shop::index() D:\WORK\PHP\KUMYO\www\app\controllers\web\Shop.php 39
ERROR - 2021-08-28 21:16:48 --> Severity: error --> Exception: Call to undefined method Shop::index() D:\WORK\PHP\KUMYO\www\app\controllers\web\Shop.php 39
ERROR - 2021-08-28 21:17:49 --> Severity: error --> Exception: Call to undefined method Shop::index() D:\WORK\PHP\KUMYO\www\app\controllers\web\Shop.php 39
ERROR - 2021-08-28 21:18:56 --> Severity: error --> Exception: Call to undefined method Shop::index() D:\WORK\PHP\KUMYO\www\app\controllers\web\Shop.php 39
ERROR - 2021-08-28 21:18:56 --> Severity: error --> Exception: Call to undefined method Shop::index() D:\WORK\PHP\KUMYO\www\app\controllers\web\Shop.php 39
ERROR - 2021-08-28 21:18:56 --> Severity: error --> Exception: Call to undefined method Shop::index() D:\WORK\PHP\KUMYO\www\app\controllers\web\Shop.php 39
ERROR - 2021-08-28 21:18:57 --> Severity: error --> Exception: Call to undefined method Shop::index() D:\WORK\PHP\KUMYO\www\app\controllers\web\Shop.php 39
ERROR - 2021-08-28 21:18:57 --> Severity: error --> Exception: Call to undefined method Shop::index() D:\WORK\PHP\KUMYO\www\app\controllers\web\Shop.php 39
ERROR - 2021-08-28 21:18:57 --> Severity: error --> Exception: Call to undefined method Shop::index() D:\WORK\PHP\KUMYO\www\app\controllers\web\Shop.php 39
ERROR - 2021-08-28 21:19:12 --> Severity: error --> Exception: Call to undefined method Shop::index() D:\WORK\PHP\KUMYO\www\app\controllers\web\Shop.php 39
ERROR - 2021-08-28 21:20:28 --> 404 Page Not Found: /index
ERROR - 2021-08-28 21:20:41 --> 404 Page Not Found: /index
