ERROR - 2021-08-25 20:11:23 --> 404 Page Not Found: /index
ERROR - 2021-08-25 20:18:18 --> 404 Page Not Found: /index
ERROR - 2021-08-25 20:19:24 --> 404 Page Not Found: /index
ERROR - 2021-08-25 20:19:24 --> 404 Page Not Found: /index
ERROR - 2021-08-25 20:19:26 --> Query error: Unknown column 'category_2' in 'field list' - Invalid query: INSERT INTO `ky_shop_brand` (`category_2`, `brandname`, `sellprice`, `status`, `product_loc`, `ment`, `etc_field`, `content`, `photo`) VALUES ('003005000000', '테스트1', '10000', '1', '0', '', '', '', 'dffd1ed786558b06cef1d5a316b25f68_L.jpeg,dffd1ed786558b06cef1d5a316b25f68_M.jpeg,dffd1ed786558b06cef1d5a316b25f68_S.jpeg')
ERROR - 2021-08-25 20:21:33 --> 404 Page Not Found: /index
ERROR - 2021-08-25 20:21:33 --> 404 Page Not Found: /index
ERROR - 2021-08-25 20:21:33 --> 404 Page Not Found: /index
ERROR - 2021-08-25 20:25:15 --> 404 Page Not Found: /index
ERROR - 2021-08-25 20:25:15 --> 404 Page Not Found: /index
ERROR - 2021-08-25 20:25:15 --> 404 Page Not Found: /index
ERROR - 2021-08-25 20:25:15 --> 404 Page Not Found: /index
ERROR - 2021-08-25 20:25:19 --> 404 Page Not Found: /index
ERROR - 2021-08-25 20:25:19 --> 404 Page Not Found: /index
ERROR - 2021-08-25 20:25:19 --> 404 Page Not Found: /index
ERROR - 2021-08-25 20:25:49 --> 404 Page Not Found: /index
ERROR - 2021-08-25 20:25:49 --> 404 Page Not Found: /index
ERROR - 2021-08-25 20:25:49 --> 404 Page Not Found: /index
ERROR - 2021-08-25 20:26:59 --> 404 Page Not Found: /index
ERROR - 2021-08-25 20:26:59 --> 404 Page Not Found: /index
ERROR - 2021-08-25 20:26:59 --> 404 Page Not Found: /index
ERROR - 2021-08-25 20:27:00 --> 404 Page Not Found: /index
ERROR - 2021-08-25 20:27:00 --> 404 Page Not Found: /index
ERROR - 2021-08-25 20:27:00 --> 404 Page Not Found: /index
ERROR - 2021-08-25 20:27:00 --> 404 Page Not Found: /index
ERROR - 2021-08-25 20:27:38 --> 404 Page Not Found: /index
ERROR - 2021-08-25 20:27:38 --> 404 Page Not Found: /index
ERROR - 2021-08-25 20:27:38 --> 404 Page Not Found: /index
ERROR - 2021-08-25 20:27:38 --> 404 Page Not Found: /index
ERROR - 2021-08-25 20:28:39 --> 404 Page Not Found: /index
ERROR - 2021-08-25 20:28:39 --> 404 Page Not Found: /index
ERROR - 2021-08-25 20:28:39 --> 404 Page Not Found: /index
ERROR - 2021-08-25 20:28:39 --> 404 Page Not Found: /index
ERROR - 2021-08-25 20:29:21 --> 404 Page Not Found: /index
ERROR - 2021-08-25 20:29:21 --> 404 Page Not Found: /index
ERROR - 2021-08-25 20:29:21 --> 404 Page Not Found: /index
ERROR - 2021-08-25 20:29:21 --> 404 Page Not Found: /index
ERROR - 2021-08-25 20:29:36 --> 404 Page Not Found: /index
ERROR - 2021-08-25 20:29:36 --> 404 Page Not Found: /index
ERROR - 2021-08-25 20:29:36 --> 404 Page Not Found: /index
ERROR - 2021-08-25 20:29:37 --> 404 Page Not Found: /index
ERROR - 2021-08-25 20:30:15 --> 404 Page Not Found: /index
ERROR - 2021-08-25 20:30:15 --> 404 Page Not Found: /index
ERROR - 2021-08-25 20:30:15 --> 404 Page Not Found: /index
ERROR - 2021-08-25 20:30:15 --> 404 Page Not Found: /index
ERROR - 2021-08-25 20:30:53 --> 404 Page Not Found: /index
ERROR - 2021-08-25 20:31:49 --> 404 Page Not Found: /index
ERROR - 2021-08-25 20:31:54 --> 404 Page Not Found: /index
ERROR - 2021-08-25 20:31:54 --> 404 Page Not Found: /index
ERROR - 2021-08-25 20:31:54 --> 404 Page Not Found: /index
ERROR - 2021-08-25 20:31:54 --> 404 Page Not Found: /index
ERROR - 2021-08-25 20:34:55 --> 404 Page Not Found: /index
ERROR - 2021-08-25 20:34:55 --> 404 Page Not Found: /index
ERROR - 2021-08-25 20:34:55 --> 404 Page Not Found: /index
ERROR - 2021-08-25 20:34:56 --> 404 Page Not Found: /index
ERROR - 2021-08-25 20:35:14 --> 404 Page Not Found: /index
ERROR - 2021-08-25 20:35:14 --> 404 Page Not Found: /index
ERROR - 2021-08-25 20:35:14 --> 404 Page Not Found: /index
ERROR - 2021-08-25 20:35:15 --> 404 Page Not Found: /index
ERROR - 2021-08-25 20:35:15 --> 404 Page Not Found: /index
ERROR - 2021-08-25 20:35:15 --> 404 Page Not Found: /index
ERROR - 2021-08-25 20:36:35 --> 404 Page Not Found: /index
ERROR - 2021-08-25 20:36:35 --> 404 Page Not Found: /index
ERROR - 2021-08-25 20:36:35 --> 404 Page Not Found: /index
ERROR - 2021-08-25 20:36:35 --> 404 Page Not Found: /index
ERROR - 2021-08-25 20:36:37 --> Severity: Notice --> Undefined variable: category_2 D:\WORK\PHP\KUMYO\www\app\controllers\adm\Product.php 403
ERROR - 2021-08-25 20:44:36 --> 404 Page Not Found: /index
ERROR - 2021-08-25 20:44:36 --> 404 Page Not Found: /index
ERROR - 2021-08-25 20:44:36 --> 404 Page Not Found: /index
ERROR - 2021-08-25 20:44:37 --> 404 Page Not Found: /index
ERROR - 2021-08-25 20:44:39 --> Severity: Notice --> Undefined variable: category_2 D:\WORK\PHP\KUMYO\www\app\controllers\adm\Product.php 404
ERROR - 2021-08-25 20:45:00 --> 404 Page Not Found: /index
ERROR - 2021-08-25 20:45:00 --> 404 Page Not Found: /index
ERROR - 2021-08-25 20:45:00 --> 404 Page Not Found: /index
ERROR - 2021-08-25 20:45:00 --> 404 Page Not Found: /index
ERROR - 2021-08-25 20:45:07 --> 404 Page Not Found: /index
ERROR - 2021-08-25 20:45:07 --> 404 Page Not Found: /index
ERROR - 2021-08-25 20:45:08 --> 404 Page Not Found: /index
ERROR - 2021-08-25 20:45:08 --> 404 Page Not Found: /index
ERROR - 2021-08-25 20:46:08 --> 404 Page Not Found: /index
ERROR - 2021-08-25 20:46:08 --> 404 Page Not Found: /index
ERROR - 2021-08-25 20:46:08 --> 404 Page Not Found: /index
ERROR - 2021-08-25 20:46:08 --> 404 Page Not Found: /index
ERROR - 2021-08-25 20:46:09 --> 404 Page Not Found: /index
ERROR - 2021-08-25 20:46:15 --> 404 Page Not Found: /index
ERROR - 2021-08-25 20:46:15 --> 404 Page Not Found: /index
ERROR - 2021-08-25 20:46:15 --> 404 Page Not Found: /index
ERROR - 2021-08-25 20:46:37 --> 404 Page Not Found: /index
ERROR - 2021-08-25 20:46:37 --> 404 Page Not Found: /index
ERROR - 2021-08-25 20:46:37 --> 404 Page Not Found: /index
ERROR - 2021-08-25 20:46:37 --> 404 Page Not Found: /index
ERROR - 2021-08-25 20:47:35 --> 404 Page Not Found: /index
ERROR - 2021-08-25 20:47:35 --> 404 Page Not Found: /index
ERROR - 2021-08-25 20:47:35 --> 404 Page Not Found: /index
ERROR - 2021-08-25 20:47:36 --> 404 Page Not Found: /index
ERROR - 2021-08-25 20:48:30 --> 404 Page Not Found: /index
ERROR - 2021-08-25 20:48:30 --> 404 Page Not Found: /index
ERROR - 2021-08-25 20:48:30 --> 404 Page Not Found: /index
ERROR - 2021-08-25 20:48:56 --> 404 Page Not Found: /index
ERROR - 2021-08-25 20:48:56 --> 404 Page Not Found: /index
ERROR - 2021-08-25 20:48:56 --> 404 Page Not Found: /index
ERROR - 2021-08-25 20:48:56 --> 404 Page Not Found: /index
ERROR - 2021-08-25 20:49:18 --> 404 Page Not Found: /index
ERROR - 2021-08-25 20:49:18 --> 404 Page Not Found: /index
ERROR - 2021-08-25 20:49:18 --> 404 Page Not Found: /index
ERROR - 2021-08-25 20:49:18 --> 404 Page Not Found: /index
ERROR - 2021-08-25 20:50:38 --> 404 Page Not Found: /index
ERROR - 2021-08-25 20:50:39 --> 404 Page Not Found: /index
ERROR - 2021-08-25 20:50:39 --> 404 Page Not Found: /index
ERROR - 2021-08-25 20:50:39 --> 404 Page Not Found: /index
ERROR - 2021-08-25 20:50:44 --> 404 Page Not Found: /index
ERROR - 2021-08-25 20:50:45 --> 404 Page Not Found: /index
ERROR - 2021-08-25 20:50:45 --> 404 Page Not Found: /index
ERROR - 2021-08-25 20:50:45 --> 404 Page Not Found: /index
ERROR - 2021-08-25 20:51:13 --> 404 Page Not Found: /index
ERROR - 2021-08-25 20:51:13 --> 404 Page Not Found: /index
ERROR - 2021-08-25 20:51:14 --> 404 Page Not Found: /index
ERROR - 2021-08-25 20:51:14 --> 404 Page Not Found: /index
ERROR - 2021-08-25 20:52:52 --> 404 Page Not Found: /index
ERROR - 2021-08-25 20:52:52 --> 404 Page Not Found: /index
ERROR - 2021-08-25 20:52:52 --> 404 Page Not Found: /index
ERROR - 2021-08-25 20:52:52 --> 404 Page Not Found: /index
ERROR - 2021-08-25 20:53:04 --> 404 Page Not Found: /index
ERROR - 2021-08-25 20:53:04 --> 404 Page Not Found: /index
ERROR - 2021-08-25 20:53:04 --> 404 Page Not Found: /index
ERROR - 2021-08-25 20:53:04 --> 404 Page Not Found: /index
ERROR - 2021-08-25 20:53:14 --> 404 Page Not Found: /index
ERROR - 2021-08-25 20:53:14 --> 404 Page Not Found: /index
ERROR - 2021-08-25 20:53:14 --> 404 Page Not Found: /index
ERROR - 2021-08-25 20:53:14 --> 404 Page Not Found: /index
ERROR - 2021-08-25 20:53:53 --> 404 Page Not Found: /index
ERROR - 2021-08-25 20:53:53 --> 404 Page Not Found: /index
ERROR - 2021-08-25 20:53:53 --> 404 Page Not Found: /index
ERROR - 2021-08-25 20:53:53 --> 404 Page Not Found: /index
ERROR - 2021-08-25 20:58:15 --> 404 Page Not Found: /index
ERROR - 2021-08-25 20:58:15 --> 404 Page Not Found: /index
ERROR - 2021-08-25 20:58:15 --> 404 Page Not Found: /index
ERROR - 2021-08-25 20:58:15 --> 404 Page Not Found: /index
ERROR - 2021-08-25 20:58:57 --> 404 Page Not Found: /index
ERROR - 2021-08-25 20:58:58 --> 404 Page Not Found: /index
ERROR - 2021-08-25 20:58:58 --> 404 Page Not Found: /index
ERROR - 2021-08-25 20:59:15 --> 404 Page Not Found: /index
ERROR - 2021-08-25 20:59:15 --> 404 Page Not Found: /index
ERROR - 2021-08-25 20:59:16 --> 404 Page Not Found: /index
ERROR - 2021-08-25 21:00:26 --> 404 Page Not Found: /index
ERROR - 2021-08-25 21:00:26 --> 404 Page Not Found: /index
ERROR - 2021-08-25 21:00:26 --> 404 Page Not Found: /index
ERROR - 2021-08-25 21:00:26 --> 404 Page Not Found: /index
ERROR - 2021-08-25 21:01:01 --> 404 Page Not Found: /index
ERROR - 2021-08-25 21:01:01 --> 404 Page Not Found: /index
ERROR - 2021-08-25 21:01:01 --> 404 Page Not Found: /index
ERROR - 2021-08-25 21:01:02 --> 404 Page Not Found: /index
ERROR - 2021-08-25 21:02:11 --> 404 Page Not Found: /index
ERROR - 2021-08-25 21:02:11 --> 404 Page Not Found: /index
ERROR - 2021-08-25 21:02:11 --> 404 Page Not Found: /index
ERROR - 2021-08-25 21:02:11 --> 404 Page Not Found: /index
ERROR - 2021-08-25 21:02:17 --> 404 Page Not Found: /index
ERROR - 2021-08-25 21:02:17 --> 404 Page Not Found: /index
ERROR - 2021-08-25 21:02:17 --> 404 Page Not Found: /index
ERROR - 2021-08-25 21:02:17 --> 404 Page Not Found: /index
ERROR - 2021-08-25 21:02:44 --> 404 Page Not Found: /index
ERROR - 2021-08-25 21:02:44 --> 404 Page Not Found: /index
ERROR - 2021-08-25 21:02:44 --> 404 Page Not Found: /index
ERROR - 2021-08-25 21:02:44 --> 404 Page Not Found: /index
ERROR - 2021-08-25 21:03:15 --> 404 Page Not Found: /index
ERROR - 2021-08-25 21:03:15 --> 404 Page Not Found: /index
ERROR - 2021-08-25 21:03:15 --> 404 Page Not Found: /index
ERROR - 2021-08-25 21:03:15 --> 404 Page Not Found: /index
ERROR - 2021-08-25 21:03:29 --> 404 Page Not Found: /index
ERROR - 2021-08-25 21:03:29 --> 404 Page Not Found: /index
ERROR - 2021-08-25 21:03:29 --> 404 Page Not Found: /index
ERROR - 2021-08-25 21:04:41 --> 404 Page Not Found: /index
ERROR - 2021-08-25 21:04:41 --> 404 Page Not Found: /index
ERROR - 2021-08-25 21:04:41 --> 404 Page Not Found: /index
ERROR - 2021-08-25 21:04:41 --> 404 Page Not Found: /index
ERROR - 2021-08-25 21:05:33 --> 404 Page Not Found: /index
ERROR - 2021-08-25 21:05:33 --> 404 Page Not Found: /index
ERROR - 2021-08-25 21:05:33 --> 404 Page Not Found: /index
ERROR - 2021-08-25 21:05:33 --> 404 Page Not Found: /index
ERROR - 2021-08-25 21:06:07 --> 404 Page Not Found: /index
ERROR - 2021-08-25 21:06:07 --> 404 Page Not Found: /index
ERROR - 2021-08-25 21:06:07 --> 404 Page Not Found: /index
ERROR - 2021-08-25 21:06:17 --> 404 Page Not Found: /index
ERROR - 2021-08-25 21:06:17 --> 404 Page Not Found: /index
ERROR - 2021-08-25 21:06:17 --> 404 Page Not Found: /index
ERROR - 2021-08-25 21:06:34 --> Severity: Warning --> file_get_contents(D:/WORK/PHP/KUMYO/_upload/shop_product/003002000000/b396bbe2ff0ea8d6d4ee37cfe25c7f73_S.jpeg): failed to open stream: No such file or directory D:\WORK\PHP\KUMYO\www\app\views\adm\product\product_list.php 148
ERROR - 2021-08-25 21:06:34 --> Severity: Warning --> file_get_contents(D:/WORK/PHP/KUMYO/_upload/shop_product/003002000000/dd5553f1decf323b95a43cbd51cb4fd4_S.jpeg): failed to open stream: No such file or directory D:\WORK\PHP\KUMYO\www\app\views\adm\product\product_list.php 148
ERROR - 2021-08-25 21:06:34 --> Severity: Warning --> file_get_contents(D:/WORK/PHP/KUMYO/_upload/shop_product/003005000000/a3035e5ad7aa985d7a72e1b3b62d18e2_S.jpeg): failed to open stream: No such file or directory D:\WORK\PHP\KUMYO\www\app\views\adm\product\product_list.php 148
ERROR - 2021-08-25 21:06:35 --> 404 Page Not Found: /index
ERROR - 2021-08-25 21:06:35 --> 404 Page Not Found: /index
ERROR - 2021-08-25 21:06:35 --> 404 Page Not Found: /index
ERROR - 2021-08-25 21:06:35 --> 404 Page Not Found: /index
ERROR - 2021-08-25 21:06:35 --> 404 Page Not Found: /index
ERROR - 2021-08-25 21:06:35 --> 404 Page Not Found: /index
ERROR - 2021-08-25 21:06:35 --> 404 Page Not Found: /index
ERROR - 2021-08-25 21:06:37 --> Severity: Warning --> file_get_contents(D:/WORK/PHP/KUMYO/_upload/shop_product/003002000000/b396bbe2ff0ea8d6d4ee37cfe25c7f73_S.jpeg): failed to open stream: No such file or directory D:\WORK\PHP\KUMYO\www\app\views\adm\product\product_list.php 148
ERROR - 2021-08-25 21:06:37 --> Severity: Warning --> file_get_contents(D:/WORK/PHP/KUMYO/_upload/shop_product/003002000000/dd5553f1decf323b95a43cbd51cb4fd4_S.jpeg): failed to open stream: No such file or directory D:\WORK\PHP\KUMYO\www\app\views\adm\product\product_list.php 148
ERROR - 2021-08-25 21:06:37 --> Severity: Warning --> file_get_contents(D:/WORK/PHP/KUMYO/_upload/shop_product/003005000000/a3035e5ad7aa985d7a72e1b3b62d18e2_S.jpeg): failed to open stream: No such file or directory D:\WORK\PHP\KUMYO\www\app\views\adm\product\product_list.php 148
ERROR - 2021-08-25 21:06:37 --> 404 Page Not Found: /index
ERROR - 2021-08-25 21:06:37 --> 404 Page Not Found: /index
ERROR - 2021-08-25 21:06:37 --> 404 Page Not Found: /index
ERROR - 2021-08-25 21:06:38 --> Severity: Warning --> file_get_contents(D:/WORK/PHP/KUMYO/_upload/shop_product/003002000000/b396bbe2ff0ea8d6d4ee37cfe25c7f73_S.jpeg): failed to open stream: No such file or directory D:\WORK\PHP\KUMYO\www\app\views\adm\product\product_list.php 148
ERROR - 2021-08-25 21:06:38 --> Severity: Warning --> file_get_contents(D:/WORK/PHP/KUMYO/_upload/shop_product/003002000000/dd5553f1decf323b95a43cbd51cb4fd4_S.jpeg): failed to open stream: No such file or directory D:\WORK\PHP\KUMYO\www\app\views\adm\product\product_list.php 148
ERROR - 2021-08-25 21:06:38 --> Severity: Warning --> file_get_contents(D:/WORK/PHP/KUMYO/_upload/shop_product/003005000000/a3035e5ad7aa985d7a72e1b3b62d18e2_S.jpeg): failed to open stream: No such file or directory D:\WORK\PHP\KUMYO\www\app\views\adm\product\product_list.php 148
ERROR - 2021-08-25 21:06:39 --> 404 Page Not Found: /index
ERROR - 2021-08-25 21:06:39 --> 404 Page Not Found: /index
ERROR - 2021-08-25 21:06:39 --> 404 Page Not Found: /index
ERROR - 2021-08-25 21:07:11 --> 404 Page Not Found: /index
ERROR - 2021-08-25 21:07:11 --> 404 Page Not Found: /index
ERROR - 2021-08-25 21:07:11 --> 404 Page Not Found: /index
ERROR - 2021-08-25 21:07:11 --> 404 Page Not Found: /index
ERROR - 2021-08-25 21:07:27 --> 404 Page Not Found: /index
ERROR - 2021-08-25 21:07:27 --> 404 Page Not Found: /index
ERROR - 2021-08-25 21:07:27 --> 404 Page Not Found: /index
ERROR - 2021-08-25 21:07:27 --> 404 Page Not Found: /index
ERROR - 2021-08-25 21:07:42 --> 404 Page Not Found: /index
ERROR - 2021-08-25 21:07:42 --> 404 Page Not Found: /index
ERROR - 2021-08-25 21:07:42 --> 404 Page Not Found: /index
ERROR - 2021-08-25 21:07:45 --> 404 Page Not Found: /index
ERROR - 2021-08-25 21:07:45 --> 404 Page Not Found: /index
ERROR - 2021-08-25 21:07:45 --> 404 Page Not Found: /index
ERROR - 2021-08-25 21:09:41 --> 404 Page Not Found: /index
ERROR - 2021-08-25 21:09:41 --> 404 Page Not Found: /index
ERROR - 2021-08-25 21:09:41 --> 404 Page Not Found: /index
ERROR - 2021-08-25 21:10:58 --> 404 Page Not Found: /index
ERROR - 2021-08-25 21:10:58 --> 404 Page Not Found: /index
ERROR - 2021-08-25 21:10:58 --> 404 Page Not Found: /index
ERROR - 2021-08-25 21:10:58 --> 404 Page Not Found: /index
ERROR - 2021-08-25 21:10:59 --> 404 Page Not Found: /index
ERROR - 2021-08-25 21:10:59 --> 404 Page Not Found: /index
ERROR - 2021-08-25 21:10:59 --> 404 Page Not Found: /index
ERROR - 2021-08-25 21:11:14 --> 404 Page Not Found: /index
ERROR - 2021-08-25 21:11:14 --> 404 Page Not Found: /index
ERROR - 2021-08-25 21:11:14 --> 404 Page Not Found: /index
ERROR - 2021-08-25 21:11:14 --> 404 Page Not Found: /index
ERROR - 2021-08-25 21:12:35 --> Severity: Warning --> getimagesize(D:/WORK/PHP/KUMYO/_upload/shop_product/003002000000/051af9cb2243c3b31cd661bdc5af6382.jpg): failed to open stream: No such file or directory D:\WORK\PHP\KUMYO\www\app\libraries\Func.php 1567
ERROR - 2021-08-25 21:12:35 --> The path to the image is not correct.
ERROR - 2021-08-25 21:12:35 --> Your server does not support the GD function required to process this type of image.
ERROR - 2021-08-25 21:12:35 --> The path to the image is not correct.
ERROR - 2021-08-25 21:12:35 --> Your server does not support the GD function required to process this type of image.
ERROR - 2021-08-25 21:12:35 --> The path to the image is not correct.
ERROR - 2021-08-25 21:12:35 --> Your server does not support the GD function required to process this type of image.
ERROR - 2021-08-25 21:14:31 --> 404 Page Not Found: /index
ERROR - 2021-08-25 21:14:31 --> 404 Page Not Found: /index
ERROR - 2021-08-25 21:14:31 --> 404 Page Not Found: /index
ERROR - 2021-08-25 21:14:31 --> 404 Page Not Found: /index
ERROR - 2021-08-25 21:15:44 --> 404 Page Not Found: /index
ERROR - 2021-08-25 21:15:44 --> 404 Page Not Found: /index
ERROR - 2021-08-25 21:15:44 --> 404 Page Not Found: /index
ERROR - 2021-08-25 21:16:45 --> 404 Page Not Found: /index
ERROR - 2021-08-25 21:16:45 --> 404 Page Not Found: /index
ERROR - 2021-08-25 21:16:45 --> 404 Page Not Found: /index
ERROR - 2021-08-25 21:16:45 --> 404 Page Not Found: /index
ERROR - 2021-08-25 21:16:47 --> 404 Page Not Found: /index
ERROR - 2021-08-25 21:16:48 --> 404 Page Not Found: /index
ERROR - 2021-08-25 21:16:48 --> 404 Page Not Found: /index
ERROR - 2021-08-25 21:16:48 --> 404 Page Not Found: /index
ERROR - 2021-08-25 21:17:32 --> 404 Page Not Found: /index
ERROR - 2021-08-25 21:17:32 --> 404 Page Not Found: /index
ERROR - 2021-08-25 21:17:32 --> 404 Page Not Found: /index
ERROR - 2021-08-25 21:17:33 --> 404 Page Not Found: /index
ERROR - 2021-08-25 21:17:35 --> 404 Page Not Found: /index
ERROR - 2021-08-25 21:17:35 --> 404 Page Not Found: /index
ERROR - 2021-08-25 21:17:35 --> 404 Page Not Found: /index
ERROR - 2021-08-25 21:18:02 --> 404 Page Not Found: /index
ERROR - 2021-08-25 21:18:02 --> 404 Page Not Found: /index
ERROR - 2021-08-25 21:18:02 --> 404 Page Not Found: /index
ERROR - 2021-08-25 21:18:10 --> 404 Page Not Found: /index
ERROR - 2021-08-25 21:18:10 --> 404 Page Not Found: /index
ERROR - 2021-08-25 21:18:10 --> 404 Page Not Found: /index
ERROR - 2021-08-25 21:18:31 --> 404 Page Not Found: /index
ERROR - 2021-08-25 21:18:31 --> 404 Page Not Found: /index
ERROR - 2021-08-25 21:18:31 --> 404 Page Not Found: /index
ERROR - 2021-08-25 21:18:32 --> 404 Page Not Found: /index
ERROR - 2021-08-25 21:18:32 --> 404 Page Not Found: /index
ERROR - 2021-08-25 21:18:32 --> 404 Page Not Found: /index
ERROR - 2021-08-25 21:47:17 --> 404 Page Not Found: /index
ERROR - 2021-08-25 21:47:17 --> 404 Page Not Found: /index
ERROR - 2021-08-25 21:47:17 --> 404 Page Not Found: /index
ERROR - 2021-08-25 21:47:28 --> 404 Page Not Found: /index
ERROR - 2021-08-25 21:47:28 --> 404 Page Not Found: /index
ERROR - 2021-08-25 21:47:28 --> 404 Page Not Found: /index
ERROR - 2021-08-25 21:47:28 --> 404 Page Not Found: /index
ERROR - 2021-08-25 21:47:46 --> 404 Page Not Found: /index
ERROR - 2021-08-25 21:47:46 --> 404 Page Not Found: /index
ERROR - 2021-08-25 21:47:46 --> 404 Page Not Found: /index
ERROR - 2021-08-25 21:47:47 --> 404 Page Not Found: /index
ERROR - 2021-08-25 21:49:46 --> 404 Page Not Found: /index
ERROR - 2021-08-25 21:49:46 --> 404 Page Not Found: /index
ERROR - 2021-08-25 21:49:46 --> 404 Page Not Found: /index
ERROR - 2021-08-25 21:49:46 --> 404 Page Not Found: /index
ERROR - 2021-08-25 21:50:25 --> 404 Page Not Found: /index
ERROR - 2021-08-25 21:50:25 --> 404 Page Not Found: /index
ERROR - 2021-08-25 21:50:25 --> 404 Page Not Found: /index
ERROR - 2021-08-25 21:52:22 --> 404 Page Not Found: /index
ERROR - 2021-08-25 21:52:22 --> 404 Page Not Found: /index
ERROR - 2021-08-25 21:52:22 --> 404 Page Not Found: /index
ERROR - 2021-08-25 21:52:35 --> 404 Page Not Found: /index
ERROR - 2021-08-25 21:52:35 --> 404 Page Not Found: /index
ERROR - 2021-08-25 21:52:35 --> 404 Page Not Found: /index
ERROR - 2021-08-25 21:52:35 --> 404 Page Not Found: /index
ERROR - 2021-08-25 21:53:04 --> 404 Page Not Found: /index
ERROR - 2021-08-25 21:53:04 --> 404 Page Not Found: /index
ERROR - 2021-08-25 21:53:04 --> 404 Page Not Found: /index
ERROR - 2021-08-25 21:53:12 --> 404 Page Not Found: /index
ERROR - 2021-08-25 21:53:12 --> 404 Page Not Found: /index
ERROR - 2021-08-25 21:53:12 --> 404 Page Not Found: /index
ERROR - 2021-08-25 21:54:53 --> 404 Page Not Found: /index
ERROR - 2021-08-25 21:54:53 --> 404 Page Not Found: /index
ERROR - 2021-08-25 21:54:53 --> 404 Page Not Found: /index
ERROR - 2021-08-25 21:54:53 --> 404 Page Not Found: /index
ERROR - 2021-08-25 21:58:33 --> 404 Page Not Found: /index
ERROR - 2021-08-25 21:58:33 --> 404 Page Not Found: /index
ERROR - 2021-08-25 21:58:33 --> 404 Page Not Found: /index
ERROR - 2021-08-25 21:59:01 --> 404 Page Not Found: /index
ERROR - 2021-08-25 21:59:01 --> 404 Page Not Found: /index
ERROR - 2021-08-25 21:59:01 --> 404 Page Not Found: /index
ERROR - 2021-08-25 21:59:01 --> 404 Page Not Found: /index
ERROR - 2021-08-25 21:59:12 --> 404 Page Not Found: /index
ERROR - 2021-08-25 21:59:12 --> 404 Page Not Found: /index
ERROR - 2021-08-25 21:59:12 --> 404 Page Not Found: /index
ERROR - 2021-08-25 21:59:12 --> 404 Page Not Found: /index
ERROR - 2021-08-25 22:00:02 --> 404 Page Not Found: /index
ERROR - 2021-08-25 22:00:02 --> 404 Page Not Found: /index
ERROR - 2021-08-25 22:00:02 --> 404 Page Not Found: /index
ERROR - 2021-08-25 22:00:02 --> 404 Page Not Found: /index
ERROR - 2021-08-25 22:00:03 --> 404 Page Not Found: /index
ERROR - 2021-08-25 22:00:03 --> 404 Page Not Found: /index
ERROR - 2021-08-25 22:00:03 --> 404 Page Not Found: /index
ERROR - 2021-08-25 22:00:03 --> 404 Page Not Found: /index
ERROR - 2021-08-25 22:02:27 --> 404 Page Not Found: /index
ERROR - 2021-08-25 22:02:27 --> 404 Page Not Found: /index
ERROR - 2021-08-25 22:02:27 --> 404 Page Not Found: /index
ERROR - 2021-08-25 22:02:27 --> 404 Page Not Found: /index
ERROR - 2021-08-25 22:03:14 --> 404 Page Not Found: /index
ERROR - 2021-08-25 22:03:14 --> 404 Page Not Found: /index
ERROR - 2021-08-25 22:03:14 --> 404 Page Not Found: /index
ERROR - 2021-08-25 22:03:14 --> 404 Page Not Found: /index
ERROR - 2021-08-25 22:03:41 --> 404 Page Not Found: /index
ERROR - 2021-08-25 22:03:41 --> 404 Page Not Found: /index
ERROR - 2021-08-25 22:03:41 --> 404 Page Not Found: /index
ERROR - 2021-08-25 22:03:41 --> 404 Page Not Found: /index
ERROR - 2021-08-25 22:03:59 --> 404 Page Not Found: /index
ERROR - 2021-08-25 22:03:59 --> 404 Page Not Found: /index
ERROR - 2021-08-25 22:03:59 --> 404 Page Not Found: /index
ERROR - 2021-08-25 22:04:00 --> 404 Page Not Found: /index
ERROR - 2021-08-25 22:04:41 --> 404 Page Not Found: /index
ERROR - 2021-08-25 22:04:42 --> 404 Page Not Found: /index
ERROR - 2021-08-25 22:04:42 --> 404 Page Not Found: /index
ERROR - 2021-08-25 22:04:42 --> 404 Page Not Found: /index
ERROR - 2021-08-25 22:05:14 --> 404 Page Not Found: /index
ERROR - 2021-08-25 22:05:14 --> 404 Page Not Found: /index
ERROR - 2021-08-25 22:05:14 --> 404 Page Not Found: /index
ERROR - 2021-08-25 22:05:14 --> 404 Page Not Found: /index
ERROR - 2021-08-25 22:05:18 --> 404 Page Not Found: /index
ERROR - 2021-08-25 22:05:18 --> 404 Page Not Found: /index
ERROR - 2021-08-25 22:05:18 --> 404 Page Not Found: /index
ERROR - 2021-08-25 22:05:19 --> 404 Page Not Found: /index
ERROR - 2021-08-25 22:05:31 --> 404 Page Not Found: /index
ERROR - 2021-08-25 22:05:31 --> 404 Page Not Found: /index
ERROR - 2021-08-25 22:05:31 --> 404 Page Not Found: /index
ERROR - 2021-08-25 22:05:31 --> 404 Page Not Found: /index
ERROR - 2021-08-25 22:06:10 --> 404 Page Not Found: /index
ERROR - 2021-08-25 22:06:50 --> 404 Page Not Found: /index
ERROR - 2021-08-25 22:06:55 --> 404 Page Not Found: /index
ERROR - 2021-08-25 22:06:59 --> 404 Page Not Found: /index
ERROR - 2021-08-25 22:06:59 --> 404 Page Not Found: /index
ERROR - 2021-08-25 22:06:59 --> 404 Page Not Found: /index
ERROR - 2021-08-25 22:07:03 --> 404 Page Not Found: /index
ERROR - 2021-08-25 22:07:03 --> 404 Page Not Found: /index
ERROR - 2021-08-25 22:07:03 --> 404 Page Not Found: /index
ERROR - 2021-08-25 22:07:04 --> 404 Page Not Found: /index
ERROR - 2021-08-25 22:07:04 --> 404 Page Not Found: /index
ERROR - 2021-08-25 22:07:04 --> 404 Page Not Found: /index
ERROR - 2021-08-25 22:07:06 --> 404 Page Not Found: /index
ERROR - 2021-08-25 22:07:07 --> 404 Page Not Found: /index
ERROR - 2021-08-25 22:07:07 --> 404 Page Not Found: /index
ERROR - 2021-08-25 22:09:54 --> 404 Page Not Found: /index
ERROR - 2021-08-25 22:14:51 --> 404 Page Not Found: /index
ERROR - 2021-08-25 22:17:44 --> 404 Page Not Found: /index
ERROR - 2021-08-25 22:17:44 --> 404 Page Not Found: /index
ERROR - 2021-08-25 22:18:04 --> 404 Page Not Found: /index
ERROR - 2021-08-25 22:18:04 --> 404 Page Not Found: /index
ERROR - 2021-08-25 22:18:04 --> 404 Page Not Found: /index
ERROR - 2021-08-25 22:18:04 --> 404 Page Not Found: /index
ERROR - 2021-08-25 22:19:17 --> Severity: Notice --> Undefined variable: ext D:\WORK\PHP\KUMYO\www\app\libraries\Func.php 1848
ERROR - 2021-08-25 22:19:17 --> Severity: Notice --> Undefined variable: ext D:\WORK\PHP\KUMYO\www\app\libraries\Func.php 1848
ERROR - 2021-08-25 22:20:39 --> 404 Page Not Found: /index
ERROR - 2021-08-25 22:23:04 --> 404 Page Not Found: /index
ERROR - 2021-08-25 22:23:04 --> 404 Page Not Found: /index
ERROR - 2021-08-25 22:23:04 --> 404 Page Not Found: /index
ERROR - 2021-08-25 22:23:16 --> 404 Page Not Found: /index
ERROR - 2021-08-25 22:23:16 --> 404 Page Not Found: /index
ERROR - 2021-08-25 22:23:16 --> 404 Page Not Found: /index
ERROR - 2021-08-25 22:23:38 --> 404 Page Not Found: /index
ERROR - 2021-08-25 22:23:39 --> 404 Page Not Found: /index
ERROR - 2021-08-25 22:23:39 --> 404 Page Not Found: /index
ERROR - 2021-08-25 22:24:52 --> 404 Page Not Found: /index
ERROR - 2021-08-25 22:24:52 --> 404 Page Not Found: /index
ERROR - 2021-08-25 22:24:52 --> 404 Page Not Found: /index
ERROR - 2021-08-25 22:24:58 --> 404 Page Not Found: /index
ERROR - 2021-08-25 22:24:58 --> 404 Page Not Found: /index
ERROR - 2021-08-25 22:24:58 --> 404 Page Not Found: /index
ERROR - 2021-08-25 22:24:58 --> 404 Page Not Found: /index
ERROR - 2021-08-25 22:28:39 --> Your server does not support the GD function required to process this type of image.
ERROR - 2021-08-25 22:29:50 --> Severity: Notice --> Undefined property: CI::$image_lib D:\WORK\PHP\KUMYO\www\app\libraries\Func.php 1523
ERROR - 2021-08-25 22:29:50 --> Severity: error --> Exception: Call to a member function resize() on null D:\WORK\PHP\KUMYO\www\app\libraries\Func.php 1523
ERROR - 2021-08-25 22:30:20 --> You must specify a source image in your preferences.
ERROR - 2021-08-25 22:30:20 --> Your server does not support the GD function required to process this type of image.
ERROR - 2021-08-25 22:31:42 --> Your server does not support the GD function required to process this type of image.
ERROR - 2021-08-25 22:31:42 --> Your server does not support the GD function required to process this type of image.
ERROR - 2021-08-25 22:38:10 --> 404 Page Not Found: /index
ERROR - 2021-08-25 22:38:10 --> 404 Page Not Found: /index
ERROR - 2021-08-25 22:38:10 --> 404 Page Not Found: /index
ERROR - 2021-08-25 22:38:10 --> 404 Page Not Found: /index
ERROR - 2021-08-25 22:38:13 --> 404 Page Not Found: /index
ERROR - 2021-08-25 22:38:27 --> 404 Page Not Found: /index
ERROR - 2021-08-25 22:39:36 --> 404 Page Not Found: /index
ERROR - 2021-08-25 22:39:36 --> 404 Page Not Found: /index
ERROR - 2021-08-25 22:39:36 --> 404 Page Not Found: /index
ERROR - 2021-08-25 22:39:36 --> 404 Page Not Found: /index
ERROR - 2021-08-25 22:39:36 --> 404 Page Not Found: /index
ERROR - 2021-08-25 22:39:36 --> 404 Page Not Found: /index
ERROR - 2021-08-25 22:39:40 --> 404 Page Not Found: /index
ERROR - 2021-08-25 22:40:56 --> 404 Page Not Found: /index
ERROR - 2021-08-25 22:40:56 --> 404 Page Not Found: /index
ERROR - 2021-08-25 22:40:56 --> 404 Page Not Found: /index
ERROR - 2021-08-25 22:41:20 --> 404 Page Not Found: /index
ERROR - 2021-08-25 22:41:20 --> 404 Page Not Found: /index
ERROR - 2021-08-25 22:41:20 --> 404 Page Not Found: /index
ERROR - 2021-08-25 22:42:43 --> 404 Page Not Found: /index
ERROR - 2021-08-25 22:42:43 --> 404 Page Not Found: /index
ERROR - 2021-08-25 22:42:43 --> 404 Page Not Found: /index
ERROR - 2021-08-25 22:42:57 --> 404 Page Not Found: /index
ERROR - 2021-08-25 22:42:57 --> 404 Page Not Found: /index
ERROR - 2021-08-25 22:42:57 --> 404 Page Not Found: /index
ERROR - 2021-08-25 22:43:09 --> 404 Page Not Found: /index
ERROR - 2021-08-25 22:43:09 --> 404 Page Not Found: /index
ERROR - 2021-08-25 22:43:09 --> 404 Page Not Found: /index
ERROR - 2021-08-25 22:43:09 --> 404 Page Not Found: /index
ERROR - 2021-08-25 22:43:46 --> 404 Page Not Found: /index
ERROR - 2021-08-25 22:43:46 --> 404 Page Not Found: /index
ERROR - 2021-08-25 22:43:46 --> 404 Page Not Found: /index
ERROR - 2021-08-25 22:43:46 --> 404 Page Not Found: /index
ERROR - 2021-08-25 22:43:57 --> 404 Page Not Found: /index
ERROR - 2021-08-25 22:43:57 --> 404 Page Not Found: /index
ERROR - 2021-08-25 22:43:57 --> 404 Page Not Found: /index
ERROR - 2021-08-25 22:44:16 --> 404 Page Not Found: /index
ERROR - 2021-08-25 22:44:16 --> 404 Page Not Found: /index
ERROR - 2021-08-25 22:44:16 --> 404 Page Not Found: /index
ERROR - 2021-08-25 22:44:16 --> 404 Page Not Found: /index
ERROR - 2021-08-25 22:44:32 --> 404 Page Not Found: /index
ERROR - 2021-08-25 22:44:32 --> 404 Page Not Found: /index
ERROR - 2021-08-25 22:44:32 --> 404 Page Not Found: /index
ERROR - 2021-08-25 22:44:32 --> 404 Page Not Found: /index
ERROR - 2021-08-25 22:45:05 --> 404 Page Not Found: /index
ERROR - 2021-08-25 22:45:05 --> 404 Page Not Found: /index
ERROR - 2021-08-25 22:45:05 --> 404 Page Not Found: /index
ERROR - 2021-08-25 22:45:05 --> 404 Page Not Found: /index
ERROR - 2021-08-25 22:45:27 --> 404 Page Not Found: /index
ERROR - 2021-08-25 22:45:27 --> 404 Page Not Found: /index
ERROR - 2021-08-25 22:45:27 --> 404 Page Not Found: /index
ERROR - 2021-08-25 22:45:27 --> 404 Page Not Found: /index
ERROR - 2021-08-25 22:45:59 --> Severity: Notice --> Undefined variable: i D:\WORK\PHP\KUMYO\www\app\views\adm\product\product_regist.php 122
ERROR - 2021-08-25 22:45:59 --> Severity: Notice --> Undefined variable: i D:\WORK\PHP\KUMYO\www\app\views\adm\product\product_regist.php 122
ERROR - 2021-08-25 22:45:59 --> 404 Page Not Found: /index
ERROR - 2021-08-25 22:45:59 --> 404 Page Not Found: /index
ERROR - 2021-08-25 22:45:59 --> 404 Page Not Found: /index
ERROR - 2021-08-25 22:46:10 --> 404 Page Not Found: /index
ERROR - 2021-08-25 22:46:10 --> 404 Page Not Found: /index
ERROR - 2021-08-25 22:46:10 --> 404 Page Not Found: /index
ERROR - 2021-08-25 22:46:29 --> 404 Page Not Found: /index
ERROR - 2021-08-25 22:46:29 --> 404 Page Not Found: /index
ERROR - 2021-08-25 22:46:29 --> 404 Page Not Found: /index
ERROR - 2021-08-25 22:46:29 --> 404 Page Not Found: /index
ERROR - 2021-08-25 22:46:37 --> 404 Page Not Found: /index
ERROR - 2021-08-25 22:46:37 --> 404 Page Not Found: /index
ERROR - 2021-08-25 22:46:37 --> 404 Page Not Found: /index
ERROR - 2021-08-25 22:46:46 --> 404 Page Not Found: /index
ERROR - 2021-08-25 22:46:46 --> 404 Page Not Found: /index
ERROR - 2021-08-25 22:46:46 --> 404 Page Not Found: /index
ERROR - 2021-08-25 22:46:54 --> 404 Page Not Found: /index
ERROR - 2021-08-25 22:46:55 --> 404 Page Not Found: /index
ERROR - 2021-08-25 22:46:55 --> 404 Page Not Found: /index
ERROR - 2021-08-25 22:47:57 --> 404 Page Not Found: /index
ERROR - 2021-08-25 22:47:57 --> 404 Page Not Found: /index
ERROR - 2021-08-25 22:47:57 --> 404 Page Not Found: /index
ERROR - 2021-08-25 22:47:57 --> 404 Page Not Found: /index
ERROR - 2021-08-25 22:48:10 --> 404 Page Not Found: /index
ERROR - 2021-08-25 22:48:10 --> 404 Page Not Found: /index
ERROR - 2021-08-25 22:48:10 --> 404 Page Not Found: /index
ERROR - 2021-08-25 22:49:12 --> 404 Page Not Found: /index
ERROR - 2021-08-25 22:49:12 --> 404 Page Not Found: /index
ERROR - 2021-08-25 22:49:12 --> 404 Page Not Found: /index
ERROR - 2021-08-25 22:51:45 --> 404 Page Not Found: /index
ERROR - 2021-08-25 22:51:45 --> 404 Page Not Found: /index
ERROR - 2021-08-25 22:51:45 --> 404 Page Not Found: /index
ERROR - 2021-08-25 22:51:46 --> 404 Page Not Found: /index
ERROR - 2021-08-25 22:52:13 --> 404 Page Not Found: /index
ERROR - 2021-08-25 22:52:13 --> 404 Page Not Found: /index
ERROR - 2021-08-25 22:52:13 --> 404 Page Not Found: /index
ERROR - 2021-08-25 22:52:13 --> 404 Page Not Found: /index
ERROR - 2021-08-25 22:52:24 --> 404 Page Not Found: /index
ERROR - 2021-08-25 22:52:24 --> 404 Page Not Found: /index
ERROR - 2021-08-25 22:52:24 --> 404 Page Not Found: /index
ERROR - 2021-08-25 22:52:24 --> 404 Page Not Found: /index
ERROR - 2021-08-25 22:52:31 --> 404 Page Not Found: /index
ERROR - 2021-08-25 22:52:31 --> 404 Page Not Found: /index
ERROR - 2021-08-25 22:52:31 --> 404 Page Not Found: /index
ERROR - 2021-08-25 22:52:31 --> 404 Page Not Found: /index
ERROR - 2021-08-25 22:53:06 --> 404 Page Not Found: /index
ERROR - 2021-08-25 22:53:06 --> 404 Page Not Found: /index
ERROR - 2021-08-25 22:53:06 --> 404 Page Not Found: /index
ERROR - 2021-08-25 22:53:07 --> 404 Page Not Found: /index
ERROR - 2021-08-25 22:54:51 --> 404 Page Not Found: /index
ERROR - 2021-08-25 22:54:51 --> 404 Page Not Found: /index
ERROR - 2021-08-25 22:54:51 --> 404 Page Not Found: /index
ERROR - 2021-08-25 22:54:52 --> 404 Page Not Found: /index
ERROR - 2021-08-25 22:55:45 --> 404 Page Not Found: /index
ERROR - 2021-08-25 22:55:45 --> 404 Page Not Found: /index
ERROR - 2021-08-25 22:55:45 --> 404 Page Not Found: /index
ERROR - 2021-08-25 22:55:45 --> 404 Page Not Found: /index
ERROR - 2021-08-25 22:55:53 --> 404 Page Not Found: /index
ERROR - 2021-08-25 22:55:54 --> 404 Page Not Found: /index
ERROR - 2021-08-25 22:55:54 --> 404 Page Not Found: /index
ERROR - 2021-08-25 22:55:54 --> 404 Page Not Found: /index
ERROR - 2021-08-25 22:56:01 --> 404 Page Not Found: /index
ERROR - 2021-08-25 22:56:01 --> 404 Page Not Found: /index
ERROR - 2021-08-25 22:56:01 --> 404 Page Not Found: /index
ERROR - 2021-08-25 22:56:02 --> 404 Page Not Found: /index
ERROR - 2021-08-25 22:56:51 --> 404 Page Not Found: /index
ERROR - 2021-08-25 22:56:51 --> 404 Page Not Found: /index
ERROR - 2021-08-25 22:56:51 --> 404 Page Not Found: /index
ERROR - 2021-08-25 22:56:51 --> 404 Page Not Found: /index
ERROR - 2021-08-25 22:57:23 --> 404 Page Not Found: /index
ERROR - 2021-08-25 22:57:23 --> 404 Page Not Found: /index
ERROR - 2021-08-25 22:57:23 --> 404 Page Not Found: /index
ERROR - 2021-08-25 22:57:23 --> 404 Page Not Found: /index
ERROR - 2021-08-25 22:57:36 --> 404 Page Not Found: /index
ERROR - 2021-08-25 22:57:36 --> 404 Page Not Found: /index
ERROR - 2021-08-25 22:57:36 --> 404 Page Not Found: /index
ERROR - 2021-08-25 22:57:37 --> 404 Page Not Found: /index
ERROR - 2021-08-25 22:58:06 --> 404 Page Not Found: /index
ERROR - 2021-08-25 22:58:06 --> 404 Page Not Found: /index
ERROR - 2021-08-25 22:58:07 --> 404 Page Not Found: /index
ERROR - 2021-08-25 22:58:48 --> 404 Page Not Found: /index
ERROR - 2021-08-25 22:58:48 --> 404 Page Not Found: /index
ERROR - 2021-08-25 22:58:48 --> 404 Page Not Found: /index
ERROR - 2021-08-25 22:58:54 --> 404 Page Not Found: /index
ERROR - 2021-08-25 22:58:54 --> 404 Page Not Found: /index
ERROR - 2021-08-25 22:58:54 --> 404 Page Not Found: /index
ERROR - 2021-08-25 23:00:04 --> 404 Page Not Found: /index
ERROR - 2021-08-25 23:00:04 --> 404 Page Not Found: /index
ERROR - 2021-08-25 23:00:04 --> 404 Page Not Found: /index
ERROR - 2021-08-25 23:00:08 --> 404 Page Not Found: /index
ERROR - 2021-08-25 23:00:08 --> 404 Page Not Found: /index
ERROR - 2021-08-25 23:00:08 --> 404 Page Not Found: /index
ERROR - 2021-08-25 23:00:09 --> 404 Page Not Found: /index
ERROR - 2021-08-25 23:00:09 --> 404 Page Not Found: /index
ERROR - 2021-08-25 23:00:09 --> 404 Page Not Found: /index
ERROR - 2021-08-25 23:00:11 --> 404 Page Not Found: /index
ERROR - 2021-08-25 23:00:11 --> 404 Page Not Found: /index
ERROR - 2021-08-25 23:00:11 --> 404 Page Not Found: /index
ERROR - 2021-08-25 23:01:11 --> 404 Page Not Found: /index
ERROR - 2021-08-25 23:01:11 --> 404 Page Not Found: /index
ERROR - 2021-08-25 23:01:11 --> 404 Page Not Found: /index
ERROR - 2021-08-25 23:01:11 --> 404 Page Not Found: /index
ERROR - 2021-08-25 23:01:39 --> 404 Page Not Found: /index
ERROR - 2021-08-25 23:01:39 --> 404 Page Not Found: /index
ERROR - 2021-08-25 23:01:39 --> 404 Page Not Found: /index
ERROR - 2021-08-25 23:01:39 --> 404 Page Not Found: /index
ERROR - 2021-08-25 23:01:42 --> 404 Page Not Found: /index
ERROR - 2021-08-25 23:01:42 --> 404 Page Not Found: /index
ERROR - 2021-08-25 23:01:42 --> 404 Page Not Found: /index
ERROR - 2021-08-25 23:02:25 --> 404 Page Not Found: /index
ERROR - 2021-08-25 23:02:25 --> 404 Page Not Found: /index
ERROR - 2021-08-25 23:02:25 --> 404 Page Not Found: /index
ERROR - 2021-08-25 23:02:26 --> 404 Page Not Found: /index
ERROR - 2021-08-25 23:02:27 --> 404 Page Not Found: /index
ERROR - 2021-08-25 23:02:27 --> 404 Page Not Found: /index
ERROR - 2021-08-25 23:02:27 --> 404 Page Not Found: /index
ERROR - 2021-08-25 23:04:56 --> 404 Page Not Found: /index
ERROR - 2021-08-25 23:04:56 --> 404 Page Not Found: /index
ERROR - 2021-08-25 23:04:56 --> 404 Page Not Found: /index
ERROR - 2021-08-25 23:04:56 --> 404 Page Not Found: /index
ERROR - 2021-08-25 23:05:53 --> Query error: Unknown table 'KUMYO_DATA.S' - Invalid query: 
            SELECT 
                S.*
            FROM ky_shop_brand                
            WHERE shop_seq = '751'
        
ERROR - 2021-08-25 23:05:53 --> 404 Page Not Found: /index
ERROR - 2021-08-25 23:06:08 --> 404 Page Not Found: /index
ERROR - 2021-08-25 23:06:08 --> 404 Page Not Found: /index
ERROR - 2021-08-25 23:06:08 --> 404 Page Not Found: /index
ERROR - 2021-08-25 23:06:08 --> 404 Page Not Found: /index
ERROR - 2021-08-25 23:07:53 --> 404 Page Not Found: /index
ERROR - 2021-08-25 23:07:53 --> 404 Page Not Found: /index
ERROR - 2021-08-25 23:07:53 --> 404 Page Not Found: /index
ERROR - 2021-08-25 23:07:54 --> 404 Page Not Found: /index
ERROR - 2021-08-25 23:09:47 --> 404 Page Not Found: /index
ERROR - 2021-08-25 23:10:56 --> 404 Page Not Found: /index
ERROR - 2021-08-25 23:10:56 --> 404 Page Not Found: /index
ERROR - 2021-08-25 23:10:56 --> 404 Page Not Found: /index
ERROR - 2021-08-25 23:10:58 --> 404 Page Not Found: /index
ERROR - 2021-08-25 23:11:00 --> 404 Page Not Found: /index
ERROR - 2021-08-25 23:11:00 --> 404 Page Not Found: /index
ERROR - 2021-08-25 23:11:00 --> 404 Page Not Found: /index
ERROR - 2021-08-25 23:14:27 --> 404 Page Not Found: /index
ERROR - 2021-08-25 23:14:27 --> 404 Page Not Found: /index
ERROR - 2021-08-25 23:14:27 --> 404 Page Not Found: /index
ERROR - 2021-08-25 23:14:27 --> 404 Page Not Found: /index
ERROR - 2021-08-25 23:14:28 --> 404 Page Not Found: /index
ERROR - 2021-08-25 23:14:28 --> 404 Page Not Found: /index
ERROR - 2021-08-25 23:14:28 --> 404 Page Not Found: /index
ERROR - 2021-08-25 23:14:29 --> 404 Page Not Found: /index
ERROR - 2021-08-25 23:14:29 --> 404 Page Not Found: /index
ERROR - 2021-08-25 23:14:29 --> 404 Page Not Found: /index
ERROR - 2021-08-25 23:14:29 --> 404 Page Not Found: /index
ERROR - 2021-08-25 23:29:00 --> 404 Page Not Found: /index
ERROR - 2021-08-25 23:29:00 --> 404 Page Not Found: /index
ERROR - 2021-08-25 23:29:00 --> 404 Page Not Found: /index
ERROR - 2021-08-25 23:29:52 --> 404 Page Not Found: /index
ERROR - 2021-08-25 23:29:52 --> 404 Page Not Found: /index
ERROR - 2021-08-25 23:29:52 --> 404 Page Not Found: /index
ERROR - 2021-08-25 23:29:52 --> 404 Page Not Found: /index
ERROR - 2021-08-25 23:30:24 --> Severity: error --> Exception: Cannot use object of type stdClass as array D:\WORK\PHP\KUMYO\www\app\controllers\adm\Product.php 396
ERROR - 2021-08-25 23:31:31 --> 404 Page Not Found: /index
ERROR - 2021-08-25 23:31:31 --> 404 Page Not Found: /index
ERROR - 2021-08-25 23:31:31 --> 404 Page Not Found: /index
ERROR - 2021-08-25 23:32:44 --> 404 Page Not Found: /index
ERROR - 2021-08-25 23:32:45 --> 404 Page Not Found: /index
ERROR - 2021-08-25 23:32:45 --> 404 Page Not Found: /index
ERROR - 2021-08-25 23:33:50 --> 404 Page Not Found: /index
ERROR - 2021-08-25 23:33:50 --> 404 Page Not Found: /index
ERROR - 2021-08-25 23:33:50 --> 404 Page Not Found: /index
ERROR - 2021-08-25 23:34:02 --> 404 Page Not Found: /index
ERROR - 2021-08-25 23:34:02 --> 404 Page Not Found: /index
ERROR - 2021-08-25 23:34:02 --> 404 Page Not Found: /index
ERROR - 2021-08-25 23:34:05 --> 404 Page Not Found: /index
ERROR - 2021-08-25 23:34:05 --> 404 Page Not Found: /index
ERROR - 2021-08-25 23:34:05 --> 404 Page Not Found: /index
ERROR - 2021-08-25 23:34:32 --> 404 Page Not Found: /index
ERROR - 2021-08-25 23:34:32 --> 404 Page Not Found: /index
ERROR - 2021-08-25 23:34:32 --> 404 Page Not Found: /index
ERROR - 2021-08-25 23:34:39 --> 404 Page Not Found: /index
ERROR - 2021-08-25 23:34:39 --> 404 Page Not Found: /index
ERROR - 2021-08-25 23:34:39 --> 404 Page Not Found: /index
ERROR - 2021-08-25 23:35:11 --> 404 Page Not Found: /index
ERROR - 2021-08-25 23:35:11 --> 404 Page Not Found: /index
ERROR - 2021-08-25 23:35:11 --> 404 Page Not Found: /index
ERROR - 2021-08-25 23:35:11 --> 404 Page Not Found: /index
ERROR - 2021-08-25 23:36:01 --> 404 Page Not Found: /index
ERROR - 2021-08-25 23:36:01 --> 404 Page Not Found: /index
ERROR - 2021-08-25 23:36:01 --> 404 Page Not Found: /index
ERROR - 2021-08-25 23:36:01 --> 404 Page Not Found: /index
ERROR - 2021-08-25 23:36:53 --> 404 Page Not Found: /index
ERROR - 2021-08-25 23:36:53 --> 404 Page Not Found: /index
ERROR - 2021-08-25 23:36:53 --> 404 Page Not Found: /index
ERROR - 2021-08-25 23:36:53 --> 404 Page Not Found: /index
ERROR - 2021-08-25 23:37:00 --> 404 Page Not Found: /index
ERROR - 2021-08-25 23:37:00 --> 404 Page Not Found: /index
ERROR - 2021-08-25 23:37:00 --> 404 Page Not Found: /index
ERROR - 2021-08-25 23:37:01 --> 404 Page Not Found: /index
ERROR - 2021-08-25 23:37:01 --> 404 Page Not Found: /index
ERROR - 2021-08-25 23:37:01 --> 404 Page Not Found: /index
ERROR - 2021-08-25 23:37:31 --> 404 Page Not Found: /index
ERROR - 2021-08-25 23:37:31 --> 404 Page Not Found: /index
ERROR - 2021-08-25 23:37:31 --> 404 Page Not Found: /index
ERROR - 2021-08-25 23:38:17 --> 404 Page Not Found: /index
ERROR - 2021-08-25 23:38:17 --> 404 Page Not Found: /index
ERROR - 2021-08-25 23:38:17 --> 404 Page Not Found: /index
ERROR - 2021-08-25 23:38:17 --> 404 Page Not Found: /index
ERROR - 2021-08-25 23:38:25 --> 404 Page Not Found: /index
ERROR - 2021-08-25 23:38:25 --> 404 Page Not Found: /index
ERROR - 2021-08-25 23:38:25 --> 404 Page Not Found: /index
ERROR - 2021-08-25 23:38:25 --> 404 Page Not Found: /index
ERROR - 2021-08-25 23:38:46 --> 404 Page Not Found: /index
ERROR - 2021-08-25 23:38:46 --> 404 Page Not Found: /index
ERROR - 2021-08-25 23:38:46 --> 404 Page Not Found: /index
ERROR - 2021-08-25 23:38:46 --> 404 Page Not Found: /index
ERROR - 2021-08-25 23:39:16 --> Severity: Notice --> Undefined variable: imageAutoThumb D:\WORK\PHP\KUMYO\www\app\views\adm\product\product_modify.php 88
ERROR - 2021-08-25 23:39:16 --> 404 Page Not Found: /index
ERROR - 2021-08-25 23:39:16 --> 404 Page Not Found: /index
ERROR - 2021-08-25 23:39:16 --> 404 Page Not Found: /index
ERROR - 2021-08-25 23:39:17 --> 404 Page Not Found: /index
ERROR - 2021-08-25 23:40:34 --> Severity: Notice --> Undefined variable: imageAutoThumb D:\WORK\PHP\KUMYO\www\app\views\adm\product\product_modify.php 88
ERROR - 2021-08-25 23:40:34 --> 404 Page Not Found: /index
ERROR - 2021-08-25 23:40:34 --> 404 Page Not Found: /index
ERROR - 2021-08-25 23:40:34 --> 404 Page Not Found: /index
ERROR - 2021-08-25 23:40:44 --> 404 Page Not Found: /index
ERROR - 2021-08-25 23:40:44 --> 404 Page Not Found: /index
ERROR - 2021-08-25 23:40:44 --> 404 Page Not Found: /index
ERROR - 2021-08-25 23:40:44 --> 404 Page Not Found: /index
ERROR - 2021-08-25 23:43:02 --> 404 Page Not Found: /index
ERROR - 2021-08-25 23:43:02 --> 404 Page Not Found: /index
ERROR - 2021-08-25 23:43:02 --> 404 Page Not Found: /index
ERROR - 2021-08-25 23:44:51 --> 404 Page Not Found: /index
ERROR - 2021-08-25 23:44:51 --> 404 Page Not Found: /index
ERROR - 2021-08-25 23:44:51 --> 404 Page Not Found: /index
ERROR - 2021-08-25 23:44:59 --> 404 Page Not Found: /index
ERROR - 2021-08-25 23:44:59 --> 404 Page Not Found: /index
ERROR - 2021-08-25 23:45:00 --> 404 Page Not Found: /index
ERROR - 2021-08-25 23:45:01 --> 404 Page Not Found: /index
ERROR - 2021-08-25 23:45:01 --> 404 Page Not Found: /index
ERROR - 2021-08-25 23:45:01 --> 404 Page Not Found: /index
ERROR - 2021-08-25 23:45:18 --> 404 Page Not Found: /index
ERROR - 2021-08-25 23:45:18 --> 404 Page Not Found: /index
ERROR - 2021-08-25 23:45:18 --> 404 Page Not Found: /index
ERROR - 2021-08-25 23:45:49 --> 404 Page Not Found: /index
ERROR - 2021-08-25 23:45:49 --> 404 Page Not Found: /index
ERROR - 2021-08-25 23:45:49 --> 404 Page Not Found: /index
ERROR - 2021-08-25 23:46:15 --> 404 Page Not Found: /index
ERROR - 2021-08-25 23:46:15 --> 404 Page Not Found: /index
ERROR - 2021-08-25 23:46:15 --> 404 Page Not Found: /index
ERROR - 2021-08-25 23:46:23 --> 404 Page Not Found: /index
ERROR - 2021-08-25 23:46:23 --> 404 Page Not Found: /index
ERROR - 2021-08-25 23:46:23 --> 404 Page Not Found: /index
ERROR - 2021-08-25 23:46:42 --> 404 Page Not Found: /index
ERROR - 2021-08-25 23:46:42 --> 404 Page Not Found: /index
ERROR - 2021-08-25 23:46:42 --> 404 Page Not Found: /index
ERROR - 2021-08-25 23:47:08 --> 404 Page Not Found: /index
ERROR - 2021-08-25 23:47:08 --> 404 Page Not Found: /index
ERROR - 2021-08-25 23:47:08 --> 404 Page Not Found: /index
ERROR - 2021-08-25 23:47:24 --> 404 Page Not Found: /index
ERROR - 2021-08-25 23:47:24 --> 404 Page Not Found: /index
ERROR - 2021-08-25 23:47:24 --> 404 Page Not Found: /index
ERROR - 2021-08-25 23:47:32 --> 404 Page Not Found: /index
ERROR - 2021-08-25 23:47:32 --> 404 Page Not Found: /index
ERROR - 2021-08-25 23:47:32 --> 404 Page Not Found: /index
ERROR - 2021-08-25 23:48:54 --> 404 Page Not Found: /index
ERROR - 2021-08-25 23:48:54 --> 404 Page Not Found: /index
ERROR - 2021-08-25 23:48:54 --> 404 Page Not Found: /index
ERROR - 2021-08-25 23:49:03 --> 404 Page Not Found: /index
ERROR - 2021-08-25 23:49:03 --> 404 Page Not Found: /index
ERROR - 2021-08-25 23:49:03 --> 404 Page Not Found: /index
ERROR - 2021-08-25 23:49:10 --> 404 Page Not Found: /index
ERROR - 2021-08-25 23:49:10 --> 404 Page Not Found: /index
ERROR - 2021-08-25 23:49:10 --> 404 Page Not Found: /index
ERROR - 2021-08-25 23:49:11 --> 404 Page Not Found: /index
ERROR - 2021-08-25 23:49:42 --> 404 Page Not Found: /index
ERROR - 2021-08-25 23:49:42 --> 404 Page Not Found: /index
ERROR - 2021-08-25 23:49:42 --> 404 Page Not Found: /index
ERROR - 2021-08-25 23:49:48 --> 404 Page Not Found: /index
ERROR - 2021-08-25 23:49:48 --> 404 Page Not Found: /index
ERROR - 2021-08-25 23:49:48 --> 404 Page Not Found: /index
ERROR - 2021-08-25 23:49:48 --> 404 Page Not Found: /index
ERROR - 2021-08-25 23:50:22 --> 404 Page Not Found: /index
ERROR - 2021-08-25 23:50:22 --> 404 Page Not Found: /index
ERROR - 2021-08-25 23:50:22 --> 404 Page Not Found: /index
ERROR - 2021-08-25 23:50:22 --> 404 Page Not Found: /index
ERROR - 2021-08-25 23:54:04 --> Severity: Notice --> Undefined variable: photo1 D:\WORK\PHP\KUMYO\www\app\views\adm\product\product_modify.php 100
ERROR - 2021-08-25 23:54:04 --> Severity: Notice --> Undefined variable: photo1 D:\WORK\PHP\KUMYO\www\app\views\adm\product\product_modify.php 105
ERROR - 2021-08-25 23:54:04 --> Severity: Notice --> Undefined variable: photo1 D:\WORK\PHP\KUMYO\www\app\views\adm\product\product_modify.php 100
ERROR - 2021-08-25 23:54:04 --> Severity: Notice --> Undefined variable: photo1 D:\WORK\PHP\KUMYO\www\app\views\adm\product\product_modify.php 105
ERROR - 2021-08-25 23:54:04 --> Severity: Notice --> Undefined variable: photo1 D:\WORK\PHP\KUMYO\www\app\views\adm\product\product_modify.php 100
ERROR - 2021-08-25 23:54:04 --> Severity: Notice --> Undefined variable: photo1 D:\WORK\PHP\KUMYO\www\app\views\adm\product\product_modify.php 105
ERROR - 2021-08-25 23:54:04 --> Severity: Notice --> Undefined variable: photo1 D:\WORK\PHP\KUMYO\www\app\views\adm\product\product_modify.php 100
ERROR - 2021-08-25 23:54:04 --> Severity: Notice --> Undefined variable: photo1 D:\WORK\PHP\KUMYO\www\app\views\adm\product\product_modify.php 105
ERROR - 2021-08-25 23:54:04 --> 404 Page Not Found: /index
ERROR - 2021-08-25 23:54:04 --> 404 Page Not Found: /index
ERROR - 2021-08-25 23:54:04 --> 404 Page Not Found: /index
ERROR - 2021-08-25 23:54:22 --> 404 Page Not Found: /index
ERROR - 2021-08-25 23:54:22 --> 404 Page Not Found: /index
ERROR - 2021-08-25 23:54:22 --> 404 Page Not Found: /index
ERROR - 2021-08-25 23:54:40 --> 404 Page Not Found: /index
ERROR - 2021-08-25 23:54:40 --> 404 Page Not Found: /index
ERROR - 2021-08-25 23:54:40 --> 404 Page Not Found: /index
ERROR - 2021-08-25 23:54:49 --> 404 Page Not Found: /index
ERROR - 2021-08-25 23:54:49 --> 404 Page Not Found: /index
ERROR - 2021-08-25 23:54:49 --> 404 Page Not Found: /index
ERROR - 2021-08-25 23:55:00 --> 404 Page Not Found: /index
ERROR - 2021-08-25 23:55:00 --> 404 Page Not Found: /index
ERROR - 2021-08-25 23:55:00 --> 404 Page Not Found: /index
ERROR - 2021-08-25 23:55:57 --> 404 Page Not Found: /index
ERROR - 2021-08-25 23:55:57 --> 404 Page Not Found: /index
ERROR - 2021-08-25 23:55:57 --> 404 Page Not Found: /index
ERROR - 2021-08-25 23:56:04 --> 404 Page Not Found: /index
ERROR - 2021-08-25 23:56:04 --> 404 Page Not Found: /index
ERROR - 2021-08-25 23:56:04 --> 404 Page Not Found: /index
ERROR - 2021-08-25 23:56:14 --> 404 Page Not Found: /index
ERROR - 2021-08-25 23:56:14 --> 404 Page Not Found: /index
ERROR - 2021-08-25 23:56:14 --> 404 Page Not Found: /index
ERROR - 2021-08-25 23:56:24 --> 404 Page Not Found: /index
ERROR - 2021-08-25 23:56:24 --> 404 Page Not Found: /index
ERROR - 2021-08-25 23:56:24 --> 404 Page Not Found: /index
ERROR - 2021-08-25 23:58:39 --> 404 Page Not Found: /index
ERROR - 2021-08-25 23:58:39 --> 404 Page Not Found: /index
ERROR - 2021-08-25 23:58:39 --> 404 Page Not Found: /index
ERROR - 2021-08-25 23:58:40 --> 404 Page Not Found: /index
ERROR - 2021-08-25 23:59:25 --> 404 Page Not Found: /index
