ERROR - 2023-03-03 11:30:49 --> Severity: Notice --> Undefined index:  D:\WORK\PHP\SWCLEAN\www\app\hooks\common.php 19
ERROR - 2023-03-03 11:30:50 --> 404 Page Not Found: web/Assets/js
ERROR - 2023-03-03 11:30:50 --> 404 Page Not Found: web/Img/main
ERROR - 2023-03-03 11:30:50 --> 404 Page Not Found: web/Img/main
ERROR - 2023-03-03 11:30:50 --> 404 Page Not Found: web/Img/main
ERROR - 2023-03-03 11:30:50 --> 404 Page Not Found: web/Img/main
ERROR - 2023-03-03 11:30:50 --> 404 Page Not Found: web/Img/main
ERROR - 2023-03-03 11:30:50 --> 404 Page Not Found: web/Img/main
ERROR - 2023-03-03 11:30:50 --> 404 Page Not Found: web/Img/main
ERROR - 2023-03-03 11:30:50 --> 404 Page Not Found: web/Img/team
ERROR - 2023-03-03 11:30:50 --> 404 Page Not Found: web/Img/demos
ERROR - 2023-03-03 11:30:50 --> 404 Page Not Found: /index
ERROR - 2023-03-03 11:30:50 --> 404 Page Not Found: web/Img/demos
ERROR - 2023-03-03 11:30:50 --> 404 Page Not Found: web/Img/demos
ERROR - 2023-03-03 11:30:50 --> 404 Page Not Found: web/Img/demos
ERROR - 2023-03-03 11:30:50 --> 404 Page Not Found: web/Movie/main_01.mp4
ERROR - 2023-03-03 11:30:50 --> 404 Page Not Found: web/Movie/main_02.mp4
ERROR - 2023-03-03 11:30:50 --> 404 Page Not Found: web/Movie/main_03.mp4
ERROR - 2023-03-03 11:30:50 --> 404 Page Not Found: web/Movie/1_ai.mp4
ERROR - 2023-03-03 11:30:50 --> 404 Page Not Found: /index
ERROR - 2023-03-03 11:30:50 --> 404 Page Not Found: /index
ERROR - 2023-03-03 11:30:50 --> 404 Page Not Found: /index
ERROR - 2023-03-03 11:30:50 --> 404 Page Not Found: /index
ERROR - 2023-03-03 11:30:56 --> 404 Page Not Found: web/Img/demos
ERROR - 2023-03-03 11:30:56 --> 404 Page Not Found: web/Img/demos
ERROR - 2023-03-03 11:30:56 --> 404 Page Not Found: web/Img/demos
ERROR - 2023-03-03 11:30:56 --> 404 Page Not Found: web/Img/demos
ERROR - 2023-03-03 11:30:56 --> 404 Page Not Found: web/Img/demos
ERROR - 2023-03-03 11:30:56 --> 404 Page Not Found: web/Assets/js
ERROR - 2023-03-03 11:30:56 --> 404 Page Not Found: web/Img/demos
ERROR - 2023-03-03 11:30:56 --> 404 Page Not Found: web/Img/demos
ERROR - 2023-03-03 11:30:56 --> 404 Page Not Found: web/Img/demos
ERROR - 2023-03-03 11:30:56 --> 404 Page Not Found: web/Img/demos
ERROR - 2023-03-03 11:30:56 --> 404 Page Not Found: web/Img/demos
ERROR - 2023-03-03 11:30:56 --> 404 Page Not Found: web/Img/demos
ERROR - 2023-03-03 11:30:56 --> 404 Page Not Found: web/Img/demos
ERROR - 2023-03-03 11:30:56 --> 404 Page Not Found: web/Img/demos
ERROR - 2023-03-03 11:33:28 --> 404 Page Not Found: web/Img/demos
ERROR - 2023-03-03 11:33:28 --> 404 Page Not Found: web/Img/demos
ERROR - 2023-03-03 11:33:28 --> 404 Page Not Found: web/Img/demos
ERROR - 2023-03-03 11:34:40 --> 404 Page Not Found: web/Img/demos
ERROR - 2023-03-03 11:34:40 --> 404 Page Not Found: web/Assets/js
ERROR - 2023-03-03 11:34:40 --> 404 Page Not Found: web/Img/demos
ERROR - 2023-03-03 11:34:40 --> 404 Page Not Found: web/Img/demos
ERROR - 2023-03-03 11:34:40 --> 404 Page Not Found: web/Img/demos
ERROR - 2023-03-03 11:34:40 --> 404 Page Not Found: web/Img/demos
ERROR - 2023-03-03 11:34:40 --> 404 Page Not Found: web/Img/demos
ERROR - 2023-03-03 11:34:40 --> 404 Page Not Found: web/Img/demos
ERROR - 2023-03-03 11:34:40 --> 404 Page Not Found: web/Img/demos
ERROR - 2023-03-03 11:34:40 --> 404 Page Not Found: web/Img/demos
ERROR - 2023-03-03 11:34:40 --> 404 Page Not Found: web/Img/demos
ERROR - 2023-03-03 11:34:40 --> 404 Page Not Found: web/Img/demos
ERROR - 2023-03-03 11:34:41 --> 404 Page Not Found: web/Img/demos
ERROR - 2023-03-03 11:34:41 --> 404 Page Not Found: web/Img/demos
ERROR - 2023-03-03 11:35:54 --> 404 Page Not Found: web/Img/demos
ERROR - 2023-03-03 11:35:55 --> 404 Page Not Found: web/Img/demos
ERROR - 2023-03-03 11:35:55 --> 404 Page Not Found: web/Img/demos
ERROR - 2023-03-03 11:45:33 --> 404 Page Not Found: web/Img/demos
ERROR - 2023-03-03 11:45:33 --> 404 Page Not Found: web/Img/demos
ERROR - 2023-03-03 11:45:33 --> 404 Page Not Found: web/Assets/js
ERROR - 2023-03-03 11:45:33 --> 404 Page Not Found: web/Img/demos
ERROR - 2023-03-03 11:45:33 --> 404 Page Not Found: web/Img/demos
ERROR - 2023-03-03 11:45:33 --> 404 Page Not Found: web/Img/demos
ERROR - 2023-03-03 11:45:33 --> 404 Page Not Found: web/Img/demos
ERROR - 2023-03-03 11:45:33 --> 404 Page Not Found: web/Img/demos
ERROR - 2023-03-03 11:45:33 --> 404 Page Not Found: web/Img/demos
ERROR - 2023-03-03 11:45:33 --> 404 Page Not Found: web/Img/demos
ERROR - 2023-03-03 11:45:33 --> 404 Page Not Found: web/Img/demos
ERROR - 2023-03-03 11:45:33 --> 404 Page Not Found: web/Img/demos
ERROR - 2023-03-03 11:45:33 --> 404 Page Not Found: web/Img/demos
ERROR - 2023-03-03 11:45:33 --> 404 Page Not Found: web/Img/demos
ERROR - 2023-03-03 11:46:08 --> 404 Page Not Found: web/Assets/js
ERROR - 2023-03-03 11:46:08 --> 404 Page Not Found: web/Img/demos
ERROR - 2023-03-03 11:46:08 --> 404 Page Not Found: web/Img/demos
ERROR - 2023-03-03 11:46:08 --> 404 Page Not Found: web/Img/demos
ERROR - 2023-03-03 11:46:08 --> 404 Page Not Found: web/Img/demos
ERROR - 2023-03-03 11:46:08 --> 404 Page Not Found: web/Img/demos
ERROR - 2023-03-03 11:46:08 --> 404 Page Not Found: web/Img/demos
ERROR - 2023-03-03 11:46:08 --> 404 Page Not Found: web/Img/demos
ERROR - 2023-03-03 11:46:08 --> 404 Page Not Found: web/Img/demos
ERROR - 2023-03-03 11:46:08 --> 404 Page Not Found: web/Img/demos
ERROR - 2023-03-03 11:46:08 --> 404 Page Not Found: web/Img/demos
ERROR - 2023-03-03 11:46:08 --> 404 Page Not Found: web/Img/demos
ERROR - 2023-03-03 11:46:08 --> 404 Page Not Found: web/Img/demos
ERROR - 2023-03-03 11:46:08 --> 404 Page Not Found: web/Img/demos
ERROR - 2023-03-03 11:46:08 --> 404 Page Not Found: /index
ERROR - 2023-03-03 11:47:07 --> 404 Page Not Found: web/Assets/js
ERROR - 2023-03-03 11:47:07 --> 404 Page Not Found: web/Img/demos
ERROR - 2023-03-03 11:47:07 --> 404 Page Not Found: web/Img/demos
ERROR - 2023-03-03 11:47:07 --> 404 Page Not Found: web/Img/demos
ERROR - 2023-03-03 11:47:07 --> 404 Page Not Found: web/Img/demos
ERROR - 2023-03-03 11:47:07 --> 404 Page Not Found: web/Img/demos
ERROR - 2023-03-03 11:47:07 --> 404 Page Not Found: web/Img/demos
ERROR - 2023-03-03 11:47:07 --> 404 Page Not Found: web/Img/demos
ERROR - 2023-03-03 11:47:07 --> 404 Page Not Found: web/Img/demos
ERROR - 2023-03-03 11:47:07 --> 404 Page Not Found: web/Img/demos
ERROR - 2023-03-03 11:47:07 --> 404 Page Not Found: web/Img/demos
ERROR - 2023-03-03 11:47:07 --> 404 Page Not Found: web/Img/demos
ERROR - 2023-03-03 11:47:07 --> 404 Page Not Found: web/Img/demos
ERROR - 2023-03-03 11:47:07 --> 404 Page Not Found: web/Img/demos
ERROR - 2023-03-03 11:47:07 --> 404 Page Not Found: /index
ERROR - 2023-03-03 11:48:33 --> 404 Page Not Found: web/Assets/js
ERROR - 2023-03-03 11:48:33 --> 404 Page Not Found: web/Img/demos
ERROR - 2023-03-03 11:48:33 --> 404 Page Not Found: web/Img/demos
ERROR - 2023-03-03 11:48:33 --> 404 Page Not Found: web/Img/demos
ERROR - 2023-03-03 11:48:33 --> 404 Page Not Found: web/Img/demos
ERROR - 2023-03-03 11:48:33 --> 404 Page Not Found: web/Img/demos
ERROR - 2023-03-03 11:48:33 --> 404 Page Not Found: web/Img/demos
ERROR - 2023-03-03 11:48:33 --> 404 Page Not Found: web/Img/demos
ERROR - 2023-03-03 11:48:33 --> 404 Page Not Found: web/Img/demos
ERROR - 2023-03-03 11:48:33 --> 404 Page Not Found: web/Img/demos
ERROR - 2023-03-03 11:48:33 --> 404 Page Not Found: web/Img/demos
ERROR - 2023-03-03 11:48:33 --> 404 Page Not Found: web/Img/demos
ERROR - 2023-03-03 11:48:33 --> 404 Page Not Found: web/Img/demos
ERROR - 2023-03-03 11:48:33 --> 404 Page Not Found: web/Img/demos
ERROR - 2023-03-03 11:49:17 --> 404 Page Not Found: web/Img/demos
ERROR - 2023-03-03 11:49:17 --> 404 Page Not Found: web/Assets/js
ERROR - 2023-03-03 11:49:17 --> 404 Page Not Found: web/Img/demos
ERROR - 2023-03-03 11:49:17 --> 404 Page Not Found: web/Img/demos
ERROR - 2023-03-03 11:49:17 --> 404 Page Not Found: web/Img/demos
ERROR - 2023-03-03 11:49:17 --> 404 Page Not Found: web/Img/demos
ERROR - 2023-03-03 11:49:17 --> 404 Page Not Found: web/Img/demos
ERROR - 2023-03-03 11:49:17 --> 404 Page Not Found: web/Img/demos
ERROR - 2023-03-03 11:49:17 --> 404 Page Not Found: web/Img/demos
ERROR - 2023-03-03 11:49:17 --> 404 Page Not Found: web/Img/demos
ERROR - 2023-03-03 11:49:17 --> 404 Page Not Found: web/Img/demos
ERROR - 2023-03-03 11:49:17 --> 404 Page Not Found: web/Img/demos
ERROR - 2023-03-03 11:49:17 --> 404 Page Not Found: web/Img/demos
ERROR - 2023-03-03 11:49:17 --> 404 Page Not Found: web/Img/demos
ERROR - 2023-03-03 11:49:23 --> 404 Page Not Found: web/Assets/js
ERROR - 2023-03-03 11:49:23 --> 404 Page Not Found: web/Img/demos
ERROR - 2023-03-03 11:49:23 --> 404 Page Not Found: web/Img/demos
ERROR - 2023-03-03 11:49:23 --> 404 Page Not Found: web/Img/demos
ERROR - 2023-03-03 11:49:23 --> 404 Page Not Found: web/Img/demos
ERROR - 2023-03-03 11:49:23 --> 404 Page Not Found: web/Img/demos
ERROR - 2023-03-03 11:49:23 --> 404 Page Not Found: web/Img/demos
ERROR - 2023-03-03 11:49:23 --> 404 Page Not Found: web/Img/demos
ERROR - 2023-03-03 11:49:23 --> 404 Page Not Found: web/Img/demos
ERROR - 2023-03-03 11:49:23 --> 404 Page Not Found: web/Img/demos
ERROR - 2023-03-03 11:49:23 --> 404 Page Not Found: web/Img/demos
ERROR - 2023-03-03 11:49:23 --> 404 Page Not Found: web/Img/demos
ERROR - 2023-03-03 11:49:23 --> 404 Page Not Found: web/Img/demos
ERROR - 2023-03-03 11:49:24 --> 404 Page Not Found: web/Img/demos
ERROR - 2023-03-03 11:49:24 --> 404 Page Not Found: /index
ERROR - 2023-03-03 11:49:48 --> 404 Page Not Found: web/Assets/js
ERROR - 2023-03-03 11:49:48 --> 404 Page Not Found: web/Img/demos
ERROR - 2023-03-03 11:49:48 --> 404 Page Not Found: web/Img/demos
ERROR - 2023-03-03 11:49:48 --> 404 Page Not Found: web/Img/demos
ERROR - 2023-03-03 11:49:48 --> 404 Page Not Found: web/Img/demos
ERROR - 2023-03-03 11:49:48 --> 404 Page Not Found: web/Img/demos
ERROR - 2023-03-03 11:49:48 --> 404 Page Not Found: web/Img/demos
ERROR - 2023-03-03 11:49:48 --> 404 Page Not Found: web/Img/demos
ERROR - 2023-03-03 11:49:48 --> 404 Page Not Found: web/Img/demos
ERROR - 2023-03-03 11:49:48 --> 404 Page Not Found: web/Img/demos
ERROR - 2023-03-03 11:49:48 --> 404 Page Not Found: web/Img/demos
ERROR - 2023-03-03 11:49:48 --> 404 Page Not Found: web/Img/demos
ERROR - 2023-03-03 11:49:48 --> 404 Page Not Found: web/Img/demos
ERROR - 2023-03-03 11:49:48 --> 404 Page Not Found: web/Img/demos
ERROR - 2023-03-03 11:49:48 --> 404 Page Not Found: /index
ERROR - 2023-03-03 11:50:02 --> 404 Page Not Found: web/Assets/js
ERROR - 2023-03-03 11:50:02 --> 404 Page Not Found: web/Img/demos
ERROR - 2023-03-03 11:50:02 --> 404 Page Not Found: web/Img/demos
ERROR - 2023-03-03 11:50:02 --> 404 Page Not Found: web/Img/demos
ERROR - 2023-03-03 11:50:02 --> 404 Page Not Found: web/Img/demos
ERROR - 2023-03-03 11:50:02 --> 404 Page Not Found: web/Img/demos
ERROR - 2023-03-03 11:50:02 --> 404 Page Not Found: web/Img/demos
ERROR - 2023-03-03 11:50:02 --> 404 Page Not Found: web/Img/demos
ERROR - 2023-03-03 11:50:02 --> 404 Page Not Found: web/Img/demos
ERROR - 2023-03-03 11:50:02 --> 404 Page Not Found: web/Img/demos
ERROR - 2023-03-03 11:50:02 --> 404 Page Not Found: web/Img/demos
ERROR - 2023-03-03 11:50:02 --> 404 Page Not Found: web/Img/demos
ERROR - 2023-03-03 11:50:02 --> 404 Page Not Found: web/Img/demos
ERROR - 2023-03-03 11:50:02 --> 404 Page Not Found: web/Img/demos
ERROR - 2023-03-03 11:50:02 --> 404 Page Not Found: /index
ERROR - 2023-03-03 11:50:09 --> 404 Page Not Found: web/Assets/js
ERROR - 2023-03-03 11:50:10 --> 404 Page Not Found: web/Img/demos
ERROR - 2023-03-03 11:50:10 --> 404 Page Not Found: web/Img/demos
ERROR - 2023-03-03 11:50:10 --> 404 Page Not Found: web/Img/demos
ERROR - 2023-03-03 11:50:10 --> 404 Page Not Found: web/Img/demos
ERROR - 2023-03-03 11:50:10 --> 404 Page Not Found: web/Img/demos
ERROR - 2023-03-03 11:50:10 --> 404 Page Not Found: web/Img/demos
ERROR - 2023-03-03 11:50:10 --> 404 Page Not Found: web/Img/demos
ERROR - 2023-03-03 11:50:10 --> 404 Page Not Found: web/Img/demos
ERROR - 2023-03-03 11:50:10 --> 404 Page Not Found: web/Img/demos
ERROR - 2023-03-03 11:50:10 --> 404 Page Not Found: web/Img/demos
ERROR - 2023-03-03 11:50:10 --> 404 Page Not Found: web/Img/demos
ERROR - 2023-03-03 11:50:10 --> 404 Page Not Found: web/Img/demos
ERROR - 2023-03-03 11:50:10 --> 404 Page Not Found: web/Img/demos
ERROR - 2023-03-03 11:50:10 --> 404 Page Not Found: /index
ERROR - 2023-03-03 11:50:43 --> 404 Page Not Found: web/Img/demos
ERROR - 2023-03-03 11:50:43 --> 404 Page Not Found: web/Img/demos
ERROR - 2023-03-03 11:50:43 --> 404 Page Not Found: web/Assets/js
ERROR - 2023-03-03 11:50:44 --> 404 Page Not Found: web/Img/demos
ERROR - 2023-03-03 11:50:44 --> 404 Page Not Found: web/Img/demos
ERROR - 2023-03-03 11:50:44 --> 404 Page Not Found: web/Img/demos
ERROR - 2023-03-03 11:50:44 --> 404 Page Not Found: web/Img/demos
ERROR - 2023-03-03 11:50:44 --> 404 Page Not Found: web/Img/demos
ERROR - 2023-03-03 11:50:44 --> 404 Page Not Found: web/Img/demos
ERROR - 2023-03-03 11:50:44 --> 404 Page Not Found: web/Img/demos
ERROR - 2023-03-03 11:50:44 --> 404 Page Not Found: web/Img/demos
ERROR - 2023-03-03 11:50:44 --> 404 Page Not Found: web/Img/demos
ERROR - 2023-03-03 11:50:44 --> 404 Page Not Found: web/Img/demos
ERROR - 2023-03-03 11:50:44 --> 404 Page Not Found: web/Img/demos
ERROR - 2023-03-03 11:51:29 --> 404 Page Not Found: web/Img/demos
ERROR - 2023-03-03 11:51:29 --> 404 Page Not Found: web/Img/demos
ERROR - 2023-03-03 11:51:29 --> 404 Page Not Found: web/Img/demos
ERROR - 2023-03-03 11:51:33 --> 404 Page Not Found: web/Assets/js
ERROR - 2023-03-03 11:51:33 --> 404 Page Not Found: web/Img/demos
ERROR - 2023-03-03 11:51:33 --> 404 Page Not Found: web/Img/demos
ERROR - 2023-03-03 11:51:33 --> 404 Page Not Found: web/Img/demos
ERROR - 2023-03-03 11:51:33 --> 404 Page Not Found: web/Img/demos
ERROR - 2023-03-03 11:51:33 --> 404 Page Not Found: web/Img/demos
ERROR - 2023-03-03 11:51:33 --> 404 Page Not Found: web/Img/demos
ERROR - 2023-03-03 11:51:33 --> 404 Page Not Found: web/Img/demos
ERROR - 2023-03-03 11:51:33 --> 404 Page Not Found: web/Img/demos
ERROR - 2023-03-03 11:51:33 --> 404 Page Not Found: web/Img/demos
ERROR - 2023-03-03 11:51:33 --> 404 Page Not Found: web/Img/demos
ERROR - 2023-03-03 11:51:33 --> 404 Page Not Found: web/Img/demos
ERROR - 2023-03-03 11:51:33 --> 404 Page Not Found: web/Img/demos
ERROR - 2023-03-03 11:51:34 --> 404 Page Not Found: web/Img/demos
ERROR - 2023-03-03 11:51:34 --> 404 Page Not Found: /index
