ERROR - 2021-08-27 18:50:39 --> 404 Page Not Found: /index
ERROR - 2021-08-27 19:21:13 --> 404 Page Not Found: /index
ERROR - 2021-08-27 19:21:27 --> Severity: Warning --> array_push() expects parameter 1 to be array, null given D:\WORK\PHP\KUMYO\www\app\controllers\adm\Product.php 613
ERROR - 2021-08-27 19:21:27 --> Severity: Warning --> array_push() expects parameter 1 to be array, null given D:\WORK\PHP\KUMYO\www\app\controllers\adm\Product.php 614
ERROR - 2021-08-27 19:21:27 --> Severity: Warning --> array_push() expects parameter 1 to be array, null given D:\WORK\PHP\KUMYO\www\app\controllers\adm\Product.php 615
ERROR - 2021-08-27 19:21:27 --> Severity: Warning --> join(): Invalid arguments passed D:\WORK\PHP\KUMYO\www\app\controllers\adm\Product.php 617
ERROR - 2021-08-27 19:21:27 --> Severity: Warning --> explode(): Empty delimiter D:\WORK\PHP\KUMYO\www\app\controllers\adm\Product.php 620
ERROR - 2021-08-27 19:21:27 --> Severity: Warning --> count(): Parameter must be an array or an object that implements Countable D:\WORK\PHP\KUMYO\www\app\controllers\adm\Product.php 621
ERROR - 2021-08-27 19:21:27 --> Severity: Warning --> count(): Parameter must be an array or an object that implements Countable D:\WORK\PHP\KUMYO\www\app\controllers\adm\Product.php 622
ERROR - 2021-08-27 19:21:27 --> Severity: Warning --> count(): Parameter must be an array or an object that implements Countable D:\WORK\PHP\KUMYO\www\app\controllers\adm\Product.php 622
ERROR - 2021-08-27 19:21:33 --> 404 Page Not Found: /index
ERROR - 2021-08-27 19:21:33 --> 404 Page Not Found: /index
ERROR - 2021-08-27 19:22:05 --> 404 Page Not Found: /index
ERROR - 2021-08-27 19:22:05 --> 404 Page Not Found: /index
ERROR - 2021-08-27 19:22:05 --> 404 Page Not Found: /index
ERROR - 2021-08-27 19:47:47 --> 404 Page Not Found: /index
ERROR - 2021-08-27 19:47:47 --> 404 Page Not Found: /index
ERROR - 2021-08-27 19:47:47 --> 404 Page Not Found: /index
ERROR - 2021-08-27 19:47:47 --> 404 Page Not Found: /index
ERROR - 2021-08-27 19:47:57 --> Severity: Warning --> array_push() expects parameter 1 to be array, null given D:\WORK\PHP\KUMYO\www\app\controllers\adm\Product.php 613
ERROR - 2021-08-27 19:47:57 --> Severity: Warning --> array_push() expects parameter 1 to be array, null given D:\WORK\PHP\KUMYO\www\app\controllers\adm\Product.php 614
ERROR - 2021-08-27 19:47:57 --> Severity: Warning --> array_push() expects parameter 1 to be array, null given D:\WORK\PHP\KUMYO\www\app\controllers\adm\Product.php 615
ERROR - 2021-08-27 19:47:57 --> Severity: Warning --> join(): Invalid arguments passed D:\WORK\PHP\KUMYO\www\app\controllers\adm\Product.php 617
ERROR - 2021-08-27 19:47:57 --> Severity: Warning --> explode(): Empty delimiter D:\WORK\PHP\KUMYO\www\app\controllers\adm\Product.php 620
ERROR - 2021-08-27 19:47:57 --> Severity: Warning --> count(): Parameter must be an array or an object that implements Countable D:\WORK\PHP\KUMYO\www\app\controllers\adm\Product.php 621
ERROR - 2021-08-27 19:47:57 --> Severity: Warning --> count(): Parameter must be an array or an object that implements Countable D:\WORK\PHP\KUMYO\www\app\controllers\adm\Product.php 622
ERROR - 2021-08-27 19:47:57 --> Severity: Warning --> count(): Parameter must be an array or an object that implements Countable D:\WORK\PHP\KUMYO\www\app\controllers\adm\Product.php 622
ERROR - 2021-08-27 20:03:08 --> Severity: Warning --> array_push() expects parameter 1 to be array, null given D:\WORK\PHP\KUMYO\www\app\controllers\adm\Product.php 616
ERROR - 2021-08-27 20:03:08 --> Severity: Warning --> array_push() expects parameter 1 to be array, null given D:\WORK\PHP\KUMYO\www\app\controllers\adm\Product.php 617
ERROR - 2021-08-27 20:03:08 --> Severity: Warning --> array_push() expects parameter 1 to be array, null given D:\WORK\PHP\KUMYO\www\app\controllers\adm\Product.php 618
ERROR - 2021-08-27 20:03:08 --> Severity: Warning --> join(): Invalid arguments passed D:\WORK\PHP\KUMYO\www\app\controllers\adm\Product.php 620
ERROR - 2021-08-27 20:03:08 --> Severity: Warning --> explode(): Empty delimiter D:\WORK\PHP\KUMYO\www\app\controllers\adm\Product.php 623
ERROR - 2021-08-27 20:03:08 --> Severity: Warning --> count(): Parameter must be an array or an object that implements Countable D:\WORK\PHP\KUMYO\www\app\controllers\adm\Product.php 624
ERROR - 2021-08-27 20:03:08 --> Severity: Warning --> count(): Parameter must be an array or an object that implements Countable D:\WORK\PHP\KUMYO\www\app\controllers\adm\Product.php 625
ERROR - 2021-08-27 20:03:08 --> Severity: Warning --> count(): Parameter must be an array or an object that implements Countable D:\WORK\PHP\KUMYO\www\app\controllers\adm\Product.php 625
ERROR - 2021-08-27 20:03:59 --> Severity: Warning --> explode(): Empty delimiter D:\WORK\PHP\KUMYO\www\app\controllers\adm\Product.php 624
ERROR - 2021-08-27 20:03:59 --> Severity: Warning --> count(): Parameter must be an array or an object that implements Countable D:\WORK\PHP\KUMYO\www\app\controllers\adm\Product.php 625
ERROR - 2021-08-27 20:03:59 --> Severity: Warning --> count(): Parameter must be an array or an object that implements Countable D:\WORK\PHP\KUMYO\www\app\controllers\adm\Product.php 626
ERROR - 2021-08-27 20:03:59 --> Severity: Warning --> count(): Parameter must be an array or an object that implements Countable D:\WORK\PHP\KUMYO\www\app\controllers\adm\Product.php 626
ERROR - 2021-08-27 20:04:39 --> Severity: Warning --> explode(): Empty delimiter D:\WORK\PHP\KUMYO\www\app\controllers\adm\Product.php 625
ERROR - 2021-08-27 20:04:39 --> Severity: Warning --> count(): Parameter must be an array or an object that implements Countable D:\WORK\PHP\KUMYO\www\app\controllers\adm\Product.php 626
ERROR - 2021-08-27 20:04:39 --> Severity: Warning --> count(): Parameter must be an array or an object that implements Countable D:\WORK\PHP\KUMYO\www\app\controllers\adm\Product.php 627
ERROR - 2021-08-27 20:04:39 --> Severity: Warning --> count(): Parameter must be an array or an object that implements Countable D:\WORK\PHP\KUMYO\www\app\controllers\adm\Product.php 627
ERROR - 2021-08-27 20:05:22 --> 404 Page Not Found: /index
ERROR - 2021-08-27 20:05:22 --> 404 Page Not Found: /index
ERROR - 2021-08-27 20:05:22 --> 404 Page Not Found: /index
ERROR - 2021-08-27 20:05:40 --> 404 Page Not Found: /index
ERROR - 2021-08-27 20:05:40 --> 404 Page Not Found: /index
ERROR - 2021-08-27 20:05:40 --> 404 Page Not Found: /index
ERROR - 2021-08-27 20:27:39 --> 404 Page Not Found: /index
ERROR - 2021-08-27 20:27:39 --> 404 Page Not Found: /index
ERROR - 2021-08-27 20:27:39 --> 404 Page Not Found: /index
ERROR - 2021-08-27 20:29:37 --> 404 Page Not Found: /index
ERROR - 2021-08-27 20:29:37 --> 404 Page Not Found: /index
ERROR - 2021-08-27 20:29:37 --> 404 Page Not Found: /index
ERROR - 2021-08-27 20:29:59 --> 404 Page Not Found: /index
ERROR - 2021-08-27 20:29:59 --> 404 Page Not Found: /index
ERROR - 2021-08-27 20:29:59 --> 404 Page Not Found: /index
ERROR - 2021-08-27 20:30:00 --> 404 Page Not Found: /index
ERROR - 2021-08-27 20:30:22 --> 404 Page Not Found: /index
ERROR - 2021-08-27 20:30:22 --> 404 Page Not Found: /index
ERROR - 2021-08-27 20:30:22 --> 404 Page Not Found: /index
ERROR - 2021-08-27 20:30:30 --> 404 Page Not Found: /index
ERROR - 2021-08-27 20:30:30 --> 404 Page Not Found: /index
ERROR - 2021-08-27 20:30:30 --> 404 Page Not Found: /index
ERROR - 2021-08-27 20:31:10 --> 404 Page Not Found: /index
ERROR - 2021-08-27 20:31:10 --> 404 Page Not Found: /index
ERROR - 2021-08-27 20:31:10 --> 404 Page Not Found: /index
ERROR - 2021-08-27 20:31:11 --> 404 Page Not Found: /index
ERROR - 2021-08-27 20:31:14 --> Severity: Notice --> Undefined variable: category_2 D:\WORK\PHP\KUMYO\www\app\controllers\adm\Product.php 599
ERROR - 2021-08-27 20:33:00 --> 404 Page Not Found: /index
ERROR - 2021-08-27 20:33:00 --> 404 Page Not Found: /index
ERROR - 2021-08-27 20:33:00 --> 404 Page Not Found: /index
ERROR - 2021-08-27 20:33:00 --> 404 Page Not Found: /index
ERROR - 2021-08-27 20:33:13 --> 404 Page Not Found: /index
ERROR - 2021-08-27 20:33:14 --> 404 Page Not Found: /index
ERROR - 2021-08-27 20:33:14 --> 404 Page Not Found: /index
ERROR - 2021-08-27 20:33:14 --> 404 Page Not Found: /index
ERROR - 2021-08-27 20:33:27 --> 404 Page Not Found: /index
ERROR - 2021-08-27 20:33:27 --> 404 Page Not Found: /index
ERROR - 2021-08-27 20:33:27 --> 404 Page Not Found: /index
ERROR - 2021-08-27 20:33:27 --> 404 Page Not Found: /index
ERROR - 2021-08-27 20:33:32 --> 404 Page Not Found: /index
ERROR - 2021-08-27 20:33:32 --> 404 Page Not Found: /index
ERROR - 2021-08-27 20:33:32 --> 404 Page Not Found: /index
ERROR - 2021-08-27 20:33:33 --> 404 Page Not Found: /index
ERROR - 2021-08-27 20:33:52 --> 404 Page Not Found: /index
ERROR - 2021-08-27 20:33:52 --> 404 Page Not Found: /index
ERROR - 2021-08-27 20:33:52 --> 404 Page Not Found: /index
ERROR - 2021-08-27 20:34:02 --> 404 Page Not Found: /index
ERROR - 2021-08-27 20:34:02 --> 404 Page Not Found: /index
ERROR - 2021-08-27 20:34:02 --> 404 Page Not Found: /index
ERROR - 2021-08-27 20:34:03 --> 404 Page Not Found: /index
ERROR - 2021-08-27 20:34:08 --> 404 Page Not Found: /index
ERROR - 2021-08-27 20:34:08 --> 404 Page Not Found: /index
ERROR - 2021-08-27 20:34:08 --> 404 Page Not Found: /index
ERROR - 2021-08-27 20:34:08 --> 404 Page Not Found: /index
ERROR - 2021-08-27 20:34:24 --> 404 Page Not Found: /index
ERROR - 2021-08-27 20:34:24 --> 404 Page Not Found: /index
ERROR - 2021-08-27 20:34:24 --> 404 Page Not Found: /index
ERROR - 2021-08-27 20:34:25 --> 404 Page Not Found: /index
ERROR - 2021-08-27 20:34:43 --> 404 Page Not Found: /index
ERROR - 2021-08-27 20:34:43 --> 404 Page Not Found: /index
ERROR - 2021-08-27 20:34:43 --> 404 Page Not Found: /index
ERROR - 2021-08-27 20:34:44 --> 404 Page Not Found: /index
ERROR - 2021-08-27 20:35:07 --> 404 Page Not Found: /index
ERROR - 2021-08-27 20:35:07 --> 404 Page Not Found: /index
ERROR - 2021-08-27 20:35:07 --> 404 Page Not Found: /index
ERROR - 2021-08-27 20:35:08 --> 404 Page Not Found: /index
ERROR - 2021-08-27 20:35:27 --> 404 Page Not Found: /index
ERROR - 2021-08-27 20:35:27 --> 404 Page Not Found: /index
ERROR - 2021-08-27 20:35:27 --> 404 Page Not Found: /index
ERROR - 2021-08-27 20:35:28 --> 404 Page Not Found: /index
ERROR - 2021-08-27 20:35:31 --> Severity: Notice --> Undefined variable: category_2 D:\WORK\PHP\KUMYO\www\app\controllers\adm\Product.php 599
ERROR - 2021-08-27 20:35:54 --> 404 Page Not Found: /index
ERROR - 2021-08-27 20:35:54 --> 404 Page Not Found: /index
ERROR - 2021-08-27 20:35:54 --> 404 Page Not Found: /index
ERROR - 2021-08-27 20:35:55 --> 404 Page Not Found: /index
ERROR - 2021-08-27 20:36:27 --> 404 Page Not Found: /index
ERROR - 2021-08-27 20:36:27 --> 404 Page Not Found: /index
ERROR - 2021-08-27 20:36:27 --> 404 Page Not Found: /index
ERROR - 2021-08-27 20:36:28 --> 404 Page Not Found: /index
ERROR - 2021-08-27 20:36:42 --> 404 Page Not Found: /index
ERROR - 2021-08-27 20:36:42 --> 404 Page Not Found: /index
ERROR - 2021-08-27 20:36:42 --> 404 Page Not Found: /index
ERROR - 2021-08-27 20:36:43 --> 404 Page Not Found: /index
ERROR - 2021-08-27 20:36:55 --> 404 Page Not Found: /index
ERROR - 2021-08-27 20:36:55 --> 404 Page Not Found: /index
ERROR - 2021-08-27 20:36:55 --> 404 Page Not Found: /index
ERROR - 2021-08-27 20:36:56 --> 404 Page Not Found: /index
ERROR - 2021-08-27 20:37:12 --> 404 Page Not Found: /index
ERROR - 2021-08-27 20:37:12 --> 404 Page Not Found: /index
ERROR - 2021-08-27 20:37:12 --> 404 Page Not Found: /index
ERROR - 2021-08-27 20:37:13 --> 404 Page Not Found: /index
ERROR - 2021-08-27 20:37:39 --> 404 Page Not Found: /index
ERROR - 2021-08-27 20:37:39 --> 404 Page Not Found: /index
ERROR - 2021-08-27 20:37:39 --> 404 Page Not Found: /index
ERROR - 2021-08-27 20:37:48 --> 404 Page Not Found: /index
ERROR - 2021-08-27 20:37:48 --> 404 Page Not Found: /index
ERROR - 2021-08-27 20:37:48 --> 404 Page Not Found: /index
ERROR - 2021-08-27 20:37:48 --> 404 Page Not Found: /index
ERROR - 2021-08-27 20:38:04 --> 404 Page Not Found: /index
ERROR - 2021-08-27 20:38:04 --> 404 Page Not Found: /index
ERROR - 2021-08-27 20:38:04 --> 404 Page Not Found: /index
ERROR - 2021-08-27 20:38:04 --> 404 Page Not Found: /index
ERROR - 2021-08-27 20:38:51 --> 404 Page Not Found: /index
ERROR - 2021-08-27 20:38:51 --> 404 Page Not Found: /index
ERROR - 2021-08-27 20:38:51 --> 404 Page Not Found: /index
ERROR - 2021-08-27 20:38:51 --> 404 Page Not Found: /index
ERROR - 2021-08-27 20:38:58 --> 404 Page Not Found: /index
ERROR - 2021-08-27 20:38:58 --> 404 Page Not Found: /index
ERROR - 2021-08-27 20:38:58 --> 404 Page Not Found: /index
ERROR - 2021-08-27 20:41:55 --> 404 Page Not Found: /index
ERROR - 2021-08-27 20:41:55 --> 404 Page Not Found: /index
ERROR - 2021-08-27 20:41:55 --> 404 Page Not Found: /index
ERROR - 2021-08-27 20:41:56 --> 404 Page Not Found: /index
ERROR - 2021-08-27 20:42:07 --> 404 Page Not Found: /index
ERROR - 2021-08-27 20:42:07 --> 404 Page Not Found: /index
ERROR - 2021-08-27 20:42:07 --> 404 Page Not Found: /index
ERROR - 2021-08-27 20:42:08 --> 404 Page Not Found: /index
ERROR - 2021-08-27 20:42:14 --> Severity: Warning --> array_push() expects parameter 1 to be array, null given D:\WORK\PHP\KUMYO\www\app\controllers\adm\Product.php 633
ERROR - 2021-08-27 20:42:14 --> Severity: Warning --> join(): Invalid arguments passed D:\WORK\PHP\KUMYO\www\app\controllers\adm\Product.php 685
ERROR - 2021-08-27 20:42:53 --> 404 Page Not Found: /index
ERROR - 2021-08-27 20:42:53 --> 404 Page Not Found: /index
ERROR - 2021-08-27 20:42:53 --> 404 Page Not Found: /index
ERROR - 2021-08-27 20:42:54 --> 404 Page Not Found: /index
ERROR - 2021-08-27 20:43:04 --> 404 Page Not Found: /index
ERROR - 2021-08-27 20:43:04 --> 404 Page Not Found: /index
ERROR - 2021-08-27 20:43:04 --> 404 Page Not Found: /index
ERROR - 2021-08-27 20:43:15 --> 404 Page Not Found: /index
ERROR - 2021-08-27 20:43:15 --> 404 Page Not Found: /index
ERROR - 2021-08-27 20:43:15 --> 404 Page Not Found: /index
ERROR - 2021-08-27 20:43:37 --> 404 Page Not Found: /index
ERROR - 2021-08-27 20:43:37 --> 404 Page Not Found: /index
ERROR - 2021-08-27 20:43:37 --> 404 Page Not Found: /index
ERROR - 2021-08-27 20:43:38 --> 404 Page Not Found: /index
ERROR - 2021-08-27 20:44:11 --> 404 Page Not Found: /index
ERROR - 2021-08-27 20:44:11 --> 404 Page Not Found: /index
ERROR - 2021-08-27 20:44:11 --> 404 Page Not Found: /index
ERROR - 2021-08-27 20:44:12 --> 404 Page Not Found: /index
ERROR - 2021-08-27 20:44:31 --> 404 Page Not Found: /index
ERROR - 2021-08-27 20:44:31 --> 404 Page Not Found: /index
ERROR - 2021-08-27 20:44:31 --> 404 Page Not Found: /index
ERROR - 2021-08-27 20:46:43 --> 404 Page Not Found: /index
ERROR - 2021-08-27 20:46:43 --> 404 Page Not Found: /index
ERROR - 2021-08-27 20:46:43 --> 404 Page Not Found: /index
ERROR - 2021-08-27 20:46:56 --> 404 Page Not Found: /index
ERROR - 2021-08-27 20:46:56 --> 404 Page Not Found: /index
ERROR - 2021-08-27 20:46:56 --> 404 Page Not Found: /index
ERROR - 2021-08-27 20:47:03 --> 404 Page Not Found: /index
ERROR - 2021-08-27 20:47:03 --> 404 Page Not Found: /index
ERROR - 2021-08-27 20:47:03 --> 404 Page Not Found: /index
ERROR - 2021-08-27 20:47:08 --> 404 Page Not Found: /index
ERROR - 2021-08-27 20:47:08 --> 404 Page Not Found: /index
ERROR - 2021-08-27 20:47:08 --> 404 Page Not Found: /index
ERROR - 2021-08-27 20:47:19 --> 404 Page Not Found: /index
ERROR - 2021-08-27 20:47:19 --> 404 Page Not Found: /index
ERROR - 2021-08-27 20:47:19 --> 404 Page Not Found: /index
ERROR - 2021-08-27 20:52:14 --> 404 Page Not Found: /index
ERROR - 2021-08-27 20:52:14 --> 404 Page Not Found: /index
ERROR - 2021-08-27 20:52:14 --> 404 Page Not Found: /index
ERROR - 2021-08-27 20:54:40 --> 404 Page Not Found: /index
ERROR - 2021-08-27 20:54:40 --> 404 Page Not Found: /index
ERROR - 2021-08-27 20:54:40 --> 404 Page Not Found: /index
ERROR - 2021-08-27 20:54:41 --> 404 Page Not Found: /index
ERROR - 2021-08-27 20:54:41 --> 404 Page Not Found: /index
ERROR - 2021-08-27 20:54:41 --> 404 Page Not Found: /index
ERROR - 2021-08-27 20:54:59 --> 404 Page Not Found: /index
ERROR - 2021-08-27 20:54:59 --> 404 Page Not Found: /index
ERROR - 2021-08-27 20:54:59 --> 404 Page Not Found: /index
ERROR - 2021-08-27 20:55:02 --> 404 Page Not Found: /index
ERROR - 2021-08-27 20:55:02 --> 404 Page Not Found: /index
ERROR - 2021-08-27 20:55:02 --> 404 Page Not Found: /index
ERROR - 2021-08-27 21:13:01 --> 404 Page Not Found: /index
ERROR - 2021-08-27 21:13:01 --> 404 Page Not Found: /index
ERROR - 2021-08-27 21:13:01 --> 404 Page Not Found: /index
ERROR - 2021-08-27 21:13:07 --> 404 Page Not Found: /index
ERROR - 2021-08-27 21:13:07 --> 404 Page Not Found: /index
ERROR - 2021-08-27 21:13:07 --> 404 Page Not Found: /index
ERROR - 2021-08-27 21:13:25 --> 404 Page Not Found: /index
ERROR - 2021-08-27 21:13:25 --> 404 Page Not Found: /index
ERROR - 2021-08-27 21:13:25 --> 404 Page Not Found: /index
ERROR - 2021-08-27 21:13:26 --> 404 Page Not Found: /index
ERROR - 2021-08-27 21:13:26 --> 404 Page Not Found: /index
ERROR - 2021-08-27 21:13:26 --> 404 Page Not Found: /index
ERROR - 2021-08-27 21:13:35 --> 404 Page Not Found: /index
ERROR - 2021-08-27 21:13:35 --> 404 Page Not Found: /index
ERROR - 2021-08-27 21:13:35 --> 404 Page Not Found: /index
ERROR - 2021-08-27 21:13:41 --> 404 Page Not Found: /index
ERROR - 2021-08-27 21:13:41 --> 404 Page Not Found: /index
ERROR - 2021-08-27 21:13:41 --> 404 Page Not Found: /index
ERROR - 2021-08-27 21:13:55 --> 404 Page Not Found: /index
ERROR - 2021-08-27 21:13:55 --> 404 Page Not Found: /index
ERROR - 2021-08-27 21:13:55 --> 404 Page Not Found: /index
ERROR - 2021-08-27 21:13:58 --> 404 Page Not Found: /index
ERROR - 2021-08-27 21:13:58 --> 404 Page Not Found: /index
ERROR - 2021-08-27 21:13:58 --> 404 Page Not Found: /index
ERROR - 2021-08-27 21:14:02 --> 404 Page Not Found: /index
ERROR - 2021-08-27 21:14:02 --> 404 Page Not Found: /index
ERROR - 2021-08-27 21:14:02 --> 404 Page Not Found: /index
ERROR - 2021-08-27 21:14:10 --> Severity: Notice --> Undefined variable: old_photo_ext D:\WORK\PHP\KUMYO\www\app\controllers\adm\Product.php 696
ERROR - 2021-08-27 21:14:23 --> 404 Page Not Found: /index
ERROR - 2021-08-27 21:14:23 --> 404 Page Not Found: /index
ERROR - 2021-08-27 21:14:23 --> 404 Page Not Found: /index
ERROR - 2021-08-27 21:14:34 --> 404 Page Not Found: /index
ERROR - 2021-08-27 21:14:34 --> 404 Page Not Found: /index
ERROR - 2021-08-27 21:14:34 --> 404 Page Not Found: /index
ERROR - 2021-08-27 21:14:41 --> 404 Page Not Found: /index
ERROR - 2021-08-27 21:14:41 --> 404 Page Not Found: /index
ERROR - 2021-08-27 21:14:41 --> 404 Page Not Found: /index
ERROR - 2021-08-27 21:14:44 --> 404 Page Not Found: /index
ERROR - 2021-08-27 21:14:44 --> 404 Page Not Found: /index
ERROR - 2021-08-27 21:14:44 --> 404 Page Not Found: /index
ERROR - 2021-08-27 21:14:47 --> 404 Page Not Found: /index
ERROR - 2021-08-27 21:14:47 --> 404 Page Not Found: /index
ERROR - 2021-08-27 21:14:47 --> 404 Page Not Found: /index
ERROR - 2021-08-27 21:14:55 --> 404 Page Not Found: /index
ERROR - 2021-08-27 21:14:55 --> 404 Page Not Found: /index
ERROR - 2021-08-27 21:14:55 --> 404 Page Not Found: /index
ERROR - 2021-08-27 21:15:10 --> 404 Page Not Found: /index
ERROR - 2021-08-27 21:15:10 --> 404 Page Not Found: /index
ERROR - 2021-08-27 21:15:10 --> 404 Page Not Found: /index
ERROR - 2021-08-27 21:20:34 --> Severity: Warning --> explode() expects parameter 2 to be string, array given D:\WORK\PHP\KUMYO\www\app\libraries\Func.php 1859
ERROR - 2021-08-27 21:20:34 --> Severity: Warning --> Invalid argument supplied for foreach() D:\WORK\PHP\KUMYO\www\app\libraries\Func.php 1861
ERROR - 2021-08-27 21:20:34 --> Severity: Warning --> Invalid argument supplied for foreach() D:\WORK\PHP\KUMYO\www\app\libraries\Func.php 1867
ERROR - 2021-08-27 21:20:34 --> Severity: Warning --> Invalid argument supplied for foreach() D:\WORK\PHP\KUMYO\www\app\libraries\Func.php 1873
ERROR - 2021-08-27 21:21:52 --> 404 Page Not Found: /index
ERROR - 2021-08-27 21:21:52 --> 404 Page Not Found: /index
ERROR - 2021-08-27 21:21:52 --> 404 Page Not Found: /index
ERROR - 2021-08-27 21:21:56 --> 404 Page Not Found: /index
ERROR - 2021-08-27 21:21:56 --> 404 Page Not Found: /index
ERROR - 2021-08-27 21:21:56 --> 404 Page Not Found: /index
ERROR - 2021-08-27 21:22:02 --> 404 Page Not Found: /index
ERROR - 2021-08-27 21:22:02 --> 404 Page Not Found: /index
ERROR - 2021-08-27 21:22:02 --> 404 Page Not Found: /index
ERROR - 2021-08-27 21:22:12 --> 404 Page Not Found: /index
ERROR - 2021-08-27 21:22:12 --> 404 Page Not Found: /index
ERROR - 2021-08-27 21:22:12 --> 404 Page Not Found: /index
ERROR - 2021-08-27 21:22:58 --> 404 Page Not Found: /index
ERROR - 2021-08-27 21:22:58 --> 404 Page Not Found: /index
ERROR - 2021-08-27 21:22:58 --> 404 Page Not Found: /index
ERROR - 2021-08-27 21:22:58 --> 404 Page Not Found: /index
ERROR - 2021-08-27 21:23:08 --> 404 Page Not Found: /index
ERROR - 2021-08-27 21:23:08 --> 404 Page Not Found: /index
ERROR - 2021-08-27 21:23:08 --> 404 Page Not Found: /index
ERROR - 2021-08-27 21:23:18 --> 404 Page Not Found: /index
ERROR - 2021-08-27 21:23:18 --> 404 Page Not Found: /index
ERROR - 2021-08-27 21:23:18 --> 404 Page Not Found: /index
ERROR - 2021-08-27 21:23:29 --> 404 Page Not Found: /index
ERROR - 2021-08-27 21:23:29 --> 404 Page Not Found: /index
ERROR - 2021-08-27 21:23:29 --> 404 Page Not Found: /index
ERROR - 2021-08-27 21:23:39 --> 404 Page Not Found: /index
ERROR - 2021-08-27 21:23:39 --> 404 Page Not Found: /index
ERROR - 2021-08-27 21:23:39 --> 404 Page Not Found: /index
ERROR - 2021-08-27 21:24:02 --> 404 Page Not Found: /index
ERROR - 2021-08-27 21:24:02 --> 404 Page Not Found: /index
ERROR - 2021-08-27 21:24:03 --> 404 Page Not Found: /index
ERROR - 2021-08-27 21:24:16 --> 404 Page Not Found: /index
ERROR - 2021-08-27 21:24:16 --> 404 Page Not Found: /index
ERROR - 2021-08-27 21:24:16 --> 404 Page Not Found: /index
ERROR - 2021-08-27 21:24:18 --> 404 Page Not Found: /index
ERROR - 2021-08-27 21:24:18 --> 404 Page Not Found: /index
ERROR - 2021-08-27 21:24:18 --> 404 Page Not Found: /index
ERROR - 2021-08-27 21:24:23 --> 404 Page Not Found: /index
ERROR - 2021-08-27 21:24:23 --> 404 Page Not Found: /index
ERROR - 2021-08-27 21:24:23 --> 404 Page Not Found: /index
ERROR - 2021-08-27 21:24:23 --> 404 Page Not Found: /index
ERROR - 2021-08-27 21:24:23 --> 404 Page Not Found: /index
ERROR - 2021-08-27 21:24:23 --> 404 Page Not Found: /index
ERROR - 2021-08-27 21:24:27 --> 404 Page Not Found: /index
ERROR - 2021-08-27 21:24:27 --> 404 Page Not Found: /index
ERROR - 2021-08-27 21:24:27 --> 404 Page Not Found: /index
ERROR - 2021-08-27 21:24:38 --> 404 Page Not Found: /index
ERROR - 2021-08-27 21:24:38 --> 404 Page Not Found: /index
ERROR - 2021-08-27 21:24:38 --> 404 Page Not Found: /index
ERROR - 2021-08-27 21:24:57 --> 404 Page Not Found: /index
ERROR - 2021-08-27 21:24:57 --> 404 Page Not Found: /index
ERROR - 2021-08-27 21:24:57 --> 404 Page Not Found: /index
ERROR - 2021-08-27 21:26:00 --> 404 Page Not Found: /index
ERROR - 2021-08-27 21:26:00 --> 404 Page Not Found: /index
ERROR - 2021-08-27 21:26:00 --> 404 Page Not Found: /index
ERROR - 2021-08-27 21:26:00 --> 404 Page Not Found: /index
ERROR - 2021-08-27 21:26:02 --> 404 Page Not Found: /index
ERROR - 2021-08-27 21:26:02 --> 404 Page Not Found: /index
ERROR - 2021-08-27 21:26:02 --> 404 Page Not Found: /index
ERROR - 2021-08-27 21:26:09 --> 404 Page Not Found: /index
ERROR - 2021-08-27 21:26:09 --> 404 Page Not Found: /index
ERROR - 2021-08-27 21:26:09 --> 404 Page Not Found: /index
ERROR - 2021-08-27 21:26:13 --> 404 Page Not Found: /index
ERROR - 2021-08-27 21:26:13 --> 404 Page Not Found: /index
ERROR - 2021-08-27 21:26:13 --> 404 Page Not Found: /index
ERROR - 2021-08-27 21:26:20 --> 404 Page Not Found: /index
ERROR - 2021-08-27 21:26:20 --> 404 Page Not Found: /index
ERROR - 2021-08-27 21:26:20 --> 404 Page Not Found: /index
ERROR - 2021-08-27 21:26:47 --> 404 Page Not Found: /index
ERROR - 2021-08-27 21:26:47 --> 404 Page Not Found: /index
ERROR - 2021-08-27 21:26:47 --> 404 Page Not Found: /index
ERROR - 2021-08-27 21:27:01 --> 404 Page Not Found: /index
ERROR - 2021-08-27 21:27:01 --> 404 Page Not Found: /index
ERROR - 2021-08-27 21:27:01 --> 404 Page Not Found: /index
ERROR - 2021-08-27 21:27:01 --> 404 Page Not Found: /index
ERROR - 2021-08-27 21:27:08 --> 404 Page Not Found: /index
ERROR - 2021-08-27 21:27:08 --> 404 Page Not Found: /index
ERROR - 2021-08-27 21:27:08 --> 404 Page Not Found: /index
ERROR - 2021-08-27 21:27:14 --> 404 Page Not Found: /index
ERROR - 2021-08-27 21:27:14 --> 404 Page Not Found: /index
ERROR - 2021-08-27 21:27:14 --> 404 Page Not Found: /index
ERROR - 2021-08-27 21:29:07 --> 404 Page Not Found: /index
ERROR - 2021-08-27 21:29:07 --> 404 Page Not Found: /index
ERROR - 2021-08-27 21:29:07 --> 404 Page Not Found: /index
ERROR - 2021-08-27 21:29:07 --> 404 Page Not Found: /index
ERROR - 2021-08-27 21:29:09 --> 404 Page Not Found: /index
ERROR - 2021-08-27 21:29:09 --> 404 Page Not Found: /index
ERROR - 2021-08-27 21:29:09 --> 404 Page Not Found: /index
ERROR - 2021-08-27 21:29:10 --> 404 Page Not Found: /index
ERROR - 2021-08-27 21:29:10 --> 404 Page Not Found: /index
ERROR - 2021-08-27 21:29:10 --> 404 Page Not Found: /index
ERROR - 2021-08-27 21:30:21 --> 404 Page Not Found: /index
ERROR - 2021-08-27 21:30:21 --> 404 Page Not Found: /index
ERROR - 2021-08-27 21:30:21 --> 404 Page Not Found: /index
ERROR - 2021-08-27 21:30:22 --> 404 Page Not Found: /index
ERROR - 2021-08-27 21:30:31 --> 404 Page Not Found: /index
ERROR - 2021-08-27 21:30:31 --> 404 Page Not Found: /index
ERROR - 2021-08-27 21:30:31 --> 404 Page Not Found: /index
ERROR - 2021-08-27 21:30:31 --> 404 Page Not Found: /index
ERROR - 2021-08-27 21:30:32 --> 404 Page Not Found: /index
ERROR - 2021-08-27 21:30:32 --> 404 Page Not Found: /index
ERROR - 2021-08-27 21:30:32 --> 404 Page Not Found: /index
ERROR - 2021-08-27 21:30:34 --> 404 Page Not Found: /index
ERROR - 2021-08-27 21:30:34 --> 404 Page Not Found: /index
ERROR - 2021-08-27 21:30:34 --> 404 Page Not Found: /index
ERROR - 2021-08-27 21:30:35 --> 404 Page Not Found: /index
ERROR - 2021-08-27 21:30:35 --> 404 Page Not Found: /index
ERROR - 2021-08-27 21:30:35 --> 404 Page Not Found: /index
ERROR - 2021-08-27 21:30:38 --> 404 Page Not Found: /index
ERROR - 2021-08-27 21:30:38 --> 404 Page Not Found: /index
ERROR - 2021-08-27 21:30:38 --> 404 Page Not Found: /index
ERROR - 2021-08-27 21:31:15 --> 404 Page Not Found: /index
ERROR - 2021-08-27 21:31:15 --> 404 Page Not Found: /index
ERROR - 2021-08-27 21:31:15 --> 404 Page Not Found: /index
ERROR - 2021-08-27 21:31:16 --> 404 Page Not Found: /index
ERROR - 2021-08-27 21:31:19 --> 404 Page Not Found: /index
ERROR - 2021-08-27 21:31:19 --> 404 Page Not Found: /index
ERROR - 2021-08-27 21:31:19 --> 404 Page Not Found: /index
ERROR - 2021-08-27 21:31:22 --> 404 Page Not Found: /index
ERROR - 2021-08-27 21:31:22 --> 404 Page Not Found: /index
ERROR - 2021-08-27 21:31:22 --> 404 Page Not Found: /index
ERROR - 2021-08-27 21:31:30 --> 404 Page Not Found: /index
ERROR - 2021-08-27 21:31:30 --> 404 Page Not Found: /index
ERROR - 2021-08-27 21:31:30 --> 404 Page Not Found: /index
ERROR - 2021-08-27 21:31:38 --> 404 Page Not Found: /index
ERROR - 2021-08-27 21:31:38 --> 404 Page Not Found: /index
ERROR - 2021-08-27 21:31:38 --> 404 Page Not Found: /index
ERROR - 2021-08-27 21:33:06 --> 404 Page Not Found: /index
ERROR - 2021-08-27 21:33:06 --> 404 Page Not Found: /index
ERROR - 2021-08-27 21:33:06 --> 404 Page Not Found: /index
ERROR - 2021-08-27 21:33:06 --> 404 Page Not Found: /index
ERROR - 2021-08-27 21:33:37 --> 404 Page Not Found: /index
ERROR - 2021-08-27 21:33:37 --> 404 Page Not Found: /index
ERROR - 2021-08-27 21:33:37 --> 404 Page Not Found: /index
ERROR - 2021-08-27 21:33:38 --> 404 Page Not Found: /index
ERROR - 2021-08-27 21:33:42 --> 404 Page Not Found: /index
ERROR - 2021-08-27 21:33:42 --> 404 Page Not Found: /index
ERROR - 2021-08-27 21:33:42 --> 404 Page Not Found: /index
ERROR - 2021-08-27 21:33:54 --> 404 Page Not Found: /index
ERROR - 2021-08-27 21:33:54 --> 404 Page Not Found: /index
ERROR - 2021-08-27 21:33:54 --> 404 Page Not Found: /index
ERROR - 2021-08-27 21:34:25 --> 404 Page Not Found: /index
ERROR - 2021-08-27 21:34:25 --> 404 Page Not Found: /index
ERROR - 2021-08-27 21:34:25 --> 404 Page Not Found: /index
ERROR - 2021-08-27 21:35:29 --> 404 Page Not Found: /index
ERROR - 2021-08-27 21:35:29 --> 404 Page Not Found: /index
ERROR - 2021-08-27 21:35:29 --> 404 Page Not Found: /index
ERROR - 2021-08-27 21:35:29 --> 404 Page Not Found: /index
ERROR - 2021-08-27 21:35:35 --> Query error: Duplicate entry '753' for key 'PRIMARY' - Invalid query: INSERT INTO `ky_shop_brand` (`shop_seq`, `category`, `brandname`, `sellprice`, `status`, `product_loc`, `ment`, `etc_field`, `location`, `content`, `sellprice_option`, `new_chk`, `photo_type`, `photo`, `etc_image`, `wdate`) VALUES ('753', '002001000000', 'sfasf', '12132', '1', '0', 'sfasfa', 'sfasf', '1111', '&lt;p&gt;asdfa&lt;/p&gt;&lt;p&gt;sf&lt;/p&gt;&lt;p&gt;as&lt;/p&gt;&lt;p&gt;f&lt;/p&gt;&lt;p&gt;as&lt;/p&gt;&lt;p&gt;fa&lt;/p&gt;&lt;p&gt; &lt;/p&gt;&lt;p&gt;@@@@@@@@@ 12313&lt;/p&gt;', '1', 'N', 'B', '9147c0cf2fa4d5b5da27b66098187b8e_L.jpeg,c12bbd2f35eadd11176d7c51474328fd_M.jpeg', '', '2021-08-27 21:35:35')
ERROR - 2021-08-27 21:36:03 --> 404 Page Not Found: /index
ERROR - 2021-08-27 21:36:03 --> 404 Page Not Found: /index
ERROR - 2021-08-27 21:36:03 --> 404 Page Not Found: /index
ERROR - 2021-08-27 21:36:33 --> 404 Page Not Found: /index
ERROR - 2021-08-27 21:36:33 --> 404 Page Not Found: /index
ERROR - 2021-08-27 21:36:33 --> 404 Page Not Found: /index
ERROR - 2021-08-27 21:36:33 --> 404 Page Not Found: /index
ERROR - 2021-08-27 21:36:43 --> 404 Page Not Found: /index
ERROR - 2021-08-27 21:36:43 --> 404 Page Not Found: /index
ERROR - 2021-08-27 21:36:43 --> 404 Page Not Found: /index
ERROR - 2021-08-27 21:36:56 --> 404 Page Not Found: /index
ERROR - 2021-08-27 21:36:56 --> 404 Page Not Found: /index
ERROR - 2021-08-27 21:36:56 --> 404 Page Not Found: /index
ERROR - 2021-08-27 21:37:06 --> 404 Page Not Found: /index
ERROR - 2021-08-27 21:37:06 --> 404 Page Not Found: /index
ERROR - 2021-08-27 21:37:06 --> 404 Page Not Found: /index
ERROR - 2021-08-27 21:39:13 --> 404 Page Not Found: /index
ERROR - 2021-08-27 21:39:13 --> 404 Page Not Found: /index
ERROR - 2021-08-27 21:39:14 --> 404 Page Not Found: /index
ERROR - 2021-08-27 21:39:14 --> 404 Page Not Found: /index
ERROR - 2021-08-27 21:39:22 --> 404 Page Not Found: /index
ERROR - 2021-08-27 21:39:22 --> 404 Page Not Found: /index
ERROR - 2021-08-27 21:39:22 --> 404 Page Not Found: /index
ERROR - 2021-08-27 21:39:38 --> 404 Page Not Found: /index
ERROR - 2021-08-27 21:39:38 --> 404 Page Not Found: /index
ERROR - 2021-08-27 21:39:38 --> 404 Page Not Found: /index
ERROR - 2021-08-27 21:40:05 --> 404 Page Not Found: /index
ERROR - 2021-08-27 21:40:05 --> 404 Page Not Found: /index
ERROR - 2021-08-27 21:40:06 --> 404 Page Not Found: /index
ERROR - 2021-08-27 21:40:06 --> 404 Page Not Found: /index
ERROR - 2021-08-27 21:40:17 --> 404 Page Not Found: /index
ERROR - 2021-08-27 21:40:17 --> 404 Page Not Found: /index
ERROR - 2021-08-27 21:40:17 --> 404 Page Not Found: /index
ERROR - 2021-08-27 21:40:24 --> 404 Page Not Found: /index
ERROR - 2021-08-27 21:40:24 --> 404 Page Not Found: /index
ERROR - 2021-08-27 21:40:24 --> 404 Page Not Found: /index
ERROR - 2021-08-27 21:40:29 --> 404 Page Not Found: /index
ERROR - 2021-08-27 21:40:29 --> 404 Page Not Found: /index
ERROR - 2021-08-27 21:40:29 --> 404 Page Not Found: /index
ERROR - 2021-08-27 21:40:51 --> 404 Page Not Found: /index
ERROR - 2021-08-27 21:40:51 --> 404 Page Not Found: /index
ERROR - 2021-08-27 21:40:51 --> 404 Page Not Found: /index
ERROR - 2021-08-27 21:40:54 --> 404 Page Not Found: /index
ERROR - 2021-08-27 21:40:54 --> 404 Page Not Found: /index
ERROR - 2021-08-27 21:40:54 --> 404 Page Not Found: /index
ERROR - 2021-08-27 21:40:57 --> 404 Page Not Found: /index
ERROR - 2021-08-27 21:40:57 --> 404 Page Not Found: /index
ERROR - 2021-08-27 21:40:57 --> 404 Page Not Found: /index
ERROR - 2021-08-27 21:40:57 --> 404 Page Not Found: /index
ERROR - 2021-08-27 21:40:58 --> 404 Page Not Found: /index
ERROR - 2021-08-27 21:40:58 --> 404 Page Not Found: /index
ERROR - 2021-08-27 21:40:59 --> 404 Page Not Found: /index
ERROR - 2021-08-27 21:41:00 --> 404 Page Not Found: /index
ERROR - 2021-08-27 21:41:00 --> 404 Page Not Found: /index
ERROR - 2021-08-27 21:41:00 --> 404 Page Not Found: /index
ERROR - 2021-08-27 21:41:01 --> 404 Page Not Found: /index
ERROR - 2021-08-27 21:41:01 --> 404 Page Not Found: /index
ERROR - 2021-08-27 21:41:01 --> 404 Page Not Found: /index
ERROR - 2021-08-27 21:41:02 --> 404 Page Not Found: /index
ERROR - 2021-08-27 21:41:02 --> 404 Page Not Found: /index
ERROR - 2021-08-27 21:41:02 --> 404 Page Not Found: /index
ERROR - 2021-08-27 21:41:03 --> 404 Page Not Found: /index
ERROR - 2021-08-27 21:41:04 --> 404 Page Not Found: /index
ERROR - 2021-08-27 21:41:04 --> 404 Page Not Found: /index
ERROR - 2021-08-27 21:41:04 --> 404 Page Not Found: /index
ERROR - 2021-08-27 21:41:04 --> 404 Page Not Found: /index
ERROR - 2021-08-27 21:41:04 --> 404 Page Not Found: /index
ERROR - 2021-08-27 21:41:04 --> 404 Page Not Found: /index
ERROR - 2021-08-27 21:41:06 --> 404 Page Not Found: /index
ERROR - 2021-08-27 21:41:06 --> 404 Page Not Found: /index
ERROR - 2021-08-27 21:41:06 --> 404 Page Not Found: /index
ERROR - 2021-08-27 21:41:07 --> 404 Page Not Found: /index
ERROR - 2021-08-27 21:41:08 --> 404 Page Not Found: /index
ERROR - 2021-08-27 21:41:08 --> 404 Page Not Found: /index
ERROR - 2021-08-27 21:41:08 --> 404 Page Not Found: /index
ERROR - 2021-08-27 21:41:09 --> 404 Page Not Found: /index
ERROR - 2021-08-27 21:41:09 --> 404 Page Not Found: /index
ERROR - 2021-08-27 21:41:09 --> 404 Page Not Found: /index
ERROR - 2021-08-27 21:41:10 --> 404 Page Not Found: /index
ERROR - 2021-08-27 21:41:10 --> 404 Page Not Found: /index
ERROR - 2021-08-27 21:41:10 --> 404 Page Not Found: /index
ERROR - 2021-08-27 21:41:10 --> 404 Page Not Found: /index
ERROR - 2021-08-27 21:41:10 --> 404 Page Not Found: /index
ERROR - 2021-08-27 21:41:10 --> 404 Page Not Found: /index
ERROR - 2021-08-27 21:41:12 --> 404 Page Not Found: /index
ERROR - 2021-08-27 21:41:12 --> 404 Page Not Found: /index
ERROR - 2021-08-27 21:41:12 --> 404 Page Not Found: /index
ERROR - 2021-08-27 21:41:27 --> 404 Page Not Found: /index
ERROR - 2021-08-27 21:41:27 --> 404 Page Not Found: /index
ERROR - 2021-08-27 21:41:27 --> 404 Page Not Found: /index
ERROR - 2021-08-27 21:41:28 --> 404 Page Not Found: /index
ERROR - 2021-08-27 21:41:28 --> 404 Page Not Found: /index
ERROR - 2021-08-27 21:41:29 --> 404 Page Not Found: /index
ERROR - 2021-08-27 21:43:36 --> 404 Page Not Found: /index
ERROR - 2021-08-27 21:43:36 --> 404 Page Not Found: /index
ERROR - 2021-08-27 21:43:36 --> 404 Page Not Found: /index
ERROR - 2021-08-27 21:43:36 --> 404 Page Not Found: /index
ERROR - 2021-08-27 21:44:11 --> 404 Page Not Found: /index
ERROR - 2021-08-27 21:44:11 --> 404 Page Not Found: /index
ERROR - 2021-08-27 21:44:11 --> 404 Page Not Found: /index
ERROR - 2021-08-27 21:44:11 --> 404 Page Not Found: /index
ERROR - 2021-08-27 21:45:10 --> 404 Page Not Found: /index
ERROR - 2021-08-27 21:45:10 --> 404 Page Not Found: /index
ERROR - 2021-08-27 21:45:11 --> 404 Page Not Found: /index
ERROR - 2021-08-27 21:45:11 --> 404 Page Not Found: /index
ERROR - 2021-08-27 21:45:23 --> 404 Page Not Found: /index
ERROR - 2021-08-27 21:45:24 --> 404 Page Not Found: /index
ERROR - 2021-08-27 21:45:24 --> 404 Page Not Found: /index
ERROR - 2021-08-27 21:45:24 --> 404 Page Not Found: /index
ERROR - 2021-08-27 21:48:19 --> 404 Page Not Found: /index
ERROR - 2021-08-27 21:48:19 --> 404 Page Not Found: /index
ERROR - 2021-08-27 21:48:19 --> 404 Page Not Found: /index
ERROR - 2021-08-27 21:48:19 --> 404 Page Not Found: /index
ERROR - 2021-08-27 21:48:21 --> 404 Page Not Found: /index
ERROR - 2021-08-27 21:48:21 --> 404 Page Not Found: /index
ERROR - 2021-08-27 21:48:21 --> 404 Page Not Found: /index
ERROR - 2021-08-27 21:48:23 --> 404 Page Not Found: /index
ERROR - 2021-08-27 21:48:23 --> 404 Page Not Found: /index
ERROR - 2021-08-27 21:48:23 --> 404 Page Not Found: /index
ERROR - 2021-08-27 21:50:07 --> 404 Page Not Found: /index
ERROR - 2021-08-27 21:50:07 --> 404 Page Not Found: /index
ERROR - 2021-08-27 21:50:07 --> 404 Page Not Found: /index
ERROR - 2021-08-27 21:50:07 --> 404 Page Not Found: /index
ERROR - 2021-08-27 21:50:12 --> 404 Page Not Found: /index
ERROR - 2021-08-27 21:50:12 --> 404 Page Not Found: /index
ERROR - 2021-08-27 21:50:12 --> 404 Page Not Found: /index
ERROR - 2021-08-27 21:50:15 --> 404 Page Not Found: /index
ERROR - 2021-08-27 21:50:15 --> 404 Page Not Found: /index
ERROR - 2021-08-27 21:50:15 --> 404 Page Not Found: /index
ERROR - 2021-08-27 21:50:22 --> 404 Page Not Found: /index
ERROR - 2021-08-27 21:50:22 --> 404 Page Not Found: /index
ERROR - 2021-08-27 21:50:22 --> 404 Page Not Found: /index
