ERROR - 2021-10-05 07:23:32 --> 404 Page Not Found: /index
ERROR - 2021-10-05 07:25:42 --> 404 Page Not Found: /index
ERROR - 2021-10-05 07:25:56 --> 404 Page Not Found: /index
ERROR - 2021-10-05 07:26:32 --> 404 Page Not Found: /index
ERROR - 2021-10-05 07:26:42 --> 404 Page Not Found: /index
ERROR - 2021-10-05 07:26:48 --> 404 Page Not Found: /index
ERROR - 2021-10-05 07:26:52 --> 404 Page Not Found: /index
ERROR - 2021-10-05 07:27:14 --> 404 Page Not Found: /index
ERROR - 2021-10-05 07:27:31 --> 404 Page Not Found: /index
ERROR - 2021-10-05 07:27:49 --> 404 Page Not Found: /index
ERROR - 2021-10-05 07:28:13 --> 404 Page Not Found: /index
ERROR - 2021-10-05 07:28:47 --> 404 Page Not Found: /index
ERROR - 2021-10-05 07:29:04 --> 404 Page Not Found: /index
ERROR - 2021-10-05 07:29:09 --> 404 Page Not Found: /index
ERROR - 2021-10-05 07:29:17 --> 404 Page Not Found: /index
ERROR - 2021-10-05 07:29:30 --> 404 Page Not Found: /index
ERROR - 2021-10-05 07:30:12 --> 404 Page Not Found: /index
ERROR - 2021-10-05 07:30:13 --> 404 Page Not Found: /index
ERROR - 2021-10-05 07:31:37 --> 404 Page Not Found: /index
ERROR - 2021-10-05 07:31:37 --> 404 Page Not Found: /index
ERROR - 2021-10-05 07:32:14 --> 404 Page Not Found: /index
ERROR - 2021-10-05 07:32:14 --> 404 Page Not Found: /index
ERROR - 2021-10-05 07:32:14 --> 404 Page Not Found: /index
ERROR - 2021-10-05 07:32:14 --> 404 Page Not Found: /index
ERROR - 2021-10-05 07:32:14 --> 404 Page Not Found: /index
ERROR - 2021-10-05 07:32:14 --> 404 Page Not Found: /index
ERROR - 2021-10-05 07:32:14 --> 404 Page Not Found: /index
ERROR - 2021-10-05 07:32:14 --> 404 Page Not Found: /index
ERROR - 2021-10-05 07:32:31 --> 404 Page Not Found: /index
ERROR - 2021-10-05 07:32:31 --> 404 Page Not Found: /index
ERROR - 2021-10-05 07:32:31 --> 404 Page Not Found: /index
ERROR - 2021-10-05 07:32:31 --> 404 Page Not Found: /index
ERROR - 2021-10-05 07:32:31 --> 404 Page Not Found: /index
ERROR - 2021-10-05 07:32:31 --> 404 Page Not Found: /index
ERROR - 2021-10-05 07:32:31 --> 404 Page Not Found: /index
ERROR - 2021-10-05 07:32:31 --> 404 Page Not Found: /index
ERROR - 2021-10-05 07:32:45 --> 404 Page Not Found: /index
ERROR - 2021-10-05 07:32:45 --> 404 Page Not Found: /index
ERROR - 2021-10-05 07:32:45 --> 404 Page Not Found: /index
ERROR - 2021-10-05 07:32:45 --> 404 Page Not Found: /index
ERROR - 2021-10-05 07:32:45 --> 404 Page Not Found: /index
ERROR - 2021-10-05 07:32:45 --> 404 Page Not Found: /index
ERROR - 2021-10-05 07:32:45 --> 404 Page Not Found: /index
ERROR - 2021-10-05 07:32:56 --> 404 Page Not Found: /index
ERROR - 2021-10-05 07:32:57 --> 404 Page Not Found: /index
ERROR - 2021-10-05 07:32:57 --> 404 Page Not Found: /index
ERROR - 2021-10-05 07:32:57 --> 404 Page Not Found: /index
ERROR - 2021-10-05 07:32:57 --> 404 Page Not Found: /index
ERROR - 2021-10-05 07:32:57 --> 404 Page Not Found: /index
ERROR - 2021-10-05 07:32:57 --> 404 Page Not Found: /index
ERROR - 2021-10-05 07:32:57 --> 404 Page Not Found: /index
ERROR - 2021-10-05 07:33:14 --> 404 Page Not Found: /index
ERROR - 2021-10-05 07:33:14 --> 404 Page Not Found: /index
ERROR - 2021-10-05 07:33:14 --> 404 Page Not Found: /index
ERROR - 2021-10-05 07:33:14 --> 404 Page Not Found: /index
ERROR - 2021-10-05 07:33:14 --> 404 Page Not Found: /index
ERROR - 2021-10-05 07:33:14 --> 404 Page Not Found: /index
ERROR - 2021-10-05 07:33:14 --> 404 Page Not Found: /index
ERROR - 2021-10-05 07:33:14 --> 404 Page Not Found: /index
ERROR - 2021-10-05 07:33:18 --> 404 Page Not Found: /index
ERROR - 2021-10-05 07:33:18 --> 404 Page Not Found: /index
ERROR - 2021-10-05 07:33:18 --> 404 Page Not Found: /index
ERROR - 2021-10-05 07:33:18 --> 404 Page Not Found: /index
ERROR - 2021-10-05 07:33:18 --> 404 Page Not Found: /index
ERROR - 2021-10-05 07:33:18 --> 404 Page Not Found: /index
ERROR - 2021-10-05 07:33:18 --> 404 Page Not Found: /index
ERROR - 2021-10-05 07:33:18 --> 404 Page Not Found: /index
ERROR - 2021-10-05 07:33:28 --> 404 Page Not Found: /index
ERROR - 2021-10-05 07:33:28 --> 404 Page Not Found: /index
ERROR - 2021-10-05 07:33:28 --> 404 Page Not Found: /index
ERROR - 2021-10-05 07:33:28 --> 404 Page Not Found: /index
ERROR - 2021-10-05 07:33:28 --> 404 Page Not Found: /index
ERROR - 2021-10-05 07:33:28 --> 404 Page Not Found: /index
ERROR - 2021-10-05 07:33:28 --> 404 Page Not Found: /index
ERROR - 2021-10-05 07:33:28 --> 404 Page Not Found: /index
ERROR - 2021-10-05 07:33:47 --> 404 Page Not Found: /index
ERROR - 2021-10-05 07:33:47 --> 404 Page Not Found: /index
ERROR - 2021-10-05 07:33:47 --> 404 Page Not Found: /index
ERROR - 2021-10-05 07:33:47 --> 404 Page Not Found: /index
ERROR - 2021-10-05 07:33:47 --> 404 Page Not Found: /index
ERROR - 2021-10-05 07:33:47 --> 404 Page Not Found: /index
ERROR - 2021-10-05 07:33:47 --> 404 Page Not Found: /index
ERROR - 2021-10-05 07:33:47 --> 404 Page Not Found: /index
ERROR - 2021-10-05 07:35:24 --> Severity: Notice --> Undefined property: CI::$order_m D:\WORK\PHP\KUMYO\www\app\third_party\MX\Controller.php 62
ERROR - 2021-10-05 07:35:24 --> Severity: error --> Exception: Call to a member function getOrderList() on null D:\WORK\PHP\KUMYO\www\app\controllers\adm\Main.php 71
ERROR - 2021-10-05 07:35:25 --> 404 Page Not Found: /index
ERROR - 2021-10-05 07:35:49 --> 404 Page Not Found: /index
ERROR - 2021-10-05 07:36:59 --> 404 Page Not Found: /index
ERROR - 2021-10-05 07:36:59 --> 404 Page Not Found: /index
ERROR - 2021-10-05 07:36:59 --> 404 Page Not Found: /index
ERROR - 2021-10-05 07:36:59 --> 404 Page Not Found: /index
ERROR - 2021-10-05 07:36:59 --> 404 Page Not Found: /index
ERROR - 2021-10-05 07:36:59 --> 404 Page Not Found: /index
ERROR - 2021-10-05 07:36:59 --> 404 Page Not Found: /index
ERROR - 2021-10-05 07:36:59 --> 404 Page Not Found: /index
ERROR - 2021-10-05 07:38:49 --> Severity: Notice --> Undefined variable: show_row D:\WORK\PHP\KUMYO\www\app\models\adm\Order_m.php 340
ERROR - 2021-10-05 07:38:49 --> 404 Page Not Found: /index
ERROR - 2021-10-05 07:38:49 --> 404 Page Not Found: /index
ERROR - 2021-10-05 07:38:49 --> 404 Page Not Found: /index
ERROR - 2021-10-05 07:38:49 --> 404 Page Not Found: /index
ERROR - 2021-10-05 07:38:49 --> 404 Page Not Found: /index
ERROR - 2021-10-05 07:38:49 --> 404 Page Not Found: /index
ERROR - 2021-10-05 07:38:49 --> 404 Page Not Found: /index
ERROR - 2021-10-05 07:38:49 --> 404 Page Not Found: /index
ERROR - 2021-10-05 07:39:17 --> 404 Page Not Found: /index
ERROR - 2021-10-05 07:39:18 --> 404 Page Not Found: /index
ERROR - 2021-10-05 07:39:18 --> 404 Page Not Found: /index
ERROR - 2021-10-05 07:39:18 --> 404 Page Not Found: /index
ERROR - 2021-10-05 07:39:18 --> 404 Page Not Found: /index
ERROR - 2021-10-05 07:39:18 --> 404 Page Not Found: /index
ERROR - 2021-10-05 07:39:18 --> 404 Page Not Found: /index
ERROR - 2021-10-05 07:39:18 --> 404 Page Not Found: /index
ERROR - 2021-10-05 07:39:36 --> 404 Page Not Found: /index
ERROR - 2021-10-05 07:39:36 --> 404 Page Not Found: /index
ERROR - 2021-10-05 07:39:36 --> 404 Page Not Found: /index
ERROR - 2021-10-05 07:39:36 --> 404 Page Not Found: /index
ERROR - 2021-10-05 07:39:36 --> 404 Page Not Found: /index
ERROR - 2021-10-05 07:39:36 --> 404 Page Not Found: /index
ERROR - 2021-10-05 07:39:36 --> 404 Page Not Found: /index
ERROR - 2021-10-05 07:39:36 --> 404 Page Not Found: /index
ERROR - 2021-10-05 07:40:09 --> 404 Page Not Found: /index
ERROR - 2021-10-05 07:40:09 --> 404 Page Not Found: /index
ERROR - 2021-10-05 07:40:09 --> 404 Page Not Found: /index
ERROR - 2021-10-05 07:40:09 --> 404 Page Not Found: /index
ERROR - 2021-10-05 07:40:09 --> 404 Page Not Found: /index
ERROR - 2021-10-05 07:40:09 --> 404 Page Not Found: /index
ERROR - 2021-10-05 07:40:09 --> 404 Page Not Found: /index
ERROR - 2021-10-05 07:40:09 --> 404 Page Not Found: /index
ERROR - 2021-10-05 07:40:47 --> 404 Page Not Found: /index
ERROR - 2021-10-05 07:40:47 --> 404 Page Not Found: /index
ERROR - 2021-10-05 07:40:47 --> 404 Page Not Found: /index
ERROR - 2021-10-05 07:40:47 --> 404 Page Not Found: /index
ERROR - 2021-10-05 07:40:48 --> 404 Page Not Found: /index
ERROR - 2021-10-05 07:40:48 --> 404 Page Not Found: /index
ERROR - 2021-10-05 07:40:48 --> 404 Page Not Found: /index
ERROR - 2021-10-05 07:40:48 --> 404 Page Not Found: /index
ERROR - 2021-10-05 07:41:09 --> 404 Page Not Found: /index
ERROR - 2021-10-05 07:41:09 --> 404 Page Not Found: /index
ERROR - 2021-10-05 07:41:09 --> 404 Page Not Found: /index
ERROR - 2021-10-05 07:41:09 --> 404 Page Not Found: /index
ERROR - 2021-10-05 07:41:09 --> 404 Page Not Found: /index
ERROR - 2021-10-05 07:41:09 --> 404 Page Not Found: /index
ERROR - 2021-10-05 07:41:09 --> 404 Page Not Found: /index
ERROR - 2021-10-05 07:41:21 --> 404 Page Not Found: /index
ERROR - 2021-10-05 07:41:21 --> 404 Page Not Found: /index
ERROR - 2021-10-05 07:41:21 --> 404 Page Not Found: /index
ERROR - 2021-10-05 07:41:21 --> 404 Page Not Found: /index
ERROR - 2021-10-05 07:41:21 --> 404 Page Not Found: /index
ERROR - 2021-10-05 07:41:21 --> 404 Page Not Found: /index
ERROR - 2021-10-05 07:41:21 --> 404 Page Not Found: /index
ERROR - 2021-10-05 07:42:12 --> Severity: Notice --> Undefined variable: L_list_cnt D:\WORK\PHP\KUMYO\www\app\views\adm\dashboard\main.php 29
ERROR - 2021-10-05 07:42:12 --> 404 Page Not Found: /index
ERROR - 2021-10-05 07:42:12 --> 404 Page Not Found: /index
ERROR - 2021-10-05 07:42:12 --> 404 Page Not Found: /index
ERROR - 2021-10-05 07:42:12 --> 404 Page Not Found: /index
ERROR - 2021-10-05 07:42:12 --> 404 Page Not Found: /index
ERROR - 2021-10-05 07:42:12 --> 404 Page Not Found: /index
ERROR - 2021-10-05 07:42:12 --> 404 Page Not Found: /index
ERROR - 2021-10-05 07:42:35 --> Severity: Notice --> Undefined variable: total_price D:\WORK\PHP\KUMYO\www\app\views\adm\dashboard\main.php 43
ERROR - 2021-10-05 07:42:35 --> 404 Page Not Found: /index
ERROR - 2021-10-05 07:42:35 --> 404 Page Not Found: /index
ERROR - 2021-10-05 07:42:35 --> 404 Page Not Found: /index
ERROR - 2021-10-05 07:42:35 --> 404 Page Not Found: /index
ERROR - 2021-10-05 07:42:35 --> 404 Page Not Found: /index
ERROR - 2021-10-05 07:42:36 --> 404 Page Not Found: /index
ERROR - 2021-10-05 07:42:36 --> 404 Page Not Found: /index
ERROR - 2021-10-05 07:42:45 --> 404 Page Not Found: /index
ERROR - 2021-10-05 07:42:45 --> 404 Page Not Found: /index
ERROR - 2021-10-05 07:42:45 --> 404 Page Not Found: /index
ERROR - 2021-10-05 07:42:45 --> 404 Page Not Found: /index
ERROR - 2021-10-05 07:42:45 --> 404 Page Not Found: /index
ERROR - 2021-10-05 07:42:45 --> 404 Page Not Found: /index
ERROR - 2021-10-05 07:42:45 --> 404 Page Not Found: /index
ERROR - 2021-10-05 07:42:57 --> 404 Page Not Found: /index
ERROR - 2021-10-05 07:42:57 --> 404 Page Not Found: /index
ERROR - 2021-10-05 07:42:57 --> 404 Page Not Found: /index
ERROR - 2021-10-05 07:42:57 --> 404 Page Not Found: /index
ERROR - 2021-10-05 07:42:57 --> 404 Page Not Found: /index
ERROR - 2021-10-05 07:42:57 --> 404 Page Not Found: /index
ERROR - 2021-10-05 07:42:57 --> 404 Page Not Found: /index
ERROR - 2021-10-05 07:43:30 --> 404 Page Not Found: /index
ERROR - 2021-10-05 07:43:30 --> 404 Page Not Found: /index
ERROR - 2021-10-05 07:43:30 --> 404 Page Not Found: /index
ERROR - 2021-10-05 07:43:30 --> 404 Page Not Found: /index
ERROR - 2021-10-05 07:43:30 --> 404 Page Not Found: /index
ERROR - 2021-10-05 07:43:30 --> 404 Page Not Found: /index
ERROR - 2021-10-05 07:43:30 --> 404 Page Not Found: /index
ERROR - 2021-10-05 07:43:52 --> 404 Page Not Found: /index
ERROR - 2021-10-05 07:43:52 --> 404 Page Not Found: /index
ERROR - 2021-10-05 07:43:52 --> 404 Page Not Found: /index
ERROR - 2021-10-05 07:43:53 --> 404 Page Not Found: /index
ERROR - 2021-10-05 07:43:53 --> 404 Page Not Found: /index
ERROR - 2021-10-05 07:43:53 --> 404 Page Not Found: /index
ERROR - 2021-10-05 07:43:53 --> 404 Page Not Found: /index
ERROR - 2021-10-05 07:44:10 --> 404 Page Not Found: /index
ERROR - 2021-10-05 07:44:10 --> 404 Page Not Found: /index
ERROR - 2021-10-05 07:44:10 --> 404 Page Not Found: /index
ERROR - 2021-10-05 07:44:10 --> 404 Page Not Found: /index
ERROR - 2021-10-05 07:44:10 --> 404 Page Not Found: /index
ERROR - 2021-10-05 07:44:10 --> 404 Page Not Found: /index
ERROR - 2021-10-05 07:44:10 --> 404 Page Not Found: /index
ERROR - 2021-10-05 07:44:21 --> 404 Page Not Found: /index
ERROR - 2021-10-05 07:44:21 --> 404 Page Not Found: /index
ERROR - 2021-10-05 07:44:21 --> 404 Page Not Found: /index
ERROR - 2021-10-05 07:44:21 --> 404 Page Not Found: /index
ERROR - 2021-10-05 07:45:16 --> 404 Page Not Found: /index
ERROR - 2021-10-05 07:45:16 --> 404 Page Not Found: /index
ERROR - 2021-10-05 07:45:16 --> 404 Page Not Found: /index
ERROR - 2021-10-05 07:45:16 --> 404 Page Not Found: /index
ERROR - 2021-10-05 07:45:35 --> 404 Page Not Found: /index
ERROR - 2021-10-05 07:45:35 --> 404 Page Not Found: /index
ERROR - 2021-10-05 07:45:35 --> 404 Page Not Found: /index
ERROR - 2021-10-05 07:45:35 --> 404 Page Not Found: /index
ERROR - 2021-10-05 07:46:00 --> 404 Page Not Found: /index
ERROR - 2021-10-05 07:46:00 --> 404 Page Not Found: /index
ERROR - 2021-10-05 07:46:00 --> 404 Page Not Found: /index
ERROR - 2021-10-05 07:46:00 --> 404 Page Not Found: /index
ERROR - 2021-10-05 07:46:06 --> 404 Page Not Found: /index
ERROR - 2021-10-05 07:46:07 --> 404 Page Not Found: /index
ERROR - 2021-10-05 07:46:07 --> 404 Page Not Found: /index
ERROR - 2021-10-05 07:46:07 --> 404 Page Not Found: /index
ERROR - 2021-10-05 07:46:09 --> 404 Page Not Found: /index
ERROR - 2021-10-05 07:46:23 --> 404 Page Not Found: /index
ERROR - 2021-10-05 07:46:23 --> 404 Page Not Found: /index
ERROR - 2021-10-05 07:46:23 --> 404 Page Not Found: /index
ERROR - 2021-10-05 07:46:23 --> 404 Page Not Found: /index
ERROR - 2021-10-05 07:46:23 --> 404 Page Not Found: /index
ERROR - 2021-10-05 07:46:50 --> 404 Page Not Found: /index
ERROR - 2021-10-05 07:46:50 --> 404 Page Not Found: /index
ERROR - 2021-10-05 07:46:50 --> 404 Page Not Found: /index
ERROR - 2021-10-05 07:46:50 --> 404 Page Not Found: /index
ERROR - 2021-10-05 07:46:50 --> 404 Page Not Found: /index
ERROR - 2021-10-05 07:46:56 --> 404 Page Not Found: /index
ERROR - 2021-10-05 07:46:56 --> 404 Page Not Found: /index
ERROR - 2021-10-05 07:46:56 --> 404 Page Not Found: /index
ERROR - 2021-10-05 07:46:56 --> 404 Page Not Found: /index
ERROR - 2021-10-05 07:46:56 --> 404 Page Not Found: /index
ERROR - 2021-10-05 07:47:28 --> 404 Page Not Found: /index
ERROR - 2021-10-05 07:47:28 --> 404 Page Not Found: /index
ERROR - 2021-10-05 07:47:28 --> 404 Page Not Found: /index
ERROR - 2021-10-05 07:47:28 --> 404 Page Not Found: /index
ERROR - 2021-10-05 07:47:28 --> 404 Page Not Found: /index
ERROR - 2021-10-05 07:49:08 --> 404 Page Not Found: /index
ERROR - 2021-10-05 07:49:08 --> 404 Page Not Found: /index
ERROR - 2021-10-05 07:49:08 --> 404 Page Not Found: /index
ERROR - 2021-10-05 07:49:08 --> 404 Page Not Found: /index
ERROR - 2021-10-05 07:49:08 --> 404 Page Not Found: /index
ERROR - 2021-10-05 07:49:15 --> 404 Page Not Found: /index
ERROR - 2021-10-05 07:49:15 --> 404 Page Not Found: /index
ERROR - 2021-10-05 07:49:15 --> 404 Page Not Found: /index
ERROR - 2021-10-05 07:49:15 --> 404 Page Not Found: /index
ERROR - 2021-10-05 07:49:15 --> 404 Page Not Found: /index
ERROR - 2021-10-05 07:49:39 --> 404 Page Not Found: /index
ERROR - 2021-10-05 07:49:39 --> 404 Page Not Found: /index
ERROR - 2021-10-05 07:49:39 --> 404 Page Not Found: /index
ERROR - 2021-10-05 07:49:39 --> 404 Page Not Found: /index
ERROR - 2021-10-05 07:49:40 --> 404 Page Not Found: /index
ERROR - 2021-10-05 07:49:57 --> 404 Page Not Found: /index
ERROR - 2021-10-05 07:49:57 --> 404 Page Not Found: /index
ERROR - 2021-10-05 07:49:57 --> 404 Page Not Found: /index
ERROR - 2021-10-05 07:49:57 --> 404 Page Not Found: /index
ERROR - 2021-10-05 07:49:57 --> 404 Page Not Found: /index
ERROR - 2021-10-05 07:50:06 --> 404 Page Not Found: /index
ERROR - 2021-10-05 07:50:06 --> 404 Page Not Found: /index
ERROR - 2021-10-05 07:50:06 --> 404 Page Not Found: /index
ERROR - 2021-10-05 07:50:06 --> 404 Page Not Found: /index
ERROR - 2021-10-05 07:50:07 --> 404 Page Not Found: /index
ERROR - 2021-10-05 07:50:51 --> 404 Page Not Found: /index
ERROR - 2021-10-05 07:50:51 --> 404 Page Not Found: /index
ERROR - 2021-10-05 07:50:51 --> 404 Page Not Found: /index
ERROR - 2021-10-05 07:50:51 --> 404 Page Not Found: /index
ERROR - 2021-10-05 07:50:51 --> 404 Page Not Found: /index
ERROR - 2021-10-05 07:50:57 --> 404 Page Not Found: /index
ERROR - 2021-10-05 07:50:57 --> 404 Page Not Found: /index
ERROR - 2021-10-05 07:50:57 --> 404 Page Not Found: /index
ERROR - 2021-10-05 07:50:57 --> 404 Page Not Found: /index
ERROR - 2021-10-05 07:50:57 --> 404 Page Not Found: /index
ERROR - 2021-10-05 07:51:02 --> 404 Page Not Found: /index
ERROR - 2021-10-05 07:51:02 --> 404 Page Not Found: /index
ERROR - 2021-10-05 07:51:02 --> 404 Page Not Found: /index
ERROR - 2021-10-05 07:51:02 --> 404 Page Not Found: /index
ERROR - 2021-10-05 07:51:02 --> 404 Page Not Found: /index
ERROR - 2021-10-05 07:51:12 --> 404 Page Not Found: /index
ERROR - 2021-10-05 07:51:12 --> 404 Page Not Found: /index
ERROR - 2021-10-05 07:51:12 --> 404 Page Not Found: /index
ERROR - 2021-10-05 07:51:12 --> 404 Page Not Found: /index
ERROR - 2021-10-05 07:51:12 --> 404 Page Not Found: /index
ERROR - 2021-10-05 07:55:39 --> 404 Page Not Found: /index
ERROR - 2021-10-05 07:55:39 --> 404 Page Not Found: /index
ERROR - 2021-10-05 07:55:39 --> 404 Page Not Found: /index
ERROR - 2021-10-05 07:55:39 --> 404 Page Not Found: /index
ERROR - 2021-10-05 07:55:39 --> 404 Page Not Found: /index
ERROR - 2021-10-05 07:56:07 --> 404 Page Not Found: /index
ERROR - 2021-10-05 07:56:07 --> 404 Page Not Found: /index
ERROR - 2021-10-05 07:56:07 --> 404 Page Not Found: /index
ERROR - 2021-10-05 07:56:07 --> 404 Page Not Found: /index
ERROR - 2021-10-05 07:56:08 --> 404 Page Not Found: /index
ERROR - 2021-10-05 07:56:16 --> 404 Page Not Found: /index
ERROR - 2021-10-05 07:56:16 --> 404 Page Not Found: /index
ERROR - 2021-10-05 07:56:16 --> 404 Page Not Found: /index
ERROR - 2021-10-05 07:56:16 --> 404 Page Not Found: /index
ERROR - 2021-10-05 07:56:16 --> 404 Page Not Found: /index
ERROR - 2021-10-05 07:56:33 --> 404 Page Not Found: /index
ERROR - 2021-10-05 07:56:33 --> 404 Page Not Found: /index
ERROR - 2021-10-05 07:56:33 --> 404 Page Not Found: /index
ERROR - 2021-10-05 07:56:33 --> 404 Page Not Found: /index
ERROR - 2021-10-05 07:56:33 --> 404 Page Not Found: /index
ERROR - 2021-10-05 07:56:50 --> 404 Page Not Found: /index
ERROR - 2021-10-05 07:56:50 --> 404 Page Not Found: /index
ERROR - 2021-10-05 07:56:50 --> 404 Page Not Found: /index
ERROR - 2021-10-05 07:56:50 --> 404 Page Not Found: /index
ERROR - 2021-10-05 07:56:50 --> 404 Page Not Found: /index
ERROR - 2021-10-05 07:57:27 --> 404 Page Not Found: /index
ERROR - 2021-10-05 07:57:27 --> 404 Page Not Found: /index
ERROR - 2021-10-05 07:57:27 --> 404 Page Not Found: /index
ERROR - 2021-10-05 07:57:27 --> 404 Page Not Found: /index
ERROR - 2021-10-05 07:57:27 --> 404 Page Not Found: /index
ERROR - 2021-10-05 07:57:36 --> 404 Page Not Found: /index
ERROR - 2021-10-05 07:57:36 --> 404 Page Not Found: /index
ERROR - 2021-10-05 07:57:36 --> 404 Page Not Found: /index
ERROR - 2021-10-05 07:57:36 --> 404 Page Not Found: /index
ERROR - 2021-10-05 07:57:36 --> 404 Page Not Found: /index
ERROR - 2021-10-05 07:57:41 --> 404 Page Not Found: /index
ERROR - 2021-10-05 07:57:41 --> 404 Page Not Found: /index
ERROR - 2021-10-05 07:57:41 --> 404 Page Not Found: /index
ERROR - 2021-10-05 07:57:41 --> 404 Page Not Found: /index
ERROR - 2021-10-05 07:57:41 --> 404 Page Not Found: /index
ERROR - 2021-10-05 07:57:47 --> 404 Page Not Found: /index
ERROR - 2021-10-05 07:57:47 --> 404 Page Not Found: /index
ERROR - 2021-10-05 07:57:47 --> 404 Page Not Found: /index
ERROR - 2021-10-05 07:57:47 --> 404 Page Not Found: /index
ERROR - 2021-10-05 07:57:47 --> 404 Page Not Found: /index
ERROR - 2021-10-05 07:58:12 --> 404 Page Not Found: /index
ERROR - 2021-10-05 07:58:12 --> 404 Page Not Found: /index
ERROR - 2021-10-05 07:58:12 --> 404 Page Not Found: /index
ERROR - 2021-10-05 07:58:12 --> 404 Page Not Found: /index
ERROR - 2021-10-05 07:58:12 --> 404 Page Not Found: /index
ERROR - 2021-10-05 07:58:35 --> 404 Page Not Found: /index
ERROR - 2021-10-05 07:58:35 --> 404 Page Not Found: /index
ERROR - 2021-10-05 07:58:35 --> 404 Page Not Found: /index
ERROR - 2021-10-05 07:58:35 --> 404 Page Not Found: /index
ERROR - 2021-10-05 07:58:35 --> 404 Page Not Found: /index
ERROR - 2021-10-05 07:58:41 --> 404 Page Not Found: /index
ERROR - 2021-10-05 07:58:41 --> 404 Page Not Found: /index
ERROR - 2021-10-05 07:58:41 --> 404 Page Not Found: /index
ERROR - 2021-10-05 07:58:41 --> 404 Page Not Found: /index
ERROR - 2021-10-05 07:58:41 --> 404 Page Not Found: /index
ERROR - 2021-10-05 07:58:46 --> 404 Page Not Found: /index
ERROR - 2021-10-05 07:58:47 --> 404 Page Not Found: /index
ERROR - 2021-10-05 07:58:47 --> 404 Page Not Found: /index
ERROR - 2021-10-05 07:58:47 --> 404 Page Not Found: /index
ERROR - 2021-10-05 07:58:47 --> 404 Page Not Found: /index
ERROR - 2021-10-05 07:59:00 --> 404 Page Not Found: /index
ERROR - 2021-10-05 07:59:00 --> 404 Page Not Found: /index
ERROR - 2021-10-05 07:59:00 --> 404 Page Not Found: /index
ERROR - 2021-10-05 07:59:00 --> 404 Page Not Found: /index
ERROR - 2021-10-05 07:59:00 --> 404 Page Not Found: /index
ERROR - 2021-10-05 07:59:04 --> 404 Page Not Found: /index
ERROR - 2021-10-05 07:59:05 --> 404 Page Not Found: /index
ERROR - 2021-10-05 07:59:05 --> 404 Page Not Found: /index
ERROR - 2021-10-05 07:59:05 --> 404 Page Not Found: /index
ERROR - 2021-10-05 07:59:05 --> 404 Page Not Found: /index
ERROR - 2021-10-05 07:59:16 --> 404 Page Not Found: /index
ERROR - 2021-10-05 07:59:16 --> 404 Page Not Found: /index
ERROR - 2021-10-05 07:59:16 --> 404 Page Not Found: /index
ERROR - 2021-10-05 07:59:16 --> 404 Page Not Found: /index
ERROR - 2021-10-05 07:59:16 --> 404 Page Not Found: /index
ERROR - 2021-10-05 07:59:27 --> 404 Page Not Found: /index
ERROR - 2021-10-05 07:59:27 --> 404 Page Not Found: /index
ERROR - 2021-10-05 07:59:27 --> 404 Page Not Found: /index
ERROR - 2021-10-05 07:59:27 --> 404 Page Not Found: /index
ERROR - 2021-10-05 07:59:27 --> 404 Page Not Found: /index
ERROR - 2021-10-05 07:59:43 --> 404 Page Not Found: /index
ERROR - 2021-10-05 07:59:43 --> 404 Page Not Found: /index
ERROR - 2021-10-05 07:59:43 --> 404 Page Not Found: /index
ERROR - 2021-10-05 07:59:44 --> 404 Page Not Found: /index
ERROR - 2021-10-05 07:59:44 --> 404 Page Not Found: /index
ERROR - 2021-10-05 08:00:02 --> 404 Page Not Found: /index
ERROR - 2021-10-05 08:00:02 --> 404 Page Not Found: /index
ERROR - 2021-10-05 08:00:02 --> 404 Page Not Found: /index
ERROR - 2021-10-05 08:00:02 --> 404 Page Not Found: /index
ERROR - 2021-10-05 08:00:02 --> 404 Page Not Found: /index
ERROR - 2021-10-05 08:00:20 --> 404 Page Not Found: /index
ERROR - 2021-10-05 08:00:21 --> 404 Page Not Found: /index
ERROR - 2021-10-05 08:00:42 --> 404 Page Not Found: /index
ERROR - 2021-10-05 08:00:42 --> 404 Page Not Found: /index
ERROR - 2021-10-05 08:01:01 --> 404 Page Not Found: /index
ERROR - 2021-10-05 08:01:01 --> 404 Page Not Found: /index
ERROR - 2021-10-05 08:01:33 --> 404 Page Not Found: /index
ERROR - 2021-10-05 08:01:33 --> 404 Page Not Found: /index
ERROR - 2021-10-05 08:02:15 --> 404 Page Not Found: /index
ERROR - 2021-10-05 08:02:15 --> 404 Page Not Found: /index
ERROR - 2021-10-05 08:02:20 --> 404 Page Not Found: /index
ERROR - 2021-10-05 08:02:21 --> 404 Page Not Found: /index
ERROR - 2021-10-05 08:02:27 --> 404 Page Not Found: /index
ERROR - 2021-10-05 08:02:27 --> 404 Page Not Found: /index
ERROR - 2021-10-05 08:02:32 --> 404 Page Not Found: /index
ERROR - 2021-10-05 08:02:32 --> 404 Page Not Found: /index
ERROR - 2021-10-05 08:02:44 --> 404 Page Not Found: /index
ERROR - 2021-10-05 08:02:44 --> 404 Page Not Found: /index
ERROR - 2021-10-05 08:02:50 --> 404 Page Not Found: /index
ERROR - 2021-10-05 08:02:50 --> 404 Page Not Found: /index
ERROR - 2021-10-05 08:03:02 --> 404 Page Not Found: /index
ERROR - 2021-10-05 08:03:02 --> 404 Page Not Found: /index
ERROR - 2021-10-05 08:03:13 --> 404 Page Not Found: /index
ERROR - 2021-10-05 08:03:13 --> 404 Page Not Found: /index
ERROR - 2021-10-05 08:03:38 --> 404 Page Not Found: /index
ERROR - 2021-10-05 08:04:04 --> 404 Page Not Found: /index
ERROR - 2021-10-05 08:04:04 --> 404 Page Not Found: /index
ERROR - 2021-10-05 08:04:11 --> 404 Page Not Found: /index
ERROR - 2021-10-05 08:04:27 --> 404 Page Not Found: /index
ERROR - 2021-10-05 08:04:27 --> 404 Page Not Found: /index
ERROR - 2021-10-05 08:05:55 --> 404 Page Not Found: /index
ERROR - 2021-10-05 08:05:55 --> 404 Page Not Found: /index
ERROR - 2021-10-05 08:06:10 --> 404 Page Not Found: /index
ERROR - 2021-10-05 08:06:10 --> 404 Page Not Found: /index
ERROR - 2021-10-05 08:06:23 --> 404 Page Not Found: /index
ERROR - 2021-10-05 08:06:23 --> 404 Page Not Found: /index
ERROR - 2021-10-05 08:06:32 --> 404 Page Not Found: /index
ERROR - 2021-10-05 08:06:32 --> 404 Page Not Found: /index
ERROR - 2021-10-05 08:07:23 --> 404 Page Not Found: /index
ERROR - 2021-10-05 08:07:23 --> 404 Page Not Found: /index
ERROR - 2021-10-05 08:07:36 --> 404 Page Not Found: /index
ERROR - 2021-10-05 08:07:36 --> 404 Page Not Found: /index
ERROR - 2021-10-05 08:07:50 --> 404 Page Not Found: /index
ERROR - 2021-10-05 08:07:50 --> 404 Page Not Found: /index
ERROR - 2021-10-05 08:08:47 --> 404 Page Not Found: /index
ERROR - 2021-10-05 08:08:47 --> 404 Page Not Found: /index
ERROR - 2021-10-05 08:09:17 --> 404 Page Not Found: /index
ERROR - 2021-10-05 08:09:17 --> 404 Page Not Found: /index
ERROR - 2021-10-05 08:09:25 --> 404 Page Not Found: /index
ERROR - 2021-10-05 08:09:25 --> 404 Page Not Found: /index
ERROR - 2021-10-05 08:09:53 --> 404 Page Not Found: /index
ERROR - 2021-10-05 08:09:53 --> 404 Page Not Found: /index
ERROR - 2021-10-05 08:10:17 --> 404 Page Not Found: /index
ERROR - 2021-10-05 08:10:17 --> 404 Page Not Found: /index
ERROR - 2021-10-05 08:11:25 --> 404 Page Not Found: /index
ERROR - 2021-10-05 08:11:25 --> 404 Page Not Found: /index
ERROR - 2021-10-05 08:13:00 --> 404 Page Not Found: /index
ERROR - 2021-10-05 08:13:00 --> 404 Page Not Found: /index
ERROR - 2021-10-05 08:13:12 --> 404 Page Not Found: /index
ERROR - 2021-10-05 08:13:12 --> 404 Page Not Found: /index
ERROR - 2021-10-05 08:14:00 --> 404 Page Not Found: /index
ERROR - 2021-10-05 08:14:00 --> 404 Page Not Found: /index
ERROR - 2021-10-05 08:14:17 --> 404 Page Not Found: /index
ERROR - 2021-10-05 08:14:17 --> 404 Page Not Found: /index
ERROR - 2021-10-05 08:14:39 --> 404 Page Not Found: /index
ERROR - 2021-10-05 08:14:39 --> 404 Page Not Found: /index
ERROR - 2021-10-05 08:14:48 --> 404 Page Not Found: /index
ERROR - 2021-10-05 08:14:48 --> 404 Page Not Found: /index
ERROR - 2021-10-05 08:15:12 --> 404 Page Not Found: /index
ERROR - 2021-10-05 08:15:12 --> 404 Page Not Found: /index
ERROR - 2021-10-05 08:15:21 --> 404 Page Not Found: /index
ERROR - 2021-10-05 08:15:21 --> 404 Page Not Found: /index
ERROR - 2021-10-05 08:15:41 --> 404 Page Not Found: /index
ERROR - 2021-10-05 08:15:41 --> 404 Page Not Found: /index
ERROR - 2021-10-05 08:15:48 --> 404 Page Not Found: /index
ERROR - 2021-10-05 08:15:48 --> 404 Page Not Found: /index
ERROR - 2021-10-05 08:16:38 --> 404 Page Not Found: /index
ERROR - 2021-10-05 08:16:39 --> 404 Page Not Found: /index
ERROR - 2021-10-05 08:16:54 --> 404 Page Not Found: /index
ERROR - 2021-10-05 08:16:54 --> 404 Page Not Found: /index
ERROR - 2021-10-05 08:17:05 --> 404 Page Not Found: /index
ERROR - 2021-10-05 08:17:05 --> 404 Page Not Found: /index
ERROR - 2021-10-05 08:17:12 --> 404 Page Not Found: /index
ERROR - 2021-10-05 08:17:39 --> 404 Page Not Found: /index
ERROR - 2021-10-05 08:17:44 --> 404 Page Not Found: /index
ERROR - 2021-10-05 08:17:52 --> 404 Page Not Found: /index
ERROR - 2021-10-05 08:20:11 --> Severity: Notice --> Undefined property: CI::$order_m D:\WORK\PHP\KUMYO\www\app\third_party\MX\Controller.php 62
ERROR - 2021-10-05 08:20:11 --> Severity: error --> Exception: Call to a member function dashboardOrderList() on null D:\WORK\PHP\KUMYO\www\app\controllers\adm\Main.php 64
ERROR - 2021-10-05 08:20:11 --> 404 Page Not Found: /index
ERROR - 2021-10-05 08:20:17 --> Severity: Notice --> Undefined property: CI::$order_m D:\WORK\PHP\KUMYO\www\app\third_party\MX\Controller.php 62
ERROR - 2021-10-05 08:20:17 --> Severity: error --> Exception: Call to a member function dashboardOrderList() on null D:\WORK\PHP\KUMYO\www\app\controllers\adm\Main.php 64
ERROR - 2021-10-05 08:20:17 --> 404 Page Not Found: /index
ERROR - 2021-10-05 08:20:19 --> Severity: Notice --> Undefined property: CI::$order_m D:\WORK\PHP\KUMYO\www\app\third_party\MX\Controller.php 62
ERROR - 2021-10-05 08:20:19 --> Severity: error --> Exception: Call to a member function dashboardOrderList() on null D:\WORK\PHP\KUMYO\www\app\controllers\adm\Main.php 64
ERROR - 2021-10-05 08:20:19 --> 404 Page Not Found: /index
ERROR - 2021-10-05 08:20:20 --> Severity: Notice --> Undefined property: CI::$order_m D:\WORK\PHP\KUMYO\www\app\third_party\MX\Controller.php 62
ERROR - 2021-10-05 08:20:20 --> Severity: error --> Exception: Call to a member function dashboardOrderList() on null D:\WORK\PHP\KUMYO\www\app\controllers\adm\Main.php 64
ERROR - 2021-10-05 08:20:20 --> 404 Page Not Found: /index
ERROR - 2021-10-05 08:20:30 --> Severity: Notice --> Undefined property: CI_DB_mysqli_driver::$query D:\WORK\PHP\KUMYO\www\app\models\adm\Auction_m.php 879
ERROR - 2021-10-05 08:20:30 --> Severity: error --> Exception: Call to a member function result_array() on null D:\WORK\PHP\KUMYO\www\app\models\adm\Auction_m.php 879
ERROR - 2021-10-05 08:20:30 --> 404 Page Not Found: /index
ERROR - 2021-10-05 08:20:50 --> 404 Page Not Found: /index
ERROR - 2021-10-05 08:20:50 --> 404 Page Not Found: /index
ERROR - 2021-10-05 08:21:27 --> 404 Page Not Found: /index
ERROR - 2021-10-05 08:21:27 --> 404 Page Not Found: /index
ERROR - 2021-10-05 08:21:32 --> 404 Page Not Found: /index
ERROR - 2021-10-05 08:21:32 --> 404 Page Not Found: /index
ERROR - 2021-10-05 08:22:21 --> 404 Page Not Found: /index
ERROR - 2021-10-05 08:22:21 --> 404 Page Not Found: /index
ERROR - 2021-10-05 08:22:41 --> 404 Page Not Found: /index
ERROR - 2021-10-05 08:22:41 --> 404 Page Not Found: /index
ERROR - 2021-10-05 08:23:16 --> 404 Page Not Found: /index
ERROR - 2021-10-05 08:23:16 --> 404 Page Not Found: /index
ERROR - 2021-10-05 08:25:50 --> 404 Page Not Found: /index
ERROR - 2021-10-05 08:25:51 --> 404 Page Not Found: /index
ERROR - 2021-10-05 08:25:56 --> Severity: Notice --> Undefined index: name D:\WORK\PHP\KUMYO\www\app\views\adm\dashboard\main.php 110
ERROR - 2021-10-05 08:25:56 --> Severity: Notice --> Undefined index: name D:\WORK\PHP\KUMYO\www\app\views\adm\dashboard\main.php 110
ERROR - 2021-10-05 08:25:56 --> Severity: Notice --> Undefined index: name D:\WORK\PHP\KUMYO\www\app\views\adm\dashboard\main.php 110
ERROR - 2021-10-05 08:25:56 --> Severity: Notice --> Undefined index: name D:\WORK\PHP\KUMYO\www\app\views\adm\dashboard\main.php 110
ERROR - 2021-10-05 08:25:56 --> Severity: Notice --> Undefined index: name D:\WORK\PHP\KUMYO\www\app\views\adm\dashboard\main.php 110
ERROR - 2021-10-05 08:25:56 --> 404 Page Not Found: /index
ERROR - 2021-10-05 08:25:56 --> 404 Page Not Found: /index
ERROR - 2021-10-05 08:26:38 --> Severity: Notice --> Undefined variable: mem_id D:\WORK\PHP\KUMYO\www\app\views\adm\dashboard\main.php 122
ERROR - 2021-10-05 08:26:38 --> Severity: Notice --> Undefined variable: mem_id D:\WORK\PHP\KUMYO\www\app\views\adm\dashboard\main.php 122
ERROR - 2021-10-05 08:26:38 --> Severity: Notice --> Undefined variable: mem_id D:\WORK\PHP\KUMYO\www\app\views\adm\dashboard\main.php 122
ERROR - 2021-10-05 08:26:38 --> Severity: Notice --> Undefined variable: mem_id D:\WORK\PHP\KUMYO\www\app\views\adm\dashboard\main.php 122
ERROR - 2021-10-05 08:26:38 --> Severity: Notice --> Undefined variable: mem_id D:\WORK\PHP\KUMYO\www\app\views\adm\dashboard\main.php 122
ERROR - 2021-10-05 08:26:38 --> 404 Page Not Found: /index
ERROR - 2021-10-05 08:26:38 --> 404 Page Not Found: /index
ERROR - 2021-10-05 08:27:12 --> 404 Page Not Found: /index
ERROR - 2021-10-05 08:27:12 --> 404 Page Not Found: /index
ERROR - 2021-10-05 08:27:25 --> 404 Page Not Found: /index
ERROR - 2021-10-05 08:27:25 --> 404 Page Not Found: /index
ERROR - 2021-10-05 08:27:26 --> 404 Page Not Found: /index
ERROR - 2021-10-05 08:27:26 --> 404 Page Not Found: /index
ERROR - 2021-10-05 08:27:26 --> 404 Page Not Found: /index
ERROR - 2021-10-05 08:27:27 --> 404 Page Not Found: /index
ERROR - 2021-10-05 08:27:34 --> 404 Page Not Found: /index
ERROR - 2021-10-05 08:27:34 --> 404 Page Not Found: /index
ERROR - 2021-10-05 08:27:42 --> 404 Page Not Found: /index
ERROR - 2021-10-05 08:27:42 --> 404 Page Not Found: /index
