ERROR - 2021-08-17 20:00:18 --> 404 Page Not Found: /index
ERROR - 2021-08-17 20:03:15 --> 404 Page Not Found: /index
ERROR - 2021-08-17 20:03:32 --> 404 Page Not Found: /index
ERROR - 2021-08-17 20:03:34 --> 404 Page Not Found: /index
ERROR - 2021-08-17 20:06:37 --> 404 Page Not Found: /index
ERROR - 2021-08-17 20:06:51 --> 404 Page Not Found: /index
ERROR - 2021-08-17 20:07:49 --> 404 Page Not Found: /index
ERROR - 2021-08-17 20:08:05 --> 404 Page Not Found: /index
ERROR - 2021-08-17 20:08:17 --> 404 Page Not Found: /index
ERROR - 2021-08-17 20:09:41 --> 404 Page Not Found: /index
ERROR - 2021-08-17 20:09:43 --> 404 Page Not Found: /index
ERROR - 2021-08-17 20:10:01 --> 404 Page Not Found: /index
ERROR - 2021-08-17 20:11:29 --> 404 Page Not Found: /index
ERROR - 2021-08-17 20:11:43 --> 404 Page Not Found: /index
ERROR - 2021-08-17 20:12:03 --> 404 Page Not Found: /index
ERROR - 2021-08-17 20:13:45 --> 404 Page Not Found: /index
ERROR - 2021-08-17 20:13:51 --> 404 Page Not Found: /index
ERROR - 2021-08-17 20:13:57 --> 404 Page Not Found: /index
ERROR - 2021-08-17 20:15:39 --> 404 Page Not Found: /index
ERROR - 2021-08-17 20:15:55 --> 404 Page Not Found: /index
ERROR - 2021-08-17 20:16:10 --> 404 Page Not Found: /index
ERROR - 2021-08-17 20:16:34 --> 404 Page Not Found: /index
ERROR - 2021-08-17 20:18:35 --> 404 Page Not Found: /index
ERROR - 2021-08-17 20:22:23 --> 404 Page Not Found: /index
ERROR - 2021-08-17 20:22:54 --> 404 Page Not Found: /index
ERROR - 2021-08-17 20:33:30 --> 404 Page Not Found: /index
ERROR - 2021-08-17 20:38:12 --> 404 Page Not Found: /index
ERROR - 2021-08-17 20:39:02 --> 404 Page Not Found: /index
ERROR - 2021-08-17 20:39:36 --> 404 Page Not Found: /index
ERROR - 2021-08-17 20:40:01 --> 404 Page Not Found: /index
ERROR - 2021-08-17 20:41:06 --> 404 Page Not Found: /index
ERROR - 2021-08-17 20:41:33 --> 404 Page Not Found: /index
ERROR - 2021-08-17 20:41:49 --> 404 Page Not Found: /index
ERROR - 2021-08-17 20:42:00 --> 404 Page Not Found: /index
ERROR - 2021-08-17 20:42:45 --> 404 Page Not Found: /index
ERROR - 2021-08-17 20:43:08 --> 404 Page Not Found: /index
ERROR - 2021-08-17 20:43:32 --> 404 Page Not Found: /index
ERROR - 2021-08-17 20:44:06 --> 404 Page Not Found: /index
ERROR - 2021-08-17 20:45:12 --> 404 Page Not Found: /index
ERROR - 2021-08-17 20:45:29 --> 404 Page Not Found: /index
ERROR - 2021-08-17 20:45:36 --> 404 Page Not Found: /index
ERROR - 2021-08-17 20:46:36 --> 404 Page Not Found: /index
ERROR - 2021-08-17 20:46:50 --> 404 Page Not Found: /index
ERROR - 2021-08-17 20:47:06 --> 404 Page Not Found: /index
ERROR - 2021-08-17 20:48:22 --> 404 Page Not Found: /index
ERROR - 2021-08-17 20:48:59 --> 404 Page Not Found: /index
ERROR - 2021-08-17 20:49:34 --> 404 Page Not Found: /index
ERROR - 2021-08-17 20:49:44 --> 404 Page Not Found: /index
ERROR - 2021-08-17 20:49:53 --> 404 Page Not Found: /index
ERROR - 2021-08-17 20:51:16 --> 404 Page Not Found: /index
ERROR - 2021-08-17 20:52:03 --> 404 Page Not Found: /index
ERROR - 2021-08-17 20:52:38 --> 404 Page Not Found: /index
ERROR - 2021-08-17 20:53:37 --> 404 Page Not Found: /index
ERROR - 2021-08-17 21:14:42 --> 404 Page Not Found: /index
ERROR - 2021-08-17 21:14:58 --> 404 Page Not Found: /index
ERROR - 2021-08-17 21:16:50 --> 404 Page Not Found: /index
ERROR - 2021-08-17 21:16:57 --> 404 Page Not Found: /index
ERROR - 2021-08-17 21:17:07 --> 404 Page Not Found: /index
ERROR - 2021-08-17 21:17:16 --> 404 Page Not Found: /index
ERROR - 2021-08-17 21:17:30 --> 404 Page Not Found: /index
ERROR - 2021-08-17 21:17:40 --> 404 Page Not Found: /index
ERROR - 2021-08-17 21:17:53 --> 404 Page Not Found: /index
ERROR - 2021-08-17 21:18:15 --> 404 Page Not Found: /index
ERROR - 2021-08-17 21:18:53 --> 404 Page Not Found: /index
ERROR - 2021-08-17 21:20:28 --> 404 Page Not Found: /index
ERROR - 2021-08-17 21:20:42 --> 404 Page Not Found: /index
ERROR - 2021-08-17 21:21:00 --> 404 Page Not Found: /index
ERROR - 2021-08-17 21:21:35 --> 404 Page Not Found: /index
ERROR - 2021-08-17 21:22:01 --> 404 Page Not Found: /index
ERROR - 2021-08-17 21:22:27 --> 404 Page Not Found: /index
ERROR - 2021-08-17 21:22:34 --> 404 Page Not Found: /index
ERROR - 2021-08-17 21:23:06 --> 404 Page Not Found: /index
ERROR - 2021-08-17 21:23:33 --> 404 Page Not Found: /index
ERROR - 2021-08-17 21:23:58 --> 404 Page Not Found: /index
ERROR - 2021-08-17 21:24:52 --> 404 Page Not Found: /index
ERROR - 2021-08-17 21:25:14 --> 404 Page Not Found: /index
ERROR - 2021-08-17 21:25:54 --> 404 Page Not Found: /index
ERROR - 2021-08-17 21:26:24 --> 404 Page Not Found: /index
ERROR - 2021-08-17 21:26:54 --> 404 Page Not Found: /index
ERROR - 2021-08-17 21:27:15 --> 404 Page Not Found: /index
ERROR - 2021-08-17 21:27:57 --> 404 Page Not Found: /index
ERROR - 2021-08-17 21:28:02 --> 404 Page Not Found: /index
ERROR - 2021-08-17 21:28:09 --> Severity: error --> Exception: Call to undefined method Auction::index() D:\WORK\PHP\KUMYO\www\app\controllers\web\Auction.php 39
ERROR - 2021-08-17 21:28:13 --> Severity: error --> Exception: Call to undefined method Shop::index() D:\WORK\PHP\KUMYO\www\app\controllers\web\Shop.php 39
ERROR - 2021-08-17 21:28:45 --> 404 Page Not Found: /index
ERROR - 2021-08-17 21:28:53 --> 404 Page Not Found: /index
ERROR - 2021-08-17 21:29:25 --> 404 Page Not Found: /index
ERROR - 2021-08-17 21:30:18 --> 404 Page Not Found: /index
ERROR - 2021-08-17 21:31:35 --> 404 Page Not Found: /index
ERROR - 2021-08-17 21:32:05 --> 404 Page Not Found: /index
ERROR - 2021-08-17 21:32:20 --> 404 Page Not Found: /index
ERROR - 2021-08-17 21:32:32 --> 404 Page Not Found: /index
ERROR - 2021-08-17 21:32:43 --> 404 Page Not Found: /index
ERROR - 2021-08-17 21:33:10 --> 404 Page Not Found: /index
ERROR - 2021-08-17 21:33:21 --> 404 Page Not Found: /index
ERROR - 2021-08-17 21:33:41 --> 404 Page Not Found: /index
ERROR - 2021-08-17 21:33:58 --> 404 Page Not Found: /index
ERROR - 2021-08-17 21:34:53 --> 404 Page Not Found: /index
ERROR - 2021-08-17 21:35:06 --> 404 Page Not Found: /index
ERROR - 2021-08-17 21:35:17 --> 404 Page Not Found: /index
ERROR - 2021-08-17 21:36:18 --> 404 Page Not Found: /index
ERROR - 2021-08-17 21:36:57 --> 404 Page Not Found: /index
ERROR - 2021-08-17 21:37:25 --> 404 Page Not Found: /index
ERROR - 2021-08-17 21:37:48 --> 404 Page Not Found: /index
ERROR - 2021-08-17 21:38:28 --> 404 Page Not Found: /index
ERROR - 2021-08-17 21:38:51 --> 404 Page Not Found: /index
ERROR - 2021-08-17 21:39:52 --> 404 Page Not Found: /index
ERROR - 2021-08-17 21:40:04 --> 404 Page Not Found: /index
ERROR - 2021-08-17 21:40:29 --> 404 Page Not Found: /index
ERROR - 2021-08-17 21:41:08 --> 404 Page Not Found: /index
ERROR - 2021-08-17 21:41:30 --> 404 Page Not Found: /index
ERROR - 2021-08-17 21:41:37 --> 404 Page Not Found: /index
ERROR - 2021-08-17 21:42:24 --> 404 Page Not Found: /index
ERROR - 2021-08-17 21:42:33 --> 404 Page Not Found: /index
ERROR - 2021-08-17 21:42:47 --> 404 Page Not Found: /index
ERROR - 2021-08-17 21:42:58 --> 404 Page Not Found: /index
ERROR - 2021-08-17 21:43:10 --> 404 Page Not Found: /index
ERROR - 2021-08-17 21:43:23 --> 404 Page Not Found: /index
ERROR - 2021-08-17 21:45:38 --> 404 Page Not Found: /index
ERROR - 2021-08-17 21:45:52 --> 404 Page Not Found: /index
ERROR - 2021-08-17 21:46:04 --> 404 Page Not Found: /index
ERROR - 2021-08-17 21:48:12 --> 404 Page Not Found: /index
ERROR - 2021-08-17 21:48:37 --> 404 Page Not Found: /index
ERROR - 2021-08-17 21:49:35 --> 404 Page Not Found: /index
ERROR - 2021-08-17 21:50:57 --> 404 Page Not Found: /index
ERROR - 2021-08-17 21:51:29 --> 404 Page Not Found: /index
ERROR - 2021-08-17 21:53:33 --> Severity: error --> Exception: Call to undefined method Auction::index() D:\WORK\PHP\KUMYO\www\app\controllers\web\Auction.php 39
ERROR - 2021-08-17 21:53:38 --> Severity: error --> Exception: Call to undefined method Shop::index() D:\WORK\PHP\KUMYO\www\app\controllers\web\Shop.php 39
ERROR - 2021-08-17 21:54:31 --> Severity: error --> Exception: Call to undefined method Shop::index() D:\WORK\PHP\KUMYO\www\app\controllers\web\Shop.php 39
ERROR - 2021-08-17 21:54:32 --> Severity: error --> Exception: Call to undefined method Shop::index() D:\WORK\PHP\KUMYO\www\app\controllers\web\Shop.php 39
ERROR - 2021-08-17 21:55:01 --> Severity: error --> Exception: Call to undefined method Shop::index() D:\WORK\PHP\KUMYO\www\app\controllers\web\Shop.php 39
ERROR - 2021-08-17 21:56:02 --> 404 Page Not Found: web/Images/cart
ERROR - 2021-08-17 21:57:02 --> 404 Page Not Found: web/Images/cart
ERROR - 2021-08-17 21:58:02 --> 404 Page Not Found: web/Images/cart
ERROR - 2021-08-17 21:59:02 --> 404 Page Not Found: web/Images/cart
ERROR - 2021-08-17 22:00:02 --> 404 Page Not Found: web/Images/cart
ERROR - 2021-08-17 22:01:02 --> 404 Page Not Found: web/Images/cart
ERROR - 2021-08-17 22:02:02 --> 404 Page Not Found: web/Images/cart
ERROR - 2021-08-17 22:02:40 --> 404 Page Not Found: web/Images/cart
ERROR - 2021-08-17 22:03:02 --> 404 Page Not Found: web/Images/cart
ERROR - 2021-08-17 22:03:32 --> 404 Page Not Found: /index
ERROR - 2021-08-17 22:03:51 --> 404 Page Not Found: /index
ERROR - 2021-08-17 22:04:02 --> 404 Page Not Found: web/Images/cart
ERROR - 2021-08-17 22:04:13 --> 404 Page Not Found: /index
ERROR - 2021-08-17 22:04:26 --> 404 Page Not Found: /index
ERROR - 2021-08-17 22:04:48 --> 404 Page Not Found: /index
ERROR - 2021-08-17 22:04:50 --> 404 Page Not Found: /index
ERROR - 2021-08-17 22:05:02 --> 404 Page Not Found: web/Images/cart
ERROR - 2021-08-17 22:05:14 --> 404 Page Not Found: /index
ERROR - 2021-08-17 22:05:50 --> 404 Page Not Found: /index
ERROR - 2021-08-17 22:06:02 --> 404 Page Not Found: web/Images/cart
ERROR - 2021-08-17 22:06:43 --> 404 Page Not Found: /index
ERROR - 2021-08-17 22:07:02 --> 404 Page Not Found: web/Images/cart
ERROR - 2021-08-17 22:08:02 --> 404 Page Not Found: web/Images/cart
ERROR - 2021-08-17 22:08:13 --> 404 Page Not Found: /index
ERROR - 2021-08-17 22:08:40 --> 404 Page Not Found: /index
ERROR - 2021-08-17 22:09:02 --> 404 Page Not Found: web/Images/cart
ERROR - 2021-08-17 22:09:13 --> 404 Page Not Found: web/Images/cart
ERROR - 2021-08-17 22:09:19 --> 404 Page Not Found: /index
ERROR - 2021-08-17 22:09:23 --> 404 Page Not Found: /index
ERROR - 2021-08-17 22:10:02 --> 404 Page Not Found: web/Images/cart
ERROR - 2021-08-17 22:10:23 --> 404 Page Not Found: /index
ERROR - 2021-08-17 22:11:02 --> 404 Page Not Found: web/Images/cart
ERROR - 2021-08-17 22:11:26 --> Severity: error --> Exception: Call to undefined method Shop::index() D:\WORK\PHP\KUMYO\www\app\controllers\web\Shop.php 39
ERROR - 2021-08-17 22:12:02 --> 404 Page Not Found: web/Images/cart
ERROR - 2021-08-17 22:12:15 --> 404 Page Not Found: /index
ERROR - 2021-08-17 22:12:23 --> 404 Page Not Found: /index
ERROR - 2021-08-17 22:13:02 --> 404 Page Not Found: web/Images/cart
ERROR - 2021-08-17 22:13:29 --> Severity: error --> Exception: Call to undefined method Auction::index() D:\WORK\PHP\KUMYO\www\app\controllers\web\Auction.php 39
ERROR - 2021-08-17 22:13:37 --> 404 Page Not Found: /index
ERROR - 2021-08-17 22:13:51 --> 404 Page Not Found: web/Vendor/fontawesome-free
ERROR - 2021-08-17 22:13:51 --> 404 Page Not Found: web/Vendor/animate
ERROR - 2021-08-17 22:13:51 --> 404 Page Not Found: web/Vendor/magnific-popup
ERROR - 2021-08-17 22:13:51 --> 404 Page Not Found: web/Vendor/owl-carousel
ERROR - 2021-08-17 22:13:51 --> 404 Page Not Found: web/Vendor/photoswipe
ERROR - 2021-08-17 22:13:51 --> 404 Page Not Found: web/Vendor/photoswipe
ERROR - 2021-08-17 22:13:51 --> 404 Page Not Found: web/Css/style.min.css
ERROR - 2021-08-17 22:13:51 --> 404 Page Not Found: web/Vendor/jquery
ERROR - 2021-08-17 22:13:51 --> 404 Page Not Found: web/Images/logo.png
ERROR - 2021-08-17 22:13:51 --> 404 Page Not Found: web/Images/cart
ERROR - 2021-08-17 22:13:51 --> 404 Page Not Found: web/Images/cart
ERROR - 2021-08-17 22:13:52 --> 404 Page Not Found: web/Vendor/sticky
ERROR - 2021-08-17 22:13:52 --> 404 Page Not Found: web/Vendor/imagesloaded
ERROR - 2021-08-17 22:13:52 --> 404 Page Not Found: web/Vendor/magnific-popup
ERROR - 2021-08-17 22:13:52 --> 404 Page Not Found: web/Vendor/owl-carousel
ERROR - 2021-08-17 22:13:52 --> 404 Page Not Found: web/Vendor/elevatezoom
ERROR - 2021-08-17 22:13:52 --> 404 Page Not Found: web/Vendor/photoswipe
ERROR - 2021-08-17 22:13:52 --> 404 Page Not Found: web/Vendor/photoswipe
ERROR - 2021-08-17 22:13:52 --> 404 Page Not Found: web/Js/main.min.js
ERROR - 2021-08-17 22:13:52 --> 404 Page Not Found: web/Images/menu
ERROR - 2021-08-17 22:13:52 --> 404 Page Not Found: web/Images/menu
ERROR - 2021-08-17 22:13:52 --> 404 Page Not Found: web/Images/product
ERROR - 2021-08-17 22:13:52 --> 404 Page Not Found: web/Images/product
ERROR - 2021-08-17 22:13:52 --> 404 Page Not Found: web/Images/product
ERROR - 2021-08-17 22:13:52 --> 404 Page Not Found: web/Images/product
ERROR - 2021-08-17 22:13:52 --> 404 Page Not Found: web/Images/product
ERROR - 2021-08-17 22:13:52 --> 404 Page Not Found: web/Images/product
ERROR - 2021-08-17 22:13:52 --> 404 Page Not Found: web/Images/product
ERROR - 2021-08-17 22:13:52 --> 404 Page Not Found: web/Images/product
ERROR - 2021-08-17 22:13:52 --> 404 Page Not Found: web/Images/product
ERROR - 2021-08-17 22:13:52 --> 404 Page Not Found: web/Images/product
ERROR - 2021-08-17 22:13:52 --> 404 Page Not Found: web/Images/product
ERROR - 2021-08-17 22:13:52 --> 404 Page Not Found: web/Images/product
ERROR - 2021-08-17 22:13:52 --> 404 Page Not Found: web/Images/blog
ERROR - 2021-08-17 22:13:52 --> 404 Page Not Found: web/Images/blog
ERROR - 2021-08-17 22:13:52 --> 404 Page Not Found: web/Images/product
ERROR - 2021-08-17 22:13:52 --> 404 Page Not Found: web/Images/product
ERROR - 2021-08-17 22:13:52 --> 404 Page Not Found: web/Images/product
ERROR - 2021-08-17 22:13:52 --> 404 Page Not Found: web/Images/product
ERROR - 2021-08-17 22:13:52 --> 404 Page Not Found: web/Images/logo-footer.png
ERROR - 2021-08-17 22:13:52 --> 404 Page Not Found: web/Images/instagram
ERROR - 2021-08-17 22:13:52 --> 404 Page Not Found: web/Images/instagram
ERROR - 2021-08-17 22:13:52 --> 404 Page Not Found: web/Images/instagram
ERROR - 2021-08-17 22:13:52 --> 404 Page Not Found: web/Images/instagram
ERROR - 2021-08-17 22:13:52 --> 404 Page Not Found: web/Images/instagram
ERROR - 2021-08-17 22:13:52 --> 404 Page Not Found: web/Images/instagram
ERROR - 2021-08-17 22:13:52 --> 404 Page Not Found: web/Images/instagram
ERROR - 2021-08-17 22:13:52 --> 404 Page Not Found: web/Images/instagram
ERROR - 2021-08-17 22:13:52 --> 404 Page Not Found: web/Images/payment.png
ERROR - 2021-08-17 22:13:52 --> 404 Page Not Found: web/Js/webfont.js
ERROR - 2021-08-17 22:14:02 --> 404 Page Not Found: web/Images/cart
ERROR - 2021-08-17 22:15:00 --> 404 Page Not Found: /index
ERROR - 2021-08-17 22:15:02 --> 404 Page Not Found: web/Images/cart
ERROR - 2021-08-17 22:15:44 --> 404 Page Not Found: /index
ERROR - 2021-08-17 22:16:02 --> 404 Page Not Found: web/Images/cart
ERROR - 2021-08-17 22:16:04 --> 404 Page Not Found: /index
ERROR - 2021-08-17 22:16:11 --> 404 Page Not Found: /index
ERROR - 2021-08-17 22:16:40 --> 404 Page Not Found: /index
ERROR - 2021-08-17 22:17:02 --> 404 Page Not Found: web/Images/cart
ERROR - 2021-08-17 22:17:26 --> 404 Page Not Found: /index
ERROR - 2021-08-17 22:17:37 --> 404 Page Not Found: /index
ERROR - 2021-08-17 22:17:59 --> 404 Page Not Found: /index
ERROR - 2021-08-17 22:18:02 --> 404 Page Not Found: web/Images/cart
ERROR - 2021-08-17 22:18:16 --> 404 Page Not Found: /index
ERROR - 2021-08-17 22:18:53 --> 404 Page Not Found: /index
ERROR - 2021-08-17 22:19:02 --> 404 Page Not Found: web/Images/cart
ERROR - 2021-08-17 22:19:04 --> 404 Page Not Found: /index
ERROR - 2021-08-17 22:19:08 --> 404 Page Not Found: /index
ERROR - 2021-08-17 22:19:19 --> 404 Page Not Found: /index
ERROR - 2021-08-17 22:19:24 --> 404 Page Not Found: /index
ERROR - 2021-08-17 22:19:54 --> 404 Page Not Found: /index
ERROR - 2021-08-17 22:20:02 --> 404 Page Not Found: web/Images/cart
ERROR - 2021-08-17 22:20:07 --> 404 Page Not Found: /index
ERROR - 2021-08-17 22:20:10 --> 404 Page Not Found: /index
ERROR - 2021-08-17 22:20:38 --> 404 Page Not Found: /index
ERROR - 2021-08-17 22:20:45 --> 404 Page Not Found: /index
ERROR - 2021-08-17 22:21:02 --> 404 Page Not Found: web/Images/cart
ERROR - 2021-08-17 22:21:20 --> 404 Page Not Found: /index
ERROR - 2021-08-17 22:21:54 --> 404 Page Not Found: /index
ERROR - 2021-08-17 22:22:02 --> 404 Page Not Found: web/Images/cart
ERROR - 2021-08-17 22:22:06 --> 404 Page Not Found: /index
ERROR - 2021-08-17 22:22:38 --> 404 Page Not Found: /index
ERROR - 2021-08-17 22:22:45 --> 404 Page Not Found: /index
ERROR - 2021-08-17 22:23:02 --> 404 Page Not Found: web/Images/cart
ERROR - 2021-08-17 22:23:04 --> 404 Page Not Found: /index
ERROR - 2021-08-17 22:23:48 --> 404 Page Not Found: /index
ERROR - 2021-08-17 22:24:02 --> 404 Page Not Found: web/Images/cart
ERROR - 2021-08-17 22:24:56 --> Severity: error --> Exception: Call to undefined method Contactus::index() D:\WORK\PHP\KUMYO\www\app\controllers\web\Contactus.php 39
ERROR - 2021-08-17 22:25:02 --> 404 Page Not Found: web/Images/cart
ERROR - 2021-08-17 22:25:51 --> 404 Page Not Found: /index
ERROR - 2021-08-17 22:26:00 --> 404 Page Not Found: /index
ERROR - 2021-08-17 22:26:02 --> 404 Page Not Found: web/Images/cart
ERROR - 2021-08-17 22:26:52 --> 404 Page Not Found: /index
ERROR - 2021-08-17 22:27:02 --> 404 Page Not Found: web/Images/cart
ERROR - 2021-08-17 22:27:07 --> 404 Page Not Found: /index
ERROR - 2021-08-17 22:27:23 --> 404 Page Not Found: /index
ERROR - 2021-08-17 22:27:41 --> 404 Page Not Found: /index
ERROR - 2021-08-17 22:28:02 --> 404 Page Not Found: web/Images/cart
ERROR - 2021-08-17 22:28:06 --> 404 Page Not Found: /index
ERROR - 2021-08-17 22:28:30 --> 404 Page Not Found: /index
ERROR - 2021-08-17 22:29:01 --> 404 Page Not Found: /index
ERROR - 2021-08-17 22:29:02 --> 404 Page Not Found: web/Images/cart
ERROR - 2021-08-17 22:29:54 --> 404 Page Not Found: /index
ERROR - 2021-08-17 22:30:02 --> 404 Page Not Found: web/Images/cart
