ERROR - 2021-09-13 21:31:56 --> 404 Page Not Found: /index
ERROR - 2021-09-13 21:32:16 --> 404 Page Not Found: /index
ERROR - 2021-09-13 21:33:16 --> 404 Page Not Found: web/Images/cart
ERROR - 2021-09-13 21:33:52 --> 404 Page Not Found: /index
ERROR - 2021-09-13 21:33:54 --> 404 Page Not Found: /index
ERROR - 2021-09-13 21:33:54 --> 404 Page Not Found: /index
ERROR - 2021-09-13 21:34:07 --> 404 Page Not Found: /index
ERROR - 2021-09-13 21:35:07 --> 404 Page Not Found: web/Images/cart
ERROR - 2021-09-13 21:36:07 --> 404 Page Not Found: web/Images/cart
ERROR - 2021-09-13 21:37:07 --> 404 Page Not Found: web/Images/cart
ERROR - 2021-09-13 21:38:07 --> 404 Page Not Found: web/Images/cart
ERROR - 2021-09-13 21:39:07 --> 404 Page Not Found: web/Images/cart
ERROR - 2021-09-13 21:40:07 --> 404 Page Not Found: web/Images/cart
ERROR - 2021-09-13 21:41:07 --> 404 Page Not Found: web/Images/cart
ERROR - 2021-09-13 21:42:07 --> 404 Page Not Found: web/Images/cart
ERROR - 2021-09-13 21:43:07 --> 404 Page Not Found: web/Images/cart
ERROR - 2021-09-13 21:44:07 --> 404 Page Not Found: web/Images/cart
ERROR - 2021-09-13 21:45:07 --> 404 Page Not Found: web/Images/cart
ERROR - 2021-09-13 21:46:07 --> 404 Page Not Found: web/Images/cart
ERROR - 2021-09-13 21:47:07 --> 404 Page Not Found: web/Images/cart
ERROR - 2021-09-13 21:48:07 --> 404 Page Not Found: web/Images/cart
ERROR - 2021-09-13 21:49:07 --> 404 Page Not Found: web/Images/cart
ERROR - 2021-09-13 21:50:07 --> 404 Page Not Found: web/Images/cart
ERROR - 2021-09-13 21:51:25 --> 404 Page Not Found: /index
ERROR - 2021-09-13 21:55:24 --> 404 Page Not Found: /index
ERROR - 2021-09-13 21:57:23 --> 404 Page Not Found: /index
ERROR - 2021-09-13 21:59:27 --> 404 Page Not Found: /index
ERROR - 2021-09-13 21:59:46 --> 404 Page Not Found: /index
ERROR - 2021-09-13 22:00:34 --> 404 Page Not Found: /index
ERROR - 2021-09-13 22:01:00 --> 404 Page Not Found: /index
ERROR - 2021-09-13 22:02:32 --> 404 Page Not Found: /index
ERROR - 2021-09-13 22:02:47 --> 404 Page Not Found: /index
ERROR - 2021-09-13 22:04:43 --> 404 Page Not Found: /index
ERROR - 2021-09-13 22:04:53 --> 404 Page Not Found: /index
ERROR - 2021-09-13 22:06:12 --> 404 Page Not Found: /index
ERROR - 2021-09-13 22:06:22 --> 404 Page Not Found: /index
ERROR - 2021-09-13 22:06:46 --> 404 Page Not Found: /index
ERROR - 2021-09-13 22:07:31 --> 404 Page Not Found: /index
ERROR - 2021-09-13 22:13:15 --> 404 Page Not Found: /index
ERROR - 2021-09-13 22:13:20 --> Severity: Notice --> Undefined variable: mypage_title D:\WORK\PHP\KUMYO\www\app\views\web\mypage\myauction_search_list.php 7
ERROR - 2021-09-13 22:13:20 --> Severity: Notice --> Undefined variable: mypage_title D:\WORK\PHP\KUMYO\www\app\views\web\mypage\myauction_search_list.php 13
ERROR - 2021-09-13 22:13:25 --> Severity: Notice --> Undefined variable: mypage_title D:\WORK\PHP\KUMYO\www\app\views\web\mypage\myauction_search_list.php 7
ERROR - 2021-09-13 22:13:25 --> Severity: Notice --> Undefined variable: mypage_title D:\WORK\PHP\KUMYO\www\app\views\web\mypage\myauction_search_list.php 13
ERROR - 2021-09-13 22:13:37 --> 404 Page Not Found: /index
ERROR - 2021-09-13 22:14:10 --> 404 Page Not Found: /index
ERROR - 2021-09-13 22:14:57 --> 404 Page Not Found: /index
ERROR - 2021-09-13 22:15:04 --> 404 Page Not Found: /index
ERROR - 2021-09-13 22:15:34 --> 404 Page Not Found: /index
ERROR - 2021-09-13 22:15:47 --> 404 Page Not Found: /index
ERROR - 2021-09-13 22:15:51 --> 404 Page Not Found: /index
ERROR - 2021-09-13 22:16:09 --> 404 Page Not Found: /index
ERROR - 2021-09-13 22:16:10 --> 404 Page Not Found: /index
ERROR - 2021-09-13 22:16:28 --> 404 Page Not Found: /index
ERROR - 2021-09-13 22:16:29 --> 404 Page Not Found: /index
ERROR - 2021-09-13 22:17:03 --> 404 Page Not Found: /index
ERROR - 2021-09-13 22:17:19 --> 404 Page Not Found: /index
ERROR - 2021-09-13 22:17:32 --> 404 Page Not Found: /index
ERROR - 2021-09-13 22:18:13 --> 404 Page Not Found: /index
ERROR - 2021-09-13 22:18:20 --> 404 Page Not Found: /index
ERROR - 2021-09-13 22:18:43 --> 404 Page Not Found: /index
ERROR - 2021-09-13 22:18:48 --> 404 Page Not Found: /index
ERROR - 2021-09-13 22:19:18 --> 404 Page Not Found: /index
ERROR - 2021-09-13 22:19:20 --> 404 Page Not Found: /index
ERROR - 2021-09-13 22:19:43 --> 404 Page Not Found: /index
ERROR - 2021-09-13 22:19:44 --> 404 Page Not Found: /index
ERROR - 2021-09-13 22:20:39 --> 404 Page Not Found: /index
ERROR - 2021-09-13 22:20:55 --> 404 Page Not Found: /index
ERROR - 2021-09-13 22:21:02 --> 404 Page Not Found: /index
ERROR - 2021-09-13 22:21:22 --> 404 Page Not Found: /index
ERROR - 2021-09-13 22:21:27 --> 404 Page Not Found: /index
ERROR - 2021-09-13 22:22:24 --> 404 Page Not Found: /index
ERROR - 2021-09-13 22:22:38 --> 404 Page Not Found: /index
ERROR - 2021-09-13 22:22:45 --> 404 Page Not Found: /index
ERROR - 2021-09-13 22:23:10 --> 404 Page Not Found: /index
ERROR - 2021-09-13 22:24:41 --> 404 Page Not Found: /index
ERROR - 2021-09-13 22:25:23 --> 404 Page Not Found: /index
ERROR - 2021-09-13 22:26:27 --> 404 Page Not Found: /index
ERROR - 2021-09-13 22:26:40 --> 404 Page Not Found: /index
ERROR - 2021-09-13 22:27:23 --> 404 Page Not Found: /index
ERROR - 2021-09-13 22:28:24 --> Severity: error --> Exception: Call to undefined method Shop::index() D:\WORK\PHP\KUMYO\www\app\controllers\web\Shop.php 42
ERROR - 2021-09-13 22:29:01 --> 404 Page Not Found: /index
ERROR - 2021-09-13 22:29:11 --> 404 Page Not Found: /index
ERROR - 2021-09-13 22:29:33 --> Severity: error --> Exception: Call to undefined method Shop::index() D:\WORK\PHP\KUMYO\www\app\controllers\web\Shop.php 42
ERROR - 2021-09-13 22:30:45 --> 404 Page Not Found: /index
ERROR - 2021-09-13 22:30:50 --> 404 Page Not Found: /index
ERROR - 2021-09-13 22:31:13 --> 404 Page Not Found: /index
ERROR - 2021-09-13 22:31:51 --> 404 Page Not Found: /index
ERROR - 2021-09-13 22:31:57 --> 404 Page Not Found: /index
ERROR - 2021-09-13 22:32:10 --> 404 Page Not Found: /index
ERROR - 2021-09-13 22:33:10 --> Severity: error --> Exception: Call to undefined method Shop::index() D:\WORK\PHP\KUMYO\www\app\controllers\web\Shop.php 42
ERROR - 2021-09-13 22:34:10 --> Severity: error --> Exception: Call to undefined method Shop::index() D:\WORK\PHP\KUMYO\www\app\controllers\web\Shop.php 42
ERROR - 2021-09-13 22:34:49 --> 404 Page Not Found: /index
ERROR - 2021-09-13 22:35:02 --> 404 Page Not Found: /index
ERROR - 2021-09-13 22:35:33 --> 404 Page Not Found: /index
ERROR - 2021-09-13 22:35:36 --> 404 Page Not Found: /index
ERROR - 2021-09-13 22:35:44 --> 404 Page Not Found: /index
ERROR - 2021-09-13 22:36:10 --> 404 Page Not Found: /index
ERROR - 2021-09-13 22:36:17 --> 404 Page Not Found: /index
ERROR - 2021-09-13 22:36:28 --> 404 Page Not Found: /index
ERROR - 2021-09-13 22:36:37 --> 404 Page Not Found: /index
ERROR - 2021-09-13 22:36:45 --> 404 Page Not Found: /index
ERROR - 2021-09-13 22:37:29 --> 404 Page Not Found: web/Images/newsletter-popup.jpg
ERROR - 2021-09-13 22:37:29 --> 404 Page Not Found: /index
ERROR - 2021-09-13 22:37:50 --> 404 Page Not Found: /index
ERROR - 2021-09-13 22:38:28 --> 404 Page Not Found: /index
ERROR - 2021-09-13 22:39:28 --> 404 Page Not Found: web/Images/cart
ERROR - 2021-09-13 22:39:45 --> 404 Page Not Found: web/Images/cart
ERROR - 2021-09-13 22:40:33 --> 404 Page Not Found: web/Images/cart
ERROR - 2021-09-13 22:40:45 --> 404 Page Not Found: web/Images/cart
ERROR - 2021-09-13 22:41:33 --> 404 Page Not Found: web/Images/cart
ERROR - 2021-09-13 22:41:39 --> 404 Page Not Found: /index
ERROR - 2021-09-13 22:42:17 --> 404 Page Not Found: web/Images/newsletter-popup.jpg
ERROR - 2021-09-13 22:42:17 --> 404 Page Not Found: /index
ERROR - 2021-09-13 22:42:26 --> 404 Page Not Found: /index
ERROR - 2021-09-13 22:42:56 --> 404 Page Not Found: /index
ERROR - 2021-09-13 22:43:11 --> 404 Page Not Found: /index
ERROR - 2021-09-13 22:43:29 --> 404 Page Not Found: /index
ERROR - 2021-09-13 22:44:15 --> 404 Page Not Found: /index
ERROR - 2021-09-13 22:44:47 --> 404 Page Not Found: web/Images/newsletter-popup.jpg
ERROR - 2021-09-13 22:44:48 --> 404 Page Not Found: /index
ERROR - 2021-09-13 22:45:00 --> 404 Page Not Found: /index
ERROR - 2021-09-13 22:45:01 --> 404 Page Not Found: /index
ERROR - 2021-09-13 22:45:10 --> 404 Page Not Found: /index
ERROR - 2021-09-13 22:46:23 --> 404 Page Not Found: /index
ERROR - 2021-09-13 22:46:30 --> 404 Page Not Found: /index
ERROR - 2021-09-13 22:46:36 --> 404 Page Not Found: /index
ERROR - 2021-09-13 22:47:21 --> 404 Page Not Found: /index
ERROR - 2021-09-13 22:47:28 --> 404 Page Not Found: /index
ERROR - 2021-09-13 22:47:34 --> 404 Page Not Found: /index
ERROR - 2021-09-13 22:47:41 --> 404 Page Not Found: /index
ERROR - 2021-09-13 22:48:00 --> 404 Page Not Found: /index
ERROR - 2021-09-13 22:49:00 --> Severity: error --> Exception: Call to undefined method Shop::index() D:\WORK\PHP\KUMYO\www\app\controllers\web\Shop.php 42
ERROR - 2021-09-13 22:50:00 --> Severity: error --> Exception: Call to undefined method Shop::index() D:\WORK\PHP\KUMYO\www\app\controllers\web\Shop.php 42
ERROR - 2021-09-13 22:50:39 --> Severity: error --> Exception: Call to undefined method Shop::index() D:\WORK\PHP\KUMYO\www\app\controllers\web\Shop.php 42
ERROR - 2021-09-13 22:50:39 --> 404 Page Not Found: /index
ERROR - 2021-09-13 22:51:39 --> Severity: error --> Exception: Call to undefined method Shop::index() D:\WORK\PHP\KUMYO\www\app\controllers\web\Shop.php 42
ERROR - 2021-09-13 22:51:54 --> 404 Page Not Found: /index
ERROR - 2021-09-13 22:52:11 --> 404 Page Not Found: /index
ERROR - 2021-09-13 22:52:18 --> 404 Page Not Found: /index
ERROR - 2021-09-13 22:52:48 --> 404 Page Not Found: /index
ERROR - 2021-09-13 22:53:58 --> Severity: error --> Exception: Call to undefined method Shop::index() D:\WORK\PHP\KUMYO\www\app\controllers\web\Shop.php 42
ERROR - 2021-09-13 22:54:26 --> 404 Page Not Found: /index
ERROR - 2021-09-13 22:54:32 --> 404 Page Not Found: /index
ERROR - 2021-09-13 22:54:49 --> Query error: Column 'wdate' in where clause is ambiguous - Invalid query: SELECT COUNT(S.shop_seq) as cnt FROM  ky_shop_brand S INNER JOIN ky_shop_category C ON(S.category = C.code)  WHERE  1=1  AND  wdate BETWEEN '2021-09-12' AND '2021-09-12'
ERROR - 2021-09-13 22:55:32 --> Severity: error --> Exception: Call to undefined method Shop::index() D:\WORK\PHP\KUMYO\www\app\controllers\web\Shop.php 42
ERROR - 2021-09-13 22:55:33 --> 404 Page Not Found: /index
ERROR - 2021-09-13 22:56:32 --> Severity: error --> Exception: Call to undefined method Shop::index() D:\WORK\PHP\KUMYO\www\app\controllers\web\Shop.php 42
ERROR - 2021-09-13 22:56:39 --> 404 Page Not Found: /index
ERROR - 2021-09-13 22:58:21 --> 404 Page Not Found: /index
ERROR - 2021-09-13 22:58:27 --> 404 Page Not Found: /index
ERROR - 2021-09-13 22:59:36 --> Severity: error --> Exception: Call to undefined method Shop::index() D:\WORK\PHP\KUMYO\www\app\controllers\web\Shop.php 42
ERROR - 2021-09-13 23:01:38 --> Severity: error --> Exception: Call to undefined method Shop::index() D:\WORK\PHP\KUMYO\www\app\controllers\web\Shop.php 42
ERROR - 2021-09-13 23:01:41 --> 404 Page Not Found: /index
ERROR - 2021-09-13 23:02:22 --> 404 Page Not Found: /index
ERROR - 2021-09-13 23:03:08 --> 404 Page Not Found: /index
ERROR - 2021-09-13 23:04:18 --> 404 Page Not Found: /index
ERROR - 2021-09-13 23:05:45 --> 404 Page Not Found: /index
ERROR - 2021-09-13 23:06:45 --> Severity: error --> Exception: Call to undefined method Shop::index() D:\WORK\PHP\KUMYO\www\app\controllers\web\Shop.php 42
ERROR - 2021-09-13 23:07:27 --> 404 Page Not Found: /index
ERROR - 2021-09-13 23:08:27 --> Severity: error --> Exception: Call to undefined method Shop::index() D:\WORK\PHP\KUMYO\www\app\controllers\web\Shop.php 42
ERROR - 2021-09-13 23:08:56 --> 404 Page Not Found: /index
ERROR - 2021-09-13 23:09:22 --> 404 Page Not Found: /index
ERROR - 2021-09-13 23:10:09 --> 404 Page Not Found: /index
ERROR - 2021-09-13 23:10:48 --> 404 Page Not Found: /index
ERROR - 2021-09-13 23:11:17 --> 404 Page Not Found: /index
ERROR - 2021-09-13 23:11:19 --> 404 Page Not Found: /index
ERROR - 2021-09-13 23:11:57 --> 404 Page Not Found: /index
ERROR - 2021-09-13 23:12:31 --> 404 Page Not Found: /index
ERROR - 2021-09-13 23:13:40 --> 404 Page Not Found: /index
ERROR - 2021-09-13 23:14:23 --> 404 Page Not Found: /index
ERROR - 2021-09-13 23:14:52 --> 404 Page Not Found: /index
ERROR - 2021-09-13 23:15:08 --> 404 Page Not Found: /index
ERROR - 2021-09-13 23:15:28 --> 404 Page Not Found: /index
ERROR - 2021-09-13 23:15:46 --> 404 Page Not Found: /index
ERROR - 2021-09-13 23:16:11 --> Severity: Notice --> Undefined variable: sm_add_list_img_rst D:\WORK\PHP\KUMYO\www\app\views\web\shop\product_view.php 83
ERROR - 2021-09-13 23:17:15 --> Severity: error --> Exception: Call to undefined method Shop::index() D:\WORK\PHP\KUMYO\www\app\controllers\web\Shop.php 42
ERROR - 2021-09-13 23:17:35 --> 404 Page Not Found: /index
ERROR - 2021-09-13 23:18:57 --> 404 Page Not Found: /index
ERROR - 2021-09-13 23:19:07 --> Severity: error --> Exception: Too few arguments to function Func::getWebImageCall(), 4 passed in D:\WORK\PHP\KUMYO\www\app\views\web\shop\product_view.php on line 29 and exactly 5 expected D:\WORK\PHP\KUMYO\www\app\libraries\Func.php 1957
ERROR - 2021-09-13 23:19:08 --> 404 Page Not Found: /index
ERROR - 2021-09-13 23:19:19 --> 404 Page Not Found: /index
ERROR - 2021-09-13 23:19:42 --> 404 Page Not Found: /index
ERROR - 2021-09-13 23:19:44 --> 404 Page Not Found: /index
ERROR - 2021-09-13 23:19:46 --> 404 Page Not Found: /index
ERROR - 2021-09-13 23:21:08 --> 404 Page Not Found: /index
ERROR - 2021-09-13 23:22:01 --> 404 Page Not Found: /index
ERROR - 2021-09-13 23:22:16 --> 404 Page Not Found: /index
ERROR - 2021-09-13 23:22:33 --> 404 Page Not Found: /index
ERROR - 2021-09-13 23:22:42 --> 404 Page Not Found: /index
ERROR - 2021-09-13 23:22:58 --> 404 Page Not Found: /index
ERROR - 2021-09-13 23:23:03 --> 404 Page Not Found: /index
