ERROR - 2023-03-08 10:19:45 --> 404 Page Not Found: web/Assets/js
ERROR - 2023-03-08 10:21:03 --> 404 Page Not Found: /index
ERROR - 2023-03-08 10:23:27 --> 404 Page Not Found: web/Assets/js
ERROR - 2023-03-08 10:24:08 --> 404 Page Not Found: web/Abouthtml/index
ERROR - 2023-03-08 10:24:08 --> 404 Page Not Found: /index
ERROR - 2023-03-08 10:24:09 --> 404 Page Not Found: web/Assets/js
ERROR - 2023-03-08 10:24:10 --> 404 Page Not Found: web/Homehtml/index
ERROR - 2023-03-08 10:24:12 --> 404 Page Not Found: web/Assets/js
ERROR - 2023-03-08 10:24:50 --> 404 Page Not Found: web/Service_green_spaces_maintenancehtml/index
ERROR - 2023-03-08 10:24:52 --> 404 Page Not Found: web/Assets/js
ERROR - 2023-03-08 13:26:34 --> 404 Page Not Found: web/Assets/js
ERROR - 2023-03-08 13:26:51 --> 404 Page Not Found: web/Assets/js
ERROR - 2023-03-08 13:27:02 --> 404 Page Not Found: web/Assets/js
ERROR - 2023-03-08 13:27:12 --> 404 Page Not Found: web/Assets/js
ERROR - 2023-03-08 13:28:19 --> 404 Page Not Found: web/Assets/js
ERROR - 2023-03-08 13:28:50 --> 404 Page Not Found: web/Assets/js
ERROR - 2023-03-08 13:29:33 --> 404 Page Not Found: web/Assets/js
ERROR - 2023-03-08 13:31:15 --> 404 Page Not Found: web/Assets/js
ERROR - 2023-03-08 13:31:20 --> 404 Page Not Found: web/Assets/js
ERROR - 2023-03-08 13:31:50 --> 404 Page Not Found: web/Assets/js
ERROR - 2023-03-08 13:32:11 --> 404 Page Not Found: web/Assets/js
ERROR - 2023-03-08 13:32:19 --> 404 Page Not Found: web/Assets/js
ERROR - 2023-03-08 13:33:33 --> 404 Page Not Found: web/Assets/js
ERROR - 2023-03-08 13:33:42 --> 404 Page Not Found: web/Assets/js
ERROR - 2023-03-08 13:34:01 --> 404 Page Not Found: web/Assets/js
ERROR - 2023-03-08 13:34:06 --> 404 Page Not Found: web/Assets/js
ERROR - 2023-03-08 13:34:13 --> 404 Page Not Found: web/Assets/js
ERROR - 2023-03-08 13:34:33 --> 404 Page Not Found: web/Assets/js
ERROR - 2023-03-08 13:34:39 --> 404 Page Not Found: web/Assets/js
ERROR - 2023-03-08 13:35:10 --> 404 Page Not Found: web/Assets/js
ERROR - 2023-03-08 13:37:41 --> 404 Page Not Found: web/Images/logo.png
ERROR - 2023-03-08 13:37:41 --> 404 Page Not Found: web/Images/logo_transparent.png
ERROR - 2023-03-08 13:37:41 --> 404 Page Not Found: web/Assets/js
ERROR - 2023-03-08 13:37:41 --> 404 Page Not Found: web/Images/logo_transparent.png
ERROR - 2023-03-08 13:37:41 --> 404 Page Not Found: web/Images/logo.png
ERROR - 2023-03-08 13:38:08 --> 404 Page Not Found: web/Images/logo.png
ERROR - 2023-03-08 13:38:08 --> 404 Page Not Found: web/Images/logo_transparent.png
ERROR - 2023-03-08 13:38:08 --> 404 Page Not Found: web/Assets/js
ERROR - 2023-03-08 13:38:08 --> 404 Page Not Found: web/Images/logo.png
ERROR - 2023-03-08 13:38:08 --> 404 Page Not Found: web/Images/logo_transparent.png
ERROR - 2023-03-08 13:38:10 --> 404 Page Not Found: web/Images/logo.png
ERROR - 2023-03-08 13:38:10 --> 404 Page Not Found: web/Images/logo_transparent.png
ERROR - 2023-03-08 13:38:10 --> 404 Page Not Found: web/Assets/js
ERROR - 2023-03-08 13:38:10 --> 404 Page Not Found: web/Images/logo_transparent.png
ERROR - 2023-03-08 13:38:10 --> 404 Page Not Found: web/Images/logo.png
ERROR - 2023-03-08 13:38:40 --> 404 Page Not Found: web/Images/logo.png
ERROR - 2023-03-08 13:38:40 --> 404 Page Not Found: web/Images/logo_transparent.png
ERROR - 2023-03-08 13:38:40 --> 404 Page Not Found: web/Assets/js
ERROR - 2023-03-08 13:38:40 --> 404 Page Not Found: web/Images/logo.png
ERROR - 2023-03-08 13:38:40 --> 404 Page Not Found: web/Images/logo_transparent.png
ERROR - 2023-03-08 13:39:27 --> 404 Page Not Found: web/Images/logo.png
ERROR - 2023-03-08 13:39:27 --> 404 Page Not Found: web/Images/logo_transparent.png
ERROR - 2023-03-08 13:39:27 --> 404 Page Not Found: web/Assets/js
ERROR - 2023-03-08 13:39:27 --> 404 Page Not Found: web/Images/logo.png
ERROR - 2023-03-08 13:39:28 --> 404 Page Not Found: web/Images/logo_transparent.png
ERROR - 2023-03-08 13:39:34 --> 404 Page Not Found: web/Images/logo.png
ERROR - 2023-03-08 13:39:34 --> 404 Page Not Found: web/Images/logo_transparent.png
ERROR - 2023-03-08 13:39:34 --> 404 Page Not Found: web/Assets/js
ERROR - 2023-03-08 13:39:34 --> 404 Page Not Found: web/Images/logo.png
ERROR - 2023-03-08 13:39:34 --> 404 Page Not Found: web/Images/logo_transparent.png
ERROR - 2023-03-08 13:40:06 --> 404 Page Not Found: web/Assets/js
ERROR - 2023-03-08 13:40:27 --> 404 Page Not Found: web/Assets/js
ERROR - 2023-03-08 13:40:42 --> 404 Page Not Found: web/Assets/js
ERROR - 2023-03-08 13:40:52 --> 404 Page Not Found: web/Assets/js
ERROR - 2023-03-08 13:43:20 --> 404 Page Not Found: web/Assets/js
ERROR - 2023-03-08 13:45:28 --> 404 Page Not Found: web/Assets/js
ERROR - 2023-03-08 13:46:02 --> 404 Page Not Found: web/Assets/js
ERROR - 2023-03-08 13:47:04 --> 404 Page Not Found: web/Assets/js
ERROR - 2023-03-08 13:47:17 --> 404 Page Not Found: web/Assets/js
ERROR - 2023-03-08 13:47:38 --> 404 Page Not Found: web/Assets/js
ERROR - 2023-03-08 13:47:46 --> 404 Page Not Found: web/Assets/js
ERROR - 2023-03-08 13:48:01 --> 404 Page Not Found: web/Assets/js
ERROR - 2023-03-08 13:49:42 --> 404 Page Not Found: web/Assets/js
ERROR - 2023-03-08 13:50:06 --> 404 Page Not Found: web/Assets/js
ERROR - 2023-03-08 13:50:55 --> 404 Page Not Found: web/Assets/js
ERROR - 2023-03-08 13:51:14 --> 404 Page Not Found: web/Assets/js
ERROR - 2023-03-08 13:52:06 --> 404 Page Not Found: web/Assets/js
ERROR - 2023-03-08 13:52:54 --> 404 Page Not Found: web/Assets/js
ERROR - 2023-03-08 13:53:05 --> 404 Page Not Found: web/Assets/js
ERROR - 2023-03-08 13:53:42 --> 404 Page Not Found: web/Assets/js
ERROR - 2023-03-08 13:54:18 --> 404 Page Not Found: web/Assets/js
ERROR - 2023-03-08 13:54:25 --> 404 Page Not Found: web/Assets/js
ERROR - 2023-03-08 13:55:58 --> 404 Page Not Found: web/Assets/js
ERROR - 2023-03-08 14:02:42 --> 404 Page Not Found: web/Service_green_spaces_maintenancehtml/index
ERROR - 2023-03-08 14:02:42 --> 404 Page Not Found: /index
ERROR - 2023-03-08 14:06:49 --> 404 Page Not Found: web/Service_house_cleaninghtml/index
ERROR - 2023-03-08 14:06:49 --> 404 Page Not Found: /index
ERROR - 2023-03-08 14:08:16 --> 404 Page Not Found: web/Service_post_renovationhtml/index
ERROR - 2023-03-08 14:08:16 --> 404 Page Not Found: /index
ERROR - 2023-03-08 14:09:31 --> 404 Page Not Found: web/Service_green_spaces_maintenancehtml/index
ERROR - 2023-03-08 14:09:32 --> 404 Page Not Found: /index
ERROR - 2023-03-08 14:18:05 --> 404 Page Not Found: web/Service_green_spaces_maintenancehtml/index
ERROR - 2023-03-08 14:18:05 --> 404 Page Not Found: /index
ERROR - 2023-03-08 14:18:22 --> 404 Page Not Found: web/Service_green_spaces_maintenancehtml/index
ERROR - 2023-03-08 14:18:31 --> 404 Page Not Found: web/Assets/js
ERROR - 2023-03-08 14:18:50 --> 404 Page Not Found: web/Assets/js
ERROR - 2023-03-08 14:19:02 --> 404 Page Not Found: web/Assets/js
ERROR - 2023-03-08 14:21:27 --> 404 Page Not Found: web/Assets/js
ERROR - 2023-03-08 14:21:32 --> 404 Page Not Found: web/Assets/js
ERROR - 2023-03-08 14:21:53 --> 404 Page Not Found: web/Assets/js
ERROR - 2023-03-08 14:22:16 --> 404 Page Not Found: web/Assets/js
ERROR - 2023-03-08 14:22:28 --> 404 Page Not Found: web/Assets/js
ERROR - 2023-03-08 14:22:35 --> 404 Page Not Found: web/Assets/js
ERROR - 2023-03-08 14:24:06 --> 404 Page Not Found: web/Assets/js
ERROR - 2023-03-08 14:24:06 --> 404 Page Not Found: web/Assets/js
ERROR - 2023-03-08 14:24:10 --> 404 Page Not Found: web/Assets/js
ERROR - 2023-03-08 14:24:12 --> 404 Page Not Found: web/Assets/js
ERROR - 2023-03-08 14:24:14 --> 404 Page Not Found: web/Assets/js
ERROR - 2023-03-08 22:25:17 --> Severity: Notice --> Undefined index:  D:\WORK\PHP\SWCLEAN\www\app\hooks\common.php 19
ERROR - 2023-03-08 15:34:35 --> 404 Page Not Found: web/Assets/js
ERROR - 2023-03-08 15:35:18 --> 404 Page Not Found: web/Assets/js
ERROR - 2023-03-08 15:35:26 --> 404 Page Not Found: web/Assets/js
ERROR - 2023-03-08 15:38:29 --> 404 Page Not Found: web/Assets/js
ERROR - 2023-03-08 15:39:02 --> 404 Page Not Found: web/Assets/js
ERROR - 2023-03-08 15:39:11 --> 404 Page Not Found: web/Assets/js
ERROR - 2023-03-08 15:39:23 --> 404 Page Not Found: web/Assets/js
ERROR - 2023-03-08 15:39:41 --> 404 Page Not Found: web/Assets/js
ERROR - 2023-03-08 15:39:50 --> 404 Page Not Found: web/Assets/js
ERROR - 2023-03-08 15:40:20 --> 404 Page Not Found: web/Assets/js
ERROR - 2023-03-08 15:40:54 --> 404 Page Not Found: web/Assets/js
ERROR - 2023-03-08 15:41:05 --> 404 Page Not Found: web/Assets/js
ERROR - 2023-03-08 15:41:08 --> 404 Page Not Found: web/Assets/js
ERROR - 2023-03-08 15:41:14 --> 404 Page Not Found: web/Assets/js
ERROR - 2023-03-08 15:41:18 --> 404 Page Not Found: web/Assets/js
ERROR - 2023-03-08 15:41:32 --> 404 Page Not Found: web/Assets/js
ERROR - 2023-03-08 15:41:53 --> 404 Page Not Found: web/Assets/js
ERROR - 2023-03-08 15:42:00 --> 404 Page Not Found: web/Assets/js
ERROR - 2023-03-08 15:42:14 --> 404 Page Not Found: web/Assets/js
ERROR - 2023-03-08 15:42:34 --> 404 Page Not Found: web/Assets/js
ERROR - 2023-03-08 15:42:44 --> 404 Page Not Found: web/Assets/js
ERROR - 2023-03-08 15:43:16 --> 404 Page Not Found: web/Assets/js
ERROR - 2023-03-08 15:43:42 --> 404 Page Not Found: web/Assets/js
ERROR - 2023-03-08 15:43:45 --> 404 Page Not Found: web/Assets/js
ERROR - 2023-03-08 15:43:54 --> 404 Page Not Found: web/Assets/js
ERROR - 2023-03-08 15:43:58 --> 404 Page Not Found: web/Assets/js
ERROR - 2023-03-08 15:44:02 --> 404 Page Not Found: web/Assets/js
ERROR - 2023-03-08 15:44:08 --> 404 Page Not Found: web/Assets/js
ERROR - 2023-03-08 15:44:18 --> 404 Page Not Found: web/Assets/js
ERROR - 2023-03-08 15:44:46 --> 404 Page Not Found: web/Assets/js
ERROR - 2023-03-08 15:45:07 --> 404 Page Not Found: web/Assets/js
ERROR - 2023-03-08 15:45:11 --> 404 Page Not Found: /index
ERROR - 2023-03-08 15:45:46 --> 404 Page Not Found: web/Assets/js
ERROR - 2023-03-08 15:45:48 --> 404 Page Not Found: web/Assets/js
ERROR - 2023-03-08 15:46:17 --> 404 Page Not Found: web/Assets/js
ERROR - 2023-03-08 15:46:28 --> 404 Page Not Found: web/Assets/js
ERROR - 2023-03-08 15:49:45 --> 404 Page Not Found: web/Assets/js
ERROR - 2023-03-08 15:50:01 --> 404 Page Not Found: web/Assets/js
