ERROR - 2021-08-23 21:02:16 --> 404 Page Not Found: /index
ERROR - 2021-08-23 21:03:16 --> 404 Page Not Found: /index
ERROR - 2021-08-23 21:03:21 --> 404 Page Not Found: /index
ERROR - 2021-08-23 21:03:23 --> 404 Page Not Found: /index
ERROR - 2021-08-23 21:03:23 --> 404 Page Not Found: /index
ERROR - 2021-08-23 21:03:23 --> 404 Page Not Found: /index
ERROR - 2021-08-23 21:03:50 --> 404 Page Not Found: /index
ERROR - 2021-08-23 21:03:50 --> 404 Page Not Found: /index
ERROR - 2021-08-23 21:03:50 --> 404 Page Not Found: /index
ERROR - 2021-08-23 21:03:50 --> 404 Page Not Found: /index
ERROR - 2021-08-23 21:03:55 --> 404 Page Not Found: /index
ERROR - 2021-08-23 21:03:55 --> 404 Page Not Found: /index
ERROR - 2021-08-23 21:03:55 --> 404 Page Not Found: /index
ERROR - 2021-08-23 21:03:55 --> 404 Page Not Found: /index
ERROR - 2021-08-23 21:04:37 --> 404 Page Not Found: /index
ERROR - 2021-08-23 21:04:37 --> 404 Page Not Found: /index
ERROR - 2021-08-23 21:04:37 --> 404 Page Not Found: /index
ERROR - 2021-08-23 21:04:39 --> 404 Page Not Found: /index
ERROR - 2021-08-23 21:04:39 --> 404 Page Not Found: /index
ERROR - 2021-08-23 21:04:39 --> 404 Page Not Found: /index
ERROR - 2021-08-23 21:04:40 --> 404 Page Not Found: /index
ERROR - 2021-08-23 21:04:40 --> 404 Page Not Found: /index
ERROR - 2021-08-23 21:04:40 --> 404 Page Not Found: /index
ERROR - 2021-08-23 21:04:40 --> 404 Page Not Found: /index
ERROR - 2021-08-23 21:05:28 --> 404 Page Not Found: /index
ERROR - 2021-08-23 21:05:28 --> 404 Page Not Found: /index
ERROR - 2021-08-23 21:05:28 --> 404 Page Not Found: /index
ERROR - 2021-08-23 21:05:28 --> 404 Page Not Found: /index
ERROR - 2021-08-23 21:05:40 --> 404 Page Not Found: /index
ERROR - 2021-08-23 21:05:40 --> 404 Page Not Found: /index
ERROR - 2021-08-23 21:05:40 --> 404 Page Not Found: /index
ERROR - 2021-08-23 21:05:49 --> 404 Page Not Found: /index
ERROR - 2021-08-23 21:05:49 --> 404 Page Not Found: /index
ERROR - 2021-08-23 21:05:49 --> 404 Page Not Found: /index
ERROR - 2021-08-23 21:05:49 --> 404 Page Not Found: /index
ERROR - 2021-08-23 21:06:50 --> 404 Page Not Found: /index
ERROR - 2021-08-23 21:06:50 --> 404 Page Not Found: /index
ERROR - 2021-08-23 21:06:50 --> 404 Page Not Found: /index
ERROR - 2021-08-23 21:06:50 --> 404 Page Not Found: /index
ERROR - 2021-08-23 21:07:09 --> 404 Page Not Found: /index
ERROR - 2021-08-23 21:07:09 --> 404 Page Not Found: /index
ERROR - 2021-08-23 21:07:09 --> 404 Page Not Found: /index
ERROR - 2021-08-23 21:07:09 --> 404 Page Not Found: /index
ERROR - 2021-08-23 21:07:14 --> 404 Page Not Found: /index
ERROR - 2021-08-23 21:07:14 --> 404 Page Not Found: /index
ERROR - 2021-08-23 21:07:14 --> 404 Page Not Found: /index
ERROR - 2021-08-23 21:07:19 --> 404 Page Not Found: /index
ERROR - 2021-08-23 21:07:19 --> 404 Page Not Found: /index
ERROR - 2021-08-23 21:07:19 --> 404 Page Not Found: /index
ERROR - 2021-08-23 21:07:19 --> 404 Page Not Found: /index
ERROR - 2021-08-23 21:07:30 --> 404 Page Not Found: /index
ERROR - 2021-08-23 21:07:30 --> 404 Page Not Found: /index
ERROR - 2021-08-23 21:07:30 --> 404 Page Not Found: /index
ERROR - 2021-08-23 21:07:30 --> 404 Page Not Found: /index
ERROR - 2021-08-23 21:08:36 --> 404 Page Not Found: /index
ERROR - 2021-08-23 21:08:36 --> 404 Page Not Found: /index
ERROR - 2021-08-23 21:08:36 --> 404 Page Not Found: /index
ERROR - 2021-08-23 21:08:55 --> 404 Page Not Found: /index
ERROR - 2021-08-23 21:08:55 --> 404 Page Not Found: /index
ERROR - 2021-08-23 21:08:55 --> 404 Page Not Found: /index
ERROR - 2021-08-23 21:09:05 --> 404 Page Not Found: /index
ERROR - 2021-08-23 21:09:05 --> 404 Page Not Found: /index
ERROR - 2021-08-23 21:09:05 --> 404 Page Not Found: /index
ERROR - 2021-08-23 21:09:16 --> 404 Page Not Found: /index
ERROR - 2021-08-23 21:09:16 --> 404 Page Not Found: /index
ERROR - 2021-08-23 21:09:16 --> 404 Page Not Found: /index
ERROR - 2021-08-23 21:09:24 --> 404 Page Not Found: /index
ERROR - 2021-08-23 21:09:24 --> 404 Page Not Found: /index
ERROR - 2021-08-23 21:09:24 --> 404 Page Not Found: /index
ERROR - 2021-08-23 21:09:24 --> 404 Page Not Found: /index
ERROR - 2021-08-23 21:09:31 --> 404 Page Not Found: /index
ERROR - 2021-08-23 21:09:31 --> 404 Page Not Found: /index
ERROR - 2021-08-23 21:09:31 --> 404 Page Not Found: /index
ERROR - 2021-08-23 21:45:25 --> 404 Page Not Found: /index
ERROR - 2021-08-23 21:45:34 --> 404 Page Not Found: /index
ERROR - 2021-08-23 21:45:34 --> 404 Page Not Found: /index
ERROR - 2021-08-23 21:45:34 --> 404 Page Not Found: /index
ERROR - 2021-08-23 21:46:20 --> 404 Page Not Found: /index
ERROR - 2021-08-23 21:46:20 --> 404 Page Not Found: /index
ERROR - 2021-08-23 21:46:20 --> 404 Page Not Found: /index
ERROR - 2021-08-23 21:46:21 --> 404 Page Not Found: /index
ERROR - 2021-08-23 21:46:44 --> 404 Page Not Found: /index
ERROR - 2021-08-23 21:46:44 --> 404 Page Not Found: /index
ERROR - 2021-08-23 21:46:44 --> 404 Page Not Found: /index
ERROR - 2021-08-23 21:52:44 --> 404 Page Not Found: /index
ERROR - 2021-08-23 21:52:59 --> 404 Page Not Found: /index
ERROR - 2021-08-23 21:53:03 --> 404 Page Not Found: /index
ERROR - 2021-08-23 21:53:26 --> 404 Page Not Found: /index
ERROR - 2021-08-23 21:53:34 --> 404 Page Not Found: /index
ERROR - 2021-08-23 21:53:40 --> 404 Page Not Found: /index
ERROR - 2021-08-23 21:54:34 --> 404 Page Not Found: /index
ERROR - 2021-08-23 21:55:31 --> 404 Page Not Found: /index
ERROR - 2021-08-23 21:55:47 --> 404 Page Not Found: /index
ERROR - 2021-08-23 21:56:00 --> 404 Page Not Found: /index
ERROR - 2021-08-23 21:56:08 --> 404 Page Not Found: /index
ERROR - 2021-08-23 21:58:00 --> 404 Page Not Found: /index
ERROR - 2021-08-23 21:58:21 --> 404 Page Not Found: /index
ERROR - 2021-08-23 21:58:28 --> 404 Page Not Found: /index
ERROR - 2021-08-23 21:58:46 --> 404 Page Not Found: /index
ERROR - 2021-08-23 21:59:14 --> 404 Page Not Found: /index
ERROR - 2021-08-23 21:59:14 --> 404 Page Not Found: /index
ERROR - 2021-08-23 21:59:14 --> 404 Page Not Found: /index
ERROR - 2021-08-23 22:00:47 --> 404 Page Not Found: /index
ERROR - 2021-08-23 22:00:47 --> 404 Page Not Found: /index
ERROR - 2021-08-23 22:00:47 --> 404 Page Not Found: /index
ERROR - 2021-08-23 22:00:47 --> 404 Page Not Found: /index
ERROR - 2021-08-23 22:01:37 --> 404 Page Not Found: /index
ERROR - 2021-08-23 22:01:37 --> 404 Page Not Found: /index
ERROR - 2021-08-23 22:01:37 --> 404 Page Not Found: /index
ERROR - 2021-08-23 22:01:37 --> 404 Page Not Found: /index
ERROR - 2021-08-23 22:01:57 --> 404 Page Not Found: /index
ERROR - 2021-08-23 22:01:57 --> 404 Page Not Found: /index
ERROR - 2021-08-23 22:01:57 --> 404 Page Not Found: /index
ERROR - 2021-08-23 22:01:57 --> 404 Page Not Found: /index
ERROR - 2021-08-23 22:02:13 --> 404 Page Not Found: /index
ERROR - 2021-08-23 22:02:13 --> 404 Page Not Found: /index
ERROR - 2021-08-23 22:02:13 --> 404 Page Not Found: /index
ERROR - 2021-08-23 22:02:13 --> 404 Page Not Found: /index
ERROR - 2021-08-23 22:02:48 --> 404 Page Not Found: /index
ERROR - 2021-08-23 22:02:48 --> 404 Page Not Found: /index
ERROR - 2021-08-23 22:02:48 --> 404 Page Not Found: /index
ERROR - 2021-08-23 22:02:49 --> 404 Page Not Found: /index
ERROR - 2021-08-23 22:03:54 --> 404 Page Not Found: /index
ERROR - 2021-08-23 22:03:54 --> 404 Page Not Found: /index
ERROR - 2021-08-23 22:03:54 --> 404 Page Not Found: /index
ERROR - 2021-08-23 22:03:55 --> 404 Page Not Found: /index
ERROR - 2021-08-23 22:04:33 --> 404 Page Not Found: /index
ERROR - 2021-08-23 22:04:33 --> 404 Page Not Found: /index
ERROR - 2021-08-23 22:04:33 --> 404 Page Not Found: /index
ERROR - 2021-08-23 22:04:33 --> 404 Page Not Found: /index
ERROR - 2021-08-23 22:04:52 --> 404 Page Not Found: /index
ERROR - 2021-08-23 22:04:52 --> 404 Page Not Found: /index
ERROR - 2021-08-23 22:04:52 --> 404 Page Not Found: /index
ERROR - 2021-08-23 22:04:58 --> 404 Page Not Found: /index
ERROR - 2021-08-23 22:04:58 --> 404 Page Not Found: /index
ERROR - 2021-08-23 22:04:58 --> 404 Page Not Found: /index
ERROR - 2021-08-23 22:05:03 --> 404 Page Not Found: /index
ERROR - 2021-08-23 22:05:03 --> 404 Page Not Found: /index
ERROR - 2021-08-23 22:05:03 --> 404 Page Not Found: /index
ERROR - 2021-08-23 22:05:06 --> 404 Page Not Found: /index
ERROR - 2021-08-23 22:05:06 --> 404 Page Not Found: /index
ERROR - 2021-08-23 22:05:06 --> 404 Page Not Found: /index
ERROR - 2021-08-23 22:05:08 --> 404 Page Not Found: /index
ERROR - 2021-08-23 22:05:08 --> 404 Page Not Found: /index
ERROR - 2021-08-23 22:05:08 --> 404 Page Not Found: /index
ERROR - 2021-08-23 22:05:08 --> 404 Page Not Found: /index
ERROR - 2021-08-23 22:05:08 --> 404 Page Not Found: /index
ERROR - 2021-08-23 22:05:08 --> 404 Page Not Found: /index
ERROR - 2021-08-23 22:05:10 --> 404 Page Not Found: /index
ERROR - 2021-08-23 22:05:10 --> 404 Page Not Found: /index
ERROR - 2021-08-23 22:05:10 --> 404 Page Not Found: /index
ERROR - 2021-08-23 22:06:09 --> 404 Page Not Found: /index
ERROR - 2021-08-23 22:07:43 --> 404 Page Not Found: /index
ERROR - 2021-08-23 22:09:12 --> 404 Page Not Found: /index
ERROR - 2021-08-23 22:09:13 --> 404 Page Not Found: /index
ERROR - 2021-08-23 22:09:13 --> 404 Page Not Found: /index
ERROR - 2021-08-23 22:09:13 --> 404 Page Not Found: /index
ERROR - 2021-08-23 22:09:34 --> 404 Page Not Found: /index
ERROR - 2021-08-23 22:09:34 --> 404 Page Not Found: /index
ERROR - 2021-08-23 22:11:58 --> 404 Page Not Found: /index
ERROR - 2021-08-23 22:12:07 --> 404 Page Not Found: /index
ERROR - 2021-08-23 22:12:07 --> 404 Page Not Found: /index
ERROR - 2021-08-23 22:12:07 --> 404 Page Not Found: /index
ERROR - 2021-08-23 22:12:07 --> 404 Page Not Found: /index
ERROR - 2021-08-23 22:12:46 --> 404 Page Not Found: /index
ERROR - 2021-08-23 22:12:50 --> 404 Page Not Found: /index
ERROR - 2021-08-23 22:12:50 --> 404 Page Not Found: /index
ERROR - 2021-08-23 22:12:50 --> 404 Page Not Found: /index
ERROR - 2021-08-23 22:12:51 --> 404 Page Not Found: /index
ERROR - 2021-08-23 22:12:51 --> 404 Page Not Found: /index
ERROR - 2021-08-23 22:12:51 --> 404 Page Not Found: /index
ERROR - 2021-08-23 22:12:51 --> 404 Page Not Found: /index
ERROR - 2021-08-23 22:13:40 --> 404 Page Not Found: /index
ERROR - 2021-08-23 22:13:46 --> 404 Page Not Found: /index
ERROR - 2021-08-23 22:13:46 --> 404 Page Not Found: /index
ERROR - 2021-08-23 22:13:46 --> 404 Page Not Found: /index
ERROR - 2021-08-23 22:13:46 --> 404 Page Not Found: /index
ERROR - 2021-08-23 22:14:24 --> 404 Page Not Found: /index
ERROR - 2021-08-23 22:14:24 --> 404 Page Not Found: /index
ERROR - 2021-08-23 22:14:24 --> 404 Page Not Found: /index
ERROR - 2021-08-23 22:14:24 --> 404 Page Not Found: /index
ERROR - 2021-08-23 22:15:49 --> 404 Page Not Found: /index
ERROR - 2021-08-23 22:15:49 --> 404 Page Not Found: /index
ERROR - 2021-08-23 22:15:49 --> 404 Page Not Found: /index
ERROR - 2021-08-23 22:16:21 --> 404 Page Not Found: /index
ERROR - 2021-08-23 22:16:21 --> 404 Page Not Found: /index
ERROR - 2021-08-23 22:16:21 --> 404 Page Not Found: /index
ERROR - 2021-08-23 22:18:53 --> 404 Page Not Found: /index
ERROR - 2021-08-23 22:18:53 --> 404 Page Not Found: /index
ERROR - 2021-08-23 22:18:53 --> 404 Page Not Found: /index
ERROR - 2021-08-23 22:18:53 --> 404 Page Not Found: /index
ERROR - 2021-08-23 22:19:04 --> 404 Page Not Found: /index
ERROR - 2021-08-23 22:19:04 --> 404 Page Not Found: /index
ERROR - 2021-08-23 22:19:04 --> 404 Page Not Found: /index
ERROR - 2021-08-23 22:19:04 --> 404 Page Not Found: /index
ERROR - 2021-08-23 22:21:34 --> Severity: Notice --> Indirect modification of overloaded property FW_Loader::$data has no effect D:\WORK\PHP\KUMYO\www\app\views\adm\product\product_regist.php 170
ERROR - 2021-08-23 22:21:34 --> 404 Page Not Found: /index
ERROR - 2021-08-23 22:21:34 --> 404 Page Not Found: /index
ERROR - 2021-08-23 22:21:34 --> 404 Page Not Found: /index
ERROR - 2021-08-23 22:21:34 --> 404 Page Not Found: /index
ERROR - 2021-08-23 22:21:36 --> Severity: Notice --> Indirect modification of overloaded property FW_Loader::$data has no effect D:\WORK\PHP\KUMYO\www\app\views\adm\product\product_regist.php 170
ERROR - 2021-08-23 22:21:54 --> Severity: Notice --> Indirect modification of overloaded property FW_Loader::$data has no effect D:\WORK\PHP\KUMYO\www\app\views\adm\product\product_regist.php 170
ERROR - 2021-08-23 22:21:54 --> 404 Page Not Found: /index
ERROR - 2021-08-23 22:22:12 --> Severity: Notice --> Indirect modification of overloaded property FW_Loader::$data has no effect D:\WORK\PHP\KUMYO\www\app\views\adm\product\product_regist.php 170
ERROR - 2021-08-23 22:22:12 --> 404 Page Not Found: /index
ERROR - 2021-08-23 22:22:12 --> 404 Page Not Found: /index
ERROR - 2021-08-23 22:22:12 --> 404 Page Not Found: /index
ERROR - 2021-08-23 22:22:12 --> 404 Page Not Found: /index
ERROR - 2021-08-23 22:22:30 --> Severity: Notice --> Indirect modification of overloaded property FW_Loader::$data has no effect D:\WORK\PHP\KUMYO\www\app\views\adm\product\product_regist.php 169
ERROR - 2021-08-23 22:22:30 --> 404 Page Not Found: /index
ERROR - 2021-08-23 22:22:30 --> 404 Page Not Found: /index
ERROR - 2021-08-23 22:22:30 --> 404 Page Not Found: /index
ERROR - 2021-08-23 22:22:30 --> 404 Page Not Found: /index
ERROR - 2021-08-23 22:23:43 --> Severity: Notice --> Indirect modification of overloaded property FW_Loader::$data has no effect D:\WORK\PHP\KUMYO\www\app\views\adm\product\product_regist.php 169
ERROR - 2021-08-23 22:23:43 --> 404 Page Not Found: /index
ERROR - 2021-08-23 22:23:43 --> 404 Page Not Found: /index
ERROR - 2021-08-23 22:23:43 --> 404 Page Not Found: /index
ERROR - 2021-08-23 22:23:43 --> 404 Page Not Found: /index
ERROR - 2021-08-23 22:23:45 --> Severity: Notice --> Indirect modification of overloaded property FW_Loader::$data has no effect D:\WORK\PHP\KUMYO\www\app\views\adm\product\product_regist.php 169
ERROR - 2021-08-23 22:23:46 --> 404 Page Not Found: /index
ERROR - 2021-08-23 22:23:47 --> Severity: Notice --> Indirect modification of overloaded property FW_Loader::$data has no effect D:\WORK\PHP\KUMYO\www\app\views\adm\product\product_regist.php 169
ERROR - 2021-08-23 22:23:48 --> 404 Page Not Found: /index
ERROR - 2021-08-23 22:23:49 --> Severity: Notice --> Indirect modification of overloaded property FW_Loader::$data has no effect D:\WORK\PHP\KUMYO\www\app\views\adm\product\product_regist.php 169
ERROR - 2021-08-23 22:23:49 --> 404 Page Not Found: /index
ERROR - 2021-08-23 22:23:49 --> 404 Page Not Found: /index
ERROR - 2021-08-23 22:23:49 --> 404 Page Not Found: /index
ERROR - 2021-08-23 22:23:50 --> 404 Page Not Found: /index
ERROR - 2021-08-23 22:24:13 --> Severity: Notice --> Indirect modification of overloaded property FW_Loader::$data has no effect D:\WORK\PHP\KUMYO\www\app\views\adm\product\product_regist.php 169
ERROR - 2021-08-23 22:24:13 --> Severity: Notice --> Undefined index: buffer_script D:\WORK\PHP\KUMYO\www\app\views\adm\product\product_regist.php 172
ERROR - 2021-08-23 22:24:13 --> 404 Page Not Found: /index
ERROR - 2021-08-23 22:24:13 --> 404 Page Not Found: /index
ERROR - 2021-08-23 22:24:13 --> 404 Page Not Found: /index
ERROR - 2021-08-23 22:24:13 --> 404 Page Not Found: /index
ERROR - 2021-08-23 22:24:16 --> Severity: Notice --> Indirect modification of overloaded property FW_Loader::$data has no effect D:\WORK\PHP\KUMYO\www\app\views\adm\product\product_regist.php 169
ERROR - 2021-08-23 22:24:16 --> Severity: Notice --> Undefined index: buffer_script D:\WORK\PHP\KUMYO\www\app\views\adm\product\product_regist.php 172
ERROR - 2021-08-23 22:24:17 --> 404 Page Not Found: /index
ERROR - 2021-08-23 22:25:18 --> Severity: Notice --> Indirect modification of overloaded property FW_Loader::$data has no effect D:\WORK\PHP\KUMYO\www\app\views\adm\product\product_regist.php 169
ERROR - 2021-08-23 22:25:18 --> 404 Page Not Found: /index
ERROR - 2021-08-23 22:25:20 --> Severity: Notice --> Indirect modification of overloaded property FW_Loader::$data has no effect D:\WORK\PHP\KUMYO\www\app\views\adm\product\product_regist.php 169
ERROR - 2021-08-23 22:25:21 --> 404 Page Not Found: /index
ERROR - 2021-08-23 22:25:23 --> Severity: Notice --> Indirect modification of overloaded property FW_Loader::$data has no effect D:\WORK\PHP\KUMYO\www\app\views\adm\product\product_regist.php 169
ERROR - 2021-08-23 22:25:23 --> 404 Page Not Found: /index
ERROR - 2021-08-23 22:25:24 --> Severity: Notice --> Indirect modification of overloaded property FW_Loader::$data has no effect D:\WORK\PHP\KUMYO\www\app\views\adm\product\product_regist.php 169
ERROR - 2021-08-23 22:25:24 --> 404 Page Not Found: /index
ERROR - 2021-08-23 22:25:37 --> Severity: Notice --> Indirect modification of overloaded property FW_Loader::$data has no effect D:\WORK\PHP\KUMYO\www\app\views\adm\product\product_regist.php 169
ERROR - 2021-08-23 22:25:37 --> 404 Page Not Found: /index
ERROR - 2021-08-23 22:25:39 --> Severity: Notice --> Indirect modification of overloaded property FW_Loader::$data has no effect D:\WORK\PHP\KUMYO\www\app\views\adm\product\product_regist.php 169
ERROR - 2021-08-23 22:25:39 --> 404 Page Not Found: /index
ERROR - 2021-08-23 22:25:39 --> 404 Page Not Found: /index
ERROR - 2021-08-23 22:25:39 --> 404 Page Not Found: /index
ERROR - 2021-08-23 22:25:40 --> 404 Page Not Found: /index
ERROR - 2021-08-23 22:25:41 --> Severity: Notice --> Indirect modification of overloaded property FW_Loader::$data has no effect D:\WORK\PHP\KUMYO\www\app\views\adm\product\product_regist.php 169
ERROR - 2021-08-23 22:26:00 --> Severity: Notice --> Indirect modification of overloaded property FW_Loader::$data has no effect D:\WORK\PHP\KUMYO\www\app\views\adm\product\product_regist.php 169
ERROR - 2021-08-23 22:26:00 --> 404 Page Not Found: /index
ERROR - 2021-08-23 22:26:26 --> Severity: Notice --> Indirect modification of overloaded property FW_Loader::$data has no effect D:\WORK\PHP\KUMYO\www\app\views\adm\product\product_regist.php 169
ERROR - 2021-08-23 22:26:26 --> 404 Page Not Found: /index
ERROR - 2021-08-23 22:26:27 --> Severity: Notice --> Indirect modification of overloaded property FW_Loader::$data has no effect D:\WORK\PHP\KUMYO\www\app\views\adm\product\product_regist.php 169
ERROR - 2021-08-23 22:26:27 --> 404 Page Not Found: /index
ERROR - 2021-08-23 22:26:27 --> Severity: Notice --> Indirect modification of overloaded property FW_Loader::$data has no effect D:\WORK\PHP\KUMYO\www\app\views\adm\product\product_regist.php 169
ERROR - 2021-08-23 22:26:28 --> Severity: Notice --> Indirect modification of overloaded property FW_Loader::$data has no effect D:\WORK\PHP\KUMYO\www\app\views\adm\product\product_regist.php 169
ERROR - 2021-08-23 22:26:28 --> 404 Page Not Found: /index
ERROR - 2021-08-23 22:26:29 --> Severity: Notice --> Indirect modification of overloaded property FW_Loader::$data has no effect D:\WORK\PHP\KUMYO\www\app\views\adm\product\product_regist.php 169
ERROR - 2021-08-23 22:26:29 --> 404 Page Not Found: /index
ERROR - 2021-08-23 22:26:29 --> 404 Page Not Found: /index
ERROR - 2021-08-23 22:26:29 --> 404 Page Not Found: /index
ERROR - 2021-08-23 22:26:29 --> 404 Page Not Found: /index
ERROR - 2021-08-23 22:26:31 --> Severity: Notice --> Indirect modification of overloaded property FW_Loader::$data has no effect D:\WORK\PHP\KUMYO\www\app\views\adm\product\product_regist.php 169
ERROR - 2021-08-23 22:26:31 --> 404 Page Not Found: /index
ERROR - 2021-08-23 22:26:31 --> 404 Page Not Found: /index
ERROR - 2021-08-23 22:26:31 --> 404 Page Not Found: /index
ERROR - 2021-08-23 22:26:31 --> 404 Page Not Found: /index
ERROR - 2021-08-23 22:26:33 --> Severity: Notice --> Indirect modification of overloaded property FW_Loader::$data has no effect D:\WORK\PHP\KUMYO\www\app\views\adm\product\product_regist.php 169
ERROR - 2021-08-23 22:26:47 --> Severity: Notice --> Indirect modification of overloaded property FW_Loader::$data has no effect D:\WORK\PHP\KUMYO\www\app\views\adm\product\product_regist.php 169
ERROR - 2021-08-23 22:26:47 --> 404 Page Not Found: /index
ERROR - 2021-08-23 22:27:07 --> Severity: Notice --> Indirect modification of overloaded property FW_Loader::$data has no effect D:\WORK\PHP\KUMYO\www\app\views\adm\product\product_regist.php 171
ERROR - 2021-08-23 22:27:07 --> 404 Page Not Found: /index
ERROR - 2021-08-23 22:28:14 --> Severity: Notice --> Undefined index: buffer_script D:\WORK\PHP\KUMYO\www\app\views\adm\layout_hlcf.php 92
ERROR - 2021-08-23 22:28:15 --> 404 Page Not Found: /index
ERROR - 2021-08-23 22:28:23 --> Severity: Notice --> Undefined index: buffer_script D:\WORK\PHP\KUMYO\www\app\views\adm\layout_hlcf.php 92
ERROR - 2021-08-23 22:28:23 --> 404 Page Not Found: /index
ERROR - 2021-08-23 22:28:46 --> 404 Page Not Found: /index
ERROR - 2021-08-23 22:29:04 --> 404 Page Not Found: /index
ERROR - 2021-08-23 22:29:07 --> 404 Page Not Found: /index
ERROR - 2021-08-23 22:29:07 --> 404 Page Not Found: /index
ERROR - 2021-08-23 22:29:07 --> 404 Page Not Found: /index
ERROR - 2021-08-23 22:29:07 --> 404 Page Not Found: /index
ERROR - 2021-08-23 22:29:18 --> 404 Page Not Found: /index
ERROR - 2021-08-23 22:29:18 --> 404 Page Not Found: /index
ERROR - 2021-08-23 22:29:18 --> 404 Page Not Found: /index
ERROR - 2021-08-23 22:29:18 --> 404 Page Not Found: /index
ERROR - 2021-08-23 22:31:05 --> 404 Page Not Found: /index
ERROR - 2021-08-23 22:31:05 --> 404 Page Not Found: /index
ERROR - 2021-08-23 22:31:05 --> 404 Page Not Found: /index
ERROR - 2021-08-23 22:31:05 --> 404 Page Not Found: /index
ERROR - 2021-08-23 22:31:41 --> 404 Page Not Found: /index
ERROR - 2021-08-23 22:31:41 --> 404 Page Not Found: /index
ERROR - 2021-08-23 22:31:41 --> 404 Page Not Found: /index
ERROR - 2021-08-23 22:31:43 --> 404 Page Not Found: /index
ERROR - 2021-08-23 22:31:43 --> 404 Page Not Found: /index
ERROR - 2021-08-23 22:31:43 --> 404 Page Not Found: /index
ERROR - 2021-08-23 22:31:44 --> 404 Page Not Found: /index
ERROR - 2021-08-23 22:31:44 --> 404 Page Not Found: /index
ERROR - 2021-08-23 22:31:44 --> 404 Page Not Found: /index
ERROR - 2021-08-23 22:31:44 --> 404 Page Not Found: /index
ERROR - 2021-08-23 22:31:49 --> 404 Page Not Found: /index
ERROR - 2021-08-23 22:31:49 --> 404 Page Not Found: /index
ERROR - 2021-08-23 22:31:49 --> 404 Page Not Found: /index
ERROR - 2021-08-23 22:31:49 --> 404 Page Not Found: /index
ERROR - 2021-08-23 22:32:01 --> 404 Page Not Found: /index
ERROR - 2021-08-23 22:32:01 --> 404 Page Not Found: /index
ERROR - 2021-08-23 22:32:01 --> 404 Page Not Found: /index
ERROR - 2021-08-23 22:32:01 --> 404 Page Not Found: /index
ERROR - 2021-08-23 22:32:03 --> 404 Page Not Found: /index
ERROR - 2021-08-23 22:32:03 --> 404 Page Not Found: /index
ERROR - 2021-08-23 22:32:03 --> 404 Page Not Found: /index
ERROR - 2021-08-23 22:32:05 --> 404 Page Not Found: /index
ERROR - 2021-08-23 22:32:05 --> 404 Page Not Found: /index
ERROR - 2021-08-23 22:32:05 --> 404 Page Not Found: /index
ERROR - 2021-08-23 22:32:06 --> 404 Page Not Found: /index
ERROR - 2021-08-23 22:32:06 --> 404 Page Not Found: /index
ERROR - 2021-08-23 22:32:06 --> 404 Page Not Found: /index
ERROR - 2021-08-23 22:32:06 --> 404 Page Not Found: /index
ERROR - 2021-08-23 22:32:15 --> 404 Page Not Found: /index
ERROR - 2021-08-23 22:32:15 --> 404 Page Not Found: /index
ERROR - 2021-08-23 22:32:15 --> 404 Page Not Found: /index
ERROR - 2021-08-23 22:32:15 --> 404 Page Not Found: /index
ERROR - 2021-08-23 22:32:43 --> 404 Page Not Found: /index
ERROR - 2021-08-23 22:32:43 --> 404 Page Not Found: /index
ERROR - 2021-08-23 22:32:43 --> 404 Page Not Found: /index
ERROR - 2021-08-23 22:32:43 --> 404 Page Not Found: /index
ERROR - 2021-08-23 22:32:47 --> 404 Page Not Found: /index
ERROR - 2021-08-23 22:32:47 --> 404 Page Not Found: /index
ERROR - 2021-08-23 22:32:47 --> 404 Page Not Found: /index
ERROR - 2021-08-23 22:32:47 --> 404 Page Not Found: /index
ERROR - 2021-08-23 22:32:48 --> 404 Page Not Found: /index
ERROR - 2021-08-23 22:32:48 --> 404 Page Not Found: /index
ERROR - 2021-08-23 22:32:48 --> 404 Page Not Found: /index
ERROR - 2021-08-23 22:32:50 --> 404 Page Not Found: /index
ERROR - 2021-08-23 22:32:50 --> 404 Page Not Found: /index
ERROR - 2021-08-23 22:32:50 --> 404 Page Not Found: /index
ERROR - 2021-08-23 22:32:51 --> 404 Page Not Found: /index
ERROR - 2021-08-23 22:32:51 --> 404 Page Not Found: /index
ERROR - 2021-08-23 22:32:51 --> 404 Page Not Found: /index
ERROR - 2021-08-23 22:32:51 --> 404 Page Not Found: /index
ERROR - 2021-08-23 22:33:55 --> 404 Page Not Found: /index
ERROR - 2021-08-23 22:33:55 --> 404 Page Not Found: /index
ERROR - 2021-08-23 22:33:56 --> 404 Page Not Found: /index
ERROR - 2021-08-23 22:33:56 --> 404 Page Not Found: /index
ERROR - 2021-08-23 22:34:36 --> 404 Page Not Found: /index
ERROR - 2021-08-23 22:34:36 --> 404 Page Not Found: /index
ERROR - 2021-08-23 22:34:36 --> 404 Page Not Found: /index
ERROR - 2021-08-23 22:34:36 --> 404 Page Not Found: /index
ERROR - 2021-08-23 22:34:53 --> 404 Page Not Found: /index
ERROR - 2021-08-23 22:34:53 --> 404 Page Not Found: /index
ERROR - 2021-08-23 22:34:53 --> 404 Page Not Found: /index
ERROR - 2021-08-23 22:34:53 --> 404 Page Not Found: /index
ERROR - 2021-08-23 22:35:30 --> 404 Page Not Found: /index
ERROR - 2021-08-23 22:35:30 --> 404 Page Not Found: /index
ERROR - 2021-08-23 22:35:30 --> 404 Page Not Found: /index
ERROR - 2021-08-23 22:35:30 --> 404 Page Not Found: /index
ERROR - 2021-08-23 22:36:20 --> 404 Page Not Found: /index
ERROR - 2021-08-23 22:36:20 --> 404 Page Not Found: /index
ERROR - 2021-08-23 22:36:20 --> 404 Page Not Found: /index
ERROR - 2021-08-23 22:36:21 --> 404 Page Not Found: /index
ERROR - 2021-08-23 22:36:27 --> 404 Page Not Found: /index
ERROR - 2021-08-23 22:36:27 --> 404 Page Not Found: /index
ERROR - 2021-08-23 22:36:27 --> 404 Page Not Found: /index
ERROR - 2021-08-23 22:36:27 --> 404 Page Not Found: /index
ERROR - 2021-08-23 22:37:33 --> 404 Page Not Found: /index
ERROR - 2021-08-23 22:37:33 --> 404 Page Not Found: /index
ERROR - 2021-08-23 22:37:33 --> 404 Page Not Found: /index
ERROR - 2021-08-23 22:37:33 --> 404 Page Not Found: /index
ERROR - 2021-08-23 22:38:00 --> 404 Page Not Found: /index
ERROR - 2021-08-23 22:38:00 --> 404 Page Not Found: /index
ERROR - 2021-08-23 22:38:00 --> 404 Page Not Found: /index
ERROR - 2021-08-23 22:38:00 --> 404 Page Not Found: /index
ERROR - 2021-08-23 22:38:26 --> 404 Page Not Found: /index
ERROR - 2021-08-23 22:38:26 --> 404 Page Not Found: /index
ERROR - 2021-08-23 22:38:26 --> 404 Page Not Found: /index
ERROR - 2021-08-23 22:38:27 --> 404 Page Not Found: /index
ERROR - 2021-08-23 22:38:42 --> 404 Page Not Found: /index
ERROR - 2021-08-23 22:38:42 --> 404 Page Not Found: /index
ERROR - 2021-08-23 22:38:42 --> 404 Page Not Found: /index
ERROR - 2021-08-23 22:38:42 --> 404 Page Not Found: /index
ERROR - 2021-08-23 22:39:10 --> 404 Page Not Found: /index
ERROR - 2021-08-23 22:39:10 --> 404 Page Not Found: /index
ERROR - 2021-08-23 22:39:11 --> 404 Page Not Found: /index
ERROR - 2021-08-23 22:39:11 --> 404 Page Not Found: /index
ERROR - 2021-08-23 22:39:21 --> 404 Page Not Found: /index
ERROR - 2021-08-23 22:39:21 --> 404 Page Not Found: /index
ERROR - 2021-08-23 22:39:21 --> 404 Page Not Found: /index
ERROR - 2021-08-23 22:39:21 --> 404 Page Not Found: /index
ERROR - 2021-08-23 22:40:01 --> 404 Page Not Found: /index
ERROR - 2021-08-23 22:40:01 --> 404 Page Not Found: /index
ERROR - 2021-08-23 22:40:01 --> 404 Page Not Found: /index
ERROR - 2021-08-23 22:40:01 --> 404 Page Not Found: /index
ERROR - 2021-08-23 22:41:22 --> 404 Page Not Found: /index
ERROR - 2021-08-23 22:41:22 --> 404 Page Not Found: /index
ERROR - 2021-08-23 22:41:22 --> 404 Page Not Found: /index
ERROR - 2021-08-23 22:41:41 --> 404 Page Not Found: /index
ERROR - 2021-08-23 22:41:41 --> 404 Page Not Found: /index
ERROR - 2021-08-23 22:41:41 --> 404 Page Not Found: /index
ERROR - 2021-08-23 22:41:41 --> 404 Page Not Found: /index
ERROR - 2021-08-23 22:41:51 --> 404 Page Not Found: /index
ERROR - 2021-08-23 22:41:51 --> 404 Page Not Found: /index
ERROR - 2021-08-23 22:41:51 --> 404 Page Not Found: /index
ERROR - 2021-08-23 22:41:51 --> 404 Page Not Found: /index
ERROR - 2021-08-23 22:42:09 --> 404 Page Not Found: /index
ERROR - 2021-08-23 22:42:09 --> 404 Page Not Found: /index
ERROR - 2021-08-23 22:42:09 --> 404 Page Not Found: /index
ERROR - 2021-08-23 22:42:10 --> 404 Page Not Found: /index
ERROR - 2021-08-23 22:42:36 --> 404 Page Not Found: /index
ERROR - 2021-08-23 22:42:36 --> 404 Page Not Found: /index
ERROR - 2021-08-23 22:42:36 --> 404 Page Not Found: /index
ERROR - 2021-08-23 22:42:37 --> 404 Page Not Found: /index
ERROR - 2021-08-23 22:42:58 --> 404 Page Not Found: /index
ERROR - 2021-08-23 22:42:58 --> 404 Page Not Found: /index
ERROR - 2021-08-23 22:42:58 --> 404 Page Not Found: /index
ERROR - 2021-08-23 22:42:58 --> 404 Page Not Found: /index
ERROR - 2021-08-23 22:42:59 --> 404 Page Not Found: /index
ERROR - 2021-08-23 22:42:59 --> 404 Page Not Found: /index
ERROR - 2021-08-23 22:42:59 --> 404 Page Not Found: /index
ERROR - 2021-08-23 22:43:00 --> 404 Page Not Found: /index
ERROR - 2021-08-23 22:43:27 --> 404 Page Not Found: /index
ERROR - 2021-08-23 22:43:27 --> 404 Page Not Found: /index
ERROR - 2021-08-23 22:43:27 --> 404 Page Not Found: /index
ERROR - 2021-08-23 22:43:27 --> 404 Page Not Found: /index
ERROR - 2021-08-23 22:44:00 --> 404 Page Not Found: /index
ERROR - 2021-08-23 22:44:00 --> 404 Page Not Found: /index
ERROR - 2021-08-23 22:44:00 --> 404 Page Not Found: /index
ERROR - 2021-08-23 22:44:01 --> 404 Page Not Found: /index
ERROR - 2021-08-23 22:44:19 --> 404 Page Not Found: /index
ERROR - 2021-08-23 22:44:19 --> 404 Page Not Found: /index
ERROR - 2021-08-23 22:44:19 --> 404 Page Not Found: /index
ERROR - 2021-08-23 22:45:03 --> 404 Page Not Found: /index
ERROR - 2021-08-23 22:45:03 --> 404 Page Not Found: /index
ERROR - 2021-08-23 22:45:03 --> 404 Page Not Found: /index
ERROR - 2021-08-23 22:45:03 --> 404 Page Not Found: /index
ERROR - 2021-08-23 22:45:05 --> 404 Page Not Found: /index
ERROR - 2021-08-23 22:45:05 --> 404 Page Not Found: /index
ERROR - 2021-08-23 22:45:05 --> 404 Page Not Found: /index
ERROR - 2021-08-23 22:45:05 --> 404 Page Not Found: /index
ERROR - 2021-08-23 22:45:38 --> 404 Page Not Found: /index
ERROR - 2021-08-23 22:45:38 --> 404 Page Not Found: /index
ERROR - 2021-08-23 22:45:38 --> 404 Page Not Found: /index
ERROR - 2021-08-23 22:45:39 --> 404 Page Not Found: /index
ERROR - 2021-08-23 22:46:00 --> 404 Page Not Found: /index
ERROR - 2021-08-23 22:46:00 --> 404 Page Not Found: /index
ERROR - 2021-08-23 22:46:00 --> 404 Page Not Found: /index
ERROR - 2021-08-23 22:46:00 --> 404 Page Not Found: /index
ERROR - 2021-08-23 22:46:12 --> 404 Page Not Found: /index
ERROR - 2021-08-23 22:46:12 --> 404 Page Not Found: /index
ERROR - 2021-08-23 22:46:12 --> 404 Page Not Found: /index
ERROR - 2021-08-23 22:46:12 --> 404 Page Not Found: /index
ERROR - 2021-08-23 22:46:28 --> 404 Page Not Found: /index
ERROR - 2021-08-23 22:46:28 --> 404 Page Not Found: /index
ERROR - 2021-08-23 22:46:28 --> 404 Page Not Found: /index
ERROR - 2021-08-23 22:46:28 --> 404 Page Not Found: /index
ERROR - 2021-08-23 22:46:51 --> 404 Page Not Found: /index
ERROR - 2021-08-23 22:46:51 --> 404 Page Not Found: /index
ERROR - 2021-08-23 22:46:51 --> 404 Page Not Found: /index
ERROR - 2021-08-23 22:46:51 --> 404 Page Not Found: /index
ERROR - 2021-08-23 22:47:15 --> 404 Page Not Found: /index
ERROR - 2021-08-23 22:47:15 --> 404 Page Not Found: /index
ERROR - 2021-08-23 22:47:15 --> 404 Page Not Found: /index
ERROR - 2021-08-23 22:47:15 --> 404 Page Not Found: /index
ERROR - 2021-08-23 22:47:50 --> 404 Page Not Found: /index
ERROR - 2021-08-23 22:47:50 --> 404 Page Not Found: /index
ERROR - 2021-08-23 22:47:50 --> 404 Page Not Found: /index
ERROR - 2021-08-23 22:47:50 --> 404 Page Not Found: /index
ERROR - 2021-08-23 22:48:53 --> 404 Page Not Found: /index
ERROR - 2021-08-23 22:48:53 --> 404 Page Not Found: /index
ERROR - 2021-08-23 22:48:53 --> 404 Page Not Found: /index
ERROR - 2021-08-23 22:48:54 --> 404 Page Not Found: /index
ERROR - 2021-08-23 22:49:32 --> 404 Page Not Found: /index
ERROR - 2021-08-23 22:49:32 --> 404 Page Not Found: /index
ERROR - 2021-08-23 22:49:32 --> 404 Page Not Found: /index
ERROR - 2021-08-23 22:49:32 --> 404 Page Not Found: /index
ERROR - 2021-08-23 22:50:20 --> 404 Page Not Found: /index
ERROR - 2021-08-23 22:50:20 --> 404 Page Not Found: /index
ERROR - 2021-08-23 22:50:20 --> 404 Page Not Found: /index
ERROR - 2021-08-23 22:50:21 --> 404 Page Not Found: /index
ERROR - 2021-08-23 22:50:33 --> 404 Page Not Found: /index
ERROR - 2021-08-23 22:50:33 --> 404 Page Not Found: /index
ERROR - 2021-08-23 22:50:33 --> 404 Page Not Found: /index
ERROR - 2021-08-23 22:50:33 --> 404 Page Not Found: /index
ERROR - 2021-08-23 22:52:12 --> 404 Page Not Found: /index
ERROR - 2021-08-23 22:52:12 --> 404 Page Not Found: /index
ERROR - 2021-08-23 22:52:12 --> 404 Page Not Found: /index
ERROR - 2021-08-23 22:52:13 --> 404 Page Not Found: /index
ERROR - 2021-08-23 22:52:19 --> 404 Page Not Found: /index
ERROR - 2021-08-23 22:52:19 --> 404 Page Not Found: /index
ERROR - 2021-08-23 22:52:19 --> 404 Page Not Found: /index
ERROR - 2021-08-23 22:52:19 --> 404 Page Not Found: /index
ERROR - 2021-08-23 22:52:50 --> 404 Page Not Found: /index
ERROR - 2021-08-23 22:52:50 --> 404 Page Not Found: /index
ERROR - 2021-08-23 22:52:50 --> 404 Page Not Found: /index
ERROR - 2021-08-23 22:52:51 --> 404 Page Not Found: /index
ERROR - 2021-08-23 23:07:54 --> 404 Page Not Found: /index
ERROR - 2021-08-23 23:07:54 --> 404 Page Not Found: /index
ERROR - 2021-08-23 23:07:54 --> 404 Page Not Found: /index
ERROR - 2021-08-23 23:07:55 --> 404 Page Not Found: /index
ERROR - 2021-08-23 23:07:55 --> 404 Page Not Found: /index
ERROR - 2021-08-23 23:07:55 --> 404 Page Not Found: /index
ERROR - 2021-08-23 23:07:57 --> 404 Page Not Found: /index
ERROR - 2021-08-23 23:07:57 --> 404 Page Not Found: /index
ERROR - 2021-08-23 23:07:57 --> 404 Page Not Found: /index
ERROR - 2021-08-23 23:08:12 --> 404 Page Not Found: /index
ERROR - 2021-08-23 23:08:12 --> 404 Page Not Found: /index
ERROR - 2021-08-23 23:08:12 --> 404 Page Not Found: /index
ERROR - 2021-08-23 23:08:12 --> 404 Page Not Found: /index
ERROR - 2021-08-23 23:08:13 --> 404 Page Not Found: /index
ERROR - 2021-08-23 23:08:13 --> 404 Page Not Found: /index
ERROR - 2021-08-23 23:08:13 --> 404 Page Not Found: /index
ERROR - 2021-08-23 23:08:55 --> 404 Page Not Found: /index
ERROR - 2021-08-23 23:08:55 --> 404 Page Not Found: /index
ERROR - 2021-08-23 23:08:55 --> 404 Page Not Found: /index
ERROR - 2021-08-23 23:08:55 --> 404 Page Not Found: /index
ERROR - 2021-08-23 23:09:51 --> 404 Page Not Found: /index
ERROR - 2021-08-23 23:10:56 --> 404 Page Not Found: /index
ERROR - 2021-08-23 23:10:57 --> 404 Page Not Found: /index
ERROR - 2021-08-23 23:10:58 --> 404 Page Not Found: /index
ERROR - 2021-08-23 23:10:58 --> 404 Page Not Found: /index
ERROR - 2021-08-23 23:10:58 --> 404 Page Not Found: /index
ERROR - 2021-08-23 23:10:58 --> 404 Page Not Found: /index
ERROR - 2021-08-23 23:11:17 --> 404 Page Not Found: /index
ERROR - 2021-08-23 23:11:17 --> 404 Page Not Found: /index
ERROR - 2021-08-23 23:11:17 --> 404 Page Not Found: /index
ERROR - 2021-08-23 23:11:19 --> 404 Page Not Found: /index
ERROR - 2021-08-23 23:11:19 --> 404 Page Not Found: /index
ERROR - 2021-08-23 23:11:19 --> 404 Page Not Found: /index
ERROR - 2021-08-23 23:16:12 --> 404 Page Not Found: /index
ERROR - 2021-08-23 23:16:12 --> 404 Page Not Found: /index
ERROR - 2021-08-23 23:16:12 --> 404 Page Not Found: /index
ERROR - 2021-08-23 23:16:12 --> 404 Page Not Found: /index
ERROR - 2021-08-23 23:16:28 --> Severity: Notice --> Undefined variable: cate_img D:\WORK\PHP\KUMYO\www\app\controllers\adm\Product.php 339
ERROR - 2021-08-23 23:18:25 --> 404 Page Not Found: /index
ERROR - 2021-08-23 23:18:25 --> 404 Page Not Found: /index
ERROR - 2021-08-23 23:18:25 --> 404 Page Not Found: /index
ERROR - 2021-08-23 23:18:26 --> 404 Page Not Found: /index
ERROR - 2021-08-23 23:18:31 --> 404 Page Not Found: /index
ERROR - 2021-08-23 23:18:31 --> 404 Page Not Found: /index
ERROR - 2021-08-23 23:18:31 --> 404 Page Not Found: /index
ERROR - 2021-08-23 23:18:31 --> 404 Page Not Found: /index
ERROR - 2021-08-23 23:18:32 --> 404 Page Not Found: /index
ERROR - 2021-08-23 23:18:32 --> 404 Page Not Found: /index
ERROR - 2021-08-23 23:18:32 --> 404 Page Not Found: /index
ERROR - 2021-08-23 23:18:32 --> 404 Page Not Found: /index
ERROR - 2021-08-23 23:19:57 --> 404 Page Not Found: /index
ERROR - 2021-08-23 23:19:57 --> 404 Page Not Found: /index
ERROR - 2021-08-23 23:19:57 --> 404 Page Not Found: /index
ERROR - 2021-08-23 23:19:57 --> 404 Page Not Found: /index
ERROR - 2021-08-23 23:20:10 --> 404 Page Not Found: /index
ERROR - 2021-08-23 23:20:10 --> 404 Page Not Found: /index
ERROR - 2021-08-23 23:20:10 --> 404 Page Not Found: /index
ERROR - 2021-08-23 23:20:10 --> 404 Page Not Found: /index
ERROR - 2021-08-23 23:20:29 --> 404 Page Not Found: /index
ERROR - 2021-08-23 23:20:29 --> 404 Page Not Found: /index
ERROR - 2021-08-23 23:20:29 --> 404 Page Not Found: /index
ERROR - 2021-08-23 23:20:29 --> 404 Page Not Found: /index
ERROR - 2021-08-23 23:21:02 --> 404 Page Not Found: /index
ERROR - 2021-08-23 23:21:02 --> 404 Page Not Found: /index
ERROR - 2021-08-23 23:21:02 --> 404 Page Not Found: /index
ERROR - 2021-08-23 23:21:02 --> 404 Page Not Found: /index
ERROR - 2021-08-23 23:21:36 --> 404 Page Not Found: /index
ERROR - 2021-08-23 23:21:36 --> 404 Page Not Found: /index
ERROR - 2021-08-23 23:21:36 --> 404 Page Not Found: /index
ERROR - 2021-08-23 23:21:36 --> 404 Page Not Found: /index
ERROR - 2021-08-23 23:22:37 --> 404 Page Not Found: /index
ERROR - 2021-08-23 23:22:37 --> 404 Page Not Found: /index
ERROR - 2021-08-23 23:22:37 --> 404 Page Not Found: /index
ERROR - 2021-08-23 23:22:37 --> 404 Page Not Found: /index
ERROR - 2021-08-23 23:22:42 --> 404 Page Not Found: /index
ERROR - 2021-08-23 23:22:42 --> 404 Page Not Found: /index
ERROR - 2021-08-23 23:22:42 --> 404 Page Not Found: /index
ERROR - 2021-08-23 23:22:42 --> 404 Page Not Found: /index
ERROR - 2021-08-23 23:23:34 --> 404 Page Not Found: /index
ERROR - 2021-08-23 23:23:34 --> 404 Page Not Found: /index
ERROR - 2021-08-23 23:23:34 --> 404 Page Not Found: /index
ERROR - 2021-08-23 23:23:34 --> 404 Page Not Found: /index
ERROR - 2021-08-23 23:24:12 --> 404 Page Not Found: /index
ERROR - 2021-08-23 23:24:12 --> 404 Page Not Found: /index
ERROR - 2021-08-23 23:24:12 --> 404 Page Not Found: /index
ERROR - 2021-08-23 23:24:12 --> 404 Page Not Found: /index
ERROR - 2021-08-23 23:24:36 --> 404 Page Not Found: /index
ERROR - 2021-08-23 23:24:36 --> 404 Page Not Found: /index
ERROR - 2021-08-23 23:24:36 --> 404 Page Not Found: /index
ERROR - 2021-08-23 23:24:37 --> 404 Page Not Found: /index
ERROR - 2021-08-23 23:25:28 --> 404 Page Not Found: /index
ERROR - 2021-08-23 23:25:28 --> 404 Page Not Found: /index
ERROR - 2021-08-23 23:25:28 --> 404 Page Not Found: /index
ERROR - 2021-08-23 23:25:28 --> 404 Page Not Found: /index
ERROR - 2021-08-23 23:26:02 --> 404 Page Not Found: /index
ERROR - 2021-08-23 23:26:02 --> 404 Page Not Found: /index
ERROR - 2021-08-23 23:26:02 --> 404 Page Not Found: /index
ERROR - 2021-08-23 23:26:02 --> 404 Page Not Found: /index
ERROR - 2021-08-23 23:26:03 --> 404 Page Not Found: /index
ERROR - 2021-08-23 23:26:03 --> 404 Page Not Found: /index
ERROR - 2021-08-23 23:26:03 --> 404 Page Not Found: /index
ERROR - 2021-08-23 23:26:03 --> 404 Page Not Found: /index
ERROR - 2021-08-23 23:26:03 --> 404 Page Not Found: /index
ERROR - 2021-08-23 23:26:03 --> 404 Page Not Found: /index
ERROR - 2021-08-23 23:26:03 --> 404 Page Not Found: /index
ERROR - 2021-08-23 23:26:04 --> 404 Page Not Found: /index
ERROR - 2021-08-23 23:26:04 --> 404 Page Not Found: /index
ERROR - 2021-08-23 23:26:04 --> 404 Page Not Found: /index
ERROR - 2021-08-23 23:26:04 --> 404 Page Not Found: /index
ERROR - 2021-08-23 23:27:24 --> Severity: error --> Exception: Call to undefined method Shop::index() D:\WORK\PHP\KUMYO\www\app\controllers\web\Shop.php 39
ERROR - 2021-08-23 23:28:24 --> Severity: error --> Exception: Call to undefined method Shop::index() D:\WORK\PHP\KUMYO\www\app\controllers\web\Shop.php 39
ERROR - 2021-08-23 23:29:24 --> Severity: error --> Exception: Call to undefined method Shop::index() D:\WORK\PHP\KUMYO\www\app\controllers\web\Shop.php 39
ERROR - 2021-08-23 23:29:51 --> Severity: Notice --> Undefined index: upload_path D:\WORK\PHP\KUMYO\www\app\libraries\Func.php 1462
ERROR - 2021-08-23 23:29:51 --> Severity: Warning --> getimagesize(fa3e658b2243ab6d86b61a39b9700e8e.PNG): failed to open stream: No such file or directory D:\WORK\PHP\KUMYO\www\app\libraries\Func.php 1462
ERROR - 2021-08-23 23:29:51 --> Severity: Notice --> Undefined index: upload_path D:\WORK\PHP\KUMYO\www\app\libraries\Func.php 1467
ERROR - 2021-08-23 23:29:51 --> Severity: Notice --> Undefined index: upload_path D:\WORK\PHP\KUMYO\www\app\libraries\Func.php 1468
ERROR - 2021-08-23 23:29:51 --> The path to the image is not correct.
ERROR - 2021-08-23 23:29:51 --> The path to the image is not correct.
ERROR - 2021-08-23 23:29:51 --> The path to the image is not correct.
ERROR - 2021-08-23 23:29:51 --> Your server does not support the GD function required to process this type of image.
ERROR - 2021-08-23 23:29:51 --> Your server does not support the GD function required to process this type of image.
ERROR - 2021-08-23 23:29:51 --> Severity: Warning --> A non-numeric value encountered D:\WORK\PHP\KUMYO\system\libraries\Image_lib.php 1196
ERROR - 2021-08-23 23:29:51 --> Severity: Warning --> A non-numeric value encountered D:\WORK\PHP\KUMYO\system\libraries\Image_lib.php 1206
ERROR - 2021-08-23 23:29:51 --> Severity: Warning --> imagecolorat() expects parameter 1 to be resource, boolean given D:\WORK\PHP\KUMYO\system\libraries\Image_lib.php 1216
ERROR - 2021-08-23 23:29:51 --> Severity: Warning --> imagecolorat() expects parameter 1 to be resource, boolean given D:\WORK\PHP\KUMYO\system\libraries\Image_lib.php 1228
ERROR - 2021-08-23 23:29:51 --> Severity: Warning --> imagecolortransparent() expects parameter 1 to be resource, boolean given D:\WORK\PHP\KUMYO\system\libraries\Image_lib.php 1228
ERROR - 2021-08-23 23:29:51 --> Severity: Warning --> imagecopymerge() expects parameter 1 to be resource, boolean given D:\WORK\PHP\KUMYO\system\libraries\Image_lib.php 1229
ERROR - 2021-08-23 23:29:51 --> Your server does not support the GD function required to process this type of image.
ERROR - 2021-08-23 23:29:51 --> Severity: Notice --> Undefined index: upload_path D:\WORK\PHP\KUMYO\www\app\libraries\Func.php 1462
ERROR - 2021-08-23 23:29:51 --> Severity: Warning --> getimagesize(9118cf03e4fc7a97b30c2f32ba534e2a.PNG): failed to open stream: No such file or directory D:\WORK\PHP\KUMYO\www\app\libraries\Func.php 1462
ERROR - 2021-08-23 23:29:51 --> Severity: Notice --> Undefined index: upload_path D:\WORK\PHP\KUMYO\www\app\libraries\Func.php 1467
ERROR - 2021-08-23 23:29:51 --> Severity: Notice --> Undefined index: upload_path D:\WORK\PHP\KUMYO\www\app\libraries\Func.php 1468
ERROR - 2021-08-23 23:29:51 --> The path to the image is not correct.
ERROR - 2021-08-23 23:29:51 --> The path to the image is not correct.
ERROR - 2021-08-23 23:29:51 --> The path to the image is not correct.
ERROR - 2021-08-23 23:29:51 --> Your server does not support the GD function required to process this type of image.
ERROR - 2021-08-23 23:29:51 --> Your server does not support the GD function required to process this type of image.
ERROR - 2021-08-23 23:29:51 --> Severity: Warning --> A non-numeric value encountered D:\WORK\PHP\KUMYO\system\libraries\Image_lib.php 1196
ERROR - 2021-08-23 23:29:51 --> Severity: Warning --> A non-numeric value encountered D:\WORK\PHP\KUMYO\system\libraries\Image_lib.php 1206
ERROR - 2021-08-23 23:29:51 --> Severity: Warning --> imagecolorat() expects parameter 1 to be resource, boolean given D:\WORK\PHP\KUMYO\system\libraries\Image_lib.php 1216
ERROR - 2021-08-23 23:29:51 --> Severity: Warning --> imagecolorat() expects parameter 1 to be resource, boolean given D:\WORK\PHP\KUMYO\system\libraries\Image_lib.php 1228
ERROR - 2021-08-23 23:29:51 --> Severity: Warning --> imagecolortransparent() expects parameter 1 to be resource, boolean given D:\WORK\PHP\KUMYO\system\libraries\Image_lib.php 1228
ERROR - 2021-08-23 23:29:51 --> Severity: Warning --> imagecopymerge() expects parameter 1 to be resource, boolean given D:\WORK\PHP\KUMYO\system\libraries\Image_lib.php 1229
ERROR - 2021-08-23 23:29:51 --> Your server does not support the GD function required to process this type of image.
ERROR - 2021-08-23 23:30:24 --> Severity: error --> Exception: Call to undefined method Shop::index() D:\WORK\PHP\KUMYO\www\app\controllers\web\Shop.php 39
ERROR - 2021-08-23 23:31:24 --> Severity: error --> Exception: Call to undefined method Shop::index() D:\WORK\PHP\KUMYO\www\app\controllers\web\Shop.php 39
ERROR - 2021-08-23 23:32:24 --> Severity: error --> Exception: Call to undefined method Shop::index() D:\WORK\PHP\KUMYO\www\app\controllers\web\Shop.php 39
ERROR - 2021-08-23 23:33:24 --> Severity: error --> Exception: Call to undefined method Shop::index() D:\WORK\PHP\KUMYO\www\app\controllers\web\Shop.php 39
ERROR - 2021-08-23 23:34:24 --> Severity: error --> Exception: Call to undefined method Shop::index() D:\WORK\PHP\KUMYO\www\app\controllers\web\Shop.php 39
ERROR - 2021-08-23 23:34:36 --> Severity: Notice --> Undefined index: upload_path D:\WORK\PHP\KUMYO\www\app\libraries\Func.php 1553
ERROR - 2021-08-23 23:34:36 --> Severity: Warning --> getimagesize(a1a817cccb08b264a59905e3166f7992.PNG): failed to open stream: No such file or directory D:\WORK\PHP\KUMYO\www\app\libraries\Func.php 1553
ERROR - 2021-08-23 23:34:36 --> Severity: Notice --> Undefined index: upload_path D:\WORK\PHP\KUMYO\www\app\libraries\Func.php 1558
ERROR - 2021-08-23 23:34:36 --> Severity: Notice --> Undefined index: upload_path D:\WORK\PHP\KUMYO\www\app\libraries\Func.php 1559
ERROR - 2021-08-23 23:34:36 --> The path to the image is not correct.
ERROR - 2021-08-23 23:34:36 --> The path to the image is not correct.
ERROR - 2021-08-23 23:34:36 --> The path to the image is not correct.
ERROR - 2021-08-23 23:34:36 --> Your server does not support the GD function required to process this type of image.
ERROR - 2021-08-23 23:34:36 --> Your server does not support the GD function required to process this type of image.
ERROR - 2021-08-23 23:34:36 --> Severity: Warning --> A non-numeric value encountered D:\WORK\PHP\KUMYO\system\libraries\Image_lib.php 1196
ERROR - 2021-08-23 23:34:36 --> Severity: Warning --> A non-numeric value encountered D:\WORK\PHP\KUMYO\system\libraries\Image_lib.php 1206
ERROR - 2021-08-23 23:34:36 --> Severity: Warning --> imagecolorat() expects parameter 1 to be resource, boolean given D:\WORK\PHP\KUMYO\system\libraries\Image_lib.php 1216
ERROR - 2021-08-23 23:34:36 --> Severity: Warning --> imagecolorat() expects parameter 1 to be resource, boolean given D:\WORK\PHP\KUMYO\system\libraries\Image_lib.php 1228
ERROR - 2021-08-23 23:34:36 --> Severity: Warning --> imagecolortransparent() expects parameter 1 to be resource, boolean given D:\WORK\PHP\KUMYO\system\libraries\Image_lib.php 1228
ERROR - 2021-08-23 23:34:36 --> Severity: Warning --> imagecopymerge() expects parameter 1 to be resource, boolean given D:\WORK\PHP\KUMYO\system\libraries\Image_lib.php 1229
ERROR - 2021-08-23 23:34:36 --> Your server does not support the GD function required to process this type of image.
ERROR - 2021-08-23 23:35:24 --> Severity: error --> Exception: Call to undefined method Shop::index() D:\WORK\PHP\KUMYO\www\app\controllers\web\Shop.php 39
ERROR - 2021-08-23 23:36:24 --> Severity: error --> Exception: Call to undefined method Shop::index() D:\WORK\PHP\KUMYO\www\app\controllers\web\Shop.php 39
ERROR - 2021-08-23 23:37:24 --> Severity: error --> Exception: Call to undefined method Shop::index() D:\WORK\PHP\KUMYO\www\app\controllers\web\Shop.php 39
ERROR - 2021-08-23 23:38:24 --> Severity: error --> Exception: Call to undefined method Shop::index() D:\WORK\PHP\KUMYO\www\app\controllers\web\Shop.php 39
ERROR - 2021-08-23 23:39:24 --> Severity: error --> Exception: Call to undefined method Shop::index() D:\WORK\PHP\KUMYO\www\app\controllers\web\Shop.php 39
ERROR - 2021-08-23 23:40:24 --> Severity: error --> Exception: Call to undefined method Shop::index() D:\WORK\PHP\KUMYO\www\app\controllers\web\Shop.php 39
ERROR - 2021-08-23 23:41:24 --> Severity: error --> Exception: Call to undefined method Shop::index() D:\WORK\PHP\KUMYO\www\app\controllers\web\Shop.php 39
ERROR - 2021-08-23 23:42:24 --> Severity: error --> Exception: Call to undefined method Shop::index() D:\WORK\PHP\KUMYO\www\app\controllers\web\Shop.php 39
ERROR - 2021-08-23 23:42:56 --> 404 Page Not Found: /index
ERROR - 2021-08-23 23:42:56 --> 404 Page Not Found: /index
ERROR - 2021-08-23 23:42:56 --> 404 Page Not Found: /index
ERROR - 2021-08-23 23:42:56 --> 404 Page Not Found: /index
ERROR - 2021-08-23 23:43:03 --> 404 Page Not Found: /index
ERROR - 2021-08-23 23:43:03 --> 404 Page Not Found: /index
ERROR - 2021-08-23 23:43:03 --> 404 Page Not Found: /index
ERROR - 2021-08-23 23:43:03 --> 404 Page Not Found: /index
ERROR - 2021-08-23 23:43:24 --> Severity: error --> Exception: Call to undefined method Shop::index() D:\WORK\PHP\KUMYO\www\app\controllers\web\Shop.php 39
ERROR - 2021-08-23 23:44:24 --> Severity: error --> Exception: Call to undefined method Shop::index() D:\WORK\PHP\KUMYO\www\app\controllers\web\Shop.php 39
ERROR - 2021-08-23 23:45:24 --> Severity: error --> Exception: Call to undefined method Shop::index() D:\WORK\PHP\KUMYO\www\app\controllers\web\Shop.php 39
ERROR - 2021-08-23 23:46:24 --> Severity: error --> Exception: Call to undefined method Shop::index() D:\WORK\PHP\KUMYO\www\app\controllers\web\Shop.php 39
ERROR - 2021-08-23 23:47:24 --> Severity: error --> Exception: Call to undefined method Shop::index() D:\WORK\PHP\KUMYO\www\app\controllers\web\Shop.php 39
ERROR - 2021-08-23 23:48:24 --> Severity: error --> Exception: Call to undefined method Shop::index() D:\WORK\PHP\KUMYO\www\app\controllers\web\Shop.php 39
ERROR - 2021-08-23 23:48:30 --> 404 Page Not Found: /index
ERROR - 2021-08-23 23:48:30 --> 404 Page Not Found: /index
ERROR - 2021-08-23 23:48:30 --> 404 Page Not Found: /index
ERROR - 2021-08-23 23:48:30 --> 404 Page Not Found: /index
ERROR - 2021-08-23 23:48:38 --> 404 Page Not Found: /index
ERROR - 2021-08-23 23:48:38 --> 404 Page Not Found: /index
ERROR - 2021-08-23 23:48:38 --> 404 Page Not Found: /index
ERROR - 2021-08-23 23:48:38 --> 404 Page Not Found: /index
ERROR - 2021-08-23 23:48:46 --> Severity: Notice --> Undefined property: Func::$func D:\WORK\PHP\KUMYO\www\app\libraries\Func.php 1532
ERROR - 2021-08-23 23:48:46 --> Severity: error --> Exception: Call to a member function img_ext() on null D:\WORK\PHP\KUMYO\www\app\libraries\Func.php 1532
ERROR - 2021-08-23 23:49:10 --> Severity: Notice --> Undefined property: Func::$func D:\WORK\PHP\KUMYO\www\app\libraries\Func.php 1532
ERROR - 2021-08-23 23:49:10 --> Severity: error --> Exception: Call to a member function img_ext() on null D:\WORK\PHP\KUMYO\www\app\libraries\Func.php 1532
ERROR - 2021-08-23 23:49:24 --> Severity: error --> Exception: Call to undefined method Shop::index() D:\WORK\PHP\KUMYO\www\app\controllers\web\Shop.php 39
ERROR - 2021-08-23 23:49:50 --> Severity: Notice --> Only variables should be passed by reference D:\WORK\PHP\KUMYO\www\app\libraries\Func.php 1774
ERROR - 2021-08-23 23:50:24 --> Severity: error --> Exception: Call to undefined method Shop::index() D:\WORK\PHP\KUMYO\www\app\controllers\web\Shop.php 39
ERROR - 2021-08-23 23:50:45 --> Severity: Notice --> Only variables should be passed by reference D:\WORK\PHP\KUMYO\www\app\libraries\Func.php 1774
ERROR - 2021-08-23 23:51:24 --> Severity: error --> Exception: Call to undefined method Shop::index() D:\WORK\PHP\KUMYO\www\app\controllers\web\Shop.php 39
ERROR - 2021-08-23 23:52:24 --> Severity: error --> Exception: Call to undefined method Shop::index() D:\WORK\PHP\KUMYO\www\app\controllers\web\Shop.php 39
ERROR - 2021-08-23 23:53:24 --> Severity: error --> Exception: Call to undefined method Shop::index() D:\WORK\PHP\KUMYO\www\app\controllers\web\Shop.php 39
ERROR - 2021-08-23 23:53:36 --> Severity: Notice --> Only variables should be passed by reference D:\WORK\PHP\KUMYO\www\app\libraries\Func.php 1801
ERROR - 2021-08-23 23:53:36 --> Severity: Notice --> Undefined index: upload_path D:\WORK\PHP\KUMYO\www\app\libraries\Func.php 1558
ERROR - 2021-08-23 23:53:36 --> Severity: Warning --> getimagesize(438b8f8f9c726f9222411efdf5e52aed.PNG): failed to open stream: No such file or directory D:\WORK\PHP\KUMYO\www\app\libraries\Func.php 1558
ERROR - 2021-08-23 23:53:36 --> Severity: Notice --> Only variables should be passed by reference D:\WORK\PHP\KUMYO\www\app\libraries\Func.php 1801
ERROR - 2021-08-23 23:53:36 --> Severity: Notice --> Undefined index: upload_path D:\WORK\PHP\KUMYO\www\app\libraries\Func.php 1566
ERROR - 2021-08-23 23:53:36 --> Severity: Notice --> Undefined index: upload_path D:\WORK\PHP\KUMYO\www\app\libraries\Func.php 1567
ERROR - 2021-08-23 23:53:36 --> The path to the image is not correct.
ERROR - 2021-08-23 23:53:36 --> Your server does not support the GD function required to process this type of image.
ERROR - 2021-08-23 23:54:24 --> Severity: error --> Exception: Call to undefined method Shop::index() D:\WORK\PHP\KUMYO\www\app\controllers\web\Shop.php 39
ERROR - 2021-08-23 23:54:34 --> Severity: Notice --> Only variables should be passed by reference D:\WORK\PHP\KUMYO\www\app\libraries\Func.php 1800
ERROR - 2021-08-23 23:54:35 --> Severity: Notice --> Undefined index: upload_path D:\WORK\PHP\KUMYO\www\app\libraries\Func.php 1558
ERROR - 2021-08-23 23:54:35 --> Severity: Warning --> getimagesize(20459601acf19e1e1a29f5692bcfbc53.PNG): failed to open stream: No such file or directory D:\WORK\PHP\KUMYO\www\app\libraries\Func.php 1558
ERROR - 2021-08-23 23:54:35 --> Severity: Notice --> Undefined index: upload_path D:\WORK\PHP\KUMYO\www\app\libraries\Func.php 1565
ERROR - 2021-08-23 23:54:35 --> Severity: Notice --> Undefined index: upload_path D:\WORK\PHP\KUMYO\www\app\libraries\Func.php 1566
ERROR - 2021-08-23 23:54:35 --> The path to the image is not correct.
ERROR - 2021-08-23 23:54:35 --> Your server does not support the GD function required to process this type of image.
ERROR - 2021-08-23 23:54:57 --> Severity: Notice --> Only variables should be passed by reference D:\WORK\PHP\KUMYO\www\app\libraries\Func.php 1802
ERROR - 2021-08-23 23:54:57 --> Severity: Notice --> Undefined index: upload_path D:\WORK\PHP\KUMYO\www\app\libraries\Func.php 1558
ERROR - 2021-08-23 23:54:57 --> Severity: Warning --> getimagesize(46698eb5684429c5cb5307fd7383833b.PNG): failed to open stream: No such file or directory D:\WORK\PHP\KUMYO\www\app\libraries\Func.php 1558
ERROR - 2021-08-23 23:54:57 --> Severity: Notice --> Undefined index: upload_path D:\WORK\PHP\KUMYO\www\app\libraries\Func.php 1567
ERROR - 2021-08-23 23:54:57 --> Severity: Notice --> Undefined index: upload_path D:\WORK\PHP\KUMYO\www\app\libraries\Func.php 1568
ERROR - 2021-08-23 23:54:57 --> The path to the image is not correct.
ERROR - 2021-08-23 23:54:57 --> Your server does not support the GD function required to process this type of image.
ERROR - 2021-08-23 23:55:23 --> Severity: Notice --> Only variables should be passed by reference D:\WORK\PHP\KUMYO\www\app\libraries\Func.php 1802
ERROR - 2021-08-23 23:55:24 --> Severity: error --> Exception: Call to undefined method Shop::index() D:\WORK\PHP\KUMYO\www\app\controllers\web\Shop.php 39
ERROR - 2021-08-23 23:56:24 --> Severity: error --> Exception: Call to undefined method Shop::index() D:\WORK\PHP\KUMYO\www\app\controllers\web\Shop.php 39
ERROR - 2021-08-23 23:56:33 --> Severity: Notice --> Only variables should be passed by reference D:\WORK\PHP\KUMYO\www\app\libraries\Func.php 1806
ERROR - 2021-08-23 23:57:24 --> Severity: error --> Exception: Call to undefined method Shop::index() D:\WORK\PHP\KUMYO\www\app\controllers\web\Shop.php 39
ERROR - 2021-08-23 23:57:28 --> Severity: error --> Exception: syntax error, unexpected '$ext' (T_VARIABLE) D:\WORK\PHP\KUMYO\www\app\libraries\Func.php 1808
ERROR - 2021-08-23 23:58:24 --> Severity: error --> Exception: Call to undefined method Shop::index() D:\WORK\PHP\KUMYO\www\app\controllers\web\Shop.php 39
ERROR - 2021-08-23 23:58:26 --> Severity: Notice --> Undefined index: upload_path D:\WORK\PHP\KUMYO\www\app\libraries\Func.php 1558
ERROR - 2021-08-23 23:58:26 --> Severity: Warning --> getimagesize(8d4e20b7c4262e809fbe75bf2526f735.PNG): failed to open stream: No such file or directory D:\WORK\PHP\KUMYO\www\app\libraries\Func.php 1558
ERROR - 2021-08-23 23:58:26 --> Severity: Notice --> Undefined index: upload_path D:\WORK\PHP\KUMYO\www\app\libraries\Func.php 1567
ERROR - 2021-08-23 23:58:26 --> Severity: Notice --> Undefined index: upload_path D:\WORK\PHP\KUMYO\www\app\libraries\Func.php 1568
ERROR - 2021-08-23 23:58:26 --> The path to the image is not correct.
ERROR - 2021-08-23 23:58:26 --> Your server does not support the GD function required to process this type of image.
ERROR - 2021-08-23 23:59:05 --> Severity: Notice --> Undefined index: upload_path D:\WORK\PHP\KUMYO\www\app\libraries\Func.php 1557
ERROR - 2021-08-23 23:59:05 --> Severity: Warning --> getimagesize(1442d2192cdcac58cc1b0b970dbca97c.PNG): failed to open stream: No such file or directory D:\WORK\PHP\KUMYO\www\app\libraries\Func.php 1557
ERROR - 2021-08-23 23:59:05 --> Severity: Notice --> Undefined index: upload_path D:\WORK\PHP\KUMYO\www\app\libraries\Func.php 1566
ERROR - 2021-08-23 23:59:05 --> Severity: Notice --> Undefined index: upload_path D:\WORK\PHP\KUMYO\www\app\libraries\Func.php 1567
ERROR - 2021-08-23 23:59:05 --> The path to the image is not correct.
ERROR - 2021-08-23 23:59:05 --> Your server does not support the GD function required to process this type of image.
ERROR - 2021-08-23 23:59:24 --> Severity: error --> Exception: Call to undefined method Shop::index() D:\WORK\PHP\KUMYO\www\app\controllers\web\Shop.php 39
