ERROR - 2021-08-18 22:24:16 --> 404 Page Not Found: /index
ERROR - 2021-08-18 22:30:42 --> 404 Page Not Found: /index
ERROR - 2021-08-18 22:31:01 --> 404 Page Not Found: /index
ERROR - 2021-08-18 22:31:22 --> 404 Page Not Found: /index
ERROR - 2021-08-18 22:32:03 --> 404 Page Not Found: /index
ERROR - 2021-08-18 22:32:14 --> 404 Page Not Found: /index
ERROR - 2021-08-18 22:33:02 --> 404 Page Not Found: /index
ERROR - 2021-08-18 22:33:44 --> 404 Page Not Found: /index
ERROR - 2021-08-18 22:34:16 --> 404 Page Not Found: /index
ERROR - 2021-08-18 22:35:21 --> 404 Page Not Found: /index
ERROR - 2021-08-18 22:36:11 --> 404 Page Not Found: /index
ERROR - 2021-08-18 22:36:23 --> 404 Page Not Found: /index
ERROR - 2021-08-18 22:37:34 --> 404 Page Not Found: /index
ERROR - 2021-08-18 22:38:06 --> 404 Page Not Found: /index
ERROR - 2021-08-18 22:38:50 --> 404 Page Not Found: /index
ERROR - 2021-08-18 22:38:55 --> 404 Page Not Found: /index
ERROR - 2021-08-18 22:39:03 --> 404 Page Not Found: /index
ERROR - 2021-08-18 22:39:20 --> 404 Page Not Found: /index
ERROR - 2021-08-18 22:39:41 --> 404 Page Not Found: /index
ERROR - 2021-08-18 22:39:57 --> 404 Page Not Found: /index
ERROR - 2021-08-18 22:40:14 --> 404 Page Not Found: /index
ERROR - 2021-08-18 22:40:36 --> 404 Page Not Found: /index
ERROR - 2021-08-18 22:40:58 --> 404 Page Not Found: /index
ERROR - 2021-08-18 22:41:23 --> 404 Page Not Found: /index
ERROR - 2021-08-18 22:41:43 --> 404 Page Not Found: /index
ERROR - 2021-08-18 22:41:49 --> 404 Page Not Found: /index
ERROR - 2021-08-18 22:42:27 --> 404 Page Not Found: /index
ERROR - 2021-08-18 22:42:36 --> Severity: Notice --> Undefined variable: sub_title D:\WORK\PHP\KUMYO\www\app\views\adm\layout_hlcf.php 66
ERROR - 2021-08-18 22:43:10 --> 404 Page Not Found: /index
ERROR - 2021-08-18 22:44:38 --> 404 Page Not Found: /index
ERROR - 2021-08-18 22:45:20 --> 404 Page Not Found: /index
ERROR - 2021-08-18 22:45:31 --> 404 Page Not Found: /index
ERROR - 2021-08-18 22:45:37 --> 404 Page Not Found: /index
ERROR - 2021-08-18 22:55:11 --> 404 Page Not Found: /index
ERROR - 2021-08-18 22:55:36 --> 404 Page Not Found: /index
ERROR - 2021-08-18 22:56:15 --> 404 Page Not Found: /index
ERROR - 2021-08-18 22:57:50 --> 404 Page Not Found: /index
ERROR - 2021-08-18 22:58:24 --> 404 Page Not Found: /index
ERROR - 2021-08-18 22:58:24 --> 404 Page Not Found: /index
ERROR - 2021-08-18 22:58:36 --> 404 Page Not Found: /index
ERROR - 2021-08-18 22:59:19 --> 404 Page Not Found: /index
ERROR - 2021-08-18 22:59:41 --> 404 Page Not Found: /index
ERROR - 2021-08-18 23:02:06 --> 404 Page Not Found: /index
ERROR - 2021-08-18 23:02:21 --> 404 Page Not Found: /index
ERROR - 2021-08-18 23:02:34 --> 404 Page Not Found: /index
ERROR - 2021-08-18 23:03:09 --> 404 Page Not Found: /index
ERROR - 2021-08-18 23:03:18 --> 404 Page Not Found: /index
ERROR - 2021-08-18 23:04:14 --> 404 Page Not Found: /index
ERROR - 2021-08-18 23:04:23 --> 404 Page Not Found: /index
ERROR - 2021-08-18 23:05:02 --> 404 Page Not Found: /index
ERROR - 2021-08-18 23:06:17 --> 404 Page Not Found: /index
ERROR - 2021-08-18 23:07:14 --> 404 Page Not Found: /index
ERROR - 2021-08-18 23:07:51 --> 404 Page Not Found: /index
ERROR - 2021-08-18 23:08:26 --> 404 Page Not Found: /index
ERROR - 2021-08-18 23:08:56 --> 404 Page Not Found: /index
ERROR - 2021-08-18 23:08:57 --> 404 Page Not Found: /index
ERROR - 2021-08-18 23:08:59 --> 404 Page Not Found: /index
ERROR - 2021-08-18 23:09:11 --> 404 Page Not Found: /index
ERROR - 2021-08-18 23:09:14 --> 404 Page Not Found: /index
ERROR - 2021-08-18 23:10:20 --> 404 Page Not Found: /index
ERROR - 2021-08-18 23:10:21 --> 404 Page Not Found: /index
ERROR - 2021-08-18 23:10:23 --> 404 Page Not Found: /index
ERROR - 2021-08-18 23:10:47 --> 404 Page Not Found: /index
ERROR - 2021-08-18 23:11:01 --> 404 Page Not Found: /index
ERROR - 2021-08-18 23:11:22 --> 404 Page Not Found: /index
ERROR - 2021-08-18 23:11:34 --> 404 Page Not Found: /index
ERROR - 2021-08-18 23:11:55 --> 404 Page Not Found: /index
ERROR - 2021-08-18 23:12:18 --> 404 Page Not Found: /index
ERROR - 2021-08-18 23:12:39 --> 404 Page Not Found: /index
ERROR - 2021-08-18 23:12:55 --> 404 Page Not Found: /index
ERROR - 2021-08-18 23:13:57 --> 404 Page Not Found: /index
ERROR - 2021-08-18 23:14:06 --> 404 Page Not Found: /index
ERROR - 2021-08-18 23:15:04 --> 404 Page Not Found: /index
ERROR - 2021-08-18 23:15:35 --> 404 Page Not Found: /index
ERROR - 2021-08-18 23:17:20 --> 404 Page Not Found: /index
ERROR - 2021-08-18 23:18:02 --> 404 Page Not Found: /index
ERROR - 2021-08-18 23:19:22 --> 404 Page Not Found: /index
ERROR - 2021-08-18 23:19:37 --> 404 Page Not Found: /index
ERROR - 2021-08-18 23:20:38 --> 404 Page Not Found: /index
ERROR - 2021-08-18 23:20:53 --> 404 Page Not Found: /index
ERROR - 2021-08-18 23:21:35 --> 404 Page Not Found: /index
ERROR - 2021-08-18 23:25:08 --> 404 Page Not Found: /index
ERROR - 2021-08-18 23:25:54 --> 404 Page Not Found: /index
ERROR - 2021-08-18 23:25:57 --> 404 Page Not Found: /index
ERROR - 2021-08-18 23:27:39 --> 404 Page Not Found: /index
ERROR - 2021-08-18 23:27:56 --> 404 Page Not Found: /index
ERROR - 2021-08-18 23:29:34 --> 404 Page Not Found: /index
ERROR - 2021-08-18 23:30:52 --> 404 Page Not Found: /index
ERROR - 2021-08-18 23:31:33 --> 404 Page Not Found: /index
ERROR - 2021-08-18 23:33:27 --> 404 Page Not Found: /index
ERROR - 2021-08-18 23:34:16 --> 404 Page Not Found: /index
ERROR - 2021-08-18 23:34:33 --> 404 Page Not Found: /index
ERROR - 2021-08-18 23:34:43 --> 404 Page Not Found: /index
ERROR - 2021-08-18 23:34:48 --> 404 Page Not Found: /index
ERROR - 2021-08-18 23:34:53 --> 404 Page Not Found: /index
ERROR - 2021-08-18 23:34:56 --> 404 Page Not Found: /index
ERROR - 2021-08-18 23:36:05 --> 404 Page Not Found: /index
ERROR - 2021-08-18 23:36:14 --> 404 Page Not Found: /index
ERROR - 2021-08-18 23:36:56 --> 404 Page Not Found: /index
ERROR - 2021-08-18 23:37:43 --> 404 Page Not Found: /index
ERROR - 2021-08-18 23:38:17 --> 404 Page Not Found: /index
ERROR - 2021-08-18 23:38:57 --> 404 Page Not Found: /index
ERROR - 2021-08-18 23:44:23 --> 404 Page Not Found: /index
ERROR - 2021-08-18 23:45:46 --> 404 Page Not Found: /index
ERROR - 2021-08-18 23:46:45 --> 404 Page Not Found: /index
ERROR - 2021-08-18 23:46:45 --> 404 Page Not Found: /index
ERROR - 2021-08-18 23:46:49 --> 404 Page Not Found: /index
ERROR - 2021-08-18 23:46:49 --> 404 Page Not Found: /index
ERROR - 2021-08-18 23:46:51 --> 404 Page Not Found: /index
ERROR - 2021-08-18 23:46:51 --> 404 Page Not Found: /index
ERROR - 2021-08-18 23:46:57 --> 404 Page Not Found: /index
ERROR - 2021-08-18 23:46:57 --> 404 Page Not Found: /index
ERROR - 2021-08-18 23:47:09 --> 404 Page Not Found: /index
ERROR - 2021-08-18 23:47:11 --> 404 Page Not Found: /index
ERROR - 2021-08-18 23:47:34 --> 404 Page Not Found: /index
ERROR - 2021-08-18 23:47:35 --> 404 Page Not Found: /index
ERROR - 2021-08-18 23:47:40 --> 404 Page Not Found: /index
ERROR - 2021-08-18 23:48:12 --> 404 Page Not Found: /index
ERROR - 2021-08-18 23:48:16 --> 404 Page Not Found: /index
ERROR - 2021-08-18 23:48:16 --> 404 Page Not Found: /index
ERROR - 2021-08-18 23:48:23 --> 404 Page Not Found: /index
ERROR - 2021-08-18 23:50:27 --> 404 Page Not Found: /index
ERROR - 2021-08-18 23:50:39 --> Severity: error --> Exception: Call to undefined method Shop::index() D:\WORK\PHP\KUMYO\www\app\controllers\web\Shop.php 39
ERROR - 2021-08-18 23:50:39 --> Severity: error --> Exception: Call to undefined method Shop::index() D:\WORK\PHP\KUMYO\www\app\controllers\web\Shop.php 39
ERROR - 2021-08-18 23:50:39 --> Severity: error --> Exception: Call to undefined method Shop::index() D:\WORK\PHP\KUMYO\www\app\controllers\web\Shop.php 39
ERROR - 2021-08-18 23:50:39 --> Severity: error --> Exception: Call to undefined method Shop::index() D:\WORK\PHP\KUMYO\www\app\controllers\web\Shop.php 39
ERROR - 2021-08-18 23:50:39 --> Severity: error --> Exception: Call to undefined method Shop::index() D:\WORK\PHP\KUMYO\www\app\controllers\web\Shop.php 39
ERROR - 2021-08-18 23:50:39 --> Severity: error --> Exception: Call to undefined method Shop::index() D:\WORK\PHP\KUMYO\www\app\controllers\web\Shop.php 39
ERROR - 2021-08-18 23:50:42 --> Severity: error --> Exception: Call to undefined method Shop::index() D:\WORK\PHP\KUMYO\www\app\controllers\web\Shop.php 39
ERROR - 2021-08-18 23:50:54 --> 404 Page Not Found: /index
ERROR - 2021-08-18 23:51:12 --> 404 Page Not Found: /index
ERROR - 2021-08-18 23:54:33 --> 404 Page Not Found: /index
ERROR - 2021-08-18 23:55:04 --> 404 Page Not Found: /index
ERROR - 2021-08-18 23:55:44 --> 404 Page Not Found: /index
ERROR - 2021-08-18 23:56:34 --> Severity: error --> Exception: Call to undefined function show_json_error() D:\WORK\PHP\KUMYO\www\app\controllers\web\Join.php 72
ERROR - 2021-08-18 23:57:48 --> Severity: error --> Exception: Call to undefined function show_json_error() D:\WORK\PHP\KUMYO\www\app\controllers\web\Join.php 72
ERROR - 2021-08-18 23:57:48 --> 404 Page Not Found: /index
ERROR - 2021-08-18 23:57:49 --> Severity: error --> Exception: Call to undefined function show_json_error() D:\WORK\PHP\KUMYO\www\app\controllers\web\Join.php 72
ERROR - 2021-08-18 23:57:49 --> 404 Page Not Found: /index
ERROR - 2021-08-18 23:57:50 --> Severity: error --> Exception: Call to undefined function show_json_error() D:\WORK\PHP\KUMYO\www\app\controllers\web\Join.php 72
ERROR - 2021-08-18 23:57:50 --> 404 Page Not Found: /index
ERROR - 2021-08-18 23:57:50 --> Severity: error --> Exception: Call to undefined function show_json_error() D:\WORK\PHP\KUMYO\www\app\controllers\web\Join.php 72
ERROR - 2021-08-18 23:57:50 --> 404 Page Not Found: /index
ERROR - 2021-08-18 23:59:10 --> Severity: error --> Exception: Call to undefined function show_json_error() D:\WORK\PHP\KUMYO\www\app\controllers\web\Join.php 72
ERROR - 2021-08-18 23:59:10 --> 404 Page Not Found: /index
ERROR - 2021-08-18 23:59:10 --> Severity: error --> Exception: Call to undefined function show_json_error() D:\WORK\PHP\KUMYO\www\app\controllers\web\Join.php 72
ERROR - 2021-08-18 23:59:10 --> 404 Page Not Found: /index
ERROR - 2021-08-18 23:59:11 --> Severity: error --> Exception: Call to undefined function show_json_error() D:\WORK\PHP\KUMYO\www\app\controllers\web\Join.php 72
ERROR - 2021-08-18 23:59:11 --> 404 Page Not Found: /index
ERROR - 2021-08-18 23:59:11 --> Severity: error --> Exception: Call to undefined function show_json_error() D:\WORK\PHP\KUMYO\www\app\controllers\web\Join.php 72
ERROR - 2021-08-18 23:59:11 --> 404 Page Not Found: /index
ERROR - 2021-08-18 23:59:11 --> Severity: error --> Exception: Call to undefined function show_json_error() D:\WORK\PHP\KUMYO\www\app\controllers\web\Join.php 72
ERROR - 2021-08-18 23:59:11 --> 404 Page Not Found: /index
ERROR - 2021-08-18 23:59:11 --> Severity: error --> Exception: Call to undefined function show_json_error() D:\WORK\PHP\KUMYO\www\app\controllers\web\Join.php 72
ERROR - 2021-08-18 23:59:11 --> 404 Page Not Found: /index
ERROR - 2021-08-18 23:59:11 --> Severity: error --> Exception: Call to undefined function show_json_error() D:\WORK\PHP\KUMYO\www\app\controllers\web\Join.php 72
ERROR - 2021-08-18 23:59:11 --> 404 Page Not Found: /index
ERROR - 2021-08-18 23:59:12 --> Severity: error --> Exception: Call to undefined function show_json_error() D:\WORK\PHP\KUMYO\www\app\controllers\web\Join.php 72
ERROR - 2021-08-18 23:59:12 --> 404 Page Not Found: /index
ERROR - 2021-08-18 23:59:12 --> Severity: error --> Exception: Call to undefined function show_json_error() D:\WORK\PHP\KUMYO\www\app\controllers\web\Join.php 72
ERROR - 2021-08-18 23:59:12 --> 404 Page Not Found: /index
ERROR - 2021-08-18 23:59:32 --> Severity: error --> Exception: Call to undefined method CI_Exceptions::show_json_error() D:\WORK\PHP\KUMYO\www\app\helpers\exceptions_helper.php 23
ERROR - 2021-08-18 23:59:32 --> 404 Page Not Found: /index
ERROR - 2021-08-18 23:59:33 --> Severity: error --> Exception: Call to undefined method CI_Exceptions::show_json_error() D:\WORK\PHP\KUMYO\www\app\helpers\exceptions_helper.php 23
ERROR - 2021-08-18 23:59:33 --> 404 Page Not Found: /index
ERROR - 2021-08-18 23:59:34 --> Severity: error --> Exception: Call to undefined method CI_Exceptions::show_json_error() D:\WORK\PHP\KUMYO\www\app\helpers\exceptions_helper.php 23
ERROR - 2021-08-18 23:59:34 --> 404 Page Not Found: /index
