ERROR - 2021-08-10 21:03:04 --> 404 Page Not Found: /index
ERROR - 2021-08-10 21:03:09 --> Query error: Table 'KUMYO_DATA.admin' doesn't exist - Invalid query: SELECT * FROM admin WHERE adm_id = 'admin' 
ERROR - 2021-08-10 21:03:12 --> 404 Page Not Found: /index
ERROR - 2021-08-10 21:03:20 --> Query error: Table 'KUMYO_DATA.admin' doesn't exist - Invalid query: SELECT * FROM admin WHERE adm_id = 'admin' 
ERROR - 2021-08-10 21:04:18 --> 404 Page Not Found: web/Images/cart
ERROR - 2021-08-10 21:04:18 --> 404 Page Not Found: web/Images/cart
ERROR - 2021-08-10 21:05:19 --> 404 Page Not Found: web/Images/cart
ERROR - 2021-08-10 21:05:36 --> 404 Page Not Found: web/Ajax/quickview.html
ERROR - 2021-08-10 21:06:19 --> 404 Page Not Found: web/Images/cart
ERROR - 2021-08-10 21:07:16 --> 404 Page Not Found: web/Images/cart
ERROR - 2021-08-10 21:07:16 --> 404 Page Not Found: web/Images/cart
ERROR - 2021-08-10 21:07:17 --> 404 Page Not Found: /index
ERROR - 2021-08-10 21:07:18 --> 404 Page Not Found: web/Images/cart
ERROR - 2021-08-10 21:07:18 --> 404 Page Not Found: web/Images/cart
ERROR - 2021-08-10 21:07:18 --> 404 Page Not Found: /index
ERROR - 2021-08-10 21:07:22 --> 404 Page Not Found: web/Images/cart
ERROR - 2021-08-10 21:07:22 --> 404 Page Not Found: web/Images/cart
ERROR - 2021-08-10 21:07:22 --> 404 Page Not Found: /index
ERROR - 2021-08-10 21:07:51 --> 404 Page Not Found: web/Images/cart
ERROR - 2021-08-10 21:07:51 --> 404 Page Not Found: web/Images/cart
ERROR - 2021-08-10 21:07:51 --> 404 Page Not Found: /index
ERROR - 2021-08-10 21:08:26 --> 404 Page Not Found: web/Images/cart
ERROR - 2021-08-10 21:08:26 --> 404 Page Not Found: web/Images/cart
ERROR - 2021-08-10 21:08:26 --> 404 Page Not Found: /index
ERROR - 2021-08-10 21:09:06 --> 404 Page Not Found: web/Images/cart
ERROR - 2021-08-10 21:09:06 --> 404 Page Not Found: web/Images/cart
ERROR - 2021-08-10 21:09:06 --> 404 Page Not Found: /index
ERROR - 2021-08-10 21:09:14 --> 404 Page Not Found: web/Images/cart
ERROR - 2021-08-10 21:09:14 --> 404 Page Not Found: web/Images/cart
ERROR - 2021-08-10 21:09:15 --> 404 Page Not Found: /index
ERROR - 2021-08-10 21:10:15 --> 404 Page Not Found: web/Images/cart
ERROR - 2021-08-10 21:11:15 --> 404 Page Not Found: web/Images/cart
ERROR - 2021-08-10 21:12:08 --> 404 Page Not Found: web/Images/cart
ERROR - 2021-08-10 21:12:08 --> 404 Page Not Found: web/Images/cart
ERROR - 2021-08-10 21:12:09 --> 404 Page Not Found: /index
ERROR - 2021-08-10 21:12:50 --> 404 Page Not Found: web/Images/cart
ERROR - 2021-08-10 21:12:50 --> 404 Page Not Found: web/Images/cart
ERROR - 2021-08-10 21:13:21 --> 404 Page Not Found: web/Images/cart
ERROR - 2021-08-10 21:13:21 --> 404 Page Not Found: web/Images/cart
ERROR - 2021-08-10 21:14:21 --> 404 Page Not Found: web/Images/cart
ERROR - 2021-08-10 21:14:43 --> 404 Page Not Found: web/Images/cart
ERROR - 2021-08-10 21:14:43 --> 404 Page Not Found: web/Images/cart
ERROR - 2021-08-10 21:14:44 --> 404 Page Not Found: /index
ERROR - 2021-08-10 21:15:21 --> 404 Page Not Found: web/Images/cart
ERROR - 2021-08-10 21:15:21 --> 404 Page Not Found: web/Images/cart
ERROR - 2021-08-10 21:16:07 --> 404 Page Not Found: web/Images/cart
ERROR - 2021-08-10 21:16:07 --> 404 Page Not Found: web/Images/cart
ERROR - 2021-08-10 21:16:08 --> 404 Page Not Found: /index
ERROR - 2021-08-10 21:16:12 --> 404 Page Not Found: web/Images/cart
ERROR - 2021-08-10 21:16:12 --> 404 Page Not Found: web/Images/cart
ERROR - 2021-08-10 21:16:12 --> 404 Page Not Found: /index
ERROR - 2021-08-10 21:16:42 --> 404 Page Not Found: web/Images/cart
ERROR - 2021-08-10 21:16:42 --> 404 Page Not Found: web/Images/cart
ERROR - 2021-08-10 21:16:42 --> 404 Page Not Found: web/Images/newsletter-popup.jpg
ERROR - 2021-08-10 21:16:42 --> 404 Page Not Found: /index
ERROR - 2021-08-10 21:16:55 --> 404 Page Not Found: web/Images/cart
ERROR - 2021-08-10 21:16:55 --> 404 Page Not Found: web/Images/cart
ERROR - 2021-08-10 21:16:55 --> 404 Page Not Found: /index
ERROR - 2021-08-10 21:17:55 --> 404 Page Not Found: web/Images/cart
ERROR - 2021-08-10 21:18:12 --> 404 Page Not Found: web/Images/cart
ERROR - 2021-08-10 21:18:12 --> 404 Page Not Found: web/Images/cart
ERROR - 2021-08-10 21:18:36 --> 404 Page Not Found: web/Images/cart
ERROR - 2021-08-10 21:18:36 --> 404 Page Not Found: web/Images/cart
ERROR - 2021-08-10 21:18:36 --> 404 Page Not Found: /index
ERROR - 2021-08-10 21:18:44 --> 404 Page Not Found: /index
ERROR - 2021-08-10 21:19:36 --> 404 Page Not Found: web/Images/cart
ERROR - 2021-08-10 21:20:21 --> 404 Page Not Found: /index
ERROR - 2021-08-10 21:20:36 --> 404 Page Not Found: web/Images/cart
ERROR - 2021-08-10 21:21:14 --> 404 Page Not Found: /index
ERROR - 2021-08-10 21:21:36 --> 404 Page Not Found: web/Images/cart
ERROR - 2021-08-10 21:21:59 --> 404 Page Not Found: web/Images/cart
ERROR - 2021-08-10 21:21:59 --> 404 Page Not Found: web/Images/cart
ERROR - 2021-08-10 21:22:24 --> 404 Page Not Found: web/Images/cart
ERROR - 2021-08-10 21:22:24 --> 404 Page Not Found: web/Images/cart
ERROR - 2021-08-10 21:23:16 --> 404 Page Not Found: web/Images/cart
ERROR - 2021-08-10 21:23:16 --> 404 Page Not Found: web/Images/cart
ERROR - 2021-08-10 21:23:40 --> 404 Page Not Found: /index
ERROR - 2021-08-10 21:23:41 --> 404 Page Not Found: web/Images/cart
ERROR - 2021-08-10 21:23:41 --> 404 Page Not Found: web/Images/cart
ERROR - 2021-08-10 21:23:42 --> 404 Page Not Found: /index
ERROR - 2021-08-10 21:24:09 --> 404 Page Not Found: web/Images/cart
ERROR - 2021-08-10 21:24:09 --> 404 Page Not Found: web/Images/cart
ERROR - 2021-08-10 21:24:09 --> 404 Page Not Found: /index
ERROR - 2021-08-10 21:24:15 --> 404 Page Not Found: web/Images/cart
ERROR - 2021-08-10 21:24:15 --> 404 Page Not Found: web/Images/cart
ERROR - 2021-08-10 21:24:16 --> 404 Page Not Found: /index
ERROR - 2021-08-10 21:25:15 --> 404 Page Not Found: web/Images/cart
ERROR - 2021-08-10 21:25:15 --> 404 Page Not Found: web/Images/cart
ERROR - 2021-08-10 21:25:16 --> 404 Page Not Found: /index
ERROR - 2021-08-10 21:25:47 --> 404 Page Not Found: web/Images/cart
ERROR - 2021-08-10 21:25:47 --> 404 Page Not Found: web/Images/cart
ERROR - 2021-08-10 21:25:48 --> 404 Page Not Found: /index
ERROR - 2021-08-10 21:25:59 --> 404 Page Not Found: web/Images/cart
ERROR - 2021-08-10 21:25:59 --> 404 Page Not Found: web/Images/cart
ERROR - 2021-08-10 21:26:00 --> 404 Page Not Found: /index
ERROR - 2021-08-10 21:27:01 --> 404 Page Not Found: web/Images/cart
ERROR - 2021-08-10 21:27:23 --> 404 Page Not Found: web/Images/cart
ERROR - 2021-08-10 21:27:23 --> 404 Page Not Found: web/Images/cart
ERROR - 2021-08-10 21:27:24 --> 404 Page Not Found: /index
ERROR - 2021-08-10 21:28:12 --> 404 Page Not Found: /index
ERROR - 2021-08-10 21:28:12 --> 404 Page Not Found: /index
ERROR - 2021-08-10 21:28:12 --> 404 Page Not Found: /index
ERROR - 2021-08-10 21:28:24 --> 404 Page Not Found: web/Images/cart
ERROR - 2021-08-10 21:28:50 --> 404 Page Not Found: /index
ERROR - 2021-08-10 21:28:50 --> 404 Page Not Found: /index
ERROR - 2021-08-10 21:28:50 --> 404 Page Not Found: /index
ERROR - 2021-08-10 21:28:50 --> 404 Page Not Found: /index
ERROR - 2021-08-10 21:29:24 --> 404 Page Not Found: web/Images/cart
ERROR - 2021-08-10 21:29:39 --> 404 Page Not Found: /index
ERROR - 2021-08-10 21:29:39 --> 404 Page Not Found: /index
ERROR - 2021-08-10 21:29:39 --> 404 Page Not Found: /index
ERROR - 2021-08-10 21:29:39 --> 404 Page Not Found: /index
ERROR - 2021-08-10 21:30:15 --> 404 Page Not Found: /index
ERROR - 2021-08-10 21:30:15 --> 404 Page Not Found: /index
ERROR - 2021-08-10 21:30:15 --> 404 Page Not Found: /index
ERROR - 2021-08-10 21:30:15 --> 404 Page Not Found: /index
ERROR - 2021-08-10 21:30:19 --> 404 Page Not Found: /index
ERROR - 2021-08-10 21:30:19 --> 404 Page Not Found: /index
ERROR - 2021-08-10 21:30:19 --> 404 Page Not Found: /index
ERROR - 2021-08-10 21:30:19 --> 404 Page Not Found: /index
ERROR - 2021-08-10 21:30:24 --> 404 Page Not Found: web/Images/cart
ERROR - 2021-08-10 21:30:52 --> 404 Page Not Found: /index
ERROR - 2021-08-10 21:30:52 --> 404 Page Not Found: /index
ERROR - 2021-08-10 21:30:52 --> 404 Page Not Found: /index
ERROR - 2021-08-10 21:30:52 --> 404 Page Not Found: /index
ERROR - 2021-08-10 21:31:14 --> 404 Page Not Found: /index
ERROR - 2021-08-10 21:31:14 --> 404 Page Not Found: /index
ERROR - 2021-08-10 21:31:14 --> 404 Page Not Found: /index
ERROR - 2021-08-10 21:31:14 --> 404 Page Not Found: /index
ERROR - 2021-08-10 21:31:24 --> 404 Page Not Found: web/Images/cart
ERROR - 2021-08-10 21:31:31 --> 404 Page Not Found: /index
ERROR - 2021-08-10 21:31:31 --> 404 Page Not Found: /index
ERROR - 2021-08-10 21:31:31 --> 404 Page Not Found: /index
ERROR - 2021-08-10 21:31:31 --> 404 Page Not Found: /index
ERROR - 2021-08-10 21:31:57 --> 404 Page Not Found: /index
ERROR - 2021-08-10 21:31:57 --> 404 Page Not Found: /index
ERROR - 2021-08-10 21:31:57 --> 404 Page Not Found: /index
ERROR - 2021-08-10 21:31:57 --> 404 Page Not Found: /index
ERROR - 2021-08-10 21:32:06 --> 404 Page Not Found: /index
ERROR - 2021-08-10 21:32:06 --> 404 Page Not Found: /index
ERROR - 2021-08-10 21:32:06 --> 404 Page Not Found: /index
ERROR - 2021-08-10 21:32:06 --> 404 Page Not Found: /index
ERROR - 2021-08-10 21:32:24 --> 404 Page Not Found: web/Images/cart
ERROR - 2021-08-10 21:32:56 --> 404 Page Not Found: /index
ERROR - 2021-08-10 21:32:56 --> 404 Page Not Found: /index
ERROR - 2021-08-10 21:32:56 --> 404 Page Not Found: /index
ERROR - 2021-08-10 21:32:56 --> 404 Page Not Found: /index
ERROR - 2021-08-10 21:33:04 --> 404 Page Not Found: /index
ERROR - 2021-08-10 21:33:04 --> 404 Page Not Found: /index
ERROR - 2021-08-10 21:33:05 --> 404 Page Not Found: /index
ERROR - 2021-08-10 21:33:06 --> 404 Page Not Found: /index
ERROR - 2021-08-10 21:33:06 --> 404 Page Not Found: /index
ERROR - 2021-08-10 21:33:06 --> 404 Page Not Found: /index
ERROR - 2021-08-10 21:33:07 --> 404 Page Not Found: /index
ERROR - 2021-08-10 21:33:07 --> 404 Page Not Found: /index
ERROR - 2021-08-10 21:33:07 --> 404 Page Not Found: /index
ERROR - 2021-08-10 21:33:08 --> 404 Page Not Found: /index
ERROR - 2021-08-10 21:33:08 --> 404 Page Not Found: /index
ERROR - 2021-08-10 21:33:08 --> 404 Page Not Found: /index
ERROR - 2021-08-10 21:33:09 --> 404 Page Not Found: /index
ERROR - 2021-08-10 21:33:09 --> 404 Page Not Found: /index
ERROR - 2021-08-10 21:33:09 --> 404 Page Not Found: /index
ERROR - 2021-08-10 21:33:40 --> 404 Page Not Found: web/Images/cart
ERROR - 2021-08-10 21:34:40 --> 404 Page Not Found: web/Images/cart
ERROR - 2021-08-10 21:35:40 --> 404 Page Not Found: web/Images/cart
ERROR - 2021-08-10 21:36:40 --> 404 Page Not Found: web/Images/cart
ERROR - 2021-08-10 21:37:40 --> 404 Page Not Found: web/Images/cart
ERROR - 2021-08-10 21:37:53 --> 404 Page Not Found: /index
ERROR - 2021-08-10 21:38:00 --> 404 Page Not Found: /index
ERROR - 2021-08-10 21:38:40 --> 404 Page Not Found: web/Images/cart
ERROR - 2021-08-10 21:39:40 --> 404 Page Not Found: web/Images/cart
ERROR - 2021-08-10 21:40:10 --> 404 Page Not Found: /index
ERROR - 2021-08-10 21:40:20 --> 404 Page Not Found: /index
ERROR - 2021-08-10 21:40:40 --> 404 Page Not Found: web/Images/cart
ERROR - 2021-08-10 21:41:17 --> 404 Page Not Found: /index
ERROR - 2021-08-10 21:41:40 --> 404 Page Not Found: web/Images/cart
ERROR - 2021-08-10 21:42:40 --> 404 Page Not Found: web/Images/cart
ERROR - 2021-08-10 21:42:55 --> 404 Page Not Found: /index
ERROR - 2021-08-10 21:42:55 --> 404 Page Not Found: /index
ERROR - 2021-08-10 21:42:55 --> 404 Page Not Found: /index
ERROR - 2021-08-10 21:43:26 --> 404 Page Not Found: /index
ERROR - 2021-08-10 21:43:26 --> 404 Page Not Found: /index
ERROR - 2021-08-10 21:43:26 --> 404 Page Not Found: /index
ERROR - 2021-08-10 21:43:26 --> 404 Page Not Found: /index
ERROR - 2021-08-10 21:43:40 --> 404 Page Not Found: web/Images/cart
ERROR - 2021-08-10 21:43:40 --> 404 Page Not Found: /index
ERROR - 2021-08-10 21:43:40 --> 404 Page Not Found: /index
ERROR - 2021-08-10 21:43:41 --> 404 Page Not Found: /index
ERROR - 2021-08-10 21:43:41 --> 404 Page Not Found: /index
ERROR - 2021-08-10 21:44:03 --> 404 Page Not Found: /index
ERROR - 2021-08-10 21:44:24 --> 404 Page Not Found: web/Images/cart
ERROR - 2021-08-10 21:45:04 --> 404 Page Not Found: /index
ERROR - 2021-08-10 21:45:24 --> 404 Page Not Found: web/Images/cart
ERROR - 2021-08-10 21:46:24 --> 404 Page Not Found: web/Images/cart
ERROR - 2021-08-10 21:46:40 --> 404 Page Not Found: /index
ERROR - 2021-08-10 21:46:41 --> 404 Page Not Found: web/Images/cart
ERROR - 2021-08-10 21:46:41 --> 404 Page Not Found: web/Images/cart
ERROR - 2021-08-10 21:46:42 --> 404 Page Not Found: /index
ERROR - 2021-08-10 21:47:42 --> 404 Page Not Found: web/Images/cart
ERROR - 2021-08-10 21:47:47 --> 404 Page Not Found: /index
ERROR - 2021-08-10 21:47:54 --> 404 Page Not Found: /index
ERROR - 2021-08-10 21:48:04 --> 404 Page Not Found: /index
ERROR - 2021-08-10 21:48:42 --> 404 Page Not Found: web/Images/cart
ERROR - 2021-08-10 21:49:21 --> 404 Page Not Found: /index
ERROR - 2021-08-10 21:49:26 --> 404 Page Not Found: /index
ERROR - 2021-08-10 21:49:31 --> 404 Page Not Found: /index
ERROR - 2021-08-10 21:49:32 --> 404 Page Not Found: /index
ERROR - 2021-08-10 21:49:36 --> 404 Page Not Found: /index
ERROR - 2021-08-10 21:49:42 --> 404 Page Not Found: web/Images/cart
ERROR - 2021-08-10 21:50:00 --> 404 Page Not Found: /index
ERROR - 2021-08-10 21:50:20 --> 404 Page Not Found: /index
ERROR - 2021-08-10 21:50:27 --> 404 Page Not Found: /index
ERROR - 2021-08-10 21:50:42 --> 404 Page Not Found: web/Images/cart
ERROR - 2021-08-10 21:50:55 --> 404 Page Not Found: /index
ERROR - 2021-08-10 21:51:36 --> 404 Page Not Found: /index
ERROR - 2021-08-10 21:51:42 --> 404 Page Not Found: /index
ERROR - 2021-08-10 21:51:42 --> 404 Page Not Found: web/Images/cart
ERROR - 2021-08-10 21:51:50 --> 404 Page Not Found: /index
ERROR - 2021-08-10 21:52:12 --> 404 Page Not Found: /index
ERROR - 2021-08-10 21:52:29 --> 404 Page Not Found: /index
ERROR - 2021-08-10 21:52:42 --> 404 Page Not Found: web/Images/cart
ERROR - 2021-08-10 21:53:42 --> 404 Page Not Found: web/Images/cart
ERROR - 2021-08-10 21:53:48 --> 404 Page Not Found: /index
ERROR - 2021-08-10 21:53:57 --> 404 Page Not Found: /index
ERROR - 2021-08-10 21:54:12 --> 404 Page Not Found: /index
ERROR - 2021-08-10 21:54:42 --> 404 Page Not Found: web/Images/cart
ERROR - 2021-08-10 21:54:46 --> 404 Page Not Found: /index
ERROR - 2021-08-10 21:54:47 --> 404 Page Not Found: web/Images/cart
ERROR - 2021-08-10 21:54:47 --> 404 Page Not Found: web/Images/cart
ERROR - 2021-08-10 21:54:47 --> 404 Page Not Found: /index
ERROR - 2021-08-10 21:55:00 --> 404 Page Not Found: web/Images/cart
ERROR - 2021-08-10 21:55:00 --> 404 Page Not Found: web/Images/cart
ERROR - 2021-08-10 21:55:41 --> 404 Page Not Found: web/Images/cart
ERROR - 2021-08-10 21:55:54 --> 404 Page Not Found: web/Images/cart
ERROR - 2021-08-10 21:56:31 --> 404 Page Not Found: web/Images/cart
ERROR - 2021-08-10 21:57:31 --> 404 Page Not Found: web/Images/cart
ERROR - 2021-08-10 21:58:08 --> 404 Page Not Found: web/Images/cart
ERROR - 2021-08-10 21:58:09 --> 404 Page Not Found: /index
ERROR - 2021-08-10 21:58:40 --> 404 Page Not Found: web/Images/cart
ERROR - 2021-08-10 21:59:42 --> 404 Page Not Found: web/Checkouthtml/index
ERROR - 2021-08-10 22:00:43 --> 404 Page Not Found: web/Images/cart
ERROR - 2021-08-10 22:00:49 --> 404 Page Not Found: web/Ajax/quickview.html
