ERROR - 2021-09-27 22:00:39 --> 404 Page Not Found: /index
ERROR - 2021-09-27 22:02:04 --> Severity: error --> Exception: Call to undefined method Contactus::index() D:\WORK\PHP\KUMYO\www\app\controllers\web\Contactus.php 40
ERROR - 2021-09-27 22:02:24 --> 404 Page Not Found: /index
ERROR - 2021-09-27 22:02:32 --> 404 Page Not Found: /index
ERROR - 2021-09-27 22:02:38 --> 404 Page Not Found: /index
ERROR - 2021-09-27 22:03:13 --> 404 Page Not Found: /index
ERROR - 2021-09-27 22:03:45 --> 404 Page Not Found: /index
ERROR - 2021-09-27 22:03:58 --> 404 Page Not Found: /index
ERROR - 2021-09-27 22:05:38 --> Severity: error --> Exception: Call to undefined method Contactus::index() D:\WORK\PHP\KUMYO\www\app\controllers\web\Contactus.php 40
ERROR - 2021-09-27 22:06:38 --> Severity: error --> Exception: Call to undefined method Contactus::index() D:\WORK\PHP\KUMYO\www\app\controllers\web\Contactus.php 40
ERROR - 2021-09-27 22:06:39 --> 404 Page Not Found: /index
ERROR - 2021-09-27 22:07:40 --> Severity: error --> Exception: Call to undefined method Contactus::index() D:\WORK\PHP\KUMYO\www\app\controllers\web\Contactus.php 40
ERROR - 2021-09-27 22:07:45 --> 404 Page Not Found: /index
ERROR - 2021-09-27 22:08:46 --> Severity: error --> Exception: Call to undefined method Contactus::index() D:\WORK\PHP\KUMYO\www\app\controllers\web\Contactus.php 40
ERROR - 2021-09-27 22:09:39 --> 404 Page Not Found: /index
ERROR - 2021-09-27 22:10:23 --> 404 Page Not Found: /index
ERROR - 2021-09-27 22:11:23 --> Severity: error --> Exception: Call to undefined method Contactus::index() D:\WORK\PHP\KUMYO\www\app\controllers\web\Contactus.php 40
ERROR - 2021-09-27 22:12:23 --> Severity: error --> Exception: Call to undefined method Contactus::index() D:\WORK\PHP\KUMYO\www\app\controllers\web\Contactus.php 40
ERROR - 2021-09-27 22:12:49 --> 404 Page Not Found: /index
ERROR - 2021-09-27 22:13:50 --> Severity: error --> Exception: Call to undefined method Contactus::index() D:\WORK\PHP\KUMYO\www\app\controllers\web\Contactus.php 40
ERROR - 2021-09-27 22:14:50 --> Severity: error --> Exception: Call to undefined method Contactus::index() D:\WORK\PHP\KUMYO\www\app\controllers\web\Contactus.php 40
ERROR - 2021-09-27 22:15:21 --> 404 Page Not Found: /index
ERROR - 2021-09-27 22:16:21 --> Severity: error --> Exception: Call to undefined method Contactus::index() D:\WORK\PHP\KUMYO\www\app\controllers\web\Contactus.php 40
ERROR - 2021-09-27 22:17:21 --> Severity: error --> Exception: Call to undefined method Contactus::index() D:\WORK\PHP\KUMYO\www\app\controllers\web\Contactus.php 40
ERROR - 2021-09-27 22:17:59 --> 404 Page Not Found: /index
ERROR - 2021-09-27 22:18:59 --> Severity: error --> Exception: Call to undefined method Contactus::index() D:\WORK\PHP\KUMYO\www\app\controllers\web\Contactus.php 40
ERROR - 2021-09-27 22:19:05 --> 404 Page Not Found: /index
ERROR - 2021-09-27 22:20:05 --> Severity: error --> Exception: Call to undefined method Contactus::index() D:\WORK\PHP\KUMYO\www\app\controllers\web\Contactus.php 40
ERROR - 2021-09-27 22:20:37 --> 404 Page Not Found: /index
ERROR - 2021-09-27 22:21:25 --> 404 Page Not Found: /index
ERROR - 2021-09-27 22:22:29 --> 404 Page Not Found: /index
ERROR - 2021-09-27 22:22:37 --> 404 Page Not Found: /index
ERROR - 2021-09-27 22:22:53 --> 404 Page Not Found: /index
ERROR - 2021-09-27 22:22:57 --> 404 Page Not Found: /index
ERROR - 2021-09-27 22:23:57 --> Severity: error --> Exception: Call to undefined method Contactus::index() D:\WORK\PHP\KUMYO\www\app\controllers\web\Contactus.php 40
ERROR - 2021-09-27 22:24:39 --> 404 Page Not Found: /index
ERROR - 2021-09-27 22:25:39 --> 404 Page Not Found: /index
ERROR - 2021-09-27 22:26:39 --> Severity: error --> Exception: Call to undefined method Contactus::index() D:\WORK\PHP\KUMYO\www\app\controllers\web\Contactus.php 40
ERROR - 2021-09-27 22:26:49 --> 404 Page Not Found: /index
ERROR - 2021-09-27 22:26:56 --> 404 Page Not Found: /index
ERROR - 2021-09-27 22:27:12 --> Severity: error --> Exception: Call to undefined method Contactus::index() D:\WORK\PHP\KUMYO\www\app\controllers\web\Contactus.php 40
ERROR - 2021-09-27 22:27:39 --> 404 Page Not Found: /index
ERROR - 2021-09-27 22:28:12 --> Severity: error --> Exception: Call to undefined method Contactus::index() D:\WORK\PHP\KUMYO\www\app\controllers\web\Contactus.php 40
ERROR - 2021-09-27 22:28:39 --> Severity: error --> Exception: Call to undefined method Contactus::index() D:\WORK\PHP\KUMYO\www\app\controllers\web\Contactus.php 40
ERROR - 2021-09-27 22:29:12 --> Severity: error --> Exception: Call to undefined method Contactus::index() D:\WORK\PHP\KUMYO\www\app\controllers\web\Contactus.php 40
ERROR - 2021-09-27 22:29:39 --> Severity: error --> Exception: Call to undefined method Contactus::index() D:\WORK\PHP\KUMYO\www\app\controllers\web\Contactus.php 40
ERROR - 2021-09-27 22:30:02 --> 404 Page Not Found: /index
ERROR - 2021-09-27 22:30:12 --> Severity: error --> Exception: Call to undefined method Contactus::index() D:\WORK\PHP\KUMYO\www\app\controllers\web\Contactus.php 40
ERROR - 2021-09-27 22:31:02 --> Severity: error --> Exception: Call to undefined method Contactus::index() D:\WORK\PHP\KUMYO\www\app\controllers\web\Contactus.php 40
ERROR - 2021-09-27 22:31:03 --> 404 Page Not Found: /index
ERROR - 2021-09-27 22:31:12 --> Severity: error --> Exception: Call to undefined method Contactus::index() D:\WORK\PHP\KUMYO\www\app\controllers\web\Contactus.php 40
ERROR - 2021-09-27 22:32:03 --> Severity: error --> Exception: Call to undefined method Contactus::index() D:\WORK\PHP\KUMYO\www\app\controllers\web\Contactus.php 40
ERROR - 2021-09-27 22:32:13 --> Severity: error --> Exception: Call to undefined method Contactus::index() D:\WORK\PHP\KUMYO\www\app\controllers\web\Contactus.php 40
ERROR - 2021-09-27 22:33:03 --> Severity: error --> Exception: Call to undefined method Contactus::index() D:\WORK\PHP\KUMYO\www\app\controllers\web\Contactus.php 40
ERROR - 2021-09-27 22:33:15 --> Severity: error --> Exception: Call to undefined method Contactus::index() D:\WORK\PHP\KUMYO\www\app\controllers\web\Contactus.php 40
ERROR - 2021-09-27 22:34:15 --> Severity: error --> Exception: Call to undefined method Contactus::index() D:\WORK\PHP\KUMYO\www\app\controllers\web\Contactus.php 40
ERROR - 2021-09-27 22:34:22 --> Severity: error --> Exception: Call to undefined method Contactus::index() D:\WORK\PHP\KUMYO\www\app\controllers\web\Contactus.php 40
ERROR - 2021-09-27 22:34:43 --> 404 Page Not Found: /index
ERROR - 2021-09-27 22:34:55 --> 404 Page Not Found: /index
ERROR - 2021-09-27 22:35:16 --> Severity: error --> Exception: Call to undefined method Contactus::index() D:\WORK\PHP\KUMYO\www\app\controllers\web\Contactus.php 40
ERROR - 2021-09-27 22:35:56 --> Severity: error --> Exception: Call to undefined method Contactus::index() D:\WORK\PHP\KUMYO\www\app\controllers\web\Contactus.php 40
ERROR - 2021-09-27 22:36:07 --> 404 Page Not Found: /index
ERROR - 2021-09-27 22:36:17 --> Severity: error --> Exception: Call to undefined method Contactus::index() D:\WORK\PHP\KUMYO\www\app\controllers\web\Contactus.php 40
ERROR - 2021-09-27 22:37:26 --> 404 Page Not Found: /index
ERROR - 2021-09-27 22:37:38 --> 404 Page Not Found: /index
ERROR - 2021-09-27 22:38:17 --> 404 Page Not Found: /index
ERROR - 2021-09-27 22:39:16 --> 404 Page Not Found: /index
ERROR - 2021-09-27 22:39:27 --> 404 Page Not Found: /index
ERROR - 2021-09-27 22:39:40 --> 404 Page Not Found: /index
ERROR - 2021-09-27 22:40:41 --> Severity: error --> Exception: Call to undefined method Contactus::index() D:\WORK\PHP\KUMYO\www\app\controllers\web\Contactus.php 40
ERROR - 2021-09-27 22:41:41 --> Severity: error --> Exception: Call to undefined method Contactus::index() D:\WORK\PHP\KUMYO\www\app\controllers\web\Contactus.php 40
ERROR - 2021-09-27 22:42:42 --> Severity: error --> Exception: Call to undefined method Contactus::index() D:\WORK\PHP\KUMYO\www\app\controllers\web\Contactus.php 40
ERROR - 2021-09-27 22:42:42 --> 404 Page Not Found: /index
ERROR - 2021-09-27 22:43:17 --> 404 Page Not Found: /index
ERROR - 2021-09-27 22:43:39 --> 404 Page Not Found: /index
ERROR - 2021-09-27 22:43:52 --> 404 Page Not Found: /index
ERROR - 2021-09-27 22:44:19 --> 404 Page Not Found: /index
ERROR - 2021-09-27 22:44:24 --> 404 Page Not Found: /index
ERROR - 2021-09-27 22:45:11 --> 404 Page Not Found: /index
ERROR - 2021-09-27 22:45:15 --> 404 Page Not Found: /index
ERROR - 2021-09-27 22:45:26 --> 404 Page Not Found: /index
ERROR - 2021-09-27 22:45:35 --> 404 Page Not Found: /index
ERROR - 2021-09-27 22:46:36 --> Severity: Notice --> Undefined variable: tp D:\WORK\PHP\KUMYO\www\app\views\web\mypage\common.php 85
ERROR - 2021-09-27 22:46:36 --> Severity: Notice --> Undefined variable: tp D:\WORK\PHP\KUMYO\www\app\views\web\mypage\common.php 86
ERROR - 2021-09-27 22:46:36 --> Severity: Notice --> Undefined variable: tp D:\WORK\PHP\KUMYO\www\app\views\web\mypage\common.php 87
ERROR - 2021-09-27 22:46:36 --> Severity: Notice --> Undefined variable: tp D:\WORK\PHP\KUMYO\www\app\views\web\mypage\common.php 88
ERROR - 2021-09-27 22:47:11 --> Severity: Notice --> Undefined variable: tp D:\WORK\PHP\KUMYO\www\app\views\web\mypage\common.php 85
ERROR - 2021-09-27 22:47:11 --> Severity: Notice --> Undefined variable: tp D:\WORK\PHP\KUMYO\www\app\views\web\mypage\common.php 86
ERROR - 2021-09-27 22:47:11 --> Severity: Notice --> Undefined variable: tp D:\WORK\PHP\KUMYO\www\app\views\web\mypage\common.php 87
ERROR - 2021-09-27 22:47:11 --> Severity: Notice --> Undefined variable: tp D:\WORK\PHP\KUMYO\www\app\views\web\mypage\common.php 88
ERROR - 2021-09-27 22:48:43 --> Severity: error --> Exception: syntax error, unexpected 'withdraw' (T_STRING), expecting function (T_FUNCTION) or const (T_CONST) D:\WORK\PHP\KUMYO\www\app\controllers\web\Mypage.php 1534
ERROR - 2021-09-27 22:48:52 --> Severity: error --> Exception: syntax error, unexpected 'withdraw' (T_STRING), expecting function (T_FUNCTION) or const (T_CONST) D:\WORK\PHP\KUMYO\www\app\controllers\web\Mypage.php 1534
ERROR - 2021-09-27 22:50:15 --> 404 Page Not Found: /index
ERROR - 2021-09-27 22:50:44 --> 404 Page Not Found: /index
ERROR - 2021-09-27 22:51:04 --> 404 Page Not Found: /index
ERROR - 2021-09-27 22:51:44 --> 404 Page Not Found: /index
ERROR - 2021-09-27 22:52:42 --> 404 Page Not Found: /index
ERROR - 2021-09-27 22:53:08 --> 404 Page Not Found: /index
ERROR - 2021-09-27 22:53:15 --> 404 Page Not Found: /index
ERROR - 2021-09-27 22:53:25 --> 404 Page Not Found: /index
ERROR - 2021-09-27 22:53:35 --> 404 Page Not Found: /index
ERROR - 2021-09-27 22:53:44 --> 404 Page Not Found: /index
ERROR - 2021-09-27 22:53:56 --> 404 Page Not Found: /index
ERROR - 2021-09-27 22:54:27 --> 404 Page Not Found: /index
ERROR - 2021-09-27 22:54:55 --> 404 Page Not Found: /index
ERROR - 2021-09-27 22:55:05 --> 404 Page Not Found: /index
ERROR - 2021-09-27 22:56:44 --> 404 Page Not Found: web/Market2-shophtml/index
ERROR - 2021-09-27 22:57:51 --> 404 Page Not Found: /index
ERROR - 2021-09-27 22:57:55 --> 404 Page Not Found: /index
ERROR - 2021-09-27 22:57:58 --> 404 Page Not Found: /index
ERROR - 2021-09-27 22:57:58 --> 404 Page Not Found: /index
ERROR - 2021-09-27 22:57:58 --> 404 Page Not Found: /index
ERROR - 2021-09-27 22:58:00 --> 404 Page Not Found: /index
ERROR - 2021-09-27 22:58:00 --> 404 Page Not Found: /index
ERROR - 2021-09-27 22:58:00 --> 404 Page Not Found: /index
ERROR - 2021-09-27 22:58:19 --> Severity: error --> Exception: Call to undefined method Auction::index() D:\WORK\PHP\KUMYO\www\app\controllers\web\Auction.php 43
ERROR - 2021-09-27 22:59:19 --> Severity: error --> Exception: Call to undefined method Auction::index() D:\WORK\PHP\KUMYO\www\app\controllers\web\Auction.php 43
ERROR - 2021-09-27 22:59:55 --> 404 Page Not Found: /index
ERROR - 2021-09-27 23:00:36 --> 404 Page Not Found: /index
ERROR - 2021-09-27 23:01:36 --> Severity: error --> Exception: Call to undefined method Auction::index() D:\WORK\PHP\KUMYO\www\app\controllers\web\Auction.php 43
ERROR - 2021-09-27 23:02:36 --> Severity: error --> Exception: Call to undefined method Auction::index() D:\WORK\PHP\KUMYO\www\app\controllers\web\Auction.php 43
ERROR - 2021-09-27 23:02:38 --> 404 Page Not Found: /index
ERROR - 2021-09-27 23:02:55 --> 404 Page Not Found: /index
ERROR - 2021-09-27 23:02:56 --> 404 Page Not Found: /index
ERROR - 2021-09-27 23:02:56 --> 404 Page Not Found: /index
ERROR - 2021-09-27 23:02:56 --> 404 Page Not Found: /index
ERROR - 2021-09-27 23:03:21 --> 404 Page Not Found: /index
ERROR - 2021-09-27 23:03:21 --> 404 Page Not Found: /index
ERROR - 2021-09-27 23:03:21 --> 404 Page Not Found: /index
ERROR - 2021-09-27 23:03:21 --> 404 Page Not Found: /index
ERROR - 2021-09-27 23:03:23 --> 404 Page Not Found: /index
ERROR - 2021-09-27 23:05:00 --> 404 Page Not Found: /index
ERROR - 2021-09-27 23:06:14 --> 404 Page Not Found: /index
ERROR - 2021-09-27 23:07:39 --> 404 Page Not Found: /index
ERROR - 2021-09-27 23:08:12 --> Severity: error --> Exception: Call to undefined method Contactus::index() D:\WORK\PHP\KUMYO\www\app\controllers\web\Contactus.php 40
ERROR - 2021-09-27 23:08:23 --> 404 Page Not Found: /index
ERROR - 2021-09-27 23:08:28 --> 404 Page Not Found: /index
ERROR - 2021-09-27 23:09:12 --> Severity: error --> Exception: Call to undefined method Contactus::index() D:\WORK\PHP\KUMYO\www\app\controllers\web\Contactus.php 40
ERROR - 2021-09-27 23:09:42 --> 404 Page Not Found: /index
ERROR - 2021-09-27 23:09:53 --> 404 Page Not Found: /index
ERROR - 2021-09-27 23:10:12 --> Severity: error --> Exception: Call to undefined method Contactus::index() D:\WORK\PHP\KUMYO\www\app\controllers\web\Contactus.php 40
ERROR - 2021-09-27 23:10:17 --> 404 Page Not Found: /index
ERROR - 2021-09-27 23:10:47 --> 404 Page Not Found: /index
ERROR - 2021-09-27 23:11:48 --> 404 Page Not Found: /index
ERROR - 2021-09-27 23:11:56 --> Severity: error --> Exception: Call to undefined method Contactus::index() D:\WORK\PHP\KUMYO\www\app\controllers\web\Contactus.php 40
ERROR - 2021-09-27 23:12:01 --> 404 Page Not Found: /index
ERROR - 2021-09-27 23:12:33 --> 404 Page Not Found: /index
ERROR - 2021-09-27 23:12:37 --> 404 Page Not Found: /index
ERROR - 2021-09-27 23:12:38 --> 404 Page Not Found: /index
ERROR - 2021-09-27 23:12:49 --> 404 Page Not Found: /index
ERROR - 2021-09-27 23:12:51 --> 404 Page Not Found: /index
ERROR - 2021-09-27 23:12:52 --> 404 Page Not Found: /index
ERROR - 2021-09-27 23:12:53 --> 404 Page Not Found: /index
ERROR - 2021-09-27 23:12:54 --> 404 Page Not Found: /index
ERROR - 2021-09-27 23:12:56 --> Severity: error --> Exception: Call to undefined method Contactus::index() D:\WORK\PHP\KUMYO\www\app\controllers\web\Contactus.php 40
ERROR - 2021-09-27 23:13:17 --> 404 Page Not Found: /index
ERROR - 2021-09-27 23:13:24 --> 404 Page Not Found: /index
ERROR - 2021-09-27 23:13:36 --> 404 Page Not Found: /index
ERROR - 2021-09-27 23:13:56 --> Severity: error --> Exception: Call to undefined method Contactus::index() D:\WORK\PHP\KUMYO\www\app\controllers\web\Contactus.php 40
ERROR - 2021-09-27 23:14:56 --> Severity: error --> Exception: Call to undefined method Contactus::index() D:\WORK\PHP\KUMYO\www\app\controllers\web\Contactus.php 40
ERROR - 2021-09-27 23:15:07 --> 404 Page Not Found: /index
ERROR - 2021-09-27 23:15:09 --> 404 Page Not Found: /index
ERROR - 2021-09-27 23:15:26 --> 404 Page Not Found: /index
ERROR - 2021-09-27 23:15:43 --> 404 Page Not Found: /index
ERROR - 2021-09-27 23:15:52 --> 404 Page Not Found: /index
ERROR - 2021-09-27 23:15:56 --> Severity: error --> Exception: Call to undefined method Contactus::index() D:\WORK\PHP\KUMYO\www\app\controllers\web\Contactus.php 40
ERROR - 2021-09-27 23:16:01 --> 404 Page Not Found: /index
ERROR - 2021-09-27 23:16:13 --> 404 Page Not Found: /index
ERROR - 2021-09-27 23:16:16 --> 404 Page Not Found: /index
ERROR - 2021-09-27 23:16:18 --> 404 Page Not Found: /index
ERROR - 2021-09-27 23:16:19 --> 404 Page Not Found: /index
ERROR - 2021-09-27 23:16:26 --> 404 Page Not Found: /index
ERROR - 2021-09-27 23:16:38 --> 404 Page Not Found: /index
ERROR - 2021-09-27 23:16:40 --> 404 Page Not Found: /index
ERROR - 2021-09-27 23:16:57 --> Severity: error --> Exception: Call to undefined method Contactus::index() D:\WORK\PHP\KUMYO\www\app\controllers\web\Contactus.php 40
ERROR - 2021-09-27 23:17:17 --> 404 Page Not Found: /index
ERROR - 2021-09-27 23:17:20 --> 404 Page Not Found: /index
ERROR - 2021-09-27 23:17:43 --> 404 Page Not Found: /index
ERROR - 2021-09-27 23:17:52 --> 404 Page Not Found: /index
ERROR - 2021-09-27 23:17:55 --> 404 Page Not Found: /index
ERROR - 2021-09-27 23:17:58 --> Severity: error --> Exception: Call to undefined method Contactus::index() D:\WORK\PHP\KUMYO\www\app\controllers\web\Contactus.php 40
ERROR - 2021-09-27 23:18:05 --> 404 Page Not Found: /index
ERROR - 2021-09-27 23:18:21 --> 404 Page Not Found: /index
ERROR - 2021-09-27 23:18:23 --> 404 Page Not Found: /index
ERROR - 2021-09-27 23:18:58 --> Severity: error --> Exception: Call to undefined method Contactus::index() D:\WORK\PHP\KUMYO\www\app\controllers\web\Contactus.php 40
ERROR - 2021-09-27 23:19:09 --> 404 Page Not Found: /index
ERROR - 2021-09-27 23:19:12 --> 404 Page Not Found: /index
ERROR - 2021-09-27 23:19:19 --> 404 Page Not Found: /index
ERROR - 2021-09-27 23:19:42 --> 404 Page Not Found: /index
