ERROR - 2021-10-29 15:40:34 --> Severity: Notice --> Undefined index:  D:\WORK\PHP\PIXCELCAST\www\app\hooks\common.php 18
ERROR - 2021-10-29 15:40:34 --> 404 Page Not Found: web/Img/slides
ERROR - 2021-10-29 15:40:35 --> 404 Page Not Found: web/Img/favicon.ico
ERROR - 2021-10-29 15:40:35 --> 404 Page Not Found: web/Movie/file.jpg
ERROR - 2021-10-29 15:41:17 --> 404 Page Not Found: web/Img/slides
ERROR - 2021-10-29 15:41:17 --> 404 Page Not Found: web/Movie/file.jpg
ERROR - 2021-10-29 15:41:54 --> 404 Page Not Found: /index
ERROR - 2021-10-29 15:42:11 --> 404 Page Not Found: /index
ERROR - 2021-10-29 15:42:13 --> 404 Page Not Found: web/Assets/img
ERROR - 2021-10-29 15:44:41 --> 404 Page Not Found: web/Img/slides
ERROR - 2021-10-29 15:44:41 --> 404 Page Not Found: web/Movie/file.jpg
ERROR - 2021-10-29 15:44:41 --> 404 Page Not Found: web/Img/favicon.ico
ERROR - 2021-10-29 15:46:02 --> 404 Page Not Found: web/Assets/img
ERROR - 2021-10-29 15:46:29 --> 404 Page Not Found: web/Img/slides
ERROR - 2021-10-29 15:46:30 --> 404 Page Not Found: web/Movie/file.jpg
ERROR - 2021-10-29 15:53:49 --> 404 Page Not Found: web/Assets/img
ERROR - 2021-10-29 16:00:13 --> 404 Page Not Found: web/Assets/img
ERROR - 2021-10-29 16:00:13 --> 404 Page Not Found: web/Assets/img
ERROR - 2021-10-29 16:00:13 --> 404 Page Not Found: web/Assets/img
ERROR - 2021-10-29 16:00:13 --> 404 Page Not Found: web/Assets/img
ERROR - 2021-10-29 16:00:13 --> 404 Page Not Found: web/Assets/img
ERROR - 2021-10-29 16:00:28 --> 404 Page Not Found: web/Assets/img
ERROR - 2021-10-29 16:00:28 --> 404 Page Not Found: web/Assets/img
ERROR - 2021-10-29 16:00:28 --> 404 Page Not Found: web/Assets/img
ERROR - 2021-10-29 16:00:28 --> 404 Page Not Found: web/Assets/img
ERROR - 2021-10-29 16:00:28 --> 404 Page Not Found: web/Assets/img
ERROR - 2021-10-29 16:00:35 --> 404 Page Not Found: web/Assets/img
ERROR - 2021-10-29 16:00:35 --> 404 Page Not Found: web/Assets/img
ERROR - 2021-10-29 16:00:35 --> 404 Page Not Found: web/Assets/img
ERROR - 2021-10-29 16:00:35 --> 404 Page Not Found: web/Assets/img
ERROR - 2021-10-29 16:00:35 --> 404 Page Not Found: web/Assets/img
ERROR - 2021-10-29 16:00:40 --> 404 Page Not Found: web/Assets/img
ERROR - 2021-10-29 16:00:40 --> 404 Page Not Found: web/Assets/img
ERROR - 2021-10-29 16:00:41 --> 404 Page Not Found: web/Assets/img
ERROR - 2021-10-29 16:00:41 --> 404 Page Not Found: web/Assets/img
ERROR - 2021-10-29 16:00:41 --> 404 Page Not Found: web/Assets/img
ERROR - 2021-10-29 16:01:18 --> 404 Page Not Found: web/Assets/img
ERROR - 2021-10-29 16:01:19 --> 404 Page Not Found: web/Assets/img
ERROR - 2021-10-29 16:01:19 --> 404 Page Not Found: web/Assets/img
ERROR - 2021-10-29 16:01:19 --> 404 Page Not Found: web/Assets/img
ERROR - 2021-10-29 16:01:19 --> 404 Page Not Found: web/Assets/img
ERROR - 2021-10-29 16:02:08 --> 404 Page Not Found: web/Assets/img
ERROR - 2021-10-29 16:02:08 --> 404 Page Not Found: web/Assets/img
ERROR - 2021-10-29 16:02:08 --> 404 Page Not Found: web/Assets/img
ERROR - 2021-10-29 16:02:08 --> 404 Page Not Found: web/Assets/img
ERROR - 2021-10-29 16:02:08 --> 404 Page Not Found: web/Assets/img
ERROR - 2021-10-29 16:02:10 --> 404 Page Not Found: web/Assets/img
ERROR - 2021-10-29 16:02:11 --> 404 Page Not Found: web/Assets/img
ERROR - 2021-10-29 16:02:11 --> 404 Page Not Found: web/Assets/img
ERROR - 2021-10-29 16:02:11 --> 404 Page Not Found: web/Assets/img
ERROR - 2021-10-29 16:02:11 --> 404 Page Not Found: web/Assets/img
ERROR - 2021-10-29 16:02:13 --> 404 Page Not Found: web/Assets/img
ERROR - 2021-10-29 16:02:13 --> 404 Page Not Found: web/Assets/img
ERROR - 2021-10-29 16:02:13 --> 404 Page Not Found: web/Assets/img
ERROR - 2021-10-29 16:02:13 --> 404 Page Not Found: web/Assets/img
ERROR - 2021-10-29 16:02:13 --> 404 Page Not Found: web/Assets/img
ERROR - 2021-10-29 16:04:18 --> 404 Page Not Found: web/Assets/img
ERROR - 2021-10-29 16:04:18 --> 404 Page Not Found: web/Assets/img
ERROR - 2021-10-29 16:04:18 --> 404 Page Not Found: web/Assets/img
ERROR - 2021-10-29 16:04:18 --> 404 Page Not Found: web/Assets/img
ERROR - 2021-10-29 16:04:18 --> 404 Page Not Found: web/Assets/img
ERROR - 2021-10-29 16:05:00 --> 404 Page Not Found: web/Assets/img
ERROR - 2021-10-29 16:05:00 --> 404 Page Not Found: web/Assets/img
ERROR - 2021-10-29 16:05:00 --> 404 Page Not Found: web/Assets/img
ERROR - 2021-10-29 16:05:00 --> 404 Page Not Found: web/Assets/img
ERROR - 2021-10-29 16:05:00 --> 404 Page Not Found: web/Assets/img
ERROR - 2021-10-29 16:05:19 --> 404 Page Not Found: web/Assets/img
ERROR - 2021-10-29 16:05:19 --> 404 Page Not Found: web/Assets/img
ERROR - 2021-10-29 16:05:19 --> 404 Page Not Found: web/Assets/img
ERROR - 2021-10-29 16:05:19 --> 404 Page Not Found: web/Assets/img
ERROR - 2021-10-29 16:05:19 --> 404 Page Not Found: web/Assets/img
ERROR - 2021-10-29 16:06:53 --> 404 Page Not Found: web/Assets/img
ERROR - 2021-10-29 16:06:53 --> 404 Page Not Found: web/Assets/img
ERROR - 2021-10-29 16:06:53 --> 404 Page Not Found: web/Assets/img
ERROR - 2021-10-29 16:06:53 --> 404 Page Not Found: web/Assets/img
ERROR - 2021-10-29 16:06:53 --> 404 Page Not Found: web/Assets/img
ERROR - 2021-10-29 16:06:59 --> 404 Page Not Found: web/Assets/img
ERROR - 2021-10-29 16:06:59 --> 404 Page Not Found: web/Assets/img
ERROR - 2021-10-29 16:06:59 --> 404 Page Not Found: web/Assets/img
ERROR - 2021-10-29 16:06:59 --> 404 Page Not Found: web/Assets/img
ERROR - 2021-10-29 16:06:59 --> 404 Page Not Found: web/Assets/img
ERROR - 2021-10-29 16:07:15 --> 404 Page Not Found: web/Img/lazy.png
ERROR - 2021-10-29 16:07:15 --> 404 Page Not Found: web/Img/bs5-updated.png
ERROR - 2021-10-29 16:07:16 --> 404 Page Not Found: web/Video/presentation.webm
ERROR - 2021-10-29 16:07:16 --> 404 Page Not Found: web/Video/presentation.mp4
ERROR - 2021-10-29 16:07:16 --> 404 Page Not Found: web/Video/presentation.mp4
ERROR - 2021-10-29 16:07:16 --> 404 Page Not Found: web/Img/favicon.ico
ERROR - 2021-10-29 16:07:16 --> 404 Page Not Found: web/Img/landing
ERROR - 2021-10-29 16:07:16 --> 404 Page Not Found: web/Img/landing
ERROR - 2021-10-29 16:07:17 --> 404 Page Not Found: web/Img/landing
ERROR - 2021-10-29 16:07:52 --> 404 Page Not Found: web/Img/bs5-updated.png
ERROR - 2021-10-29 16:07:52 --> 404 Page Not Found: web/Img/lazy.png
ERROR - 2021-10-29 16:07:52 --> 404 Page Not Found: web/Assets/img
ERROR - 2021-10-29 16:07:52 --> 404 Page Not Found: web/Assets/img
ERROR - 2021-10-29 16:07:52 --> 404 Page Not Found: web/Assets/img
ERROR - 2021-10-29 16:07:52 --> 404 Page Not Found: web/Assets/img
ERROR - 2021-10-29 16:07:52 --> 404 Page Not Found: web/Assets/img
ERROR - 2021-10-29 16:07:53 --> 404 Page Not Found: web/Img/favicon.ico
ERROR - 2021-10-29 16:07:53 --> 404 Page Not Found: web/Img/landing
ERROR - 2021-10-29 16:07:53 --> 404 Page Not Found: web/Img/landing
ERROR - 2021-10-29 16:07:54 --> 404 Page Not Found: web/Img/landing
ERROR - 2021-10-29 16:07:54 --> 404 Page Not Found: web/Img/bs5-updated.png
ERROR - 2021-10-29 16:07:55 --> 404 Page Not Found: web/Img/lazy.png
ERROR - 2021-10-29 16:07:55 --> 404 Page Not Found: web/Assets/img
ERROR - 2021-10-29 16:07:55 --> 404 Page Not Found: web/Assets/img
ERROR - 2021-10-29 16:07:55 --> 404 Page Not Found: web/Assets/img
ERROR - 2021-10-29 16:07:55 --> 404 Page Not Found: web/Assets/img
ERROR - 2021-10-29 16:07:55 --> 404 Page Not Found: web/Assets/img
ERROR - 2021-10-29 16:07:55 --> 404 Page Not Found: web/Img/favicon.ico
ERROR - 2021-10-29 16:07:55 --> 404 Page Not Found: web/Img/landing
ERROR - 2021-10-29 16:07:55 --> 404 Page Not Found: web/Img/landing
ERROR - 2021-10-29 16:07:56 --> 404 Page Not Found: web/Img/lazy.png
ERROR - 2021-10-29 16:07:56 --> 404 Page Not Found: web/Img/bs5-updated.png
ERROR - 2021-10-29 16:07:56 --> 404 Page Not Found: web/Assets/img
ERROR - 2021-10-29 16:07:56 --> 404 Page Not Found: web/Assets/img
ERROR - 2021-10-29 16:07:56 --> 404 Page Not Found: web/Assets/img
ERROR - 2021-10-29 16:07:56 --> 404 Page Not Found: web/Assets/img
ERROR - 2021-10-29 16:07:56 --> 404 Page Not Found: web/Assets/img
ERROR - 2021-10-29 16:07:56 --> 404 Page Not Found: web/Img/favicon.ico
ERROR - 2021-10-29 16:07:56 --> 404 Page Not Found: web/Img/landing
ERROR - 2021-10-29 16:07:56 --> 404 Page Not Found: web/Img/landing
ERROR - 2021-10-29 16:07:57 --> 404 Page Not Found: web/Img/bs5-updated.png
ERROR - 2021-10-29 16:07:57 --> 404 Page Not Found: web/Img/lazy.png
ERROR - 2021-10-29 16:07:57 --> 404 Page Not Found: web/Assets/img
ERROR - 2021-10-29 16:07:57 --> 404 Page Not Found: web/Assets/img
ERROR - 2021-10-29 16:07:57 --> 404 Page Not Found: web/Assets/img
ERROR - 2021-10-29 16:07:57 --> 404 Page Not Found: web/Assets/img
ERROR - 2021-10-29 16:07:57 --> 404 Page Not Found: web/Assets/img
ERROR - 2021-10-29 16:07:57 --> 404 Page Not Found: web/Img/favicon.ico
ERROR - 2021-10-29 16:07:58 --> 404 Page Not Found: web/Img/landing
ERROR - 2021-10-29 16:07:58 --> 404 Page Not Found: web/Img/landing
ERROR - 2021-10-29 16:07:59 --> 404 Page Not Found: web/Img/landing
ERROR - 2021-10-29 16:08:01 --> 404 Page Not Found: web/Img/bs5-updated.png
ERROR - 2021-10-29 16:08:02 --> 404 Page Not Found: web/Img/lazy.png
ERROR - 2021-10-29 16:08:02 --> 404 Page Not Found: web/Assets/img
ERROR - 2021-10-29 16:08:02 --> 404 Page Not Found: web/Assets/img
ERROR - 2021-10-29 16:08:02 --> 404 Page Not Found: web/Assets/img
ERROR - 2021-10-29 16:08:02 --> 404 Page Not Found: web/Assets/img
ERROR - 2021-10-29 16:08:02 --> 404 Page Not Found: web/Assets/img
ERROR - 2021-10-29 16:08:02 --> 404 Page Not Found: web/Img/favicon.ico
ERROR - 2021-10-29 16:08:02 --> 404 Page Not Found: web/Img/landing
ERROR - 2021-10-29 16:08:02 --> 404 Page Not Found: web/Img/landing
ERROR - 2021-10-29 16:08:03 --> 404 Page Not Found: web/Img/lazy.png
ERROR - 2021-10-29 16:08:03 --> 404 Page Not Found: web/Img/bs5-updated.png
ERROR - 2021-10-29 16:08:03 --> 404 Page Not Found: web/Assets/img
ERROR - 2021-10-29 16:08:03 --> 404 Page Not Found: web/Assets/img
ERROR - 2021-10-29 16:08:03 --> 404 Page Not Found: web/Assets/img
ERROR - 2021-10-29 16:08:03 --> 404 Page Not Found: web/Assets/img
ERROR - 2021-10-29 16:08:03 --> 404 Page Not Found: web/Assets/img
ERROR - 2021-10-29 16:08:03 --> 404 Page Not Found: web/Img/favicon.ico
ERROR - 2021-10-29 16:08:04 --> 404 Page Not Found: web/Img/landing
ERROR - 2021-10-29 16:08:04 --> 404 Page Not Found: web/Img/landing
ERROR - 2021-10-29 16:08:05 --> 404 Page Not Found: web/Img/landing
ERROR - 2021-10-29 16:08:14 --> 404 Page Not Found: web/Img/bs5-updated.png
ERROR - 2021-10-29 16:08:14 --> 404 Page Not Found: web/Img/lazy.png
ERROR - 2021-10-29 16:08:14 --> 404 Page Not Found: web/Assets/img
ERROR - 2021-10-29 16:08:14 --> 404 Page Not Found: web/Assets/img
ERROR - 2021-10-29 16:08:14 --> 404 Page Not Found: web/Assets/img
ERROR - 2021-10-29 16:08:14 --> 404 Page Not Found: web/Assets/img
ERROR - 2021-10-29 16:08:14 --> 404 Page Not Found: web/Assets/img
ERROR - 2021-10-29 16:08:15 --> 404 Page Not Found: web/Img/favicon.ico
ERROR - 2021-10-29 16:08:15 --> 404 Page Not Found: web/Img/landing
ERROR - 2021-10-29 16:08:15 --> 404 Page Not Found: web/Img/landing
ERROR - 2021-10-29 16:08:16 --> 404 Page Not Found: web/Img/landing
ERROR - 2021-10-29 16:08:32 --> 404 Page Not Found: web/Img/lazy.png
ERROR - 2021-10-29 16:08:32 --> 404 Page Not Found: web/Img/bs5-updated.png
ERROR - 2021-10-29 16:08:33 --> 404 Page Not Found: web/Assets/img
ERROR - 2021-10-29 16:08:33 --> 404 Page Not Found: web/Assets/img
ERROR - 2021-10-29 16:08:33 --> 404 Page Not Found: web/Assets/img
ERROR - 2021-10-29 16:08:33 --> 404 Page Not Found: web/Assets/img
ERROR - 2021-10-29 16:08:33 --> 404 Page Not Found: web/Assets/img
ERROR - 2021-10-29 16:08:33 --> 404 Page Not Found: web/Img/favicon.ico
ERROR - 2021-10-29 16:08:33 --> 404 Page Not Found: web/Img/landing
ERROR - 2021-10-29 16:08:33 --> 404 Page Not Found: web/Img/landing
ERROR - 2021-10-29 16:08:34 --> 404 Page Not Found: web/Img/landing
ERROR - 2021-10-29 16:09:04 --> 404 Page Not Found: web/Img/landing
ERROR - 2021-10-29 16:09:19 --> 404 Page Not Found: web/Img/bs5-updated.png
ERROR - 2021-10-29 16:09:19 --> 404 Page Not Found: web/Img/lazy.png
ERROR - 2021-10-29 16:09:19 --> 404 Page Not Found: web/Assets/img
ERROR - 2021-10-29 16:09:19 --> 404 Page Not Found: web/Assets/img
ERROR - 2021-10-29 16:09:19 --> 404 Page Not Found: web/Assets/img
ERROR - 2021-10-29 16:09:20 --> 404 Page Not Found: web/Img/favicon.ico
ERROR - 2021-10-29 16:09:20 --> 404 Page Not Found: web/Img/landing
ERROR - 2021-10-29 16:09:21 --> 404 Page Not Found: web/Img/landing
ERROR - 2021-10-29 16:09:22 --> 404 Page Not Found: web/Img/landing
ERROR - 2021-10-29 16:09:22 --> 404 Page Not Found: web/Img/landing
ERROR - 2021-10-29 16:09:22 --> 404 Page Not Found: web/Img/landing
ERROR - 2021-10-29 16:09:22 --> 404 Page Not Found: web/Img/landing
ERROR - 2021-10-29 16:09:22 --> 404 Page Not Found: web/Img/landing
ERROR - 2021-10-29 16:09:22 --> 404 Page Not Found: web/Img/landing
ERROR - 2021-10-29 16:09:31 --> 404 Page Not Found: web/Img/lazy.png
ERROR - 2021-10-29 16:09:31 --> 404 Page Not Found: web/Img/bs5-updated.png
ERROR - 2021-10-29 16:09:31 --> 404 Page Not Found: web/Assets/img
ERROR - 2021-10-29 16:09:31 --> 404 Page Not Found: web/Assets/img
ERROR - 2021-10-29 16:09:31 --> 404 Page Not Found: web/Assets/img
ERROR - 2021-10-29 16:09:32 --> 404 Page Not Found: web/Img/landing
ERROR - 2021-10-29 16:09:32 --> 404 Page Not Found: web/Img/landing
ERROR - 2021-10-29 16:09:32 --> 404 Page Not Found: web/Img/landing
ERROR - 2021-10-29 16:09:32 --> 404 Page Not Found: web/Img/landing
ERROR - 2021-10-29 16:09:32 --> 404 Page Not Found: web/Img/favicon.ico
ERROR - 2021-10-29 16:09:32 --> 404 Page Not Found: web/Img/landing
ERROR - 2021-10-29 16:09:32 --> 404 Page Not Found: web/Img/landing
ERROR - 2021-10-29 16:09:32 --> 404 Page Not Found: web/Img/landing
ERROR - 2021-10-29 16:09:51 --> 404 Page Not Found: web/Img/bs5-updated.png
ERROR - 2021-10-29 16:09:51 --> 404 Page Not Found: web/Img/lazy.png
ERROR - 2021-10-29 16:09:52 --> 404 Page Not Found: web/Assets/img
ERROR - 2021-10-29 16:09:52 --> 404 Page Not Found: web/Assets/img
ERROR - 2021-10-29 16:09:52 --> 404 Page Not Found: web/Assets/img
ERROR - 2021-10-29 16:09:52 --> 404 Page Not Found: web/Img/landing
ERROR - 2021-10-29 16:09:52 --> 404 Page Not Found: web/Img/favicon.ico
ERROR - 2021-10-29 16:09:52 --> 404 Page Not Found: web/Img/landing
ERROR - 2021-10-29 16:09:52 --> 404 Page Not Found: web/Img/landing
ERROR - 2021-10-29 16:09:52 --> 404 Page Not Found: web/Img/landing
ERROR - 2021-10-29 16:09:53 --> 404 Page Not Found: web/Img/landing
ERROR - 2021-10-29 16:09:53 --> 404 Page Not Found: web/Img/landing
ERROR - 2021-10-29 16:09:54 --> 404 Page Not Found: web/Img/previews
ERROR - 2021-10-29 16:09:54 --> 404 Page Not Found: web/Img/previews
ERROR - 2021-10-29 16:09:54 --> 404 Page Not Found: web/Img/previews
ERROR - 2021-10-29 16:09:54 --> 404 Page Not Found: web/Img/previews
ERROR - 2021-10-29 16:09:54 --> 404 Page Not Found: web/Img/previews
ERROR - 2021-10-29 16:09:54 --> 404 Page Not Found: web/Img/previews
ERROR - 2021-10-29 16:09:55 --> 404 Page Not Found: web/Img/previews
ERROR - 2021-10-29 16:09:55 --> 404 Page Not Found: web/Img/previews
ERROR - 2021-10-29 16:09:55 --> 404 Page Not Found: web/Img/previews
ERROR - 2021-10-29 16:09:55 --> 404 Page Not Found: web/Img/previews
ERROR - 2021-10-29 16:09:55 --> 404 Page Not Found: web/Img/previews
ERROR - 2021-10-29 16:09:55 --> 404 Page Not Found: web/Img/previews
ERROR - 2021-10-29 16:09:55 --> 404 Page Not Found: web/Img/previews
ERROR - 2021-10-29 16:09:55 --> 404 Page Not Found: web/Img/previews
ERROR - 2021-10-29 16:09:55 --> 404 Page Not Found: web/Img/previews
ERROR - 2021-10-29 16:10:06 --> 404 Page Not Found: web/Img/lazy.png
ERROR - 2021-10-29 16:10:06 --> 404 Page Not Found: web/Img/bs5-updated.png
ERROR - 2021-10-29 16:10:06 --> 404 Page Not Found: web/Assets/img
ERROR - 2021-10-29 16:10:06 --> 404 Page Not Found: web/Assets/img
ERROR - 2021-10-29 16:10:06 --> 404 Page Not Found: web/Assets/img
ERROR - 2021-10-29 16:10:06 --> 404 Page Not Found: web/Img/landing
ERROR - 2021-10-29 16:10:06 --> 404 Page Not Found: web/Img/landing
ERROR - 2021-10-29 16:10:06 --> 404 Page Not Found: web/Img/landing
ERROR - 2021-10-29 16:10:06 --> 404 Page Not Found: web/Img/favicon.ico
ERROR - 2021-10-29 16:10:06 --> 404 Page Not Found: web/Img/landing
ERROR - 2021-10-29 16:10:08 --> 404 Page Not Found: web/Img/previews
ERROR - 2021-10-29 16:10:08 --> 404 Page Not Found: web/Img/previews
ERROR - 2021-10-29 16:10:08 --> 404 Page Not Found: web/Img/previews
ERROR - 2021-10-29 16:10:08 --> 404 Page Not Found: web/Img/previews
ERROR - 2021-10-29 16:10:08 --> 404 Page Not Found: web/Img/previews
ERROR - 2021-10-29 16:10:15 --> 404 Page Not Found: web/Img/bs5-updated.png
ERROR - 2021-10-29 16:10:15 --> 404 Page Not Found: web/Img/lazy.png
ERROR - 2021-10-29 16:10:15 --> 404 Page Not Found: web/Assets/img
ERROR - 2021-10-29 16:10:15 --> 404 Page Not Found: web/Assets/img
ERROR - 2021-10-29 16:10:15 --> 404 Page Not Found: web/Assets/img
ERROR - 2021-10-29 16:10:15 --> 404 Page Not Found: web/Img/previews
ERROR - 2021-10-29 16:10:16 --> 404 Page Not Found: web/Img/previews
ERROR - 2021-10-29 16:10:16 --> 404 Page Not Found: web/Img/previews
ERROR - 2021-10-29 16:10:16 --> 404 Page Not Found: web/Img/previews
ERROR - 2021-10-29 16:10:16 --> 404 Page Not Found: web/Img/landing
ERROR - 2021-10-29 16:10:16 --> 404 Page Not Found: web/Img/previews
ERROR - 2021-10-29 16:10:16 --> 404 Page Not Found: web/Img/previews
ERROR - 2021-10-29 16:10:16 --> 404 Page Not Found: web/Img/previews
ERROR - 2021-10-29 16:10:16 --> 404 Page Not Found: web/Img/previews
ERROR - 2021-10-29 16:10:16 --> 404 Page Not Found: web/Img/previews
ERROR - 2021-10-29 16:10:16 --> 404 Page Not Found: web/Img/previews
ERROR - 2021-10-29 16:10:16 --> 404 Page Not Found: web/Img/previews
ERROR - 2021-10-29 16:10:16 --> 404 Page Not Found: web/Img/previews
ERROR - 2021-10-29 16:10:16 --> 404 Page Not Found: web/Img/previews
ERROR - 2021-10-29 16:10:16 --> 404 Page Not Found: web/Img/previews
ERROR - 2021-10-29 16:10:16 --> 404 Page Not Found: web/Img/previews
ERROR - 2021-10-29 16:10:16 --> 404 Page Not Found: web/Img/favicon.ico
ERROR - 2021-10-29 16:10:31 --> 404 Page Not Found: web/Img/lazy.png
ERROR - 2021-10-29 16:10:31 --> 404 Page Not Found: web/Img/bs5-updated.png
ERROR - 2021-10-29 16:10:31 --> 404 Page Not Found: web/Assets/img
ERROR - 2021-10-29 16:10:31 --> 404 Page Not Found: web/Assets/img
ERROR - 2021-10-29 16:10:31 --> 404 Page Not Found: web/Assets/img
ERROR - 2021-10-29 16:10:31 --> 404 Page Not Found: web/Img/landing
ERROR - 2021-10-29 16:10:31 --> 404 Page Not Found: web/Img/favicon.ico
ERROR - 2021-10-29 16:10:31 --> 404 Page Not Found: web/Img/landing
ERROR - 2021-10-29 16:10:32 --> 404 Page Not Found: web/Img/landing
ERROR - 2021-10-29 16:10:32 --> 404 Page Not Found: web/Img/previews
ERROR - 2021-10-29 16:10:32 --> 404 Page Not Found: web/Img/previews
ERROR - 2021-10-29 16:10:32 --> 404 Page Not Found: web/Img/previews
ERROR - 2021-10-29 16:10:32 --> 404 Page Not Found: web/Img/previews
ERROR - 2021-10-29 16:10:32 --> 404 Page Not Found: web/Img/previews
ERROR - 2021-10-29 16:10:40 --> 404 Page Not Found: web/Img/lazy.png
ERROR - 2021-10-29 16:10:40 --> 404 Page Not Found: web/Img/bs5-updated.png
ERROR - 2021-10-29 16:10:40 --> 404 Page Not Found: web/Assets/img
ERROR - 2021-10-29 16:10:40 --> 404 Page Not Found: web/Assets/img
ERROR - 2021-10-29 16:10:40 --> 404 Page Not Found: web/Assets/img
ERROR - 2021-10-29 16:10:40 --> 404 Page Not Found: web/Img/landing
ERROR - 2021-10-29 16:10:40 --> 404 Page Not Found: web/Img/previews
ERROR - 2021-10-29 16:10:40 --> 404 Page Not Found: web/Img/previews
ERROR - 2021-10-29 16:10:40 --> 404 Page Not Found: web/Img/previews
ERROR - 2021-10-29 16:10:40 --> 404 Page Not Found: web/Img/previews
ERROR - 2021-10-29 16:10:40 --> 404 Page Not Found: web/Img/previews
ERROR - 2021-10-29 16:10:40 --> 404 Page Not Found: web/Img/favicon.ico
ERROR - 2021-10-29 16:10:40 --> 404 Page Not Found: web/Img/previews
ERROR - 2021-10-29 16:10:40 --> 404 Page Not Found: web/Img/previews
ERROR - 2021-10-29 16:10:40 --> 404 Page Not Found: web/Img/previews
ERROR - 2021-10-29 16:10:41 --> 404 Page Not Found: web/Img/previews
ERROR - 2021-10-29 16:10:41 --> 404 Page Not Found: web/Img/previews
ERROR - 2021-10-29 16:10:41 --> 404 Page Not Found: web/Img/previews
ERROR - 2021-10-29 16:10:41 --> 404 Page Not Found: web/Img/previews
ERROR - 2021-10-29 16:10:41 --> 404 Page Not Found: web/Img/previews
ERROR - 2021-10-29 16:10:41 --> 404 Page Not Found: web/Img/previews
ERROR - 2021-10-29 16:10:41 --> 404 Page Not Found: web/Img/previews
ERROR - 2021-10-29 16:10:45 --> 404 Page Not Found: web/Img/bs5-updated.png
ERROR - 2021-10-29 16:10:45 --> 404 Page Not Found: web/Img/lazy.png
ERROR - 2021-10-29 16:10:45 --> 404 Page Not Found: web/Assets/img
ERROR - 2021-10-29 16:10:45 --> 404 Page Not Found: web/Assets/img
ERROR - 2021-10-29 16:10:45 --> 404 Page Not Found: web/Assets/img
ERROR - 2021-10-29 16:10:45 --> 404 Page Not Found: web/Img/landing
ERROR - 2021-10-29 16:10:45 --> 404 Page Not Found: web/Img/favicon.ico
ERROR - 2021-10-29 16:10:45 --> 404 Page Not Found: web/Img/previews
ERROR - 2021-10-29 16:10:45 --> 404 Page Not Found: web/Img/previews
ERROR - 2021-10-29 16:10:45 --> 404 Page Not Found: web/Img/previews
ERROR - 2021-10-29 16:10:45 --> 404 Page Not Found: web/Img/previews
ERROR - 2021-10-29 16:10:45 --> 404 Page Not Found: web/Img/previews
ERROR - 2021-10-29 16:10:45 --> 404 Page Not Found: web/Img/previews
ERROR - 2021-10-29 16:10:45 --> 404 Page Not Found: web/Img/previews
ERROR - 2021-10-29 16:10:45 --> 404 Page Not Found: web/Img/previews
ERROR - 2021-10-29 16:10:45 --> 404 Page Not Found: web/Img/previews
ERROR - 2021-10-29 16:10:46 --> 404 Page Not Found: web/Img/previews
ERROR - 2021-10-29 16:10:46 --> 404 Page Not Found: web/Img/previews
ERROR - 2021-10-29 16:10:46 --> 404 Page Not Found: web/Img/previews
ERROR - 2021-10-29 16:10:46 --> 404 Page Not Found: web/Img/previews
ERROR - 2021-10-29 16:10:46 --> 404 Page Not Found: web/Img/previews
ERROR - 2021-10-29 16:10:46 --> 404 Page Not Found: web/Img/previews
ERROR - 2021-10-29 16:10:49 --> 404 Page Not Found: web/Img/bs5-updated.png
ERROR - 2021-10-29 16:10:49 --> 404 Page Not Found: web/Img/lazy.png
ERROR - 2021-10-29 16:10:49 --> 404 Page Not Found: web/Assets/img
ERROR - 2021-10-29 16:10:49 --> 404 Page Not Found: web/Assets/img
ERROR - 2021-10-29 16:10:49 --> 404 Page Not Found: web/Assets/img
ERROR - 2021-10-29 16:10:49 --> 404 Page Not Found: web/Img/landing
ERROR - 2021-10-29 16:10:49 --> 404 Page Not Found: web/Img/favicon.ico
ERROR - 2021-10-29 16:10:49 --> 404 Page Not Found: web/Img/previews
ERROR - 2021-10-29 16:10:49 --> 404 Page Not Found: web/Img/previews
ERROR - 2021-10-29 16:10:49 --> 404 Page Not Found: web/Img/previews
ERROR - 2021-10-29 16:10:49 --> 404 Page Not Found: web/Img/previews
ERROR - 2021-10-29 16:10:49 --> 404 Page Not Found: web/Img/previews
ERROR - 2021-10-29 16:10:49 --> 404 Page Not Found: web/Img/previews
ERROR - 2021-10-29 16:10:49 --> 404 Page Not Found: web/Img/previews
ERROR - 2021-10-29 16:10:49 --> 404 Page Not Found: web/Img/previews
ERROR - 2021-10-29 16:10:49 --> 404 Page Not Found: web/Img/previews
ERROR - 2021-10-29 16:10:49 --> 404 Page Not Found: web/Img/previews
ERROR - 2021-10-29 16:10:50 --> 404 Page Not Found: web/Img/previews
ERROR - 2021-10-29 16:10:50 --> 404 Page Not Found: web/Img/previews
ERROR - 2021-10-29 16:10:50 --> 404 Page Not Found: web/Img/previews
ERROR - 2021-10-29 16:10:50 --> 404 Page Not Found: web/Img/previews
ERROR - 2021-10-29 16:10:50 --> 404 Page Not Found: web/Img/previews
ERROR - 2021-10-29 16:11:01 --> 404 Page Not Found: web/Img/previews
ERROR - 2021-10-29 16:11:01 --> 404 Page Not Found: web/Img/previews
ERROR - 2021-10-29 16:11:01 --> 404 Page Not Found: web/Img/previews
ERROR - 2021-10-29 16:11:02 --> 404 Page Not Found: web/Img/previews
ERROR - 2021-10-29 16:11:02 --> 404 Page Not Found: web/Img/previews
ERROR - 2021-10-29 16:11:02 --> 404 Page Not Found: web/Img/lazy.png
ERROR - 2021-10-29 16:11:02 --> 404 Page Not Found: web/Img/bs5-updated.png
ERROR - 2021-10-29 16:11:02 --> 404 Page Not Found: web/Assets/img
ERROR - 2021-10-29 16:11:03 --> 404 Page Not Found: web/Assets/img
ERROR - 2021-10-29 16:11:03 --> 404 Page Not Found: web/Img/landing
ERROR - 2021-10-29 16:11:03 --> 404 Page Not Found: web/Img/landing
ERROR - 2021-10-29 16:11:03 --> 404 Page Not Found: web/Img/landing
ERROR - 2021-10-29 16:11:03 --> 404 Page Not Found: web/Img/favicon.ico
ERROR - 2021-10-29 16:11:03 --> 404 Page Not Found: web/Img/landing
ERROR - 2021-10-29 16:11:03 --> 404 Page Not Found: web/Img/landing
ERROR - 2021-10-29 16:11:03 --> 404 Page Not Found: web/Img/landing
ERROR - 2021-10-29 16:11:03 --> 404 Page Not Found: web/Img/landing
ERROR - 2021-10-29 16:11:03 --> 404 Page Not Found: web/Img/landing
ERROR - 2021-10-29 16:11:03 --> 404 Page Not Found: web/Img/landing
ERROR - 2021-10-29 16:11:03 --> 404 Page Not Found: web/Img/landing
ERROR - 2021-10-29 16:11:03 --> 404 Page Not Found: web/Img/landing
ERROR - 2021-10-29 16:11:03 --> 404 Page Not Found: web/Img/landing
ERROR - 2021-10-29 16:11:26 --> 404 Page Not Found: web/Img/lazy.png
ERROR - 2021-10-29 16:11:26 --> 404 Page Not Found: web/Img/bs5-updated.png
ERROR - 2021-10-29 16:11:26 --> 404 Page Not Found: web/Assets/img
ERROR - 2021-10-29 16:11:26 --> 404 Page Not Found: web/Assets/img
ERROR - 2021-10-29 16:11:26 --> 404 Page Not Found: web/Img/landing
ERROR - 2021-10-29 16:11:26 --> 404 Page Not Found: web/Img/landing
ERROR - 2021-10-29 16:11:26 --> 404 Page Not Found: web/Img/favicon.ico
ERROR - 2021-10-29 16:11:27 --> 404 Page Not Found: web/Img/landing
ERROR - 2021-10-29 16:11:27 --> 404 Page Not Found: web/Img/landing
ERROR - 2021-10-29 16:11:27 --> 404 Page Not Found: web/Img/landing
ERROR - 2021-10-29 16:11:40 --> 404 Page Not Found: web/Img/bs5-updated.png
ERROR - 2021-10-29 16:11:40 --> 404 Page Not Found: web/Img/lazy.png
ERROR - 2021-10-29 16:11:40 --> 404 Page Not Found: web/Assets/img
ERROR - 2021-10-29 16:11:40 --> 404 Page Not Found: web/Assets/img
ERROR - 2021-10-29 16:11:41 --> 404 Page Not Found: web/Img/landing
ERROR - 2021-10-29 16:11:41 --> 404 Page Not Found: web/Img/landing
ERROR - 2021-10-29 16:11:41 --> 404 Page Not Found: web/Img/landing
ERROR - 2021-10-29 16:11:41 --> 404 Page Not Found: web/Img/favicon.ico
ERROR - 2021-10-29 16:11:41 --> 404 Page Not Found: web/Img/landing
ERROR - 2021-10-29 16:11:46 --> 404 Page Not Found: web/Img/landing
ERROR - 2021-10-29 16:12:03 --> 404 Page Not Found: web/Img/bs5-updated.png
ERROR - 2021-10-29 16:12:04 --> 404 Page Not Found: web/Assets/img
ERROR - 2021-10-29 16:12:04 --> 404 Page Not Found: web/Img/lazy.png
ERROR - 2021-10-29 16:12:04 --> 404 Page Not Found: web/Img/favicon.ico
ERROR - 2021-10-29 16:12:04 --> 404 Page Not Found: web/Img/landing
ERROR - 2021-10-29 16:12:04 --> 404 Page Not Found: web/Img/landing
ERROR - 2021-10-29 16:13:31 --> 404 Page Not Found: web/Img/bs5-updated.png
ERROR - 2021-10-29 16:13:31 --> 404 Page Not Found: web/Assets/img
ERROR - 2021-10-29 16:13:31 --> 404 Page Not Found: web/Img/lazy.png
ERROR - 2021-10-29 16:13:31 --> 404 Page Not Found: web/Img/favicon.ico
ERROR - 2021-10-29 16:13:32 --> 404 Page Not Found: web/Img/landing
ERROR - 2021-10-29 16:15:05 --> 404 Page Not Found: web/Assets/img
ERROR - 2021-10-29 16:15:05 --> 404 Page Not Found: web/Assets/img
ERROR - 2021-10-29 16:15:32 --> 404 Page Not Found: web/Assets/img
ERROR - 2021-10-29 16:15:32 --> 404 Page Not Found: web/Assets/img
ERROR - 2021-10-29 16:15:47 --> 404 Page Not Found: web/Assets/img
ERROR - 2021-10-29 16:15:47 --> 404 Page Not Found: web/Assets/img
ERROR - 2021-10-29 16:15:54 --> 404 Page Not Found: web/Assets/img
ERROR - 2021-10-29 16:15:54 --> 404 Page Not Found: web/Assets/img
ERROR - 2021-10-29 16:19:50 --> 404 Page Not Found: web/Img/bs5-updated.png
ERROR - 2021-10-29 16:19:50 --> 404 Page Not Found: web/Assets/img
ERROR - 2021-10-29 16:19:50 --> 404 Page Not Found: web/Img/lazy.png
ERROR - 2021-10-29 16:19:50 --> 404 Page Not Found: web/Img/favicon.ico
ERROR - 2021-10-29 16:19:50 --> 404 Page Not Found: web/Img/landing
ERROR - 2021-10-29 16:19:54 --> 404 Page Not Found: web/Img/bs5-updated.png
ERROR - 2021-10-29 16:19:54 --> 404 Page Not Found: web/Img/lazy.png
ERROR - 2021-10-29 16:19:54 --> 404 Page Not Found: web/Img/landing
ERROR - 2021-10-29 16:19:55 --> 404 Page Not Found: web/Img/landing
ERROR - 2021-10-29 16:20:03 --> 404 Page Not Found: web/Img/bs5-updated.png
ERROR - 2021-10-29 16:20:03 --> 404 Page Not Found: web/Img/lazy.png
ERROR - 2021-10-29 16:20:03 --> 404 Page Not Found: web/Img/landing
ERROR - 2021-10-29 16:22:50 --> 404 Page Not Found: web/Img/bs5-updated.png
ERROR - 2021-10-29 16:22:50 --> 404 Page Not Found: web/Img/lazy.png
ERROR - 2021-10-29 16:22:50 --> 404 Page Not Found: web/Assets/img
ERROR - 2021-10-29 16:22:50 --> 404 Page Not Found: web/Img/favicon.ico
ERROR - 2021-10-29 16:22:51 --> 404 Page Not Found: web/Img/landing
ERROR - 2021-10-29 16:22:53 --> 404 Page Not Found: web/Img/bs5-updated.png
ERROR - 2021-10-29 16:22:53 --> 404 Page Not Found: web/Img/lazy.png
ERROR - 2021-10-29 16:22:54 --> 404 Page Not Found: web/Img/landing
ERROR - 2021-10-29 16:22:55 --> 404 Page Not Found: web/Img/bs5-updated.png
ERROR - 2021-10-29 16:22:55 --> 404 Page Not Found: web/Img/lazy.png
ERROR - 2021-10-29 16:22:56 --> 404 Page Not Found: web/Img/landing
ERROR - 2021-10-29 16:27:53 --> 404 Page Not Found: web/Img/favicon.ico
ERROR - 2021-10-29 16:27:54 --> 404 Page Not Found: web/Img/bs5-updated.png
ERROR - 2021-10-29 16:27:54 --> 404 Page Not Found: web/Assets/img
ERROR - 2021-10-29 16:27:54 --> 404 Page Not Found: web/Img/lazy.png
ERROR - 2021-10-29 16:31:18 --> 404 Page Not Found: web/Img/bs5-updated.png
ERROR - 2021-10-29 16:31:18 --> 404 Page Not Found: web/Assets/img
ERROR - 2021-10-29 16:31:18 --> 404 Page Not Found: web/Img/lazy.png
ERROR - 2021-10-29 16:31:18 --> 404 Page Not Found: web/Img/favicon.ico
ERROR - 2021-10-29 16:31:18 --> 404 Page Not Found: web/Img/landing
ERROR - 2021-10-29 16:31:25 --> 404 Page Not Found: web/Assets/img
ERROR - 2021-10-29 16:31:26 --> 404 Page Not Found: web/Img/bs5-updated.png
ERROR - 2021-10-29 16:31:26 --> 404 Page Not Found: web/Img/lazy.png
ERROR - 2021-10-29 16:31:26 --> 404 Page Not Found: web/Img/favicon.ico
ERROR - 2021-10-29 16:31:26 --> 404 Page Not Found: web/Img/landing
ERROR - 2021-10-29 16:31:40 --> 404 Page Not Found: web/Assets/img
ERROR - 2021-10-29 16:31:40 --> 404 Page Not Found: web/Img/bs5-updated.png
ERROR - 2021-10-29 16:31:40 --> 404 Page Not Found: web/Img/lazy.png
ERROR - 2021-10-29 16:31:41 --> 404 Page Not Found: web/Img/favicon.ico
ERROR - 2021-10-29 16:31:41 --> 404 Page Not Found: web/Img/landing
ERROR - 2021-10-29 16:31:52 --> 404 Page Not Found: web/Img/bs5-updated.png
ERROR - 2021-10-29 16:31:52 --> 404 Page Not Found: web/Assets/img
ERROR - 2021-10-29 16:31:52 --> 404 Page Not Found: web/Img/lazy.png
ERROR - 2021-10-29 16:31:53 --> 404 Page Not Found: web/Img/landing
ERROR - 2021-10-29 16:31:54 --> 404 Page Not Found: web/Assets/img
ERROR - 2021-10-29 16:31:54 --> 404 Page Not Found: web/Img/bs5-updated.png
ERROR - 2021-10-29 16:31:54 --> 404 Page Not Found: web/Img/lazy.png
ERROR - 2021-10-29 16:31:54 --> 404 Page Not Found: web/Img/favicon.ico
ERROR - 2021-10-29 16:31:55 --> 404 Page Not Found: web/Img/landing
ERROR - 2021-10-29 16:32:05 --> 404 Page Not Found: web/Img/bs5-updated.png
ERROR - 2021-10-29 16:32:05 --> 404 Page Not Found: web/Assets/img
ERROR - 2021-10-29 16:32:05 --> 404 Page Not Found: web/Img/lazy.png
ERROR - 2021-10-29 16:32:06 --> 404 Page Not Found: web/Img/landing
ERROR - 2021-10-29 16:34:24 --> 404 Page Not Found: web/Img/bs5-updated.png
ERROR - 2021-10-29 16:34:24 --> 404 Page Not Found: web/Assets/img
ERROR - 2021-10-29 16:34:24 --> 404 Page Not Found: web/Img/lazy.png
ERROR - 2021-10-29 16:34:24 --> 404 Page Not Found: web/Img/favicon.ico
ERROR - 2021-10-29 16:34:24 --> 404 Page Not Found: web/Img/landing
ERROR - 2021-10-29 16:34:25 --> 404 Page Not Found: web/Img/landing
ERROR - 2021-10-29 16:34:47 --> 404 Page Not Found: web/Img/bs5-updated.png
ERROR - 2021-10-29 16:34:47 --> 404 Page Not Found: web/Img/lazy.png
ERROR - 2021-10-29 16:34:48 --> 404 Page Not Found: web/Img/landing
ERROR - 2021-10-29 16:34:49 --> 404 Page Not Found: web/Img/landing
ERROR - 2021-10-29 16:38:00 --> 404 Page Not Found: web/Img/bs5-updated.png
ERROR - 2021-10-29 16:38:00 --> 404 Page Not Found: web/Img/lazy.png
ERROR - 2021-10-29 16:38:00 --> 404 Page Not Found: web/Img/landing
ERROR - 2021-10-29 16:41:13 --> 404 Page Not Found: web/Img/bs5-updated.png
ERROR - 2021-10-29 16:41:13 --> 404 Page Not Found: web/Img/lazy.png
ERROR - 2021-10-29 16:41:13 --> 404 Page Not Found: web/Assets/img
ERROR - 2021-10-29 16:41:13 --> 404 Page Not Found: web/Img/favicon.ico
ERROR - 2021-10-29 16:41:13 --> 404 Page Not Found: web/Img/landing
ERROR - 2021-10-29 16:41:20 --> 404 Page Not Found: web/Img/bs5-updated.png
ERROR - 2021-10-29 16:41:20 --> 404 Page Not Found: web/Img/lazy.png
ERROR - 2021-10-29 16:41:20 --> 404 Page Not Found: web/Img/landing
ERROR - 2021-10-29 16:41:45 --> Severity: Notice --> Undefined index: auth D:\WORK\PHP\PIXCELCAST\www\app\hooks\common.php 18
ERROR - 2021-10-29 16:41:45 --> 404 Page Not Found: /index
ERROR - 2021-10-29 16:41:45 --> 404 Page Not Found: /index
ERROR - 2021-10-29 16:42:36 --> Severity: Compile Error --> Cannot use isset() on the result of an expression (you can use "null !== expression" instead) D:\WORK\PHP\PIXCELCAST\www\app\hooks\common.php 19
ERROR - 2021-10-29 16:42:36 --> 404 Page Not Found: /index
ERROR - 2021-10-29 16:42:57 --> Severity: Compile Error --> Cannot use isset() on the result of an expression (you can use "null !== expression" instead) D:\WORK\PHP\PIXCELCAST\www\app\hooks\common.php 19
ERROR - 2021-10-29 16:42:57 --> 404 Page Not Found: /index
ERROR - 2021-10-29 16:43:04 --> Severity: Notice --> Undefined index: auth D:\WORK\PHP\PIXCELCAST\www\app\hooks\common.php 21
ERROR - 2021-10-29 16:43:04 --> 404 Page Not Found: /index
ERROR - 2021-10-29 16:43:20 --> Severity: Notice --> Undefined index:  D:\WORK\PHP\PIXCELCAST\www\app\hooks\common.php 21
ERROR - 2021-10-29 16:43:20 --> 404 Page Not Found: web/Img/bs5-updated.png
ERROR - 2021-10-29 16:43:20 --> 404 Page Not Found: web/Assets/img
ERROR - 2021-10-29 16:43:20 --> 404 Page Not Found: web/Img/lazy.png
ERROR - 2021-10-29 16:43:21 --> 404 Page Not Found: web/Img/favicon.ico
ERROR - 2021-10-29 16:43:21 --> 404 Page Not Found: web/Img/landing
ERROR - 2021-10-29 16:44:08 --> 404 Page Not Found: /index
ERROR - 2021-10-29 16:44:14 --> Query error: Table 'PXCAST_DB.ky_admin' doesn't exist - Invalid query: SELECT * FROM ky_admin WHERE adm_id = 'admin' 
ERROR - 2021-10-29 16:44:17 --> 404 Page Not Found: /index
ERROR - 2021-10-29 16:44:21 --> Query error: Table 'PXCAST_DB.ky_admin' doesn't exist - Invalid query: SELECT * FROM ky_admin WHERE adm_id = 'admin' 
ERROR - 2021-10-29 16:45:15 --> Query error: Table 'PXCAST_DB.ky_admin' doesn't exist - Invalid query: SELECT * FROM ky_admin WHERE adm_id = 'admin' 
ERROR - 2021-10-29 16:45:42 --> 404 Page Not Found: /index
ERROR - 2021-10-29 16:45:42 --> 404 Page Not Found: /index
ERROR - 2021-10-29 16:45:42 --> 404 Page Not Found: /index
ERROR - 2021-10-29 16:45:44 --> Query error: Table 'PXCAST_DB.ky_site_setup' doesn't exist - Invalid query: SELECT * FROM ky_site_setup where 1=1
ERROR - 2021-10-29 16:45:46 --> 404 Page Not Found: /index
ERROR - 2021-10-29 16:45:46 --> 404 Page Not Found: /index
ERROR - 2021-10-29 16:45:46 --> 404 Page Not Found: /index
ERROR - 2021-10-29 16:46:32 --> Query error: Table 'PXCAST_DB.ky_main_img' doesn't exist - Invalid query: SELECT COUNT(A.mi_idx) as cnt FROM  ky_main_img as A WHERE mi_delyn='N'
ERROR - 2021-10-29 16:46:33 --> 404 Page Not Found: /index
ERROR - 2021-10-29 16:46:33 --> 404 Page Not Found: /index
ERROR - 2021-10-29 16:46:33 --> 404 Page Not Found: /index
ERROR - 2021-10-29 16:46:35 --> Query error: Table 'PXCAST_DB.ky_main_img' doesn't exist - Invalid query: SELECT COUNT(A.mi_idx) as cnt FROM  ky_main_img as A WHERE mi_delyn='N'
ERROR - 2021-10-29 16:46:36 --> 404 Page Not Found: /index
ERROR - 2021-10-29 16:46:36 --> 404 Page Not Found: /index
ERROR - 2021-10-29 16:46:36 --> 404 Page Not Found: /index
ERROR - 2021-10-29 16:46:38 --> Query error: Table 'PXCAST_DB.ky_popup_setup' doesn't exist - Invalid query: SELECT COUNT(pop_idx) as cnt FROM  ky_popup_setup  WHERE  1=1   AND  pop_reg_date BETWEEN '2021-10-22 00:00:00' AND '2021-10-29 23:59:59'
ERROR - 2021-10-29 16:46:39 --> 404 Page Not Found: /index
ERROR - 2021-10-29 16:46:39 --> 404 Page Not Found: /index
ERROR - 2021-10-29 16:46:39 --> 404 Page Not Found: /index
ERROR - 2021-10-29 16:46:41 --> 404 Page Not Found: /index
ERROR - 2021-10-29 16:46:41 --> 404 Page Not Found: /index
ERROR - 2021-10-29 16:46:41 --> 404 Page Not Found: /index
ERROR - 2021-10-29 16:46:42 --> 404 Page Not Found: /index
ERROR - 2021-10-29 16:46:43 --> 404 Page Not Found: /index
ERROR - 2021-10-29 16:46:43 --> 404 Page Not Found: /index
ERROR - 2021-10-29 16:46:43 --> Query error: Table 'PXCAST_DB.ky_popup_setup' doesn't exist - Invalid query: SELECT COUNT(pop_idx) as cnt FROM  ky_popup_setup  WHERE  1=1   AND  pop_reg_date BETWEEN '2021-10-22 00:00:00' AND '2021-10-29 23:59:59'
ERROR - 2021-10-29 16:46:44 --> 404 Page Not Found: /index
ERROR - 2021-10-29 16:46:44 --> 404 Page Not Found: /index
ERROR - 2021-10-29 16:46:44 --> 404 Page Not Found: /index
ERROR - 2021-10-29 16:46:46 --> 404 Page Not Found: /index
ERROR - 2021-10-29 16:46:46 --> 404 Page Not Found: /index
ERROR - 2021-10-29 16:46:46 --> 404 Page Not Found: /index
ERROR - 2021-10-29 16:46:49 --> Query error: Table 'PXCAST_DB.ky_site_setup' doesn't exist - Invalid query: SELECT * FROM ky_site_setup where 1=1
ERROR - 2021-10-29 16:46:50 --> 404 Page Not Found: /index
ERROR - 2021-10-29 16:46:50 --> 404 Page Not Found: /index
ERROR - 2021-10-29 16:46:50 --> 404 Page Not Found: /index
ERROR - 2021-10-29 16:47:55 --> Query error: Table 'PXCAST_DB.ky_main_img' doesn't exist - Invalid query: SELECT COUNT(A.mi_idx) as cnt FROM  ky_main_img as A WHERE mi_delyn='N'
ERROR - 2021-10-29 16:47:55 --> 404 Page Not Found: /index
ERROR - 2021-10-29 16:47:56 --> 404 Page Not Found: /index
ERROR - 2021-10-29 16:47:56 --> 404 Page Not Found: /index
ERROR - 2021-10-29 16:47:57 --> Query error: Table 'PXCAST_DB.ky_main_img' doesn't exist - Invalid query: SELECT COUNT(A.mi_idx) as cnt FROM  ky_main_img as A WHERE mi_delyn='N'
ERROR - 2021-10-29 16:48:23 --> 404 Page Not Found: /index
ERROR - 2021-10-29 16:48:23 --> 404 Page Not Found: /index
ERROR - 2021-10-29 16:48:23 --> 404 Page Not Found: /index
ERROR - 2021-10-29 16:48:23 --> 404 Page Not Found: /index
ERROR - 2021-10-29 16:48:25 --> 404 Page Not Found: /index
ERROR - 2021-10-29 16:48:25 --> 404 Page Not Found: /index
ERROR - 2021-10-29 16:48:25 --> 404 Page Not Found: /index
ERROR - 2021-10-29 16:48:26 --> 404 Page Not Found: /index
ERROR - 2021-10-29 16:48:26 --> 404 Page Not Found: /index
ERROR - 2021-10-29 16:48:26 --> 404 Page Not Found: /index
ERROR - 2021-10-29 16:48:27 --> 404 Page Not Found: /index
ERROR - 2021-10-29 16:48:27 --> 404 Page Not Found: /index
ERROR - 2021-10-29 16:48:27 --> 404 Page Not Found: /index
ERROR - 2021-10-29 16:48:29 --> 404 Page Not Found: /index
ERROR - 2021-10-29 16:48:29 --> 404 Page Not Found: /index
ERROR - 2021-10-29 16:48:29 --> 404 Page Not Found: /index
ERROR - 2021-10-29 16:48:30 --> 404 Page Not Found: /index
ERROR - 2021-10-29 16:48:30 --> 404 Page Not Found: /index
ERROR - 2021-10-29 16:48:30 --> 404 Page Not Found: /index
ERROR - 2021-10-29 16:48:31 --> Query error: Table 'PXCAST_DB.ky_popup_setup' doesn't exist - Invalid query: SELECT COUNT(pop_idx) as cnt FROM  ky_popup_setup  WHERE  1=1   AND  pop_reg_date BETWEEN '2021-10-22 00:00:00' AND '2021-10-29 23:59:59'
ERROR - 2021-10-29 16:48:56 --> 404 Page Not Found: /index
ERROR - 2021-10-29 16:48:56 --> 404 Page Not Found: /index
ERROR - 2021-10-29 16:48:56 --> 404 Page Not Found: /index
ERROR - 2021-10-29 16:48:56 --> 404 Page Not Found: /index
ERROR - 2021-10-29 16:48:58 --> 404 Page Not Found: /index
ERROR - 2021-10-29 16:48:58 --> 404 Page Not Found: /index
ERROR - 2021-10-29 16:48:58 --> 404 Page Not Found: /index
ERROR - 2021-10-29 16:48:58 --> 404 Page Not Found: /index
ERROR - 2021-10-29 16:48:58 --> 404 Page Not Found: /index
ERROR - 2021-10-29 16:48:58 --> 404 Page Not Found: /index
ERROR - 2021-10-29 16:49:00 --> 404 Page Not Found: /index
ERROR - 2021-10-29 16:49:00 --> 404 Page Not Found: /index
ERROR - 2021-10-29 16:49:00 --> 404 Page Not Found: /index
ERROR - 2021-10-29 16:49:01 --> Query error: Table 'PXCAST_DB.ky_site_setup' doesn't exist - Invalid query: SELECT * FROM ky_site_setup where 1=1
ERROR - 2021-10-29 16:49:26 --> 404 Page Not Found: /index
ERROR - 2021-10-29 16:49:26 --> 404 Page Not Found: /index
ERROR - 2021-10-29 16:49:26 --> 404 Page Not Found: /index
ERROR - 2021-10-29 16:49:26 --> 404 Page Not Found: /index
ERROR - 2021-10-29 16:49:28 --> 404 Page Not Found: /index
ERROR - 2021-10-29 16:49:28 --> 404 Page Not Found: /index
ERROR - 2021-10-29 16:49:28 --> 404 Page Not Found: /index
ERROR - 2021-10-29 16:49:30 --> 404 Page Not Found: /index
ERROR - 2021-10-29 16:49:30 --> 404 Page Not Found: /index
ERROR - 2021-10-29 16:49:30 --> 404 Page Not Found: /index
ERROR - 2021-10-29 16:49:31 --> 404 Page Not Found: /index
ERROR - 2021-10-29 16:49:31 --> 404 Page Not Found: /index
ERROR - 2021-10-29 16:49:31 --> 404 Page Not Found: /index
ERROR - 2021-10-29 16:51:04 --> 404 Page Not Found: /index
ERROR - 2021-10-29 16:51:04 --> 404 Page Not Found: /index
ERROR - 2021-10-29 16:51:04 --> 404 Page Not Found: /index
ERROR - 2021-10-29 16:51:04 --> 404 Page Not Found: /index
ERROR - 2021-10-29 16:51:11 --> 404 Page Not Found: /index
ERROR - 2021-10-29 16:51:11 --> 404 Page Not Found: /index
ERROR - 2021-10-29 16:51:11 --> 404 Page Not Found: /index
ERROR - 2021-10-29 16:51:11 --> 404 Page Not Found: /index
ERROR - 2021-10-29 16:51:16 --> 404 Page Not Found: /index
ERROR - 2021-10-29 16:51:16 --> 404 Page Not Found: /index
ERROR - 2021-10-29 16:51:16 --> 404 Page Not Found: /index
ERROR - 2021-10-29 16:51:40 --> 404 Page Not Found: /index
ERROR - 2021-10-29 16:51:40 --> 404 Page Not Found: /index
ERROR - 2021-10-29 16:51:40 --> 404 Page Not Found: /index
ERROR - 2021-10-29 16:51:42 --> 404 Page Not Found: /index
ERROR - 2021-10-29 16:51:42 --> 404 Page Not Found: /index
ERROR - 2021-10-29 16:51:42 --> 404 Page Not Found: /index
ERROR - 2021-10-29 16:51:44 --> 404 Page Not Found: /index
ERROR - 2021-10-29 16:51:44 --> 404 Page Not Found: /index
ERROR - 2021-10-29 16:51:44 --> 404 Page Not Found: /index
ERROR - 2021-10-29 16:51:45 --> 404 Page Not Found: /index
ERROR - 2021-10-29 16:51:45 --> 404 Page Not Found: /index
ERROR - 2021-10-29 16:51:45 --> 404 Page Not Found: /index
ERROR - 2021-10-29 16:51:47 --> 404 Page Not Found: /index
ERROR - 2021-10-29 16:51:47 --> 404 Page Not Found: /index
ERROR - 2021-10-29 16:51:47 --> 404 Page Not Found: /index
ERROR - 2021-10-29 16:51:48 --> 404 Page Not Found: /index
ERROR - 2021-10-29 16:51:48 --> 404 Page Not Found: /index
ERROR - 2021-10-29 16:51:48 --> 404 Page Not Found: /index
ERROR - 2021-10-29 16:51:49 --> 404 Page Not Found: /index
ERROR - 2021-10-29 16:51:49 --> 404 Page Not Found: /index
ERROR - 2021-10-29 16:51:49 --> 404 Page Not Found: /index
ERROR - 2021-10-29 16:51:51 --> 404 Page Not Found: /index
ERROR - 2021-10-29 16:51:52 --> 404 Page Not Found: /index
ERROR - 2021-10-29 16:51:52 --> 404 Page Not Found: /index
ERROR - 2021-10-29 16:51:53 --> 404 Page Not Found: /index
ERROR - 2021-10-29 16:51:53 --> 404 Page Not Found: /index
ERROR - 2021-10-29 16:51:53 --> 404 Page Not Found: /index
ERROR - 2021-10-29 16:52:06 --> 404 Page Not Found: /index
ERROR - 2021-10-29 16:52:06 --> 404 Page Not Found: /index
ERROR - 2021-10-29 16:52:06 --> 404 Page Not Found: /index
ERROR - 2021-10-29 16:52:07 --> 404 Page Not Found: /index
ERROR - 2021-10-29 16:52:07 --> 404 Page Not Found: /index
ERROR - 2021-10-29 16:52:07 --> 404 Page Not Found: /index
ERROR - 2021-10-29 16:52:08 --> 404 Page Not Found: /index
ERROR - 2021-10-29 16:52:08 --> 404 Page Not Found: /index
ERROR - 2021-10-29 16:52:08 --> 404 Page Not Found: /index
ERROR - 2021-10-29 16:52:14 --> 404 Page Not Found: /index
ERROR - 2021-10-29 16:52:14 --> 404 Page Not Found: /index
ERROR - 2021-10-29 16:52:14 --> 404 Page Not Found: /index
ERROR - 2021-10-29 16:52:17 --> 404 Page Not Found: /index
ERROR - 2021-10-29 16:52:17 --> 404 Page Not Found: /index
ERROR - 2021-10-29 16:52:17 --> 404 Page Not Found: /index
ERROR - 2021-10-29 16:52:37 --> Severity: Notice --> Undefined index: MAIN_IMG_DIR D:\WORK\PHP\PIXCELCAST\www\app\controllers\adm\Design.php 127
ERROR - 2021-10-29 16:52:37 --> Severity: Warning --> mkdir(): Invalid argument D:\WORK\PHP\PIXCELCAST\www\app\libraries\Func.php 1417
ERROR - 2021-10-29 16:52:37 --> The upload path does not appear to be valid.
ERROR - 2021-10-29 16:52:50 --> 404 Page Not Found: web/Img/bs5-updated.png
ERROR - 2021-10-29 16:52:50 --> 404 Page Not Found: web/Assets/img
ERROR - 2021-10-29 16:52:50 --> 404 Page Not Found: web/Img/lazy.png
ERROR - 2021-10-29 16:52:50 --> 404 Page Not Found: web/Img/favicon.ico
ERROR - 2021-10-29 16:52:51 --> 404 Page Not Found: web/Img/landing
ERROR - 2021-10-29 16:53:13 --> 404 Page Not Found: web/Img/bs5-updated.png
ERROR - 2021-10-29 16:53:13 --> 404 Page Not Found: web/Assets/img
ERROR - 2021-10-29 16:53:13 --> 404 Page Not Found: web/Img/lazy.png
ERROR - 2021-10-29 16:53:13 --> 404 Page Not Found: web/Img/landing
ERROR - 2021-10-29 16:53:14 --> 404 Page Not Found: web/Img/landing
ERROR - 2021-10-29 16:54:37 --> 404 Page Not Found: web/Img/bs5-updated.png
ERROR - 2021-10-29 16:54:37 --> 404 Page Not Found: web/Img/lazy.png
ERROR - 2021-10-29 16:54:38 --> 404 Page Not Found: web/Img/landing
ERROR - 2021-10-29 16:54:38 --> 404 Page Not Found: web/Img/landing
