ERROR - 2021-09-07 21:39:58 --> Severity: Notice --> Undefined index: PHPSESSID D:\WORK\PHP\KUMYO\www\app\hooks\common.php 40
ERROR - 2021-09-07 21:39:58 --> 404 Page Not Found: /index
ERROR - 2021-09-07 21:40:58 --> 404 Page Not Found: web/Images/cart
ERROR - 2021-09-07 21:41:11 --> 404 Page Not Found: /index
ERROR - 2021-09-07 21:41:42 --> 404 Page Not Found: /index
ERROR - 2021-09-07 21:42:42 --> 404 Page Not Found: web/Images/cart
ERROR - 2021-09-07 21:42:58 --> Severity: error --> Exception: Call to undefined method Shop::index() D:\WORK\PHP\KUMYO\www\app\controllers\web\Shop.php 42
ERROR - 2021-09-07 21:43:23 --> 404 Page Not Found: /index
ERROR - 2021-09-07 21:44:35 --> 404 Page Not Found: web/Images/cart
ERROR - 2021-09-07 21:44:39 --> 404 Page Not Found: web/Images/cart
ERROR - 2021-09-07 21:45:35 --> 404 Page Not Found: web/Images/cart
ERROR - 2021-09-07 21:45:39 --> 404 Page Not Found: web/Images/cart
ERROR - 2021-09-07 21:45:42 --> 404 Page Not Found: /index
ERROR - 2021-09-07 21:45:48 --> 404 Page Not Found: /index
ERROR - 2021-09-07 21:46:02 --> 404 Page Not Found: /index
ERROR - 2021-09-07 21:46:36 --> 404 Page Not Found: /index
ERROR - 2021-09-07 21:46:39 --> 404 Page Not Found: web/Images/cart
ERROR - 2021-09-07 21:46:43 --> 404 Page Not Found: /index
ERROR - 2021-09-07 21:47:21 --> 404 Page Not Found: /index
ERROR - 2021-09-07 21:47:39 --> 404 Page Not Found: web/Images/cart
ERROR - 2021-09-07 21:47:45 --> 404 Page Not Found: /index
ERROR - 2021-09-07 21:48:39 --> 404 Page Not Found: web/Images/cart
ERROR - 2021-09-07 21:48:45 --> 404 Page Not Found: web/Images/cart
ERROR - 2021-09-07 21:48:53 --> 404 Page Not Found: /index
ERROR - 2021-09-07 21:48:54 --> 404 Page Not Found: /index
ERROR - 2021-09-07 21:49:16 --> 404 Page Not Found: /index
ERROR - 2021-09-07 21:51:54 --> 404 Page Not Found: web/Images/cart
ERROR - 2021-09-07 21:52:15 --> 404 Page Not Found: web/Images/cart
ERROR - 2021-09-07 21:52:54 --> 404 Page Not Found: web/Images/cart
ERROR - 2021-09-07 21:53:15 --> 404 Page Not Found: web/Images/cart
ERROR - 2021-09-07 21:53:54 --> 404 Page Not Found: web/Images/cart
ERROR - 2021-09-07 21:54:15 --> 404 Page Not Found: web/Images/cart
ERROR - 2021-09-07 21:54:50 --> 404 Page Not Found: /index
ERROR - 2021-09-07 21:54:51 --> 404 Page Not Found: web/Ajax/login.html
ERROR - 2021-09-07 21:54:54 --> 404 Page Not Found: web/Images/cart
ERROR - 2021-09-07 21:55:03 --> 404 Page Not Found: web/Ajax/login.html
ERROR - 2021-09-07 21:55:50 --> 404 Page Not Found: web/Images/cart
ERROR - 2021-09-07 21:55:55 --> 404 Page Not Found: web/Images/cart
ERROR - 2021-09-07 21:56:02 --> 404 Page Not Found: /index
ERROR - 2021-09-07 21:56:04 --> Severity: error --> Exception: Call to undefined method Common::index() D:\WORK\PHP\KUMYO\www\app\controllers\web\Common.php 39
ERROR - 2021-09-07 21:56:56 --> 404 Page Not Found: web/Images/cart
ERROR - 2021-09-07 21:57:02 --> 404 Page Not Found: web/Images/cart
ERROR - 2021-09-07 21:57:03 --> 404 Page Not Found: /index
ERROR - 2021-09-07 21:57:41 --> 404 Page Not Found: /index
ERROR - 2021-09-07 21:57:57 --> 404 Page Not Found: web/Images/cart
ERROR - 2021-09-07 21:58:35 --> 404 Page Not Found: /index
ERROR - 2021-09-07 21:58:46 --> 404 Page Not Found: /index
ERROR - 2021-09-07 21:58:58 --> 404 Page Not Found: web/Images/cart
ERROR - 2021-09-07 21:59:17 --> 404 Page Not Found: /index
ERROR - 2021-09-07 21:59:20 --> 404 Page Not Found: /index
ERROR - 2021-09-07 21:59:46 --> 404 Page Not Found: /index
ERROR - 2021-09-07 22:00:17 --> 404 Page Not Found: /index
ERROR - 2021-09-07 22:00:18 --> 404 Page Not Found: web/Images/cart
ERROR - 2021-09-07 22:01:18 --> 404 Page Not Found: /index
ERROR - 2021-09-07 22:01:18 --> 404 Page Not Found: web/Images/cart
ERROR - 2021-09-07 22:01:38 --> 404 Page Not Found: /index
ERROR - 2021-09-07 22:01:43 --> 404 Page Not Found: /index
ERROR - 2021-09-07 22:02:18 --> 404 Page Not Found: web/Images/cart
ERROR - 2021-09-07 22:02:38 --> 404 Page Not Found: /index
ERROR - 2021-09-07 22:02:48 --> 404 Page Not Found: /index
ERROR - 2021-09-07 22:03:15 --> 404 Page Not Found: /index
ERROR - 2021-09-07 22:03:17 --> 404 Page Not Found: /index
ERROR - 2021-09-07 22:03:18 --> 404 Page Not Found: web/Images/cart
ERROR - 2021-09-07 22:03:50 --> 404 Page Not Found: /index
ERROR - 2021-09-07 22:04:18 --> 404 Page Not Found: web/Images/cart
ERROR - 2021-09-07 22:04:21 --> 404 Page Not Found: /index
ERROR - 2021-09-07 22:05:08 --> 404 Page Not Found: /index
ERROR - 2021-09-07 22:05:12 --> 404 Page Not Found: /index
ERROR - 2021-09-07 22:05:19 --> 404 Page Not Found: web/Images/cart
ERROR - 2021-09-07 22:05:27 --> 404 Page Not Found: /index
ERROR - 2021-09-07 22:05:38 --> 404 Page Not Found: /index
ERROR - 2021-09-07 22:05:46 --> 404 Page Not Found: /index
ERROR - 2021-09-07 22:05:53 --> 404 Page Not Found: /index
ERROR - 2021-09-07 22:06:06 --> 404 Page Not Found: /index
ERROR - 2021-09-07 22:06:20 --> 404 Page Not Found: web/Images/cart
ERROR - 2021-09-07 22:06:41 --> 404 Page Not Found: /index
ERROR - 2021-09-07 22:06:59 --> 404 Page Not Found: /index
ERROR - 2021-09-07 22:07:17 --> 404 Page Not Found: web/Images/newsletter-popup.jpg
ERROR - 2021-09-07 22:07:17 --> 404 Page Not Found: /index
ERROR - 2021-09-07 22:07:21 --> 404 Page Not Found: web/Images/cart
ERROR - 2021-09-07 22:07:51 --> 404 Page Not Found: web/Images/newsletter-popup.jpg
ERROR - 2021-09-07 22:07:52 --> 404 Page Not Found: /index
ERROR - 2021-09-07 22:07:58 --> 404 Page Not Found: /index
ERROR - 2021-09-07 22:08:11 --> 404 Page Not Found: /index
ERROR - 2021-09-07 22:08:12 --> 404 Page Not Found: /index
ERROR - 2021-09-07 22:08:22 --> 404 Page Not Found: web/Images/cart
ERROR - 2021-09-07 22:08:39 --> 404 Page Not Found: /index
ERROR - 2021-09-07 22:08:54 --> 404 Page Not Found: /index
ERROR - 2021-09-07 22:09:24 --> 404 Page Not Found: /index
ERROR - 2021-09-07 22:09:39 --> 404 Page Not Found: web/Images/cart
ERROR - 2021-09-07 22:10:24 --> 404 Page Not Found: web/Images/cart
ERROR - 2021-09-07 22:10:39 --> 404 Page Not Found: web/Images/cart
ERROR - 2021-09-07 22:10:51 --> 404 Page Not Found: /index
ERROR - 2021-09-07 22:11:05 --> 404 Page Not Found: /index
ERROR - 2021-09-07 22:11:08 --> 404 Page Not Found: /index
ERROR - 2021-09-07 22:11:19 --> 404 Page Not Found: /index
ERROR - 2021-09-07 22:11:43 --> 404 Page Not Found: /index
ERROR - 2021-09-07 22:12:03 --> 404 Page Not Found: /index
ERROR - 2021-09-07 22:12:05 --> 404 Page Not Found: web/Images/cart
ERROR - 2021-09-07 22:12:10 --> 404 Page Not Found: /index
ERROR - 2021-09-07 22:13:05 --> 404 Page Not Found: web/Images/cart
ERROR - 2021-09-07 22:13:32 --> 404 Page Not Found: web/Images/cart
ERROR - 2021-09-07 22:14:05 --> 404 Page Not Found: web/Images/cart
ERROR - 2021-09-07 22:14:32 --> 404 Page Not Found: web/Images/cart
ERROR - 2021-09-07 22:15:05 --> 404 Page Not Found: web/Images/cart
ERROR - 2021-09-07 22:15:20 --> 404 Page Not Found: /index
ERROR - 2021-09-07 22:15:35 --> 404 Page Not Found: /index
ERROR - 2021-09-07 22:16:05 --> 404 Page Not Found: web/Images/cart
ERROR - 2021-09-07 22:16:32 --> 404 Page Not Found: /index
ERROR - 2021-09-07 22:17:01 --> 404 Page Not Found: /index
ERROR - 2021-09-07 22:17:15 --> 404 Page Not Found: /index
ERROR - 2021-09-07 22:17:31 --> 404 Page Not Found: /index
ERROR - 2021-09-07 22:17:37 --> 404 Page Not Found: /index
ERROR - 2021-09-07 22:17:37 --> 404 Page Not Found: web/Images/cart
ERROR - 2021-09-07 22:17:43 --> 404 Page Not Found: /index
ERROR - 2021-09-07 22:18:37 --> 404 Page Not Found: web/Images/cart
ERROR - 2021-09-07 22:18:43 --> 404 Page Not Found: web/Images/cart
ERROR - 2021-09-07 22:19:37 --> 404 Page Not Found: web/Images/cart
ERROR - 2021-09-07 22:19:43 --> 404 Page Not Found: web/Images/cart
ERROR - 2021-09-07 22:20:27 --> 404 Page Not Found: web/Images/newsletter-popup.jpg
ERROR - 2021-09-07 22:20:27 --> 404 Page Not Found: /index
ERROR - 2021-09-07 22:20:37 --> 404 Page Not Found: web/Images/cart
ERROR - 2021-09-07 22:21:05 --> 404 Page Not Found: web/Images/cart
ERROR - 2021-09-07 22:21:17 --> 404 Page Not Found: web/Images/newsletter-popup.jpg
ERROR - 2021-09-07 22:21:17 --> 404 Page Not Found: /index
ERROR - 2021-09-07 22:22:32 --> 404 Page Not Found: web/Images/cart
ERROR - 2021-09-07 22:22:53 --> 404 Page Not Found: /index
ERROR - 2021-09-07 22:23:02 --> 404 Page Not Found: /index
ERROR - 2021-09-07 22:23:17 --> 404 Page Not Found: /index
ERROR - 2021-09-07 22:23:53 --> 404 Page Not Found: web/Images/cart
ERROR - 2021-09-07 22:24:43 --> 404 Page Not Found: /index
ERROR - 2021-09-07 22:25:46 --> 404 Page Not Found: web/Images/cart
ERROR - 2021-09-07 22:26:44 --> 404 Page Not Found: /index
ERROR - 2021-09-07 22:27:20 --> 404 Page Not Found: /index
ERROR - 2021-09-07 22:28:20 --> 404 Page Not Found: web/Images/cart
ERROR - 2021-09-07 22:29:08 --> 404 Page Not Found: /index
ERROR - 2021-09-07 22:29:10 --> 404 Page Not Found: /index
ERROR - 2021-09-07 22:29:15 --> 404 Page Not Found: /index
ERROR - 2021-09-07 22:29:47 --> 404 Page Not Found: /index
ERROR - 2021-09-07 22:30:10 --> 404 Page Not Found: web/Images/cart
ERROR - 2021-09-07 22:31:10 --> 404 Page Not Found: web/Images/cart
ERROR - 2021-09-07 22:31:22 --> 404 Page Not Found: web/Images/cart
ERROR - 2021-09-07 22:32:10 --> 404 Page Not Found: web/Images/cart
ERROR - 2021-09-07 22:32:22 --> 404 Page Not Found: web/Images/cart
ERROR - 2021-09-07 22:32:44 --> 404 Page Not Found: /index
ERROR - 2021-09-07 22:32:44 --> 404 Page Not Found: /index
ERROR - 2021-09-07 22:33:10 --> 404 Page Not Found: web/Images/cart
ERROR - 2021-09-07 22:34:10 --> 404 Page Not Found: web/Images/cart
ERROR - 2021-09-07 22:34:20 --> 404 Page Not Found: /index
ERROR - 2021-09-07 22:34:58 --> 404 Page Not Found: /index
ERROR - 2021-09-07 22:36:08 --> 404 Page Not Found: web/Images/cart
ERROR - 2021-09-07 22:37:08 --> 404 Page Not Found: web/Images/cart
ERROR - 2021-09-07 22:38:08 --> 404 Page Not Found: web/Images/cart
ERROR - 2021-09-07 22:39:08 --> 404 Page Not Found: web/Images/cart
ERROR - 2021-09-07 22:40:08 --> 404 Page Not Found: web/Images/cart
ERROR - 2021-09-07 22:41:08 --> 404 Page Not Found: web/Images/cart
ERROR - 2021-09-07 22:42:08 --> 404 Page Not Found: web/Images/cart
ERROR - 2021-09-07 22:57:06 --> 404 Page Not Found: /index
ERROR - 2021-09-07 22:58:17 --> 404 Page Not Found: web/Images/cart
ERROR - 2021-09-07 22:58:45 --> 404 Page Not Found: /index
ERROR - 2021-09-07 22:58:55 --> 404 Page Not Found: /index
ERROR - 2021-09-07 22:59:18 --> 404 Page Not Found: /index
ERROR - 2021-09-07 22:59:37 --> 404 Page Not Found: /index
ERROR - 2021-09-07 23:00:12 --> 404 Page Not Found: /index
ERROR - 2021-09-07 23:00:51 --> 404 Page Not Found: /index
ERROR - 2021-09-07 23:01:03 --> 404 Page Not Found: /index
ERROR - 2021-09-07 23:01:15 --> 404 Page Not Found: /index
ERROR - 2021-09-07 23:01:19 --> 404 Page Not Found: /index
ERROR - 2021-09-07 23:01:26 --> 404 Page Not Found: /index
ERROR - 2021-09-07 23:02:39 --> 404 Page Not Found: /index
ERROR - 2021-09-07 23:02:41 --> 404 Page Not Found: /index
ERROR - 2021-09-07 23:02:42 --> 404 Page Not Found: /index
ERROR - 2021-09-07 23:02:46 --> 404 Page Not Found: /index
ERROR - 2021-09-07 23:04:12 --> 404 Page Not Found: /index
ERROR - 2021-09-07 23:05:07 --> 404 Page Not Found: /index
ERROR - 2021-09-07 23:05:11 --> 404 Page Not Found: /index
ERROR - 2021-09-07 23:06:01 --> 404 Page Not Found: /index
ERROR - 2021-09-07 23:06:38 --> Severity: error --> Exception: Call to undefined method Shop::index() D:\WORK\PHP\KUMYO\www\app\controllers\web\Shop.php 42
ERROR - 2021-09-07 23:06:46 --> 404 Page Not Found: /index
ERROR - 2021-09-07 23:07:38 --> Severity: error --> Exception: Call to undefined method Shop::index() D:\WORK\PHP\KUMYO\www\app\controllers\web\Shop.php 42
ERROR - 2021-09-07 23:07:46 --> 404 Page Not Found: web/Images/cart
ERROR - 2021-09-07 23:08:05 --> 404 Page Not Found: /index
ERROR - 2021-09-07 23:08:39 --> Severity: error --> Exception: Call to undefined method Shop::index() D:\WORK\PHP\KUMYO\www\app\controllers\web\Shop.php 42
ERROR - 2021-09-07 23:09:39 --> Severity: error --> Exception: Call to undefined method Shop::index() D:\WORK\PHP\KUMYO\www\app\controllers\web\Shop.php 42
ERROR - 2021-09-07 23:10:12 --> 404 Page Not Found: web/Images/cart
ERROR - 2021-09-07 23:10:16 --> 404 Page Not Found: /index
ERROR - 2021-09-07 23:10:39 --> Severity: error --> Exception: Call to undefined method Shop::index() D:\WORK\PHP\KUMYO\www\app\controllers\web\Shop.php 42
ERROR - 2021-09-07 23:11:34 --> 404 Page Not Found: web/Images/newsletter-popup.jpg
ERROR - 2021-09-07 23:11:34 --> 404 Page Not Found: /index
ERROR - 2021-09-07 23:11:40 --> Severity: error --> Exception: Call to undefined method Shop::index() D:\WORK\PHP\KUMYO\www\app\controllers\web\Shop.php 42
ERROR - 2021-09-07 23:12:26 --> 404 Page Not Found: /index
ERROR - 2021-09-07 23:12:35 --> 404 Page Not Found: /index
ERROR - 2021-09-07 23:12:40 --> Severity: error --> Exception: Call to undefined method Shop::index() D:\WORK\PHP\KUMYO\www\app\controllers\web\Shop.php 42
ERROR - 2021-09-07 23:12:44 --> 404 Page Not Found: /index
ERROR - 2021-09-07 23:12:53 --> 404 Page Not Found: /index
ERROR - 2021-09-07 23:12:54 --> 404 Page Not Found: /index
ERROR - 2021-09-07 23:13:05 --> 404 Page Not Found: /index
ERROR - 2021-09-07 23:13:16 --> 404 Page Not Found: /index
ERROR - 2021-09-07 23:13:41 --> Severity: error --> Exception: Call to undefined method Shop::index() D:\WORK\PHP\KUMYO\www\app\controllers\web\Shop.php 42
ERROR - 2021-09-07 23:13:43 --> 404 Page Not Found: /index
ERROR - 2021-09-07 23:13:48 --> 404 Page Not Found: /index
ERROR - 2021-09-07 23:13:53 --> 404 Page Not Found: /index
ERROR - 2021-09-07 23:14:40 --> 404 Page Not Found: /index
ERROR - 2021-09-07 23:14:43 --> Severity: error --> Exception: Call to undefined method Shop::index() D:\WORK\PHP\KUMYO\www\app\controllers\web\Shop.php 42
ERROR - 2021-09-07 23:14:58 --> 404 Page Not Found: /index
ERROR - 2021-09-07 23:15:30 --> 404 Page Not Found: /index
ERROR - 2021-09-07 23:15:43 --> Severity: error --> Exception: Call to undefined method Shop::index() D:\WORK\PHP\KUMYO\www\app\controllers\web\Shop.php 42
ERROR - 2021-09-07 23:15:54 --> 404 Page Not Found: /index
ERROR - 2021-09-07 23:16:37 --> 404 Page Not Found: /index
ERROR - 2021-09-07 23:16:44 --> Severity: error --> Exception: Call to undefined method Shop::index() D:\WORK\PHP\KUMYO\www\app\controllers\web\Shop.php 42
ERROR - 2021-09-07 23:16:51 --> 404 Page Not Found: /index
ERROR - 2021-09-07 23:16:58 --> 404 Page Not Found: /index
ERROR - 2021-09-07 23:17:26 --> 404 Page Not Found: /index
ERROR - 2021-09-07 23:17:46 --> 404 Page Not Found: /index
ERROR - 2021-09-07 23:17:49 --> Severity: Notice --> Undefined variable: photo D:\WORK\PHP\KUMYO\www\app\views\web\common\quickview.php 7
ERROR - 2021-09-07 23:17:49 --> Severity: Notice --> Undefined variable: new_chk D:\WORK\PHP\KUMYO\www\app\views\web\common\quickview.php 7
ERROR - 2021-09-07 23:17:49 --> Severity: Notice --> Undefined variable: category D:\WORK\PHP\KUMYO\www\app\views\web\common\quickview.php 7
ERROR - 2021-09-07 23:17:49 --> Severity: Notice --> Undefined variable: brandname D:\WORK\PHP\KUMYO\www\app\views\web\common\quickview.php 21
ERROR - 2021-09-07 23:17:49 --> Severity: Notice --> Undefined variable: depth1 D:\WORK\PHP\KUMYO\www\app\views\web\common\quickview.php 23
ERROR - 2021-09-07 23:17:49 --> Severity: Notice --> Undefined variable: depth2 D:\WORK\PHP\KUMYO\www\app\views\web\common\quickview.php 23
ERROR - 2021-09-07 23:17:49 --> Severity: Notice --> Undefined variable: sellprice D:\WORK\PHP\KUMYO\www\app\views\web\common\quickview.php 25
ERROR - 2021-09-07 23:17:49 --> Severity: Notice --> Undefined variable: content D:\WORK\PHP\KUMYO\www\app\views\web\common\quickview.php 27
ERROR - 2021-09-07 23:17:49 --> Severity: Notice --> Undefined variable: shop_seq D:\WORK\PHP\KUMYO\www\app\views\web\common\quickview.php 37
ERROR - 2021-09-07 23:17:52 --> Severity: error --> Exception: Call to undefined method Auction::index() D:\WORK\PHP\KUMYO\www\app\controllers\web\Auction.php 39
ERROR - 2021-09-07 23:18:16 --> 404 Page Not Found: /index
ERROR - 2021-09-07 23:18:55 --> Severity: error --> Exception: Call to undefined method Auction::index() D:\WORK\PHP\KUMYO\www\app\controllers\web\Auction.php 39
ERROR - 2021-09-07 23:19:02 --> 404 Page Not Found: /index
ERROR - 2021-09-07 23:19:11 --> 404 Page Not Found: /index
ERROR - 2021-09-07 23:19:33 --> 404 Page Not Found: /index
ERROR - 2021-09-07 23:20:17 --> 404 Page Not Found: /index
ERROR - 2021-09-07 23:20:29 --> 404 Page Not Found: /index
ERROR - 2021-09-07 23:20:50 --> 404 Page Not Found: /index
ERROR - 2021-09-07 23:20:58 --> Severity: error --> Exception: Call to undefined method Shop::index() D:\WORK\PHP\KUMYO\www\app\controllers\web\Shop.php 42
ERROR - 2021-09-07 23:21:12 --> 404 Page Not Found: /index
ERROR - 2021-09-07 23:21:29 --> 404 Page Not Found: /index
ERROR - 2021-09-07 23:21:59 --> Severity: error --> Exception: Call to undefined method Shop::index() D:\WORK\PHP\KUMYO\www\app\controllers\web\Shop.php 42
ERROR - 2021-09-07 23:22:50 --> 404 Page Not Found: /index
ERROR - 2021-09-07 23:22:59 --> Severity: error --> Exception: Call to undefined method Shop::index() D:\WORK\PHP\KUMYO\www\app\controllers\web\Shop.php 42
ERROR - 2021-09-07 23:23:59 --> Severity: error --> Exception: Call to undefined method Shop::index() D:\WORK\PHP\KUMYO\www\app\controllers\web\Shop.php 42
ERROR - 2021-09-07 23:24:17 --> 404 Page Not Found: /index
ERROR - 2021-09-07 23:24:28 --> 404 Page Not Found: /index
ERROR - 2021-09-07 23:24:40 --> 404 Page Not Found: /index
ERROR - 2021-09-07 23:24:54 --> 404 Page Not Found: /index
ERROR - 2021-09-07 23:24:59 --> Severity: error --> Exception: Call to undefined method Shop::index() D:\WORK\PHP\KUMYO\www\app\controllers\web\Shop.php 42
ERROR - 2021-09-07 23:25:03 --> 404 Page Not Found: /index
ERROR - 2021-09-07 23:25:23 --> 404 Page Not Found: /index
ERROR - 2021-09-07 23:25:31 --> 404 Page Not Found: /index
ERROR - 2021-09-07 23:25:59 --> 404 Page Not Found: /index
ERROR - 2021-09-07 23:25:59 --> Severity: error --> Exception: Call to undefined method Shop::index() D:\WORK\PHP\KUMYO\www\app\controllers\web\Shop.php 42
ERROR - 2021-09-07 23:26:23 --> 404 Page Not Found: /index
ERROR - 2021-09-07 23:26:59 --> 404 Page Not Found: /index
ERROR - 2021-09-07 23:27:01 --> Severity: error --> Exception: Call to undefined method Shop::index() D:\WORK\PHP\KUMYO\www\app\controllers\web\Shop.php 42
ERROR - 2021-09-07 23:27:06 --> 404 Page Not Found: /index
ERROR - 2021-09-07 23:27:12 --> 404 Page Not Found: /index
ERROR - 2021-09-07 23:28:00 --> 404 Page Not Found: /index
ERROR - 2021-09-07 23:28:02 --> Severity: error --> Exception: Call to undefined method Shop::index() D:\WORK\PHP\KUMYO\www\app\controllers\web\Shop.php 42
ERROR - 2021-09-07 23:28:29 --> 404 Page Not Found: /index
ERROR - 2021-09-07 23:29:05 --> Severity: error --> Exception: Call to undefined method Shop::index() D:\WORK\PHP\KUMYO\www\app\controllers\web\Shop.php 42
ERROR - 2021-09-07 23:29:43 --> 404 Page Not Found: /index
ERROR - 2021-09-07 23:29:54 --> 404 Page Not Found: /index
ERROR - 2021-09-07 23:30:05 --> Severity: error --> Exception: Call to undefined method Shop::index() D:\WORK\PHP\KUMYO\www\app\controllers\web\Shop.php 42
ERROR - 2021-09-07 23:30:30 --> 404 Page Not Found: /index
ERROR - 2021-09-07 23:30:47 --> 404 Page Not Found: /index
ERROR - 2021-09-07 23:31:08 --> 404 Page Not Found: /index
ERROR - 2021-09-07 23:31:30 --> Severity: error --> Exception: Call to undefined method Shop::index() D:\WORK\PHP\KUMYO\www\app\controllers\web\Shop.php 42
ERROR - 2021-09-07 23:31:33 --> 404 Page Not Found: /index
ERROR - 2021-09-07 23:31:47 --> 404 Page Not Found: /index
ERROR - 2021-09-07 23:34:01 --> 404 Page Not Found: /index
ERROR - 2021-09-07 23:34:12 --> 404 Page Not Found: /index
ERROR - 2021-09-07 23:34:57 --> Severity: Notice --> Undefined variable: mypage_title D:\WORK\PHP\KUMYO\www\app\views\web\mypage\index.php 13
ERROR - 2021-09-07 23:35:20 --> 404 Page Not Found: web/Images/cart
ERROR - 2021-09-07 23:35:25 --> 404 Page Not Found: /index
ERROR - 2021-09-07 23:36:28 --> 404 Page Not Found: /index
ERROR - 2021-09-07 23:37:49 --> 404 Page Not Found: /index
ERROR - 2021-09-07 23:38:55 --> 404 Page Not Found: /index
ERROR - 2021-09-07 23:39:36 --> 404 Page Not Found: /index
ERROR - 2021-09-07 23:39:45 --> 404 Page Not Found: /index
ERROR - 2021-09-07 23:39:51 --> 404 Page Not Found: /index
ERROR - 2021-09-07 23:40:09 --> 404 Page Not Found: /index
ERROR - 2021-09-07 23:40:14 --> Severity: error --> Exception: Call to undefined method Shop::index() D:\WORK\PHP\KUMYO\www\app\controllers\web\Shop.php 42
ERROR - 2021-09-07 23:40:34 --> 404 Page Not Found: /index
ERROR - 2021-09-07 23:42:39 --> 404 Page Not Found: web/Images/cart
ERROR - 2021-09-07 23:43:25 --> 404 Page Not Found: /index
ERROR - 2021-09-07 23:43:56 --> 404 Page Not Found: /index
ERROR - 2021-09-07 23:44:12 --> 404 Page Not Found: /index
ERROR - 2021-09-07 23:44:29 --> 404 Page Not Found: /index
ERROR - 2021-09-07 23:44:57 --> 404 Page Not Found: /index
ERROR - 2021-09-07 23:45:21 --> 404 Page Not Found: /index
ERROR - 2021-09-07 23:45:47 --> 404 Page Not Found: /index
ERROR - 2021-09-07 23:46:17 --> 404 Page Not Found: /index
ERROR - 2021-09-07 23:46:46 --> 404 Page Not Found: /index
ERROR - 2021-09-07 23:47:06 --> 404 Page Not Found: /index
ERROR - 2021-09-07 23:47:58 --> 404 Page Not Found: /index
ERROR - 2021-09-07 23:48:55 --> 404 Page Not Found: /index
ERROR - 2021-09-07 23:49:35 --> 404 Page Not Found: /index
ERROR - 2021-09-07 23:49:36 --> 404 Page Not Found: /index
ERROR - 2021-09-07 23:49:53 --> 404 Page Not Found: /index
ERROR - 2021-09-07 23:50:10 --> 404 Page Not Found: /index
ERROR - 2021-09-07 23:51:30 --> 404 Page Not Found: web/Images/cart
ERROR - 2021-09-07 23:52:29 --> 404 Page Not Found: /index
ERROR - 2021-09-07 23:53:54 --> 404 Page Not Found: /index
ERROR - 2021-09-07 23:54:56 --> 404 Page Not Found: /index
ERROR - 2021-09-07 23:55:29 --> 404 Page Not Found: /index
ERROR - 2021-09-07 23:56:11 --> 404 Page Not Found: /index
ERROR - 2021-09-07 23:56:57 --> 404 Page Not Found: /index
ERROR - 2021-09-07 23:57:07 --> 404 Page Not Found: /index
ERROR - 2021-09-07 23:57:14 --> 404 Page Not Found: /index
ERROR - 2021-09-07 23:57:32 --> 404 Page Not Found: /index
ERROR - 2021-09-07 23:57:55 --> 404 Page Not Found: /index
ERROR - 2021-09-07 23:58:05 --> 404 Page Not Found: /index
