ERROR - 2021-10-28 10:01:09 --> Severity: Notice --> Undefined index:  D:\WORK\PHP\PIXCELCAST\www\app\hooks\common.php 18
ERROR - 2021-10-28 10:01:10 --> 404 Page Not Found: web/Img/favicon.ico
ERROR - 2021-10-28 10:05:07 --> 404 Page Not Found: web/Img/favicon.ico
ERROR - 2021-10-28 10:05:30 --> 404 Page Not Found: web/Img/favicon.ico
ERROR - 2021-10-28 10:05:44 --> 404 Page Not Found: web/Img/favicon.ico
ERROR - 2021-10-28 10:06:02 --> 404 Page Not Found: web/Img/favicon.ico
ERROR - 2021-10-28 10:06:29 --> 404 Page Not Found: web/Img/favicon.ico
ERROR - 2021-10-28 10:06:46 --> 404 Page Not Found: web/Img/favicon.ico
ERROR - 2021-10-28 10:11:04 --> 404 Page Not Found: web/Img/favicon.ico
ERROR - 2021-10-28 10:11:06 --> 404 Page Not Found: web/Img/favicon.ico
ERROR - 2021-10-28 10:11:59 --> 404 Page Not Found: web/Img/favicon.ico
ERROR - 2021-10-28 10:12:07 --> 404 Page Not Found: web/Img/favicon.ico
ERROR - 2021-10-28 10:12:16 --> 404 Page Not Found: web/Img/favicon.ico
ERROR - 2021-10-28 10:14:08 --> 404 Page Not Found: web/Img/favicon.ico
ERROR - 2021-10-28 10:14:17 --> 404 Page Not Found: web/Img/favicon.ico
ERROR - 2021-10-28 10:14:34 --> 404 Page Not Found: web/Img/favicon.ico
ERROR - 2021-10-28 10:14:50 --> 404 Page Not Found: web/Img/favicon.ico
ERROR - 2021-10-28 10:15:01 --> 404 Page Not Found: web/Img/favicon.ico
ERROR - 2021-10-28 10:17:44 --> 404 Page Not Found: /index
ERROR - 2021-10-28 10:18:49 --> 404 Page Not Found: /index
ERROR - 2021-10-28 10:53:33 --> 404 Page Not Found: web/Img/favicon.ico
ERROR - 2021-10-28 10:54:01 --> 404 Page Not Found: web/Img/favicon.ico
ERROR - 2021-10-28 10:54:02 --> 404 Page Not Found: /index
ERROR - 2021-10-28 10:54:22 --> 404 Page Not Found: web/Img/favicon.ico
ERROR - 2021-10-28 11:04:00 --> 404 Page Not Found: web/Img/favicon.ico
ERROR - 2021-10-28 11:04:10 --> 404 Page Not Found: web/Img/favicon.ico
ERROR - 2021-10-28 11:05:23 --> 404 Page Not Found: web/Img/favicon.ico
ERROR - 2021-10-28 11:07:25 --> 404 Page Not Found: web/Img/favicon.ico
ERROR - 2021-10-28 11:07:42 --> 404 Page Not Found: web/Img/favicon.ico
ERROR - 2021-10-28 11:07:49 --> 404 Page Not Found: web/Img/favicon.ico
ERROR - 2021-10-28 11:07:56 --> 404 Page Not Found: web/Img/favicon.ico
ERROR - 2021-10-28 11:08:56 --> 404 Page Not Found: web/Img/favicon.ico
ERROR - 2021-10-28 11:11:29 --> 404 Page Not Found: web/Img/favicon.ico
ERROR - 2021-10-28 11:11:50 --> 404 Page Not Found: web/Img/favicon.ico
ERROR - 2021-10-28 11:11:59 --> 404 Page Not Found: web/Img/favicon.ico
ERROR - 2021-10-28 11:12:21 --> 404 Page Not Found: web/Img/favicon.ico
ERROR - 2021-10-28 11:13:25 --> 404 Page Not Found: web/Img/favicon.ico
ERROR - 2021-10-28 11:14:55 --> 404 Page Not Found: web/Img/favicon.ico
ERROR - 2021-10-28 21:33:47 --> Severity: Notice --> Undefined index:  D:\WORK\PHP\PIXCELCAST\www\app\hooks\common.php 18
ERROR - 2021-10-28 21:33:48 --> 404 Page Not Found: web/Img/favicon.ico
ERROR - 2021-10-28 21:33:52 --> 404 Page Not Found: web/Img/favicon.ico
ERROR - 2021-10-28 21:39:58 --> 404 Page Not Found: web/Img/favicon.ico
ERROR - 2021-10-28 21:40:27 --> 404 Page Not Found: web/Img/favicon.ico
ERROR - 2021-10-28 21:41:04 --> 404 Page Not Found: web/Img/favicon.ico
ERROR - 2021-10-28 21:41:12 --> 404 Page Not Found: web/Img/favicon.ico
ERROR - 2021-10-28 21:42:13 --> 404 Page Not Found: web/Img/favicon.ico
ERROR - 2021-10-28 21:42:22 --> 404 Page Not Found: web/Img/favicon.ico
ERROR - 2021-10-28 21:42:36 --> 404 Page Not Found: web/Img/favicon.ico
ERROR - 2021-10-28 21:44:09 --> 404 Page Not Found: web/Img/favicon.ico
ERROR - 2021-10-28 21:45:15 --> 404 Page Not Found: web/Img/favicon.ico
ERROR - 2021-10-28 21:45:48 --> 404 Page Not Found: web/Img/favicon.ico
ERROR - 2021-10-28 21:46:45 --> 404 Page Not Found: web/Img/favicon.ico
ERROR - 2021-10-28 21:47:04 --> 404 Page Not Found: web/Img/favicon.ico
ERROR - 2021-10-28 21:47:18 --> 404 Page Not Found: web/Img/favicon.ico
ERROR - 2021-10-28 21:47:35 --> 404 Page Not Found: web/Img/favicon.ico
ERROR - 2021-10-28 21:47:53 --> 404 Page Not Found: web/Img/favicon.ico
ERROR - 2021-10-28 21:52:09 --> 404 Page Not Found: web/Img/favicon.ico
ERROR - 2021-10-28 21:53:02 --> 404 Page Not Found: web/Img/favicon.ico
ERROR - 2021-10-28 21:53:05 --> 404 Page Not Found: web/Img/favicon.ico
ERROR - 2021-10-28 21:53:38 --> 404 Page Not Found: web/Img/favicon.ico
ERROR - 2021-10-28 21:53:52 --> 404 Page Not Found: web/Img/favicon.ico
ERROR - 2021-10-28 21:53:59 --> 404 Page Not Found: web/Img/favicon.ico
ERROR - 2021-10-28 21:55:39 --> 404 Page Not Found: web/Assets/css
ERROR - 2021-10-28 21:55:39 --> 404 Page Not Found: web/Assets/css
ERROR - 2021-10-28 21:55:39 --> 404 Page Not Found: web/Assets/css
ERROR - 2021-10-28 21:55:40 --> 404 Page Not Found: web/Img/favicon.ico
ERROR - 2021-10-28 21:55:50 --> 404 Page Not Found: web/Assets/css
ERROR - 2021-10-28 21:55:50 --> 404 Page Not Found: web/Assets/css
ERROR - 2021-10-28 21:55:50 --> 404 Page Not Found: web/Assets/css
ERROR - 2021-10-28 21:55:50 --> 404 Page Not Found: web/Img/favicon.ico
ERROR - 2021-10-28 21:55:59 --> 404 Page Not Found: web/Assets/css
ERROR - 2021-10-28 21:55:59 --> 404 Page Not Found: web/Assets/css
ERROR - 2021-10-28 21:55:59 --> 404 Page Not Found: web/Assets/css
ERROR - 2021-10-28 21:55:59 --> 404 Page Not Found: web/Assets/css
ERROR - 2021-10-28 21:55:59 --> 404 Page Not Found: web/Img/favicon.ico
ERROR - 2021-10-28 21:56:38 --> 404 Page Not Found: web/Assets/css
ERROR - 2021-10-28 21:56:38 --> 404 Page Not Found: web/Assets/css
ERROR - 2021-10-28 21:56:38 --> 404 Page Not Found: web/Img/favicon.ico
ERROR - 2021-10-28 21:56:54 --> 404 Page Not Found: web/Img/favicon.ico
ERROR - 2021-10-28 21:58:24 --> 404 Page Not Found: web/Img/bs5-updated.png
ERROR - 2021-10-28 21:58:24 --> 404 Page Not Found: web/Video/presentation.jpg
ERROR - 2021-10-28 21:58:24 --> 404 Page Not Found: web/Assets/img
ERROR - 2021-10-28 21:58:24 --> 404 Page Not Found: web/Img/landing
ERROR - 2021-10-28 21:58:24 --> 404 Page Not Found: web/Video/presentation.webm
ERROR - 2021-10-28 21:58:24 --> 404 Page Not Found: web/Video/presentation.webm
ERROR - 2021-10-28 21:58:24 --> 404 Page Not Found: web/Video/presentation.mp4
ERROR - 2021-10-28 21:58:25 --> 404 Page Not Found: web/Video/presentation.mp4
ERROR - 2021-10-28 21:58:25 --> 404 Page Not Found: web/Img/favicon.ico
ERROR - 2021-10-28 21:58:38 --> 404 Page Not Found: web/Video/presentation.jpg
ERROR - 2021-10-28 21:58:38 --> 404 Page Not Found: web/Img/bs5-updated.png
ERROR - 2021-10-28 21:58:38 --> 404 Page Not Found: web/Img/landing
ERROR - 2021-10-28 21:58:38 --> 404 Page Not Found: web/Assets/img
ERROR - 2021-10-28 21:58:38 --> 404 Page Not Found: web/Video/presentation.webm
ERROR - 2021-10-28 21:58:38 --> 404 Page Not Found: web/Video/presentation.webm
ERROR - 2021-10-28 21:58:38 --> 404 Page Not Found: web/Video/presentation.mp4
ERROR - 2021-10-28 21:58:38 --> 404 Page Not Found: web/Video/presentation.mp4
ERROR - 2021-10-28 21:58:38 --> 404 Page Not Found: web/Img/favicon.ico
ERROR - 2021-10-28 21:58:58 --> 404 Page Not Found: web/Img/landing
ERROR - 2021-10-28 21:58:58 --> 404 Page Not Found: web/Video/presentation.jpg
ERROR - 2021-10-28 21:58:58 --> 404 Page Not Found: web/Assets/img
ERROR - 2021-10-28 21:58:58 --> 404 Page Not Found: web/Img/bs5-updated.png
ERROR - 2021-10-28 21:58:58 --> 404 Page Not Found: web/Video/presentation.webm
ERROR - 2021-10-28 21:58:58 --> 404 Page Not Found: web/Video/presentation.webm
ERROR - 2021-10-28 21:58:58 --> 404 Page Not Found: web/Video/presentation.mp4
ERROR - 2021-10-28 21:58:58 --> 404 Page Not Found: web/Video/presentation.mp4
ERROR - 2021-10-28 21:58:58 --> 404 Page Not Found: web/Img/favicon.ico
ERROR - 2021-10-28 21:59:45 --> 404 Page Not Found: web/Img/bs5-updated.png
ERROR - 2021-10-28 21:59:45 --> 404 Page Not Found: web/Video/presentation.jpg
ERROR - 2021-10-28 21:59:45 --> 404 Page Not Found: web/Assets/img
ERROR - 2021-10-28 21:59:45 --> 404 Page Not Found: web/Video/presentation.webm
ERROR - 2021-10-28 21:59:45 --> 404 Page Not Found: web/Video/presentation.webm
ERROR - 2021-10-28 21:59:45 --> 404 Page Not Found: web/Video/presentation.mp4
ERROR - 2021-10-28 21:59:45 --> 404 Page Not Found: web/Video/presentation.mp4
ERROR - 2021-10-28 21:59:45 --> 404 Page Not Found: web/Img/favicon.ico
ERROR - 2021-10-28 22:00:11 --> 404 Page Not Found: web/Img/bs5-updated.png
ERROR - 2021-10-28 22:00:11 --> 404 Page Not Found: web/Assets/img
ERROR - 2021-10-28 22:00:11 --> 404 Page Not Found: web/Video/presentation.jpg
ERROR - 2021-10-28 22:00:11 --> 404 Page Not Found: web/Video/presentation.webm
ERROR - 2021-10-28 22:00:11 --> 404 Page Not Found: web/Video/presentation.mp4
ERROR - 2021-10-28 22:00:11 --> 404 Page Not Found: web/Img/favicon.ico
ERROR - 2021-10-28 22:00:27 --> 404 Page Not Found: web/Img/bs5-updated.png
ERROR - 2021-10-28 22:00:27 --> 404 Page Not Found: web/Video/presentation.jpg
ERROR - 2021-10-28 22:00:27 --> 404 Page Not Found: web/Assets/img
ERROR - 2021-10-28 22:00:27 --> 404 Page Not Found: web/Video/presentation.webm
ERROR - 2021-10-28 22:00:27 --> 404 Page Not Found: web/Video/presentation.webm
ERROR - 2021-10-28 22:00:27 --> 404 Page Not Found: web/Video/presentation.mp4
ERROR - 2021-10-28 22:00:27 --> 404 Page Not Found: web/Video/presentation.mp4
ERROR - 2021-10-28 22:00:27 --> 404 Page Not Found: web/Img/favicon.ico
ERROR - 2021-10-28 22:00:42 --> 404 Page Not Found: web/Video/presentation.jpg
ERROR - 2021-10-28 22:00:42 --> 404 Page Not Found: web/Img/bs5-updated.png
ERROR - 2021-10-28 22:00:42 --> 404 Page Not Found: web/Assets/img
ERROR - 2021-10-28 22:00:42 --> 404 Page Not Found: web/Video/presentation.webm
ERROR - 2021-10-28 22:00:42 --> 404 Page Not Found: web/Video/presentation.webm
ERROR - 2021-10-28 22:00:43 --> 404 Page Not Found: web/Video/presentation.mp4
ERROR - 2021-10-28 22:00:43 --> 404 Page Not Found: web/Img/favicon.ico
ERROR - 2021-10-28 22:00:44 --> 404 Page Not Found: web/Img/bs5-updated.png
ERROR - 2021-10-28 22:00:44 --> 404 Page Not Found: web/Video/presentation.jpg
ERROR - 2021-10-28 22:00:44 --> 404 Page Not Found: web/Assets/img
ERROR - 2021-10-28 22:00:44 --> 404 Page Not Found: web/Video/presentation.webm
ERROR - 2021-10-28 22:00:44 --> 404 Page Not Found: web/Video/presentation.webm
ERROR - 2021-10-28 22:00:45 --> 404 Page Not Found: web/Video/presentation.mp4
ERROR - 2021-10-28 22:00:45 --> 404 Page Not Found: web/Img/favicon.ico
ERROR - 2021-10-28 22:00:49 --> 404 Page Not Found: web/Img/bs5-updated.png
ERROR - 2021-10-28 22:00:50 --> 404 Page Not Found: web/Video/presentation.jpg
ERROR - 2021-10-28 22:00:50 --> 404 Page Not Found: web/Assets/img
ERROR - 2021-10-28 22:00:50 --> 404 Page Not Found: web/Video/presentation.webm
ERROR - 2021-10-28 22:00:50 --> 404 Page Not Found: web/Video/presentation.webm
ERROR - 2021-10-28 22:00:50 --> 404 Page Not Found: web/Img/favicon.ico
ERROR - 2021-10-28 22:01:27 --> 404 Page Not Found: web/Img/bs5-updated.png
ERROR - 2021-10-28 22:01:27 --> 404 Page Not Found: web/Video/presentation.jpg
ERROR - 2021-10-28 22:01:27 --> 404 Page Not Found: web/Assets/img
ERROR - 2021-10-28 22:01:27 --> 404 Page Not Found: web/Video/presentation.webm
ERROR - 2021-10-28 22:01:27 --> 404 Page Not Found: web/Video/presentation.webm
ERROR - 2021-10-28 22:01:27 --> 404 Page Not Found: web/Img/favicon.ico
ERROR - 2021-10-28 22:01:53 --> 404 Page Not Found: web/Img/bs5-updated.png
ERROR - 2021-10-28 22:01:53 --> 404 Page Not Found: web/Assets/img
ERROR - 2021-10-28 22:01:53 --> 404 Page Not Found: web/Video/presentation.jpg
ERROR - 2021-10-28 22:01:53 --> 404 Page Not Found: web/Video/presentation.webm
ERROR - 2021-10-28 22:01:53 --> 404 Page Not Found: web/Img/favicon.ico
ERROR - 2021-10-28 22:01:59 --> 404 Page Not Found: web/Video/presentation.jpg
ERROR - 2021-10-28 22:01:59 --> 404 Page Not Found: web/Img/bs5-updated.png
ERROR - 2021-10-28 22:01:59 --> 404 Page Not Found: web/Assets/img
ERROR - 2021-10-28 22:01:59 --> 404 Page Not Found: web/Video/presentation.webm
ERROR - 2021-10-28 22:01:59 --> 404 Page Not Found: web/Video/presentation.webm
ERROR - 2021-10-28 22:01:59 --> 404 Page Not Found: web/Img/favicon.ico
ERROR - 2021-10-28 22:02:02 --> 404 Page Not Found: web/Img/bs5-updated.png
ERROR - 2021-10-28 22:02:02 --> 404 Page Not Found: web/Video/presentation.jpg
ERROR - 2021-10-28 22:02:02 --> 404 Page Not Found: web/Assets/img
ERROR - 2021-10-28 22:02:02 --> 404 Page Not Found: web/Video/presentation.webm
ERROR - 2021-10-28 22:02:02 --> 404 Page Not Found: web/Img/favicon.ico
ERROR - 2021-10-28 22:02:17 --> 404 Page Not Found: web/Img/bs5-updated.png
ERROR - 2021-10-28 22:02:17 --> 404 Page Not Found: web/Video/presentation.jpg
ERROR - 2021-10-28 22:02:17 --> 404 Page Not Found: web/Assets/img
ERROR - 2021-10-28 22:02:17 --> 404 Page Not Found: web/Video/presentation.webm
ERROR - 2021-10-28 22:02:17 --> 404 Page Not Found: web/Img/favicon.ico
ERROR - 2021-10-28 22:02:34 --> 404 Page Not Found: web/Video/presentation.jpg
ERROR - 2021-10-28 22:02:34 --> 404 Page Not Found: web/Assets/img
ERROR - 2021-10-28 22:02:34 --> 404 Page Not Found: web/Video/presentation.webm
ERROR - 2021-10-28 22:02:34 --> 404 Page Not Found: web/Img/favicon.ico
ERROR - 2021-10-28 22:03:12 --> 404 Page Not Found: web/Video/presentation.jpg
ERROR - 2021-10-28 22:03:12 --> 404 Page Not Found: web/Assets/img
ERROR - 2021-10-28 22:03:12 --> 404 Page Not Found: web/Video/presentation.webm
ERROR - 2021-10-28 22:03:12 --> 404 Page Not Found: web/Img/favicon.ico
ERROR - 2021-10-28 22:06:03 --> 404 Page Not Found: web/Assets/img
ERROR - 2021-10-28 22:06:03 --> 404 Page Not Found: web/Video/presentation.jpg
ERROR - 2021-10-28 22:06:03 --> 404 Page Not Found: web/Video/presentation.webm
ERROR - 2021-10-28 22:06:03 --> 404 Page Not Found: web/Img/favicon.ico
ERROR - 2021-10-28 22:06:41 --> 404 Page Not Found: web/Video/presentation.jpg
ERROR - 2021-10-28 22:06:41 --> 404 Page Not Found: web/Video/presentation.webm
ERROR - 2021-10-28 22:06:41 --> 404 Page Not Found: web/Assets/img
ERROR - 2021-10-28 22:06:44 --> 404 Page Not Found: web/Video/presentation.jpg
ERROR - 2021-10-28 22:06:44 --> 404 Page Not Found: web/Assets/img
ERROR - 2021-10-28 22:06:44 --> 404 Page Not Found: web/Video/presentation.jpg
ERROR - 2021-10-28 22:06:44 --> 404 Page Not Found: web/Video/presentation.webm
ERROR - 2021-10-28 22:07:19 --> 404 Page Not Found: web/Video/presentation.jpg
ERROR - 2021-10-28 22:07:19 --> 404 Page Not Found: web/Video/presentation.webm
ERROR - 2021-10-28 22:07:19 --> 404 Page Not Found: web/Assets/img
ERROR - 2021-10-28 22:07:19 --> 404 Page Not Found: web/Video/presentation.jpg
ERROR - 2021-10-28 22:07:30 --> 404 Page Not Found: web/Video/presentation.jpg
ERROR - 2021-10-28 22:07:30 --> 404 Page Not Found: web/Assets/img
ERROR - 2021-10-28 22:07:31 --> 404 Page Not Found: web/Video/presentation.webm
ERROR - 2021-10-28 22:07:31 --> 404 Page Not Found: web/Img/favicon.ico
ERROR - 2021-10-28 22:08:27 --> 404 Page Not Found: web/Video/presentation.jpg
ERROR - 2021-10-28 22:08:28 --> 404 Page Not Found: web/Assets/img
ERROR - 2021-10-28 22:08:28 --> 404 Page Not Found: web/Video/presentation.webm
ERROR - 2021-10-28 22:08:28 --> 404 Page Not Found: web/Img/favicon.ico
ERROR - 2021-10-28 22:09:06 --> 404 Page Not Found: web/Video/presentation.jpg
ERROR - 2021-10-28 22:09:06 --> 404 Page Not Found: web/Assets/img
ERROR - 2021-10-28 22:09:06 --> 404 Page Not Found: web/Video/presentation.webm
ERROR - 2021-10-28 22:09:06 --> 404 Page Not Found: web/Img/favicon.ico
ERROR - 2021-10-28 22:09:13 --> 404 Page Not Found: web/Video/presentation.jpg
ERROR - 2021-10-28 22:09:13 --> 404 Page Not Found: web/Assets/img
ERROR - 2021-10-28 22:09:13 --> 404 Page Not Found: web/Video/presentation.webm
ERROR - 2021-10-28 22:09:13 --> 404 Page Not Found: web/Img/favicon.ico
ERROR - 2021-10-28 22:09:19 --> 404 Page Not Found: web/Video/presentation.jpg
ERROR - 2021-10-28 22:09:19 --> 404 Page Not Found: web/Assets/img
ERROR - 2021-10-28 22:09:19 --> 404 Page Not Found: web/Video/presentation.webm
ERROR - 2021-10-28 22:09:19 --> 404 Page Not Found: web/Img/favicon.ico
ERROR - 2021-10-28 22:09:38 --> 404 Page Not Found: web/Video/presentation.jpg
ERROR - 2021-10-28 22:09:38 --> 404 Page Not Found: web/Assets/img
ERROR - 2021-10-28 22:09:38 --> 404 Page Not Found: web/Video/presentation.jpg
ERROR - 2021-10-28 22:09:38 --> 404 Page Not Found: web/Video/presentation.webm
ERROR - 2021-10-28 22:09:48 --> 404 Page Not Found: web/Video/presentation.jpg
ERROR - 2021-10-28 22:09:48 --> 404 Page Not Found: web/Video/presentation.webm
ERROR - 2021-10-28 22:09:48 --> 404 Page Not Found: web/Assets/img
ERROR - 2021-10-28 22:09:48 --> 404 Page Not Found: web/Video/presentation.jpg
ERROR - 2021-10-28 22:09:51 --> 404 Page Not Found: web/Assets/img
ERROR - 2021-10-28 22:09:55 --> 404 Page Not Found: web/Assets/img
ERROR - 2021-10-28 22:09:56 --> 404 Page Not Found: web/Video/presentation.jpg
ERROR - 2021-10-28 22:09:57 --> 404 Page Not Found: web/Video/presentation.webm
ERROR - 2021-10-28 22:09:57 --> 404 Page Not Found: web/Assets/img
ERROR - 2021-10-28 22:09:57 --> 404 Page Not Found: web/Video/presentation.jpg
ERROR - 2021-10-28 22:09:59 --> 404 Page Not Found: web/Video/presentation.jpg
ERROR - 2021-10-28 22:09:59 --> 404 Page Not Found: web/Video/presentation.webm
ERROR - 2021-10-28 22:09:59 --> 404 Page Not Found: web/Assets/img
ERROR - 2021-10-28 22:09:59 --> 404 Page Not Found: web/Video/presentation.jpg
ERROR - 2021-10-28 22:10:25 --> 404 Page Not Found: web/Video/presentation.jpg
ERROR - 2021-10-28 22:10:25 --> 404 Page Not Found: web/Assets/img
ERROR - 2021-10-28 22:10:25 --> 404 Page Not Found: web/Video/presentation.webm
ERROR - 2021-10-28 22:10:25 --> 404 Page Not Found: web/Img/favicon.ico
ERROR - 2021-10-28 22:10:33 --> 404 Page Not Found: web/Video/presentation.jpg
ERROR - 2021-10-28 22:10:33 --> 404 Page Not Found: web/Assets/img
ERROR - 2021-10-28 22:10:34 --> 404 Page Not Found: web/Video/presentation.webm
ERROR - 2021-10-28 22:10:34 --> 404 Page Not Found: web/Img/favicon.ico
ERROR - 2021-10-28 22:10:44 --> 404 Page Not Found: web/Video/presentation.jpg
ERROR - 2021-10-28 22:10:44 --> 404 Page Not Found: web/Assets/img
ERROR - 2021-10-28 22:10:44 --> 404 Page Not Found: web/Video/presentation.webm
ERROR - 2021-10-28 22:10:44 --> 404 Page Not Found: web/Img/favicon.ico
ERROR - 2021-10-28 22:11:09 --> 404 Page Not Found: web/Video/presentation.jpg
ERROR - 2021-10-28 22:11:09 --> 404 Page Not Found: web/Assets/img
ERROR - 2021-10-28 22:11:09 --> 404 Page Not Found: web/Video/presentation.webm
ERROR - 2021-10-28 22:11:09 --> 404 Page Not Found: web/Img/favicon.ico
ERROR - 2021-10-28 22:11:26 --> 404 Page Not Found: web/Video/presentation.jpg
ERROR - 2021-10-28 22:11:26 --> 404 Page Not Found: web/Assets/img
ERROR - 2021-10-28 22:11:26 --> 404 Page Not Found: web/Video/presentation.jpg
ERROR - 2021-10-28 22:11:26 --> 404 Page Not Found: web/Video/presentation.webm
ERROR - 2021-10-28 22:12:17 --> 404 Page Not Found: web/Video/presentation.jpg
ERROR - 2021-10-28 22:12:17 --> 404 Page Not Found: web/Assets/img
ERROR - 2021-10-28 22:12:17 --> 404 Page Not Found: web/Video/presentation.webm
ERROR - 2021-10-28 22:12:17 --> 404 Page Not Found: web/Img/favicon.ico
ERROR - 2021-10-28 22:12:27 --> 404 Page Not Found: web/Assets/img
ERROR - 2021-10-28 22:12:27 --> 404 Page Not Found: web/Video/presentation.jpg
ERROR - 2021-10-28 22:12:27 --> 404 Page Not Found: web/Video/presentation.webm
ERROR - 2021-10-28 22:12:27 --> 404 Page Not Found: web/Img/favicon.ico
ERROR - 2021-10-28 22:13:12 --> 404 Page Not Found: web/Video/presentation.jpg
ERROR - 2021-10-28 22:13:12 --> 404 Page Not Found: web/Assets/img
ERROR - 2021-10-28 22:13:12 --> 404 Page Not Found: web/Video/presentation.webm
ERROR - 2021-10-28 22:13:13 --> 404 Page Not Found: web/Img/favicon.ico
ERROR - 2021-10-28 22:13:49 --> 404 Page Not Found: web/Video/presentation.jpg
ERROR - 2021-10-28 22:13:50 --> 404 Page Not Found: web/Assets/img
ERROR - 2021-10-28 22:13:50 --> 404 Page Not Found: web/Video/presentation.webm
ERROR - 2021-10-28 22:13:50 --> 404 Page Not Found: web/Img/favicon.ico
ERROR - 2021-10-28 22:14:01 --> 404 Page Not Found: web/Video/presentation.jpg
ERROR - 2021-10-28 22:14:01 --> 404 Page Not Found: web/Assets/img
ERROR - 2021-10-28 22:14:01 --> 404 Page Not Found: web/Video/presentation.webm
ERROR - 2021-10-28 22:14:01 --> 404 Page Not Found: web/Img/favicon.ico
ERROR - 2021-10-28 22:14:12 --> 404 Page Not Found: web/Video/presentation.jpg
ERROR - 2021-10-28 22:14:12 --> 404 Page Not Found: web/Assets/img
ERROR - 2021-10-28 22:14:12 --> 404 Page Not Found: web/Video/presentation.webm
ERROR - 2021-10-28 22:14:12 --> 404 Page Not Found: web/Img/favicon.ico
ERROR - 2021-10-28 22:16:15 --> 404 Page Not Found: web/Video/presentation.jpg
ERROR - 2021-10-28 22:16:15 --> 404 Page Not Found: web/Assets/img
ERROR - 2021-10-28 22:16:15 --> 404 Page Not Found: web/Video/presentation.webm
ERROR - 2021-10-28 22:16:59 --> 404 Page Not Found: web/Img/logo-default-slim-dark.png
ERROR - 2021-10-28 22:16:59 --> 404 Page Not Found: web/Video/presentation.jpg
ERROR - 2021-10-28 22:16:59 --> 404 Page Not Found: web/Assets/img
ERROR - 2021-10-28 22:16:59 --> 404 Page Not Found: web/Video/presentation.webm
ERROR - 2021-10-28 22:16:59 --> 404 Page Not Found: web/Img/favicon.ico
ERROR - 2021-10-28 22:17:14 --> 404 Page Not Found: web/Video/presentation.jpg
ERROR - 2021-10-28 22:17:14 --> 404 Page Not Found: web/Assets/img
ERROR - 2021-10-28 22:17:14 --> 404 Page Not Found: web/Video/presentation.webm
ERROR - 2021-10-28 22:17:14 --> 404 Page Not Found: web/Img/favicon.ico
ERROR - 2021-10-28 22:17:40 --> 404 Page Not Found: web/Assets/img
ERROR - 2021-10-28 22:17:40 --> 404 Page Not Found: web/Video/presentation.jpg
ERROR - 2021-10-28 22:17:40 --> 404 Page Not Found: web/Video/presentation.webm
ERROR - 2021-10-28 22:17:40 --> 404 Page Not Found: web/Img/favicon.ico
ERROR - 2021-10-28 22:18:02 --> 404 Page Not Found: web/Video/presentation.jpg
ERROR - 2021-10-28 22:18:02 --> 404 Page Not Found: web/Video/presentation.webm
ERROR - 2021-10-28 22:18:02 --> 404 Page Not Found: web/Assets/img
ERROR - 2021-10-28 22:19:23 --> 404 Page Not Found: web/Video/presentation.jpg
ERROR - 2021-10-28 22:19:23 --> 404 Page Not Found: web/Assets/img
ERROR - 2021-10-28 22:19:23 --> 404 Page Not Found: web/Video/presentation.webm
ERROR - 2021-10-28 22:19:23 --> 404 Page Not Found: web/Img/favicon.ico
ERROR - 2021-10-28 22:19:36 --> 404 Page Not Found: web/Assets/img
ERROR - 2021-10-28 22:19:36 --> 404 Page Not Found: web/Video/presentation.jpg
ERROR - 2021-10-28 22:19:36 --> 404 Page Not Found: web/Video/presentation.webm
ERROR - 2021-10-28 22:19:36 --> 404 Page Not Found: web/Img/favicon.ico
ERROR - 2021-10-28 22:20:23 --> 404 Page Not Found: web/Assets/img
ERROR - 2021-10-28 22:20:23 --> 404 Page Not Found: web/Img/favicon.ico
ERROR - 2021-10-28 22:20:33 --> 404 Page Not Found: web/Assets/img
ERROR - 2021-10-28 22:20:33 --> 404 Page Not Found: web/Img/favicon.ico
ERROR - 2021-10-28 22:20:38 --> 404 Page Not Found: web/Assets/img
ERROR - 2021-10-28 22:20:38 --> 404 Page Not Found: web/Img/favicon.ico
ERROR - 2021-10-28 22:20:42 --> 404 Page Not Found: web/Assets/img
ERROR - 2021-10-28 22:20:42 --> 404 Page Not Found: web/Img/favicon.ico
ERROR - 2021-10-28 22:21:03 --> 404 Page Not Found: web/Assets/img
ERROR - 2021-10-28 22:21:04 --> 404 Page Not Found: web/Img/favicon.ico
ERROR - 2021-10-28 22:21:17 --> 404 Page Not Found: web/Assets/img
ERROR - 2021-10-28 22:21:17 --> 404 Page Not Found: web/Img/favicon.ico
ERROR - 2021-10-28 22:21:55 --> 404 Page Not Found: web/Assets/img
ERROR - 2021-10-28 22:41:15 --> Severity: Notice --> Undefined index:  D:\WORK\PHP\PIXCELCAST\www\app\hooks\common.php 18
ERROR - 2021-10-28 22:41:16 --> 404 Page Not Found: web/Assets/img
ERROR - 2021-10-28 22:43:04 --> 404 Page Not Found: web/Assets/img
ERROR - 2021-10-28 22:43:13 --> 404 Page Not Found: web/Assets/img
ERROR - 2021-10-28 22:43:16 --> 404 Page Not Found: web/Assets/img
ERROR - 2021-10-28 22:43:55 --> 404 Page Not Found: web/Assets/img
ERROR - 2021-10-28 22:45:52 --> 404 Page Not Found: web/Assets/img
ERROR - 2021-10-28 22:45:52 --> 404 Page Not Found: web/Img/favicon.ico
ERROR - 2021-10-28 22:46:04 --> 404 Page Not Found: web/Assets/img
ERROR - 2021-10-28 22:46:05 --> 404 Page Not Found: web/Img/favicon.ico
ERROR - 2021-10-28 22:46:43 --> 404 Page Not Found: web/Assets/img
ERROR - 2021-10-28 22:46:43 --> 404 Page Not Found: web/Img/favicon.ico
ERROR - 2021-10-28 22:46:47 --> 404 Page Not Found: web/Assets/img
ERROR - 2021-10-28 22:46:47 --> 404 Page Not Found: web/Img/favicon.ico
ERROR - 2021-10-28 22:47:54 --> 404 Page Not Found: web/Assets/img
ERROR - 2021-10-28 22:47:54 --> 404 Page Not Found: web/Img/favicon.ico
ERROR - 2021-10-28 22:48:33 --> 404 Page Not Found: web/Assets/img
ERROR - 2021-10-28 22:48:37 --> 404 Page Not Found: web/Assets/img
ERROR - 2021-10-28 22:48:43 --> 404 Page Not Found: web/Assets/img
ERROR - 2021-10-28 22:48:52 --> 404 Page Not Found: web/Assets/img
ERROR - 2021-10-28 22:49:04 --> 404 Page Not Found: web/Assets/img
ERROR - 2021-10-28 22:49:12 --> 404 Page Not Found: web/Assets/img
ERROR - 2021-10-28 22:50:10 --> 404 Page Not Found: web/Assets/img
ERROR - 2021-10-28 22:50:18 --> 404 Page Not Found: web/Assets/img
ERROR - 2021-10-28 22:50:24 --> 404 Page Not Found: web/Assets/img
ERROR - 2021-10-28 22:51:06 --> 404 Page Not Found: web/Assets/img
ERROR - 2021-10-28 22:51:25 --> 404 Page Not Found: web/Assets/img
ERROR - 2021-10-28 22:51:36 --> 404 Page Not Found: web/Assets/img
ERROR - 2021-10-28 22:51:50 --> Severity: Compile Error --> Cannot redeclare Eng::valleyball() D:\WORK\PHP\PIXCELCAST\www\app\controllers\web\Eng.php 72
ERROR - 2021-10-28 22:51:50 --> 404 Page Not Found: /index
ERROR - 2021-10-28 22:51:57 --> 404 Page Not Found: web/Assets/img
ERROR - 2021-10-28 22:54:05 --> 404 Page Not Found: web/Assets/img
ERROR - 2021-10-28 22:54:57 --> Severity: Compile Error --> Cannot redeclare Eng::orderSports() D:\WORK\PHP\PIXCELCAST\www\app\controllers\web\Eng.php 72
ERROR - 2021-10-28 22:54:57 --> 404 Page Not Found: /index
ERROR - 2021-10-28 22:55:00 --> Severity: Compile Error --> Cannot redeclare Eng::orderSports() D:\WORK\PHP\PIXCELCAST\www\app\controllers\web\Eng.php 72
ERROR - 2021-10-28 22:55:00 --> Severity: Compile Error --> Cannot redeclare Eng::orderSports() D:\WORK\PHP\PIXCELCAST\www\app\controllers\web\Eng.php 72
ERROR - 2021-10-28 22:55:00 --> 404 Page Not Found: /index
ERROR - 2021-10-28 22:55:01 --> Severity: Compile Error --> Cannot redeclare Eng::orderSports() D:\WORK\PHP\PIXCELCAST\www\app\controllers\web\Eng.php 72
ERROR - 2021-10-28 22:55:01 --> 404 Page Not Found: /index
ERROR - 2021-10-28 22:56:23 --> 404 Page Not Found: web/Assets/img
ERROR - 2021-10-28 22:56:23 --> 404 Page Not Found: web/Img/favicon.ico
ERROR - 2021-10-28 22:58:59 --> 404 Page Not Found: web/Img/favicon.ico
ERROR - 2021-10-28 23:00:30 --> 404 Page Not Found: web/Img/slides
ERROR - 2021-10-28 23:00:31 --> 404 Page Not Found: web/Movie/file.jpg
ERROR - 2021-10-28 23:00:31 --> 404 Page Not Found: web/Img/favicon.ico
ERROR - 2021-10-28 23:00:48 --> 404 Page Not Found: web/Img/slides
ERROR - 2021-10-28 23:00:48 --> 404 Page Not Found: web/Img/favicon.ico
ERROR - 2021-10-28 23:00:48 --> 404 Page Not Found: web/Movie/file.jpg
ERROR - 2021-10-28 23:00:55 --> 404 Page Not Found: web/Img/slides
ERROR - 2021-10-28 23:00:55 --> 404 Page Not Found: web/Movie/file.jpg
ERROR - 2021-10-28 23:00:55 --> 404 Page Not Found: web/Img/favicon.ico
ERROR - 2021-10-28 23:02:18 --> 404 Page Not Found: web/Img/slides
ERROR - 2021-10-28 23:02:18 --> 404 Page Not Found: web/Img/favicon.ico
ERROR - 2021-10-28 23:02:18 --> 404 Page Not Found: web/Movie/file.jpg
ERROR - 2021-10-28 23:02:20 --> 404 Page Not Found: web/Img/slides
ERROR - 2021-10-28 23:02:20 --> 404 Page Not Found: web/Movie/file.jpg
ERROR - 2021-10-28 23:02:20 --> 404 Page Not Found: web/Img/favicon.ico
ERROR - 2021-10-28 23:02:42 --> 404 Page Not Found: web/Img/slides
ERROR - 2021-10-28 23:02:42 --> 404 Page Not Found: web/Img/favicon.ico
ERROR - 2021-10-28 23:02:42 --> 404 Page Not Found: web/Movie/file.jpg
ERROR - 2021-10-28 23:02:55 --> 404 Page Not Found: web/Img/slides
ERROR - 2021-10-28 23:02:55 --> 404 Page Not Found: web/Movie/file.jpg
ERROR - 2021-10-28 23:02:55 --> 404 Page Not Found: web/Img/favicon.ico
ERROR - 2021-10-28 23:03:14 --> 404 Page Not Found: web/Img/slides
ERROR - 2021-10-28 23:03:15 --> 404 Page Not Found: web/Movie/file.jpg
ERROR - 2021-10-28 23:03:15 --> 404 Page Not Found: web/Img/favicon.ico
ERROR - 2021-10-28 23:03:42 --> 404 Page Not Found: web/Img/slides
ERROR - 2021-10-28 23:03:42 --> 404 Page Not Found: web/Movie/file.jpg
ERROR - 2021-10-28 23:03:42 --> 404 Page Not Found: web/Img/favicon.ico
ERROR - 2021-10-28 23:03:50 --> 404 Page Not Found: web/Img/slides
ERROR - 2021-10-28 23:03:50 --> 404 Page Not Found: web/Img/slides
ERROR - 2021-10-28 23:03:50 --> 404 Page Not Found: web/Movie/file.jpg
ERROR - 2021-10-28 23:04:08 --> 404 Page Not Found: web/Img/slides
ERROR - 2021-10-28 23:04:08 --> 404 Page Not Found: web/Movie/file.jpg
ERROR - 2021-10-28 23:04:57 --> 404 Page Not Found: web/Img/slides
ERROR - 2021-10-28 23:04:58 --> 404 Page Not Found: web/Movie/file.jpg
ERROR - 2021-10-28 23:04:58 --> 404 Page Not Found: web/Img/favicon.ico
ERROR - 2021-10-28 23:05:02 --> 404 Page Not Found: web/Img/slides
ERROR - 2021-10-28 23:05:02 --> 404 Page Not Found: web/Movie/file.jpg
ERROR - 2021-10-28 23:05:03 --> 404 Page Not Found: web/Img/favicon.ico
ERROR - 2021-10-28 23:05:15 --> 404 Page Not Found: web/Img/slides
ERROR - 2021-10-28 23:05:15 --> 404 Page Not Found: web/Movie/file.jpg
ERROR - 2021-10-28 23:05:34 --> 404 Page Not Found: web/Img/slides
ERROR - 2021-10-28 23:05:34 --> 404 Page Not Found: web/Img/slides
ERROR - 2021-10-28 23:05:34 --> 404 Page Not Found: web/Movie/file.jpg
ERROR - 2021-10-28 23:05:38 --> 404 Page Not Found: web/Img/slides
ERROR - 2021-10-28 23:05:38 --> 404 Page Not Found: web/Movie/file.jpg
ERROR - 2021-10-28 23:07:06 --> 404 Page Not Found: web/Img/slides
ERROR - 2021-10-28 23:07:06 --> 404 Page Not Found: web/Movie/file.jpg
ERROR - 2021-10-28 23:07:06 --> 404 Page Not Found: web/Img/favicon.ico
ERROR - 2021-10-28 23:07:11 --> 404 Page Not Found: web/Img/slides
ERROR - 2021-10-28 23:07:11 --> 404 Page Not Found: web/Movie/file.jpg
ERROR - 2021-10-28 23:07:11 --> 404 Page Not Found: web/Img/favicon.ico
ERROR - 2021-10-28 23:07:17 --> 404 Page Not Found: web/Img/slides
ERROR - 2021-10-28 23:07:17 --> 404 Page Not Found: web/Movie/file.jpg
ERROR - 2021-10-28 23:08:03 --> 404 Page Not Found: web/Img/slides
ERROR - 2021-10-28 23:08:03 --> 404 Page Not Found: web/Movie/file.jpg
ERROR - 2021-10-28 23:08:14 --> 404 Page Not Found: web/Img/slides
ERROR - 2021-10-28 23:08:14 --> 404 Page Not Found: web/Movie/file.jpg
ERROR - 2021-10-28 23:08:27 --> 404 Page Not Found: web/Img/slides
ERROR - 2021-10-28 23:08:27 --> 404 Page Not Found: web/Img/favicon.ico
ERROR - 2021-10-28 23:08:49 --> 404 Page Not Found: web/Img/slides
ERROR - 2021-10-28 23:08:49 --> 404 Page Not Found: web/Img/favicon.ico
ERROR - 2021-10-28 23:08:49 --> 404 Page Not Found: web/Movie/file.jpg
ERROR - 2021-10-28 23:08:55 --> 404 Page Not Found: web/Img/slides
ERROR - 2021-10-28 23:08:56 --> 404 Page Not Found: web/Movie/file.jpg
ERROR - 2021-10-28 23:08:56 --> 404 Page Not Found: web/Img/favicon.ico
ERROR - 2021-10-28 23:09:00 --> 404 Page Not Found: web/Img/slides
ERROR - 2021-10-28 23:09:00 --> 404 Page Not Found: web/Movie/file.jpg
ERROR - 2021-10-28 23:09:08 --> 404 Page Not Found: web/Img/slides
ERROR - 2021-10-28 23:09:08 --> 404 Page Not Found: web/Movie/file.jpg
ERROR - 2021-10-28 23:09:08 --> 404 Page Not Found: web/Img/favicon.ico
ERROR - 2021-10-28 23:10:30 --> 404 Page Not Found: web/Img/slides
ERROR - 2021-10-28 23:10:30 --> 404 Page Not Found: web/Img/favicon.ico
ERROR - 2021-10-28 23:10:30 --> 404 Page Not Found: web/Movie/file.jpg
ERROR - 2021-10-28 23:10:32 --> 404 Page Not Found: web/Img/slides
ERROR - 2021-10-28 23:10:33 --> 404 Page Not Found: web/Img/favicon.ico
ERROR - 2021-10-28 23:10:42 --> 404 Page Not Found: web/Img/slides
ERROR - 2021-10-28 23:10:48 --> 404 Page Not Found: web/Img/slides
ERROR - 2021-10-28 23:10:48 --> 404 Page Not Found: web/Movie/file.jpg
ERROR - 2021-10-28 23:10:49 --> 404 Page Not Found: web/Img/favicon.ico
ERROR - 2021-10-28 23:10:52 --> 404 Page Not Found: web/Img/slides
ERROR - 2021-10-28 23:10:52 --> 404 Page Not Found: web/Movie/file.jpg
ERROR - 2021-10-28 23:11:33 --> 404 Page Not Found: web/Img/slides
ERROR - 2021-10-28 23:11:33 --> 404 Page Not Found: web/Movie/file.jpg
ERROR - 2021-10-28 23:11:33 --> 404 Page Not Found: web/Img/favicon.ico
ERROR - 2021-10-28 23:12:27 --> 404 Page Not Found: web/Img/slides
ERROR - 2021-10-28 23:12:27 --> 404 Page Not Found: web/Movie/file.jpg
ERROR - 2021-10-28 23:12:27 --> 404 Page Not Found: web/Img/favicon.ico
ERROR - 2021-10-28 23:12:43 --> 404 Page Not Found: web/Img/slides
ERROR - 2021-10-28 23:12:43 --> 404 Page Not Found: web/Img/slides
ERROR - 2021-10-28 23:12:43 --> 404 Page Not Found: web/Movie/file.jpg
ERROR - 2021-10-28 23:13:01 --> 404 Page Not Found: web/Img/slides
ERROR - 2021-10-28 23:13:01 --> 404 Page Not Found: web/Img/slides
ERROR - 2021-10-28 23:13:01 --> 404 Page Not Found: web/Movie/file.jpg
ERROR - 2021-10-28 23:13:05 --> 404 Page Not Found: web/Img/slides
ERROR - 2021-10-28 23:13:05 --> 404 Page Not Found: web/Movie/file.jpg
ERROR - 2021-10-28 23:13:26 --> 404 Page Not Found: web/Img/slides
ERROR - 2021-10-28 23:13:26 --> 404 Page Not Found: web/Movie/file.jpg
ERROR - 2021-10-28 23:14:59 --> 404 Page Not Found: web/Img/slides
ERROR - 2021-10-28 23:14:59 --> 404 Page Not Found: web/Movie/file.jpg
ERROR - 2021-10-28 23:15:12 --> 404 Page Not Found: web/Img/slides
ERROR - 2021-10-28 23:15:12 --> 404 Page Not Found: web/Movie/file.jpg
ERROR - 2021-10-28 23:19:38 --> Severity: Compile Error --> Cannot use isset() on the result of an expression (you can use "null !== expression" instead) D:\WORK\PHP\PIXCELCAST\www\app\views\web\common\header.php 1
ERROR - 2021-10-28 23:19:39 --> Severity: Compile Error --> Cannot use isset() on the result of an expression (you can use "null !== expression" instead) D:\WORK\PHP\PIXCELCAST\www\app\views\web\common\header.php 1
ERROR - 2021-10-28 23:20:38 --> 404 Page Not Found: web/Img/slides
ERROR - 2021-10-28 23:20:38 --> 404 Page Not Found: web/Movie/file.jpg
ERROR - 2021-10-28 23:20:38 --> 404 Page Not Found: web/Img/favicon.ico
ERROR - 2021-10-28 23:23:07 --> 404 Page Not Found: web/Img/slides
ERROR - 2021-10-28 23:23:07 --> 404 Page Not Found: web/Img/slides
ERROR - 2021-10-28 23:23:07 --> 404 Page Not Found: web/Movie/file.jpg
ERROR - 2021-10-28 23:23:07 --> 404 Page Not Found: web/Img/favicon.ico
ERROR - 2021-10-28 23:23:19 --> 404 Page Not Found: web/Img/slides
ERROR - 2021-10-28 23:23:19 --> 404 Page Not Found: web/Img/slides
ERROR - 2021-10-28 23:23:19 --> 404 Page Not Found: web/Movie/file.jpg
ERROR - 2021-10-28 23:37:58 --> 404 Page Not Found: web/Img/slides
ERROR - 2021-10-28 23:37:58 --> 404 Page Not Found: web/Movie/file.jpg
ERROR - 2021-10-28 23:37:58 --> 404 Page Not Found: web/Img/favicon.ico
ERROR - 2021-10-28 23:38:08 --> 404 Page Not Found: web/Img/slides
ERROR - 2021-10-28 23:38:08 --> 404 Page Not Found: web/Movie/file.jpg
