ERROR - 2021-08-21 22:12:55 --> 404 Page Not Found: /index
ERROR - 2021-08-21 22:13:54 --> 404 Page Not Found: /index
ERROR - 2021-08-21 22:14:33 --> 404 Page Not Found: web/Images/product
ERROR - 2021-08-21 22:14:34 --> 404 Page Not Found: web/Images/product
ERROR - 2021-08-21 22:14:34 --> 404 Page Not Found: web/Images/product
ERROR - 2021-08-21 22:14:34 --> 404 Page Not Found: web/Images/product
ERROR - 2021-08-21 22:14:34 --> 404 Page Not Found: web/Images/product
ERROR - 2021-08-21 22:14:34 --> 404 Page Not Found: web/Images/product
ERROR - 2021-08-21 22:14:36 --> 404 Page Not Found: web/Vendor/fontawesome-free
ERROR - 2021-08-21 22:14:36 --> 404 Page Not Found: web/Vendor/animate
ERROR - 2021-08-21 22:14:36 --> 404 Page Not Found: web/Vendor/magnific-popup
ERROR - 2021-08-21 22:14:36 --> 404 Page Not Found: web/Vendor/owl-carousel
ERROR - 2021-08-21 22:14:36 --> 404 Page Not Found: web/Vendor/photoswipe
ERROR - 2021-08-21 22:14:36 --> 404 Page Not Found: web/Vendor/photoswipe
ERROR - 2021-08-21 22:14:36 --> 404 Page Not Found: web/Css/style.min.css
ERROR - 2021-08-21 22:14:36 --> 404 Page Not Found: web/Vendor/jquery
ERROR - 2021-08-21 22:14:36 --> 404 Page Not Found: web/Vendor/sticky
ERROR - 2021-08-21 22:14:36 --> 404 Page Not Found: web/Vendor/imagesloaded
ERROR - 2021-08-21 22:14:36 --> 404 Page Not Found: web/Vendor/magnific-popup
ERROR - 2021-08-21 22:14:36 --> 404 Page Not Found: web/Vendor/owl-carousel
ERROR - 2021-08-21 22:14:36 --> 404 Page Not Found: web/Vendor/elevatezoom
ERROR - 2021-08-21 22:14:36 --> 404 Page Not Found: web/Vendor/photoswipe
ERROR - 2021-08-21 22:14:36 --> 404 Page Not Found: web/Images/logo.png
ERROR - 2021-08-21 22:14:36 --> 404 Page Not Found: web/Images/cart
ERROR - 2021-08-21 22:14:36 --> 404 Page Not Found: web/Images/cart
ERROR - 2021-08-21 22:14:36 --> 404 Page Not Found: web/Vendor/photoswipe
ERROR - 2021-08-21 22:14:36 --> 404 Page Not Found: web/Js/main.min.js
ERROR - 2021-08-21 22:14:36 --> 404 Page Not Found: web/Images/menu
ERROR - 2021-08-21 22:14:36 --> 404 Page Not Found: web/Images/menu
ERROR - 2021-08-21 22:14:36 --> 404 Page Not Found: web/Images/product
ERROR - 2021-08-21 22:14:36 --> 404 Page Not Found: web/Images/product
ERROR - 2021-08-21 22:14:36 --> 404 Page Not Found: web/Images/product
ERROR - 2021-08-21 22:14:36 --> 404 Page Not Found: web/Images/product
ERROR - 2021-08-21 22:14:36 --> 404 Page Not Found: web/Images/product
ERROR - 2021-08-21 22:14:36 --> 404 Page Not Found: web/Images/product
ERROR - 2021-08-21 22:14:36 --> 404 Page Not Found: web/Images/product
ERROR - 2021-08-21 22:14:36 --> 404 Page Not Found: web/Images/product
ERROR - 2021-08-21 22:14:36 --> 404 Page Not Found: web/Images/product
ERROR - 2021-08-21 22:14:36 --> 404 Page Not Found: web/Images/product
ERROR - 2021-08-21 22:14:37 --> 404 Page Not Found: web/Images/product
ERROR - 2021-08-21 22:14:37 --> 404 Page Not Found: web/Images/product
ERROR - 2021-08-21 22:14:37 --> 404 Page Not Found: web/Images/blog
ERROR - 2021-08-21 22:14:37 --> 404 Page Not Found: web/Images/blog
ERROR - 2021-08-21 22:14:37 --> 404 Page Not Found: web/Images/product
ERROR - 2021-08-21 22:14:37 --> 404 Page Not Found: web/Images/product
ERROR - 2021-08-21 22:14:37 --> 404 Page Not Found: web/Images/product
ERROR - 2021-08-21 22:14:37 --> 404 Page Not Found: web/Images/product
ERROR - 2021-08-21 22:14:37 --> 404 Page Not Found: web/Images/logo-footer.png
ERROR - 2021-08-21 22:14:37 --> 404 Page Not Found: web/Images/instagram
ERROR - 2021-08-21 22:14:37 --> 404 Page Not Found: web/Images/instagram
ERROR - 2021-08-21 22:14:37 --> 404 Page Not Found: web/Images/instagram
ERROR - 2021-08-21 22:14:37 --> 404 Page Not Found: web/Images/instagram
ERROR - 2021-08-21 22:14:37 --> 404 Page Not Found: web/Images/instagram
ERROR - 2021-08-21 22:14:37 --> 404 Page Not Found: web/Images/instagram
ERROR - 2021-08-21 22:14:37 --> 404 Page Not Found: web/Images/instagram
ERROR - 2021-08-21 22:14:37 --> 404 Page Not Found: web/Images/instagram
ERROR - 2021-08-21 22:14:37 --> 404 Page Not Found: web/Images/payment.png
ERROR - 2021-08-21 22:14:37 --> 404 Page Not Found: web/Js/webfont.js
ERROR - 2021-08-21 22:14:37 --> 404 Page Not Found: web/Images/icons
ERROR - 2021-08-21 22:14:47 --> Severity: error --> Exception: Call to undefined method Shop::index() D:\WORK\PHP\KUMYO\www\app\controllers\web\Shop.php 39
ERROR - 2021-08-21 22:14:47 --> Severity: error --> Exception: Call to undefined method Shop::index() D:\WORK\PHP\KUMYO\www\app\controllers\web\Shop.php 39
ERROR - 2021-08-21 22:14:47 --> Severity: error --> Exception: Call to undefined method Shop::index() D:\WORK\PHP\KUMYO\www\app\controllers\web\Shop.php 39
ERROR - 2021-08-21 22:14:47 --> Severity: error --> Exception: Call to undefined method Shop::index() D:\WORK\PHP\KUMYO\www\app\controllers\web\Shop.php 39
ERROR - 2021-08-21 22:14:48 --> Severity: error --> Exception: Call to undefined method Shop::index() D:\WORK\PHP\KUMYO\www\app\controllers\web\Shop.php 39
ERROR - 2021-08-21 22:14:48 --> Severity: error --> Exception: Call to undefined method Shop::index() D:\WORK\PHP\KUMYO\www\app\controllers\web\Shop.php 39
ERROR - 2021-08-21 22:14:49 --> Severity: error --> Exception: Call to undefined method Shop::index() D:\WORK\PHP\KUMYO\www\app\controllers\web\Shop.php 39
ERROR - 2021-08-21 22:14:54 --> Severity: error --> Exception: Call to undefined method Shop::index() D:\WORK\PHP\KUMYO\www\app\controllers\web\Shop.php 39
ERROR - 2021-08-21 22:15:10 --> Severity: error --> Exception: Call to undefined method Shop::index() D:\WORK\PHP\KUMYO\www\app\controllers\web\Shop.php 39
ERROR - 2021-08-21 22:15:13 --> Severity: error --> Exception: Call to undefined method Shop::index() D:\WORK\PHP\KUMYO\www\app\controllers\web\Shop.php 39
ERROR - 2021-08-21 22:15:37 --> Severity: error --> Exception: Call to undefined method Shop::index() D:\WORK\PHP\KUMYO\www\app\controllers\web\Shop.php 39
ERROR - 2021-08-21 22:17:06 --> 404 Page Not Found: web/Images/cart
ERROR - 2021-08-21 22:18:06 --> 404 Page Not Found: web/Images/cart
ERROR - 2021-08-21 22:19:06 --> 404 Page Not Found: web/Images/cart
ERROR - 2021-08-21 22:20:06 --> 404 Page Not Found: web/Images/cart
ERROR - 2021-08-21 22:21:06 --> 404 Page Not Found: web/Images/cart
ERROR - 2021-08-21 22:22:06 --> 404 Page Not Found: web/Images/cart
ERROR - 2021-08-21 22:23:06 --> 404 Page Not Found: web/Images/cart
ERROR - 2021-08-21 22:24:06 --> 404 Page Not Found: web/Images/cart
ERROR - 2021-08-21 22:25:06 --> 404 Page Not Found: web/Images/cart
ERROR - 2021-08-21 22:26:06 --> 404 Page Not Found: web/Images/cart
ERROR - 2021-08-21 22:27:06 --> 404 Page Not Found: web/Images/cart
ERROR - 2021-08-21 22:28:06 --> 404 Page Not Found: web/Images/cart
ERROR - 2021-08-21 22:29:06 --> 404 Page Not Found: web/Images/cart
ERROR - 2021-08-21 22:30:06 --> 404 Page Not Found: web/Images/cart
ERROR - 2021-08-21 22:31:06 --> 404 Page Not Found: web/Images/cart
ERROR - 2021-08-21 22:32:06 --> 404 Page Not Found: web/Images/cart
ERROR - 2021-08-21 22:33:06 --> 404 Page Not Found: web/Images/cart
ERROR - 2021-08-21 22:34:06 --> 404 Page Not Found: web/Images/cart
ERROR - 2021-08-21 22:35:06 --> 404 Page Not Found: web/Images/cart
ERROR - 2021-08-21 22:36:07 --> 404 Page Not Found: web/Images/cart
ERROR - 2021-08-21 22:37:06 --> 404 Page Not Found: web/Images/cart
ERROR - 2021-08-21 22:38:06 --> 404 Page Not Found: web/Images/cart
ERROR - 2021-08-21 22:39:06 --> 404 Page Not Found: web/Images/cart
ERROR - 2021-08-21 22:40:06 --> 404 Page Not Found: web/Images/cart
ERROR - 2021-08-21 22:41:06 --> 404 Page Not Found: web/Images/cart
ERROR - 2021-08-21 22:42:06 --> 404 Page Not Found: web/Images/cart
ERROR - 2021-08-21 22:43:06 --> 404 Page Not Found: web/Images/cart
ERROR - 2021-08-21 22:44:06 --> 404 Page Not Found: web/Images/cart
ERROR - 2021-08-21 22:45:06 --> 404 Page Not Found: web/Images/cart
ERROR - 2021-08-21 22:46:06 --> 404 Page Not Found: web/Images/cart
ERROR - 2021-08-21 22:47:06 --> 404 Page Not Found: web/Images/cart
ERROR - 2021-08-21 22:48:06 --> 404 Page Not Found: web/Images/cart
ERROR - 2021-08-21 22:49:06 --> 404 Page Not Found: web/Images/cart
ERROR - 2021-08-21 22:50:06 --> 404 Page Not Found: web/Images/cart
ERROR - 2021-08-21 22:51:06 --> 404 Page Not Found: web/Images/cart
ERROR - 2021-08-21 22:52:06 --> 404 Page Not Found: web/Images/cart
ERROR - 2021-08-21 22:53:06 --> 404 Page Not Found: web/Images/cart
ERROR - 2021-08-21 22:54:06 --> 404 Page Not Found: web/Images/cart
ERROR - 2021-08-21 22:55:06 --> 404 Page Not Found: web/Images/cart
ERROR - 2021-08-21 22:56:06 --> 404 Page Not Found: web/Images/cart
ERROR - 2021-08-21 22:57:06 --> 404 Page Not Found: web/Images/cart
ERROR - 2021-08-21 22:58:06 --> 404 Page Not Found: web/Images/cart
ERROR - 2021-08-21 22:59:06 --> 404 Page Not Found: web/Images/cart
ERROR - 2021-08-21 23:00:06 --> 404 Page Not Found: web/Images/cart
ERROR - 2021-08-21 23:01:06 --> 404 Page Not Found: web/Images/cart
ERROR - 2021-08-21 23:02:06 --> 404 Page Not Found: web/Images/cart
ERROR - 2021-08-21 23:03:06 --> 404 Page Not Found: web/Images/cart
ERROR - 2021-08-21 23:04:06 --> 404 Page Not Found: web/Images/cart
ERROR - 2021-08-21 23:05:06 --> 404 Page Not Found: web/Images/cart
ERROR - 2021-08-21 23:06:06 --> 404 Page Not Found: web/Images/cart
ERROR - 2021-08-21 23:07:06 --> 404 Page Not Found: web/Images/cart
ERROR - 2021-08-21 23:08:06 --> 404 Page Not Found: web/Images/cart
ERROR - 2021-08-21 23:09:06 --> 404 Page Not Found: web/Images/cart
ERROR - 2021-08-21 23:10:06 --> 404 Page Not Found: web/Images/cart
ERROR - 2021-08-21 23:11:07 --> 404 Page Not Found: web/Images/cart
ERROR - 2021-08-21 23:12:07 --> 404 Page Not Found: web/Images/cart
ERROR - 2021-08-21 23:13:07 --> 404 Page Not Found: web/Images/cart
ERROR - 2021-08-21 23:14:07 --> 404 Page Not Found: web/Images/cart
ERROR - 2021-08-21 23:15:07 --> 404 Page Not Found: web/Images/cart
ERROR - 2021-08-21 23:16:07 --> 404 Page Not Found: web/Images/cart
ERROR - 2021-08-21 23:17:07 --> 404 Page Not Found: web/Images/cart
ERROR - 2021-08-21 23:18:07 --> 404 Page Not Found: web/Images/cart
ERROR - 2021-08-21 23:19:07 --> 404 Page Not Found: web/Images/cart
ERROR - 2021-08-21 23:20:07 --> 404 Page Not Found: web/Images/cart
ERROR - 2021-08-21 23:21:07 --> 404 Page Not Found: web/Images/cart
ERROR - 2021-08-21 23:22:07 --> 404 Page Not Found: web/Images/cart
ERROR - 2021-08-21 23:23:07 --> 404 Page Not Found: web/Images/cart
